<?xml version="1.0" encoding="UTF-8"?>
<!-- Generated by org.testng.reporters.JUnitReportReporter -->
<testsuite hostname="IN-PF41T3RC" failures="0" tests="202" name="src.in.valtech.cl.scenarios.TC_Scenario_08" time="0.024" errors="202" timestamp="5 Oct 2023 12:06:37 GMT">
  <testcase classname="src.in.valtech.cl.scenarios.TC_Scenario_08" name="step22_VerifyRegisteredSuccessMsgTxt" time="0.000">
    <error message="Workbook is not found - D:\ChristianLouboutin/resources/front/Automation_DS_StagingEnv1.xlsx" type="com.codoid.products.exception.FilloException">
      <![CDATA[com.codoid.products.exception.FilloException: Workbook is not found - D:\ChristianLouboutin/resources/front/Automation_DS_StagingEnv1.xlsx
	at com.codoid.products.fillo.Fillo.getConnection(Fillo.java:46)
	at src.in.valtech.util.ExcelReader.getDataConfigDetails(ExcelReader.java:200)
	at src.in.valtech.custom.CustomFun.getTestDataSetDetails(CustomFun.java:1869)
	at src.in.valtech.config.BaseTest.setUp(BaseTest.java:166)
	at java.base/jdk.internal.reflect.NativeMethodAccessorImpl.invoke0(Native Method)
	at java.base/jdk.internal.reflect.NativeMethodAccessorImpl.invoke(NativeMethodAccessorImpl.java:77)
	at java.base/jdk.internal.reflect.DelegatingMethodAccessorImpl.invoke(DelegatingMethodAccessorImpl.java:43)
	at java.base/java.lang.reflect.Method.invoke(Method.java:568)
	at org.testng.internal.MethodInvocationHelper.invokeMethod(MethodInvocationHelper.java:85)
	at org.testng.internal.Invoker.invokeConfigurationMethod(Invoker.java:510)
	at org.testng.internal.Invoker.invokeConfigurations(Invoker.java:211)
	at org.testng.internal.Invoker.invokeConfigurations(Invoker.java:138)
	at org.testng.TestRunner.beforeRun(TestRunner.java:648)
	at org.testng.TestRunner.run(TestRunner.java:616)
	at org.testng.SuiteRunner.runTest(SuiteRunner.java:359)
	at org.testng.SuiteRunner.access$000(SuiteRunner.java:39)
	at org.testng.SuiteRunner$SuiteWorker.run(SuiteRunner.java:393)
	at org.testng.internal.thread.ThreadUtil$2.call(ThreadUtil.java:64)
	at java.base/java.util.concurrent.FutureTask.run(FutureTask.java:264)
	at java.base/java.util.concurrent.ThreadPoolExecutor.runWorker(ThreadPoolExecutor.java:1136)
	at java.base/java.util.concurrent.ThreadPoolExecutor$Worker.run(ThreadPoolExecutor.java:635)
	at java.base/java.lang.Thread.run(Thread.java:833)
]]>
    </error>
  </testcase> <!-- step22_VerifyRegisteredSuccessMsgTxt -->
  <testcase classname="src.in.valtech.cl.scenarios.TC_Scenario_08" name="step78_ClickOnContinueToPayemntButton" time="0.000">
    <error message="Workbook is not found - D:\ChristianLouboutin/resources/front/Automation_DS_StagingEnv1.xlsx" type="com.codoid.products.exception.FilloException">
      <![CDATA[com.codoid.products.exception.FilloException: Workbook is not found - D:\ChristianLouboutin/resources/front/Automation_DS_StagingEnv1.xlsx
	at com.codoid.products.fillo.Fillo.getConnection(Fillo.java:46)
	at src.in.valtech.util.ExcelReader.getDataConfigDetails(ExcelReader.java:200)
	at src.in.valtech.custom.CustomFun.getTestDataSetDetails(CustomFun.java:1869)
	at src.in.valtech.config.BaseTest.setUp(BaseTest.java:166)
	at java.base/jdk.internal.reflect.NativeMethodAccessorImpl.invoke0(Native Method)
	at java.base/jdk.internal.reflect.NativeMethodAccessorImpl.invoke(NativeMethodAccessorImpl.java:77)
	at java.base/jdk.internal.reflect.DelegatingMethodAccessorImpl.invoke(DelegatingMethodAccessorImpl.java:43)
	at java.base/java.lang.reflect.Method.invoke(Method.java:568)
	at org.testng.internal.MethodInvocationHelper.invokeMethod(MethodInvocationHelper.java:85)
	at org.testng.internal.Invoker.invokeConfigurationMethod(Invoker.java:510)
	at org.testng.internal.Invoker.invokeConfigurations(Invoker.java:211)
	at org.testng.internal.Invoker.invokeConfigurations(Invoker.java:138)
	at org.testng.TestRunner.beforeRun(TestRunner.java:648)
	at org.testng.TestRunner.run(TestRunner.java:616)
	at org.testng.SuiteRunner.runTest(SuiteRunner.java:359)
	at org.testng.SuiteRunner.access$000(SuiteRunner.java:39)
	at org.testng.SuiteRunner$SuiteWorker.run(SuiteRunner.java:393)
	at org.testng.internal.thread.ThreadUtil$2.call(ThreadUtil.java:64)
	at java.base/java.util.concurrent.FutureTask.run(FutureTask.java:264)
	at java.base/java.util.concurrent.ThreadPoolExecutor.runWorker(ThreadPoolExecutor.java:1136)
	at java.base/java.util.concurrent.ThreadPoolExecutor$Worker.run(ThreadPoolExecutor.java:635)
	at java.base/java.lang.Thread.run(Thread.java:833)
]]>
    </error>
  </testcase> <!-- step78_ClickOnContinueToPayemntButton -->
  <testcase classname="src.in.valtech.cl.scenarios.TC_Scenario_08" name="step23_VerifyUserNameInMYAccount" time="0.000">
    <error message="Workbook is not found - D:\ChristianLouboutin/resources/front/Automation_DS_StagingEnv1.xlsx" type="com.codoid.products.exception.FilloException">
      <![CDATA[com.codoid.products.exception.FilloException: Workbook is not found - D:\ChristianLouboutin/resources/front/Automation_DS_StagingEnv1.xlsx
	at com.codoid.products.fillo.Fillo.getConnection(Fillo.java:46)
	at src.in.valtech.util.ExcelReader.getDataConfigDetails(ExcelReader.java:200)
	at src.in.valtech.custom.CustomFun.getTestDataSetDetails(CustomFun.java:1869)
	at src.in.valtech.config.BaseTest.setUp(BaseTest.java:166)
	at java.base/jdk.internal.reflect.NativeMethodAccessorImpl.invoke0(Native Method)
	at java.base/jdk.internal.reflect.NativeMethodAccessorImpl.invoke(NativeMethodAccessorImpl.java:77)
	at java.base/jdk.internal.reflect.DelegatingMethodAccessorImpl.invoke(DelegatingMethodAccessorImpl.java:43)
	at java.base/java.lang.reflect.Method.invoke(Method.java:568)
	at org.testng.internal.MethodInvocationHelper.invokeMethod(MethodInvocationHelper.java:85)
	at org.testng.internal.Invoker.invokeConfigurationMethod(Invoker.java:510)
	at org.testng.internal.Invoker.invokeConfigurations(Invoker.java:211)
	at org.testng.internal.Invoker.invokeConfigurations(Invoker.java:138)
	at org.testng.TestRunner.beforeRun(TestRunner.java:648)
	at org.testng.TestRunner.run(TestRunner.java:616)
	at org.testng.SuiteRunner.runTest(SuiteRunner.java:359)
	at org.testng.SuiteRunner.access$000(SuiteRunner.java:39)
	at org.testng.SuiteRunner$SuiteWorker.run(SuiteRunner.java:393)
	at org.testng.internal.thread.ThreadUtil$2.call(ThreadUtil.java:64)
	at java.base/java.util.concurrent.FutureTask.run(FutureTask.java:264)
	at java.base/java.util.concurrent.ThreadPoolExecutor.runWorker(ThreadPoolExecutor.java:1136)
	at java.base/java.util.concurrent.ThreadPoolExecutor$Worker.run(ThreadPoolExecutor.java:635)
	at java.base/java.lang.Thread.run(Thread.java:833)
]]>
    </error>
  </testcase> <!-- step23_VerifyUserNameInMYAccount -->
  <testcase classname="src.in.valtech.cl.scenarios.TC_Scenario_08" name="step138_NavigatedIntoAdyenAndClickOnPaymentTab" time="0.000">
    <error message="Workbook is not found - D:\ChristianLouboutin/resources/front/Automation_DS_StagingEnv1.xlsx" type="com.codoid.products.exception.FilloException">
      <![CDATA[com.codoid.products.exception.FilloException: Workbook is not found - D:\ChristianLouboutin/resources/front/Automation_DS_StagingEnv1.xlsx
	at com.codoid.products.fillo.Fillo.getConnection(Fillo.java:46)
	at src.in.valtech.util.ExcelReader.getDataConfigDetails(ExcelReader.java:200)
	at src.in.valtech.custom.CustomFun.getTestDataSetDetails(CustomFun.java:1869)
	at src.in.valtech.config.BaseTest.setUp(BaseTest.java:166)
	at java.base/jdk.internal.reflect.NativeMethodAccessorImpl.invoke0(Native Method)
	at java.base/jdk.internal.reflect.NativeMethodAccessorImpl.invoke(NativeMethodAccessorImpl.java:77)
	at java.base/jdk.internal.reflect.DelegatingMethodAccessorImpl.invoke(DelegatingMethodAccessorImpl.java:43)
	at java.base/java.lang.reflect.Method.invoke(Method.java:568)
	at org.testng.internal.MethodInvocationHelper.invokeMethod(MethodInvocationHelper.java:85)
	at org.testng.internal.Invoker.invokeConfigurationMethod(Invoker.java:510)
	at org.testng.internal.Invoker.invokeConfigurations(Invoker.java:211)
	at org.testng.internal.Invoker.invokeConfigurations(Invoker.java:138)
	at org.testng.TestRunner.beforeRun(TestRunner.java:648)
	at org.testng.TestRunner.run(TestRunner.java:616)
	at org.testng.SuiteRunner.runTest(SuiteRunner.java:359)
	at org.testng.SuiteRunner.access$000(SuiteRunner.java:39)
	at org.testng.SuiteRunner$SuiteWorker.run(SuiteRunner.java:393)
	at org.testng.internal.thread.ThreadUtil$2.call(ThreadUtil.java:64)
	at java.base/java.util.concurrent.FutureTask.run(FutureTask.java:264)
	at java.base/java.util.concurrent.ThreadPoolExecutor.runWorker(ThreadPoolExecutor.java:1136)
	at java.base/java.util.concurrent.ThreadPoolExecutor$Worker.run(ThreadPoolExecutor.java:635)
	at java.base/java.lang.Thread.run(Thread.java:833)
]]>
    </error>
  </testcase> <!-- step138_NavigatedIntoAdyenAndClickOnPaymentTab -->
  <testcase classname="src.in.valtech.cl.scenarios.TC_Scenario_08" name="step186_VerifySuccessMsgForCreateCreditMemo" time="0.000">
    <error message="Workbook is not found - D:\ChristianLouboutin/resources/front/Automation_DS_StagingEnv1.xlsx" type="com.codoid.products.exception.FilloException">
      <![CDATA[com.codoid.products.exception.FilloException: Workbook is not found - D:\ChristianLouboutin/resources/front/Automation_DS_StagingEnv1.xlsx
	at com.codoid.products.fillo.Fillo.getConnection(Fillo.java:46)
	at src.in.valtech.util.ExcelReader.getDataConfigDetails(ExcelReader.java:200)
	at src.in.valtech.custom.CustomFun.getTestDataSetDetails(CustomFun.java:1869)
	at src.in.valtech.config.BaseTest.setUp(BaseTest.java:166)
	at java.base/jdk.internal.reflect.NativeMethodAccessorImpl.invoke0(Native Method)
	at java.base/jdk.internal.reflect.NativeMethodAccessorImpl.invoke(NativeMethodAccessorImpl.java:77)
	at java.base/jdk.internal.reflect.DelegatingMethodAccessorImpl.invoke(DelegatingMethodAccessorImpl.java:43)
	at java.base/java.lang.reflect.Method.invoke(Method.java:568)
	at org.testng.internal.MethodInvocationHelper.invokeMethod(MethodInvocationHelper.java:85)
	at org.testng.internal.Invoker.invokeConfigurationMethod(Invoker.java:510)
	at org.testng.internal.Invoker.invokeConfigurations(Invoker.java:211)
	at org.testng.internal.Invoker.invokeConfigurations(Invoker.java:138)
	at org.testng.TestRunner.beforeRun(TestRunner.java:648)
	at org.testng.TestRunner.run(TestRunner.java:616)
	at org.testng.SuiteRunner.runTest(SuiteRunner.java:359)
	at org.testng.SuiteRunner.access$000(SuiteRunner.java:39)
	at org.testng.SuiteRunner$SuiteWorker.run(SuiteRunner.java:393)
	at org.testng.internal.thread.ThreadUtil$2.call(ThreadUtil.java:64)
	at java.base/java.util.concurrent.FutureTask.run(FutureTask.java:264)
	at java.base/java.util.concurrent.ThreadPoolExecutor.runWorker(ThreadPoolExecutor.java:1136)
	at java.base/java.util.concurrent.ThreadPoolExecutor$Worker.run(ThreadPoolExecutor.java:635)
	at java.base/java.lang.Thread.run(Thread.java:833)
]]>
    </error>
  </testcase> <!-- step186_VerifySuccessMsgForCreateCreditMemo -->
  <testcase classname="src.in.valtech.cl.scenarios.TC_Scenario_08" name="step19_EnterConfirmPasswordField" time="0.000">
    <error message="Workbook is not found - D:\ChristianLouboutin/resources/front/Automation_DS_StagingEnv1.xlsx" type="com.codoid.products.exception.FilloException">
      <![CDATA[com.codoid.products.exception.FilloException: Workbook is not found - D:\ChristianLouboutin/resources/front/Automation_DS_StagingEnv1.xlsx
	at com.codoid.products.fillo.Fillo.getConnection(Fillo.java:46)
	at src.in.valtech.util.ExcelReader.getDataConfigDetails(ExcelReader.java:200)
	at src.in.valtech.custom.CustomFun.getTestDataSetDetails(CustomFun.java:1869)
	at src.in.valtech.config.BaseTest.setUp(BaseTest.java:166)
	at java.base/jdk.internal.reflect.NativeMethodAccessorImpl.invoke0(Native Method)
	at java.base/jdk.internal.reflect.NativeMethodAccessorImpl.invoke(NativeMethodAccessorImpl.java:77)
	at java.base/jdk.internal.reflect.DelegatingMethodAccessorImpl.invoke(DelegatingMethodAccessorImpl.java:43)
	at java.base/java.lang.reflect.Method.invoke(Method.java:568)
	at org.testng.internal.MethodInvocationHelper.invokeMethod(MethodInvocationHelper.java:85)
	at org.testng.internal.Invoker.invokeConfigurationMethod(Invoker.java:510)
	at org.testng.internal.Invoker.invokeConfigurations(Invoker.java:211)
	at org.testng.internal.Invoker.invokeConfigurations(Invoker.java:138)
	at org.testng.TestRunner.beforeRun(TestRunner.java:648)
	at org.testng.TestRunner.run(TestRunner.java:616)
	at org.testng.SuiteRunner.runTest(SuiteRunner.java:359)
	at org.testng.SuiteRunner.access$000(SuiteRunner.java:39)
	at org.testng.SuiteRunner$SuiteWorker.run(SuiteRunner.java:393)
	at org.testng.internal.thread.ThreadUtil$2.call(ThreadUtil.java:64)
	at java.base/java.util.concurrent.FutureTask.run(FutureTask.java:264)
	at java.base/java.util.concurrent.ThreadPoolExecutor.runWorker(ThreadPoolExecutor.java:1136)
	at java.base/java.util.concurrent.ThreadPoolExecutor$Worker.run(ThreadPoolExecutor.java:635)
	at java.base/java.lang.Thread.run(Thread.java:833)
]]>
    </error>
  </testcase> <!-- step19_EnterConfirmPasswordField -->
  <testcase classname="src.in.valtech.cl.scenarios.TC_Scenario_08" name="step33_ClickOnInStoreAvailabilityButtonAndCloseOverlay" time="0.000">
    <error message="Workbook is not found - D:\ChristianLouboutin/resources/front/Automation_DS_StagingEnv1.xlsx" type="com.codoid.products.exception.FilloException">
      <![CDATA[com.codoid.products.exception.FilloException: Workbook is not found - D:\ChristianLouboutin/resources/front/Automation_DS_StagingEnv1.xlsx
	at com.codoid.products.fillo.Fillo.getConnection(Fillo.java:46)
	at src.in.valtech.util.ExcelReader.getDataConfigDetails(ExcelReader.java:200)
	at src.in.valtech.custom.CustomFun.getTestDataSetDetails(CustomFun.java:1869)
	at src.in.valtech.config.BaseTest.setUp(BaseTest.java:166)
	at java.base/jdk.internal.reflect.NativeMethodAccessorImpl.invoke0(Native Method)
	at java.base/jdk.internal.reflect.NativeMethodAccessorImpl.invoke(NativeMethodAccessorImpl.java:77)
	at java.base/jdk.internal.reflect.DelegatingMethodAccessorImpl.invoke(DelegatingMethodAccessorImpl.java:43)
	at java.base/java.lang.reflect.Method.invoke(Method.java:568)
	at org.testng.internal.MethodInvocationHelper.invokeMethod(MethodInvocationHelper.java:85)
	at org.testng.internal.Invoker.invokeConfigurationMethod(Invoker.java:510)
	at org.testng.internal.Invoker.invokeConfigurations(Invoker.java:211)
	at org.testng.internal.Invoker.invokeConfigurations(Invoker.java:138)
	at org.testng.TestRunner.beforeRun(TestRunner.java:648)
	at org.testng.TestRunner.run(TestRunner.java:616)
	at org.testng.SuiteRunner.runTest(SuiteRunner.java:359)
	at org.testng.SuiteRunner.access$000(SuiteRunner.java:39)
	at org.testng.SuiteRunner$SuiteWorker.run(SuiteRunner.java:393)
	at org.testng.internal.thread.ThreadUtil$2.call(ThreadUtil.java:64)
	at java.base/java.util.concurrent.FutureTask.run(FutureTask.java:264)
	at java.base/java.util.concurrent.ThreadPoolExecutor.runWorker(ThreadPoolExecutor.java:1136)
	at java.base/java.util.concurrent.ThreadPoolExecutor$Worker.run(ThreadPoolExecutor.java:635)
	at java.base/java.lang.Thread.run(Thread.java:833)
]]>
    </error>
  </testcase> <!-- step33_ClickOnInStoreAvailabilityButtonAndCloseOverlay -->
  <testcase classname="src.in.valtech.cl.scenarios.TC_Scenario_08" name="step56_EnterSearchableSKUAndClickOnSubmitFilter" time="0.001">
    <error message="Workbook is not found - D:\ChristianLouboutin/resources/front/Automation_DS_StagingEnv1.xlsx" type="com.codoid.products.exception.FilloException">
      <![CDATA[com.codoid.products.exception.FilloException: Workbook is not found - D:\ChristianLouboutin/resources/front/Automation_DS_StagingEnv1.xlsx
	at com.codoid.products.fillo.Fillo.getConnection(Fillo.java:46)
	at src.in.valtech.util.ExcelReader.getDataConfigDetails(ExcelReader.java:200)
	at src.in.valtech.custom.CustomFun.getTestDataSetDetails(CustomFun.java:1869)
	at src.in.valtech.config.BaseTest.setUp(BaseTest.java:166)
	at java.base/jdk.internal.reflect.NativeMethodAccessorImpl.invoke0(Native Method)
	at java.base/jdk.internal.reflect.NativeMethodAccessorImpl.invoke(NativeMethodAccessorImpl.java:77)
	at java.base/jdk.internal.reflect.DelegatingMethodAccessorImpl.invoke(DelegatingMethodAccessorImpl.java:43)
	at java.base/java.lang.reflect.Method.invoke(Method.java:568)
	at org.testng.internal.MethodInvocationHelper.invokeMethod(MethodInvocationHelper.java:85)
	at org.testng.internal.Invoker.invokeConfigurationMethod(Invoker.java:510)
	at org.testng.internal.Invoker.invokeConfigurations(Invoker.java:211)
	at org.testng.internal.Invoker.invokeConfigurations(Invoker.java:138)
	at org.testng.TestRunner.beforeRun(TestRunner.java:648)
	at org.testng.TestRunner.run(TestRunner.java:616)
	at org.testng.SuiteRunner.runTest(SuiteRunner.java:359)
	at org.testng.SuiteRunner.access$000(SuiteRunner.java:39)
	at org.testng.SuiteRunner$SuiteWorker.run(SuiteRunner.java:393)
	at org.testng.internal.thread.ThreadUtil$2.call(ThreadUtil.java:64)
	at java.base/java.util.concurrent.FutureTask.run(FutureTask.java:264)
	at java.base/java.util.concurrent.ThreadPoolExecutor.runWorker(ThreadPoolExecutor.java:1136)
	at java.base/java.util.concurrent.ThreadPoolExecutor$Worker.run(ThreadPoolExecutor.java:635)
	at java.base/java.lang.Thread.run(Thread.java:833)
]]>
    </error>
  </testcase> <!-- step56_EnterSearchableSKUAndClickOnSubmitFilter -->
  <testcase classname="src.in.valtech.cl.scenarios.TC_Scenario_08" name="step126_NavigatedIntoWMSAndClickOnPackingBtn" time="0.001">
    <error message="Workbook is not found - D:\ChristianLouboutin/resources/front/Automation_DS_StagingEnv1.xlsx" type="com.codoid.products.exception.FilloException">
      <![CDATA[com.codoid.products.exception.FilloException: Workbook is not found - D:\ChristianLouboutin/resources/front/Automation_DS_StagingEnv1.xlsx
	at com.codoid.products.fillo.Fillo.getConnection(Fillo.java:46)
	at src.in.valtech.util.ExcelReader.getDataConfigDetails(ExcelReader.java:200)
	at src.in.valtech.custom.CustomFun.getTestDataSetDetails(CustomFun.java:1869)
	at src.in.valtech.config.BaseTest.setUp(BaseTest.java:166)
	at java.base/jdk.internal.reflect.NativeMethodAccessorImpl.invoke0(Native Method)
	at java.base/jdk.internal.reflect.NativeMethodAccessorImpl.invoke(NativeMethodAccessorImpl.java:77)
	at java.base/jdk.internal.reflect.DelegatingMethodAccessorImpl.invoke(DelegatingMethodAccessorImpl.java:43)
	at java.base/java.lang.reflect.Method.invoke(Method.java:568)
	at org.testng.internal.MethodInvocationHelper.invokeMethod(MethodInvocationHelper.java:85)
	at org.testng.internal.Invoker.invokeConfigurationMethod(Invoker.java:510)
	at org.testng.internal.Invoker.invokeConfigurations(Invoker.java:211)
	at org.testng.internal.Invoker.invokeConfigurations(Invoker.java:138)
	at org.testng.TestRunner.beforeRun(TestRunner.java:648)
	at org.testng.TestRunner.run(TestRunner.java:616)
	at org.testng.SuiteRunner.runTest(SuiteRunner.java:359)
	at org.testng.SuiteRunner.access$000(SuiteRunner.java:39)
	at org.testng.SuiteRunner$SuiteWorker.run(SuiteRunner.java:393)
	at org.testng.internal.thread.ThreadUtil$2.call(ThreadUtil.java:64)
	at java.base/java.util.concurrent.FutureTask.run(FutureTask.java:264)
	at java.base/java.util.concurrent.ThreadPoolExecutor.runWorker(ThreadPoolExecutor.java:1136)
	at java.base/java.util.concurrent.ThreadPoolExecutor$Worker.run(ThreadPoolExecutor.java:635)
	at java.base/java.lang.Thread.run(Thread.java:833)
]]>
    </error>
  </testcase> <!-- step126_NavigatedIntoWMSAndClickOnPackingBtn -->
  <testcase classname="src.in.valtech.cl.scenarios.TC_Scenario_08" name="step31_VerifiedProductPriceinPDP" time="0.000">
    <error message="Workbook is not found - D:\ChristianLouboutin/resources/front/Automation_DS_StagingEnv1.xlsx" type="com.codoid.products.exception.FilloException">
      <![CDATA[com.codoid.products.exception.FilloException: Workbook is not found - D:\ChristianLouboutin/resources/front/Automation_DS_StagingEnv1.xlsx
	at com.codoid.products.fillo.Fillo.getConnection(Fillo.java:46)
	at src.in.valtech.util.ExcelReader.getDataConfigDetails(ExcelReader.java:200)
	at src.in.valtech.custom.CustomFun.getTestDataSetDetails(CustomFun.java:1869)
	at src.in.valtech.config.BaseTest.setUp(BaseTest.java:166)
	at java.base/jdk.internal.reflect.NativeMethodAccessorImpl.invoke0(Native Method)
	at java.base/jdk.internal.reflect.NativeMethodAccessorImpl.invoke(NativeMethodAccessorImpl.java:77)
	at java.base/jdk.internal.reflect.DelegatingMethodAccessorImpl.invoke(DelegatingMethodAccessorImpl.java:43)
	at java.base/java.lang.reflect.Method.invoke(Method.java:568)
	at org.testng.internal.MethodInvocationHelper.invokeMethod(MethodInvocationHelper.java:85)
	at org.testng.internal.Invoker.invokeConfigurationMethod(Invoker.java:510)
	at org.testng.internal.Invoker.invokeConfigurations(Invoker.java:211)
	at org.testng.internal.Invoker.invokeConfigurations(Invoker.java:138)
	at org.testng.TestRunner.beforeRun(TestRunner.java:648)
	at org.testng.TestRunner.run(TestRunner.java:616)
	at org.testng.SuiteRunner.runTest(SuiteRunner.java:359)
	at org.testng.SuiteRunner.access$000(SuiteRunner.java:39)
	at org.testng.SuiteRunner$SuiteWorker.run(SuiteRunner.java:393)
	at org.testng.internal.thread.ThreadUtil$2.call(ThreadUtil.java:64)
	at java.base/java.util.concurrent.FutureTask.run(FutureTask.java:264)
	at java.base/java.util.concurrent.ThreadPoolExecutor.runWorker(ThreadPoolExecutor.java:1136)
	at java.base/java.util.concurrent.ThreadPoolExecutor$Worker.run(ThreadPoolExecutor.java:635)
	at java.base/java.lang.Thread.run(Thread.java:833)
]]>
    </error>
  </testcase> <!-- step31_VerifiedProductPriceinPDP -->
  <testcase classname="src.in.valtech.cl.scenarios.TC_Scenario_08" name="step135_NavigatedIntoWMSAndProcessedwithShippingProcess" time="0.000">
    <error message="Workbook is not found - D:\ChristianLouboutin/resources/front/Automation_DS_StagingEnv1.xlsx" type="com.codoid.products.exception.FilloException">
      <![CDATA[com.codoid.products.exception.FilloException: Workbook is not found - D:\ChristianLouboutin/resources/front/Automation_DS_StagingEnv1.xlsx
	at com.codoid.products.fillo.Fillo.getConnection(Fillo.java:46)
	at src.in.valtech.util.ExcelReader.getDataConfigDetails(ExcelReader.java:200)
	at src.in.valtech.custom.CustomFun.getTestDataSetDetails(CustomFun.java:1869)
	at src.in.valtech.config.BaseTest.setUp(BaseTest.java:166)
	at java.base/jdk.internal.reflect.NativeMethodAccessorImpl.invoke0(Native Method)
	at java.base/jdk.internal.reflect.NativeMethodAccessorImpl.invoke(NativeMethodAccessorImpl.java:77)
	at java.base/jdk.internal.reflect.DelegatingMethodAccessorImpl.invoke(DelegatingMethodAccessorImpl.java:43)
	at java.base/java.lang.reflect.Method.invoke(Method.java:568)
	at org.testng.internal.MethodInvocationHelper.invokeMethod(MethodInvocationHelper.java:85)
	at org.testng.internal.Invoker.invokeConfigurationMethod(Invoker.java:510)
	at org.testng.internal.Invoker.invokeConfigurations(Invoker.java:211)
	at org.testng.internal.Invoker.invokeConfigurations(Invoker.java:138)
	at org.testng.TestRunner.beforeRun(TestRunner.java:648)
	at org.testng.TestRunner.run(TestRunner.java:616)
	at org.testng.SuiteRunner.runTest(SuiteRunner.java:359)
	at org.testng.SuiteRunner.access$000(SuiteRunner.java:39)
	at org.testng.SuiteRunner$SuiteWorker.run(SuiteRunner.java:393)
	at org.testng.internal.thread.ThreadUtil$2.call(ThreadUtil.java:64)
	at java.base/java.util.concurrent.FutureTask.run(FutureTask.java:264)
	at java.base/java.util.concurrent.ThreadPoolExecutor.runWorker(ThreadPoolExecutor.java:1136)
	at java.base/java.util.concurrent.ThreadPoolExecutor$Worker.run(ThreadPoolExecutor.java:635)
	at java.base/java.lang.Thread.run(Thread.java:833)
]]>
    </error>
  </testcase> <!-- step135_NavigatedIntoWMSAndProcessedwithShippingProcess -->
  <testcase classname="src.in.valtech.cl.scenarios.TC_Scenario_08" name="step10_SearchForCustomerAccount" time="0.000">
    <error message="Workbook is not found - D:\ChristianLouboutin/resources/front/Automation_DS_StagingEnv1.xlsx" type="com.codoid.products.exception.FilloException">
      <![CDATA[com.codoid.products.exception.FilloException: Workbook is not found - D:\ChristianLouboutin/resources/front/Automation_DS_StagingEnv1.xlsx
	at com.codoid.products.fillo.Fillo.getConnection(Fillo.java:46)
	at src.in.valtech.util.ExcelReader.getDataConfigDetails(ExcelReader.java:200)
	at src.in.valtech.custom.CustomFun.getTestDataSetDetails(CustomFun.java:1869)
	at src.in.valtech.config.BaseTest.setUp(BaseTest.java:166)
	at java.base/jdk.internal.reflect.NativeMethodAccessorImpl.invoke0(Native Method)
	at java.base/jdk.internal.reflect.NativeMethodAccessorImpl.invoke(NativeMethodAccessorImpl.java:77)
	at java.base/jdk.internal.reflect.DelegatingMethodAccessorImpl.invoke(DelegatingMethodAccessorImpl.java:43)
	at java.base/java.lang.reflect.Method.invoke(Method.java:568)
	at org.testng.internal.MethodInvocationHelper.invokeMethod(MethodInvocationHelper.java:85)
	at org.testng.internal.Invoker.invokeConfigurationMethod(Invoker.java:510)
	at org.testng.internal.Invoker.invokeConfigurations(Invoker.java:211)
	at org.testng.internal.Invoker.invokeConfigurations(Invoker.java:138)
	at org.testng.TestRunner.beforeRun(TestRunner.java:648)
	at org.testng.TestRunner.run(TestRunner.java:616)
	at org.testng.SuiteRunner.runTest(SuiteRunner.java:359)
	at org.testng.SuiteRunner.access$000(SuiteRunner.java:39)
	at org.testng.SuiteRunner$SuiteWorker.run(SuiteRunner.java:393)
	at org.testng.internal.thread.ThreadUtil$2.call(ThreadUtil.java:64)
	at java.base/java.util.concurrent.FutureTask.run(FutureTask.java:264)
	at java.base/java.util.concurrent.ThreadPoolExecutor.runWorker(ThreadPoolExecutor.java:1136)
	at java.base/java.util.concurrent.ThreadPoolExecutor$Worker.run(ThreadPoolExecutor.java:635)
	at java.base/java.lang.Thread.run(Thread.java:833)
]]>
    </error>
  </testcase> <!-- step10_SearchForCustomerAccount -->
  <testcase classname="src.in.valtech.cl.scenarios.TC_Scenario_08" name="step207_VerifyReturnReceptionConfirmationMailContents" time="0.000">
    <error message="Workbook is not found - D:\ChristianLouboutin/resources/front/Automation_DS_StagingEnv1.xlsx" type="com.codoid.products.exception.FilloException">
      <![CDATA[com.codoid.products.exception.FilloException: Workbook is not found - D:\ChristianLouboutin/resources/front/Automation_DS_StagingEnv1.xlsx
	at com.codoid.products.fillo.Fillo.getConnection(Fillo.java:46)
	at src.in.valtech.util.ExcelReader.getDataConfigDetails(ExcelReader.java:200)
	at src.in.valtech.custom.CustomFun.getTestDataSetDetails(CustomFun.java:1869)
	at src.in.valtech.config.BaseTest.setUp(BaseTest.java:166)
	at java.base/jdk.internal.reflect.NativeMethodAccessorImpl.invoke0(Native Method)
	at java.base/jdk.internal.reflect.NativeMethodAccessorImpl.invoke(NativeMethodAccessorImpl.java:77)
	at java.base/jdk.internal.reflect.DelegatingMethodAccessorImpl.invoke(DelegatingMethodAccessorImpl.java:43)
	at java.base/java.lang.reflect.Method.invoke(Method.java:568)
	at org.testng.internal.MethodInvocationHelper.invokeMethod(MethodInvocationHelper.java:85)
	at org.testng.internal.Invoker.invokeConfigurationMethod(Invoker.java:510)
	at org.testng.internal.Invoker.invokeConfigurations(Invoker.java:211)
	at org.testng.internal.Invoker.invokeConfigurations(Invoker.java:138)
	at org.testng.TestRunner.beforeRun(TestRunner.java:648)
	at org.testng.TestRunner.run(TestRunner.java:616)
	at org.testng.SuiteRunner.runTest(SuiteRunner.java:359)
	at org.testng.SuiteRunner.access$000(SuiteRunner.java:39)
	at org.testng.SuiteRunner$SuiteWorker.run(SuiteRunner.java:393)
	at org.testng.internal.thread.ThreadUtil$2.call(ThreadUtil.java:64)
	at java.base/java.util.concurrent.FutureTask.run(FutureTask.java:264)
	at java.base/java.util.concurrent.ThreadPoolExecutor.runWorker(ThreadPoolExecutor.java:1136)
	at java.base/java.util.concurrent.ThreadPoolExecutor$Worker.run(ThreadPoolExecutor.java:635)
	at java.base/java.lang.Thread.run(Thread.java:833)
]]>
    </error>
  </testcase> <!-- step207_VerifyReturnReceptionConfirmationMailContents -->
  <testcase classname="src.in.valtech.cl.scenarios.TC_Scenario_08" name="step44_ClickOnShoesSubcategory" time="0.001">
    <error message="Workbook is not found - D:\ChristianLouboutin/resources/front/Automation_DS_StagingEnv1.xlsx" type="com.codoid.products.exception.FilloException">
      <![CDATA[com.codoid.products.exception.FilloException: Workbook is not found - D:\ChristianLouboutin/resources/front/Automation_DS_StagingEnv1.xlsx
	at com.codoid.products.fillo.Fillo.getConnection(Fillo.java:46)
	at src.in.valtech.util.ExcelReader.getDataConfigDetails(ExcelReader.java:200)
	at src.in.valtech.custom.CustomFun.getTestDataSetDetails(CustomFun.java:1869)
	at src.in.valtech.config.BaseTest.setUp(BaseTest.java:166)
	at java.base/jdk.internal.reflect.NativeMethodAccessorImpl.invoke0(Native Method)
	at java.base/jdk.internal.reflect.NativeMethodAccessorImpl.invoke(NativeMethodAccessorImpl.java:77)
	at java.base/jdk.internal.reflect.DelegatingMethodAccessorImpl.invoke(DelegatingMethodAccessorImpl.java:43)
	at java.base/java.lang.reflect.Method.invoke(Method.java:568)
	at org.testng.internal.MethodInvocationHelper.invokeMethod(MethodInvocationHelper.java:85)
	at org.testng.internal.Invoker.invokeConfigurationMethod(Invoker.java:510)
	at org.testng.internal.Invoker.invokeConfigurations(Invoker.java:211)
	at org.testng.internal.Invoker.invokeConfigurations(Invoker.java:138)
	at org.testng.TestRunner.beforeRun(TestRunner.java:648)
	at org.testng.TestRunner.run(TestRunner.java:616)
	at org.testng.SuiteRunner.runTest(SuiteRunner.java:359)
	at org.testng.SuiteRunner.access$000(SuiteRunner.java:39)
	at org.testng.SuiteRunner$SuiteWorker.run(SuiteRunner.java:393)
	at org.testng.internal.thread.ThreadUtil$2.call(ThreadUtil.java:64)
	at java.base/java.util.concurrent.FutureTask.run(FutureTask.java:264)
	at java.base/java.util.concurrent.ThreadPoolExecutor.runWorker(ThreadPoolExecutor.java:1136)
	at java.base/java.util.concurrent.ThreadPoolExecutor$Worker.run(ThreadPoolExecutor.java:635)
	at java.base/java.lang.Thread.run(Thread.java:833)
]]>
    </error>
  </testcase> <!-- step44_ClickOnShoesSubcategory -->
  <testcase classname="src.in.valtech.cl.scenarios.TC_Scenario_08" name="step183_ClickonViewOptioninOrderGrid" time="0.000">
    <error message="Workbook is not found - D:\ChristianLouboutin/resources/front/Automation_DS_StagingEnv1.xlsx" type="com.codoid.products.exception.FilloException">
      <![CDATA[com.codoid.products.exception.FilloException: Workbook is not found - D:\ChristianLouboutin/resources/front/Automation_DS_StagingEnv1.xlsx
	at com.codoid.products.fillo.Fillo.getConnection(Fillo.java:46)
	at src.in.valtech.util.ExcelReader.getDataConfigDetails(ExcelReader.java:200)
	at src.in.valtech.custom.CustomFun.getTestDataSetDetails(CustomFun.java:1869)
	at src.in.valtech.config.BaseTest.setUp(BaseTest.java:166)
	at java.base/jdk.internal.reflect.NativeMethodAccessorImpl.invoke0(Native Method)
	at java.base/jdk.internal.reflect.NativeMethodAccessorImpl.invoke(NativeMethodAccessorImpl.java:77)
	at java.base/jdk.internal.reflect.DelegatingMethodAccessorImpl.invoke(DelegatingMethodAccessorImpl.java:43)
	at java.base/java.lang.reflect.Method.invoke(Method.java:568)
	at org.testng.internal.MethodInvocationHelper.invokeMethod(MethodInvocationHelper.java:85)
	at org.testng.internal.Invoker.invokeConfigurationMethod(Invoker.java:510)
	at org.testng.internal.Invoker.invokeConfigurations(Invoker.java:211)
	at org.testng.internal.Invoker.invokeConfigurations(Invoker.java:138)
	at org.testng.TestRunner.beforeRun(TestRunner.java:648)
	at org.testng.TestRunner.run(TestRunner.java:616)
	at org.testng.SuiteRunner.runTest(SuiteRunner.java:359)
	at org.testng.SuiteRunner.access$000(SuiteRunner.java:39)
	at org.testng.SuiteRunner$SuiteWorker.run(SuiteRunner.java:393)
	at org.testng.internal.thread.ThreadUtil$2.call(ThreadUtil.java:64)
	at java.base/java.util.concurrent.FutureTask.run(FutureTask.java:264)
	at java.base/java.util.concurrent.ThreadPoolExecutor.runWorker(ThreadPoolExecutor.java:1136)
	at java.base/java.util.concurrent.ThreadPoolExecutor$Worker.run(ThreadPoolExecutor.java:635)
	at java.base/java.lang.Thread.run(Thread.java:833)
]]>
    </error>
  </testcase> <!-- step183_ClickonViewOptioninOrderGrid -->
  <testcase classname="src.in.valtech.cl.scenarios.TC_Scenario_08" name="step41_VerifiedContinueShoppingAndOrderNowBTn" time="0.000">
    <error message="Workbook is not found - D:\ChristianLouboutin/resources/front/Automation_DS_StagingEnv1.xlsx" type="com.codoid.products.exception.FilloException">
      <![CDATA[com.codoid.products.exception.FilloException: Workbook is not found - D:\ChristianLouboutin/resources/front/Automation_DS_StagingEnv1.xlsx
	at com.codoid.products.fillo.Fillo.getConnection(Fillo.java:46)
	at src.in.valtech.util.ExcelReader.getDataConfigDetails(ExcelReader.java:200)
	at src.in.valtech.custom.CustomFun.getTestDataSetDetails(CustomFun.java:1869)
	at src.in.valtech.config.BaseTest.setUp(BaseTest.java:166)
	at java.base/jdk.internal.reflect.NativeMethodAccessorImpl.invoke0(Native Method)
	at java.base/jdk.internal.reflect.NativeMethodAccessorImpl.invoke(NativeMethodAccessorImpl.java:77)
	at java.base/jdk.internal.reflect.DelegatingMethodAccessorImpl.invoke(DelegatingMethodAccessorImpl.java:43)
	at java.base/java.lang.reflect.Method.invoke(Method.java:568)
	at org.testng.internal.MethodInvocationHelper.invokeMethod(MethodInvocationHelper.java:85)
	at org.testng.internal.Invoker.invokeConfigurationMethod(Invoker.java:510)
	at org.testng.internal.Invoker.invokeConfigurations(Invoker.java:211)
	at org.testng.internal.Invoker.invokeConfigurations(Invoker.java:138)
	at org.testng.TestRunner.beforeRun(TestRunner.java:648)
	at org.testng.TestRunner.run(TestRunner.java:616)
	at org.testng.SuiteRunner.runTest(SuiteRunner.java:359)
	at org.testng.SuiteRunner.access$000(SuiteRunner.java:39)
	at org.testng.SuiteRunner$SuiteWorker.run(SuiteRunner.java:393)
	at org.testng.internal.thread.ThreadUtil$2.call(ThreadUtil.java:64)
	at java.base/java.util.concurrent.FutureTask.run(FutureTask.java:264)
	at java.base/java.util.concurrent.ThreadPoolExecutor.runWorker(ThreadPoolExecutor.java:1136)
	at java.base/java.util.concurrent.ThreadPoolExecutor$Worker.run(ThreadPoolExecutor.java:635)
	at java.base/java.lang.Thread.run(Thread.java:833)
]]>
    </error>
  </testcase> <!-- step41_VerifiedContinueShoppingAndOrderNowBTn -->
  <testcase classname="src.in.valtech.cl.scenarios.TC_Scenario_08" name="step106_ClickOnSalesIcon" time="0.000">
    <error message="Workbook is not found - D:\ChristianLouboutin/resources/front/Automation_DS_StagingEnv1.xlsx" type="com.codoid.products.exception.FilloException">
      <![CDATA[com.codoid.products.exception.FilloException: Workbook is not found - D:\ChristianLouboutin/resources/front/Automation_DS_StagingEnv1.xlsx
	at com.codoid.products.fillo.Fillo.getConnection(Fillo.java:46)
	at src.in.valtech.util.ExcelReader.getDataConfigDetails(ExcelReader.java:200)
	at src.in.valtech.custom.CustomFun.getTestDataSetDetails(CustomFun.java:1869)
	at src.in.valtech.config.BaseTest.setUp(BaseTest.java:166)
	at java.base/jdk.internal.reflect.NativeMethodAccessorImpl.invoke0(Native Method)
	at java.base/jdk.internal.reflect.NativeMethodAccessorImpl.invoke(NativeMethodAccessorImpl.java:77)
	at java.base/jdk.internal.reflect.DelegatingMethodAccessorImpl.invoke(DelegatingMethodAccessorImpl.java:43)
	at java.base/java.lang.reflect.Method.invoke(Method.java:568)
	at org.testng.internal.MethodInvocationHelper.invokeMethod(MethodInvocationHelper.java:85)
	at org.testng.internal.Invoker.invokeConfigurationMethod(Invoker.java:510)
	at org.testng.internal.Invoker.invokeConfigurations(Invoker.java:211)
	at org.testng.internal.Invoker.invokeConfigurations(Invoker.java:138)
	at org.testng.TestRunner.beforeRun(TestRunner.java:648)
	at org.testng.TestRunner.run(TestRunner.java:616)
	at org.testng.SuiteRunner.runTest(SuiteRunner.java:359)
	at org.testng.SuiteRunner.access$000(SuiteRunner.java:39)
	at org.testng.SuiteRunner$SuiteWorker.run(SuiteRunner.java:393)
	at org.testng.internal.thread.ThreadUtil$2.call(ThreadUtil.java:64)
	at java.base/java.util.concurrent.FutureTask.run(FutureTask.java:264)
	at java.base/java.util.concurrent.ThreadPoolExecutor.runWorker(ThreadPoolExecutor.java:1136)
	at java.base/java.util.concurrent.ThreadPoolExecutor$Worker.run(ThreadPoolExecutor.java:635)
	at java.base/java.lang.Thread.run(Thread.java:833)
]]>
    </error>
  </testcase> <!-- step106_ClickOnSalesIcon -->
  <testcase classname="src.in.valtech.cl.scenarios.TC_Scenario_08" name="step169_VerifiedOrderStatusInReturnsPage" time="0.000">
    <error message="Workbook is not found - D:\ChristianLouboutin/resources/front/Automation_DS_StagingEnv1.xlsx" type="com.codoid.products.exception.FilloException">
      <![CDATA[com.codoid.products.exception.FilloException: Workbook is not found - D:\ChristianLouboutin/resources/front/Automation_DS_StagingEnv1.xlsx
	at com.codoid.products.fillo.Fillo.getConnection(Fillo.java:46)
	at src.in.valtech.util.ExcelReader.getDataConfigDetails(ExcelReader.java:200)
	at src.in.valtech.custom.CustomFun.getTestDataSetDetails(CustomFun.java:1869)
	at src.in.valtech.config.BaseTest.setUp(BaseTest.java:166)
	at java.base/jdk.internal.reflect.NativeMethodAccessorImpl.invoke0(Native Method)
	at java.base/jdk.internal.reflect.NativeMethodAccessorImpl.invoke(NativeMethodAccessorImpl.java:77)
	at java.base/jdk.internal.reflect.DelegatingMethodAccessorImpl.invoke(DelegatingMethodAccessorImpl.java:43)
	at java.base/java.lang.reflect.Method.invoke(Method.java:568)
	at org.testng.internal.MethodInvocationHelper.invokeMethod(MethodInvocationHelper.java:85)
	at org.testng.internal.Invoker.invokeConfigurationMethod(Invoker.java:510)
	at org.testng.internal.Invoker.invokeConfigurations(Invoker.java:211)
	at org.testng.internal.Invoker.invokeConfigurations(Invoker.java:138)
	at org.testng.TestRunner.beforeRun(TestRunner.java:648)
	at org.testng.TestRunner.run(TestRunner.java:616)
	at org.testng.SuiteRunner.runTest(SuiteRunner.java:359)
	at org.testng.SuiteRunner.access$000(SuiteRunner.java:39)
	at org.testng.SuiteRunner$SuiteWorker.run(SuiteRunner.java:393)
	at org.testng.internal.thread.ThreadUtil$2.call(ThreadUtil.java:64)
	at java.base/java.util.concurrent.FutureTask.run(FutureTask.java:264)
	at java.base/java.util.concurrent.ThreadPoolExecutor.runWorker(ThreadPoolExecutor.java:1136)
	at java.base/java.util.concurrent.ThreadPoolExecutor$Worker.run(ThreadPoolExecutor.java:635)
	at java.base/java.lang.Thread.run(Thread.java:833)
]]>
    </error>
  </testcase> <!-- step169_VerifiedOrderStatusInReturnsPage -->
  <testcase classname="src.in.valtech.cl.scenarios.TC_Scenario_08" name="step102_VerifiedYourOrderID" time="0.000">
    <error message="Workbook is not found - D:\ChristianLouboutin/resources/front/Automation_DS_StagingEnv1.xlsx" type="com.codoid.products.exception.FilloException">
      <![CDATA[com.codoid.products.exception.FilloException: Workbook is not found - D:\ChristianLouboutin/resources/front/Automation_DS_StagingEnv1.xlsx
	at com.codoid.products.fillo.Fillo.getConnection(Fillo.java:46)
	at src.in.valtech.util.ExcelReader.getDataConfigDetails(ExcelReader.java:200)
	at src.in.valtech.custom.CustomFun.getTestDataSetDetails(CustomFun.java:1869)
	at src.in.valtech.config.BaseTest.setUp(BaseTest.java:166)
	at java.base/jdk.internal.reflect.NativeMethodAccessorImpl.invoke0(Native Method)
	at java.base/jdk.internal.reflect.NativeMethodAccessorImpl.invoke(NativeMethodAccessorImpl.java:77)
	at java.base/jdk.internal.reflect.DelegatingMethodAccessorImpl.invoke(DelegatingMethodAccessorImpl.java:43)
	at java.base/java.lang.reflect.Method.invoke(Method.java:568)
	at org.testng.internal.MethodInvocationHelper.invokeMethod(MethodInvocationHelper.java:85)
	at org.testng.internal.Invoker.invokeConfigurationMethod(Invoker.java:510)
	at org.testng.internal.Invoker.invokeConfigurations(Invoker.java:211)
	at org.testng.internal.Invoker.invokeConfigurations(Invoker.java:138)
	at org.testng.TestRunner.beforeRun(TestRunner.java:648)
	at org.testng.TestRunner.run(TestRunner.java:616)
	at org.testng.SuiteRunner.runTest(SuiteRunner.java:359)
	at org.testng.SuiteRunner.access$000(SuiteRunner.java:39)
	at org.testng.SuiteRunner$SuiteWorker.run(SuiteRunner.java:393)
	at org.testng.internal.thread.ThreadUtil$2.call(ThreadUtil.java:64)
	at java.base/java.util.concurrent.FutureTask.run(FutureTask.java:264)
	at java.base/java.util.concurrent.ThreadPoolExecutor.runWorker(ThreadPoolExecutor.java:1136)
	at java.base/java.util.concurrent.ThreadPoolExecutor$Worker.run(ThreadPoolExecutor.java:635)
	at java.base/java.lang.Thread.run(Thread.java:833)
]]>
    </error>
  </testcase> <!-- step102_VerifiedYourOrderID -->
  <testcase classname="src.in.valtech.cl.scenarios.TC_Scenario_08" name="step130_EnteredQuantityInAnyRow" time="0.000">
    <error message="Workbook is not found - D:\ChristianLouboutin/resources/front/Automation_DS_StagingEnv1.xlsx" type="com.codoid.products.exception.FilloException">
      <![CDATA[com.codoid.products.exception.FilloException: Workbook is not found - D:\ChristianLouboutin/resources/front/Automation_DS_StagingEnv1.xlsx
	at com.codoid.products.fillo.Fillo.getConnection(Fillo.java:46)
	at src.in.valtech.util.ExcelReader.getDataConfigDetails(ExcelReader.java:200)
	at src.in.valtech.custom.CustomFun.getTestDataSetDetails(CustomFun.java:1869)
	at src.in.valtech.config.BaseTest.setUp(BaseTest.java:166)
	at java.base/jdk.internal.reflect.NativeMethodAccessorImpl.invoke0(Native Method)
	at java.base/jdk.internal.reflect.NativeMethodAccessorImpl.invoke(NativeMethodAccessorImpl.java:77)
	at java.base/jdk.internal.reflect.DelegatingMethodAccessorImpl.invoke(DelegatingMethodAccessorImpl.java:43)
	at java.base/java.lang.reflect.Method.invoke(Method.java:568)
	at org.testng.internal.MethodInvocationHelper.invokeMethod(MethodInvocationHelper.java:85)
	at org.testng.internal.Invoker.invokeConfigurationMethod(Invoker.java:510)
	at org.testng.internal.Invoker.invokeConfigurations(Invoker.java:211)
	at org.testng.internal.Invoker.invokeConfigurations(Invoker.java:138)
	at org.testng.TestRunner.beforeRun(TestRunner.java:648)
	at org.testng.TestRunner.run(TestRunner.java:616)
	at org.testng.SuiteRunner.runTest(SuiteRunner.java:359)
	at org.testng.SuiteRunner.access$000(SuiteRunner.java:39)
	at org.testng.SuiteRunner$SuiteWorker.run(SuiteRunner.java:393)
	at org.testng.internal.thread.ThreadUtil$2.call(ThreadUtil.java:64)
	at java.base/java.util.concurrent.FutureTask.run(FutureTask.java:264)
	at java.base/java.util.concurrent.ThreadPoolExecutor.runWorker(ThreadPoolExecutor.java:1136)
	at java.base/java.util.concurrent.ThreadPoolExecutor$Worker.run(ThreadPoolExecutor.java:635)
	at java.base/java.lang.Thread.run(Thread.java:833)
]]>
    </error>
  </testcase> <!-- step130_EnteredQuantityInAnyRow -->
  <testcase classname="src.in.valtech.cl.scenarios.TC_Scenario_08" name="step54_MouseOverElementOnDataListsMenu" time="0.000">
    <error message="Workbook is not found - D:\ChristianLouboutin/resources/front/Automation_DS_StagingEnv1.xlsx" type="com.codoid.products.exception.FilloException">
      <![CDATA[com.codoid.products.exception.FilloException: Workbook is not found - D:\ChristianLouboutin/resources/front/Automation_DS_StagingEnv1.xlsx
	at com.codoid.products.fillo.Fillo.getConnection(Fillo.java:46)
	at src.in.valtech.util.ExcelReader.getDataConfigDetails(ExcelReader.java:200)
	at src.in.valtech.custom.CustomFun.getTestDataSetDetails(CustomFun.java:1869)
	at src.in.valtech.config.BaseTest.setUp(BaseTest.java:166)
	at java.base/jdk.internal.reflect.NativeMethodAccessorImpl.invoke0(Native Method)
	at java.base/jdk.internal.reflect.NativeMethodAccessorImpl.invoke(NativeMethodAccessorImpl.java:77)
	at java.base/jdk.internal.reflect.DelegatingMethodAccessorImpl.invoke(DelegatingMethodAccessorImpl.java:43)
	at java.base/java.lang.reflect.Method.invoke(Method.java:568)
	at org.testng.internal.MethodInvocationHelper.invokeMethod(MethodInvocationHelper.java:85)
	at org.testng.internal.Invoker.invokeConfigurationMethod(Invoker.java:510)
	at org.testng.internal.Invoker.invokeConfigurations(Invoker.java:211)
	at org.testng.internal.Invoker.invokeConfigurations(Invoker.java:138)
	at org.testng.TestRunner.beforeRun(TestRunner.java:648)
	at org.testng.TestRunner.run(TestRunner.java:616)
	at org.testng.SuiteRunner.runTest(SuiteRunner.java:359)
	at org.testng.SuiteRunner.access$000(SuiteRunner.java:39)
	at org.testng.SuiteRunner$SuiteWorker.run(SuiteRunner.java:393)
	at org.testng.internal.thread.ThreadUtil$2.call(ThreadUtil.java:64)
	at java.base/java.util.concurrent.FutureTask.run(FutureTask.java:264)
	at java.base/java.util.concurrent.ThreadPoolExecutor.runWorker(ThreadPoolExecutor.java:1136)
	at java.base/java.util.concurrent.ThreadPoolExecutor$Worker.run(ThreadPoolExecutor.java:635)
	at java.base/java.lang.Thread.run(Thread.java:833)
]]>
    </error>
  </testcase> <!-- step54_MouseOverElementOnDataListsMenu -->
  <testcase classname="src.in.valtech.cl.scenarios.TC_Scenario_08" name="step132_ClickOnHomePopupBtn" time="0.000">
    <error message="Workbook is not found - D:\ChristianLouboutin/resources/front/Automation_DS_StagingEnv1.xlsx" type="com.codoid.products.exception.FilloException">
      <![CDATA[com.codoid.products.exception.FilloException: Workbook is not found - D:\ChristianLouboutin/resources/front/Automation_DS_StagingEnv1.xlsx
	at com.codoid.products.fillo.Fillo.getConnection(Fillo.java:46)
	at src.in.valtech.util.ExcelReader.getDataConfigDetails(ExcelReader.java:200)
	at src.in.valtech.custom.CustomFun.getTestDataSetDetails(CustomFun.java:1869)
	at src.in.valtech.config.BaseTest.setUp(BaseTest.java:166)
	at java.base/jdk.internal.reflect.NativeMethodAccessorImpl.invoke0(Native Method)
	at java.base/jdk.internal.reflect.NativeMethodAccessorImpl.invoke(NativeMethodAccessorImpl.java:77)
	at java.base/jdk.internal.reflect.DelegatingMethodAccessorImpl.invoke(DelegatingMethodAccessorImpl.java:43)
	at java.base/java.lang.reflect.Method.invoke(Method.java:568)
	at org.testng.internal.MethodInvocationHelper.invokeMethod(MethodInvocationHelper.java:85)
	at org.testng.internal.Invoker.invokeConfigurationMethod(Invoker.java:510)
	at org.testng.internal.Invoker.invokeConfigurations(Invoker.java:211)
	at org.testng.internal.Invoker.invokeConfigurations(Invoker.java:138)
	at org.testng.TestRunner.beforeRun(TestRunner.java:648)
	at org.testng.TestRunner.run(TestRunner.java:616)
	at org.testng.SuiteRunner.runTest(SuiteRunner.java:359)
	at org.testng.SuiteRunner.access$000(SuiteRunner.java:39)
	at org.testng.SuiteRunner$SuiteWorker.run(SuiteRunner.java:393)
	at org.testng.internal.thread.ThreadUtil$2.call(ThreadUtil.java:64)
	at java.base/java.util.concurrent.FutureTask.run(FutureTask.java:264)
	at java.base/java.util.concurrent.ThreadPoolExecutor.runWorker(ThreadPoolExecutor.java:1136)
	at java.base/java.util.concurrent.ThreadPoolExecutor$Worker.run(ThreadPoolExecutor.java:635)
	at java.base/java.lang.Thread.run(Thread.java:833)
]]>
    </error>
  </testcase> <!-- step132_ClickOnHomePopupBtn -->
  <testcase classname="src.in.valtech.cl.scenarios.TC_Scenario_08" name="step14_SelectValFromPrefixDropdown" time="0.001">
    <error message="Workbook is not found - D:\ChristianLouboutin/resources/front/Automation_DS_StagingEnv1.xlsx" type="com.codoid.products.exception.FilloException">
      <![CDATA[com.codoid.products.exception.FilloException: Workbook is not found - D:\ChristianLouboutin/resources/front/Automation_DS_StagingEnv1.xlsx
	at com.codoid.products.fillo.Fillo.getConnection(Fillo.java:46)
	at src.in.valtech.util.ExcelReader.getDataConfigDetails(ExcelReader.java:200)
	at src.in.valtech.custom.CustomFun.getTestDataSetDetails(CustomFun.java:1869)
	at src.in.valtech.config.BaseTest.setUp(BaseTest.java:166)
	at java.base/jdk.internal.reflect.NativeMethodAccessorImpl.invoke0(Native Method)
	at java.base/jdk.internal.reflect.NativeMethodAccessorImpl.invoke(NativeMethodAccessorImpl.java:77)
	at java.base/jdk.internal.reflect.DelegatingMethodAccessorImpl.invoke(DelegatingMethodAccessorImpl.java:43)
	at java.base/java.lang.reflect.Method.invoke(Method.java:568)
	at org.testng.internal.MethodInvocationHelper.invokeMethod(MethodInvocationHelper.java:85)
	at org.testng.internal.Invoker.invokeConfigurationMethod(Invoker.java:510)
	at org.testng.internal.Invoker.invokeConfigurations(Invoker.java:211)
	at org.testng.internal.Invoker.invokeConfigurations(Invoker.java:138)
	at org.testng.TestRunner.beforeRun(TestRunner.java:648)
	at org.testng.TestRunner.run(TestRunner.java:616)
	at org.testng.SuiteRunner.runTest(SuiteRunner.java:359)
	at org.testng.SuiteRunner.access$000(SuiteRunner.java:39)
	at org.testng.SuiteRunner$SuiteWorker.run(SuiteRunner.java:393)
	at org.testng.internal.thread.ThreadUtil$2.call(ThreadUtil.java:64)
	at java.base/java.util.concurrent.FutureTask.run(FutureTask.java:264)
	at java.base/java.util.concurrent.ThreadPoolExecutor.runWorker(ThreadPoolExecutor.java:1136)
	at java.base/java.util.concurrent.ThreadPoolExecutor$Worker.run(ThreadPoolExecutor.java:635)
	at java.base/java.lang.Thread.run(Thread.java:833)
]]>
    </error>
  </testcase> <!-- step14_SelectValFromPrefixDropdown -->
  <testcase classname="src.in.valtech.cl.scenarios.TC_Scenario_08" name="step47_ClickonAddToCartButton" time="0.000">
    <error message="Workbook is not found - D:\ChristianLouboutin/resources/front/Automation_DS_StagingEnv1.xlsx" type="com.codoid.products.exception.FilloException">
      <![CDATA[com.codoid.products.exception.FilloException: Workbook is not found - D:\ChristianLouboutin/resources/front/Automation_DS_StagingEnv1.xlsx
	at com.codoid.products.fillo.Fillo.getConnection(Fillo.java:46)
	at src.in.valtech.util.ExcelReader.getDataConfigDetails(ExcelReader.java:200)
	at src.in.valtech.custom.CustomFun.getTestDataSetDetails(CustomFun.java:1869)
	at src.in.valtech.config.BaseTest.setUp(BaseTest.java:166)
	at java.base/jdk.internal.reflect.NativeMethodAccessorImpl.invoke0(Native Method)
	at java.base/jdk.internal.reflect.NativeMethodAccessorImpl.invoke(NativeMethodAccessorImpl.java:77)
	at java.base/jdk.internal.reflect.DelegatingMethodAccessorImpl.invoke(DelegatingMethodAccessorImpl.java:43)
	at java.base/java.lang.reflect.Method.invoke(Method.java:568)
	at org.testng.internal.MethodInvocationHelper.invokeMethod(MethodInvocationHelper.java:85)
	at org.testng.internal.Invoker.invokeConfigurationMethod(Invoker.java:510)
	at org.testng.internal.Invoker.invokeConfigurations(Invoker.java:211)
	at org.testng.internal.Invoker.invokeConfigurations(Invoker.java:138)
	at org.testng.TestRunner.beforeRun(TestRunner.java:648)
	at org.testng.TestRunner.run(TestRunner.java:616)
	at org.testng.SuiteRunner.runTest(SuiteRunner.java:359)
	at org.testng.SuiteRunner.access$000(SuiteRunner.java:39)
	at org.testng.SuiteRunner$SuiteWorker.run(SuiteRunner.java:393)
	at org.testng.internal.thread.ThreadUtil$2.call(ThreadUtil.java:64)
	at java.base/java.util.concurrent.FutureTask.run(FutureTask.java:264)
	at java.base/java.util.concurrent.ThreadPoolExecutor.runWorker(ThreadPoolExecutor.java:1136)
	at java.base/java.util.concurrent.ThreadPoolExecutor$Worker.run(ThreadPoolExecutor.java:635)
	at java.base/java.lang.Thread.run(Thread.java:833)
]]>
    </error>
  </testcase> <!-- step47_ClickonAddToCartButton -->
  <testcase classname="src.in.valtech.cl.scenarios.TC_Scenario_08" name="step137_NaviagtedIntoFOAndVerifiedOrderStatusInMyOrdersPage" time="0.000">
    <error message="Workbook is not found - D:\ChristianLouboutin/resources/front/Automation_DS_StagingEnv1.xlsx" type="com.codoid.products.exception.FilloException">
      <![CDATA[com.codoid.products.exception.FilloException: Workbook is not found - D:\ChristianLouboutin/resources/front/Automation_DS_StagingEnv1.xlsx
	at com.codoid.products.fillo.Fillo.getConnection(Fillo.java:46)
	at src.in.valtech.util.ExcelReader.getDataConfigDetails(ExcelReader.java:200)
	at src.in.valtech.custom.CustomFun.getTestDataSetDetails(CustomFun.java:1869)
	at src.in.valtech.config.BaseTest.setUp(BaseTest.java:166)
	at java.base/jdk.internal.reflect.NativeMethodAccessorImpl.invoke0(Native Method)
	at java.base/jdk.internal.reflect.NativeMethodAccessorImpl.invoke(NativeMethodAccessorImpl.java:77)
	at java.base/jdk.internal.reflect.DelegatingMethodAccessorImpl.invoke(DelegatingMethodAccessorImpl.java:43)
	at java.base/java.lang.reflect.Method.invoke(Method.java:568)
	at org.testng.internal.MethodInvocationHelper.invokeMethod(MethodInvocationHelper.java:85)
	at org.testng.internal.Invoker.invokeConfigurationMethod(Invoker.java:510)
	at org.testng.internal.Invoker.invokeConfigurations(Invoker.java:211)
	at org.testng.internal.Invoker.invokeConfigurations(Invoker.java:138)
	at org.testng.TestRunner.beforeRun(TestRunner.java:648)
	at org.testng.TestRunner.run(TestRunner.java:616)
	at org.testng.SuiteRunner.runTest(SuiteRunner.java:359)
	at org.testng.SuiteRunner.access$000(SuiteRunner.java:39)
	at org.testng.SuiteRunner$SuiteWorker.run(SuiteRunner.java:393)
	at org.testng.internal.thread.ThreadUtil$2.call(ThreadUtil.java:64)
	at java.base/java.util.concurrent.FutureTask.run(FutureTask.java:264)
	at java.base/java.util.concurrent.ThreadPoolExecutor.runWorker(ThreadPoolExecutor.java:1136)
	at java.base/java.util.concurrent.ThreadPoolExecutor$Worker.run(ThreadPoolExecutor.java:635)
	at java.base/java.lang.Thread.run(Thread.java:833)
]]>
    </error>
  </testcase> <!-- step137_NaviagtedIntoFOAndVerifiedOrderStatusInMyOrdersPage -->
  <testcase classname="src.in.valtech.cl.scenarios.TC_Scenario_08" name="step68_EnteredAddressNameField" time="0.000">
    <error message="Workbook is not found - D:\ChristianLouboutin/resources/front/Automation_DS_StagingEnv1.xlsx" type="com.codoid.products.exception.FilloException">
      <![CDATA[com.codoid.products.exception.FilloException: Workbook is not found - D:\ChristianLouboutin/resources/front/Automation_DS_StagingEnv1.xlsx
	at com.codoid.products.fillo.Fillo.getConnection(Fillo.java:46)
	at src.in.valtech.util.ExcelReader.getDataConfigDetails(ExcelReader.java:200)
	at src.in.valtech.custom.CustomFun.getTestDataSetDetails(CustomFun.java:1869)
	at src.in.valtech.config.BaseTest.setUp(BaseTest.java:166)
	at java.base/jdk.internal.reflect.NativeMethodAccessorImpl.invoke0(Native Method)
	at java.base/jdk.internal.reflect.NativeMethodAccessorImpl.invoke(NativeMethodAccessorImpl.java:77)
	at java.base/jdk.internal.reflect.DelegatingMethodAccessorImpl.invoke(DelegatingMethodAccessorImpl.java:43)
	at java.base/java.lang.reflect.Method.invoke(Method.java:568)
	at org.testng.internal.MethodInvocationHelper.invokeMethod(MethodInvocationHelper.java:85)
	at org.testng.internal.Invoker.invokeConfigurationMethod(Invoker.java:510)
	at org.testng.internal.Invoker.invokeConfigurations(Invoker.java:211)
	at org.testng.internal.Invoker.invokeConfigurations(Invoker.java:138)
	at org.testng.TestRunner.beforeRun(TestRunner.java:648)
	at org.testng.TestRunner.run(TestRunner.java:616)
	at org.testng.SuiteRunner.runTest(SuiteRunner.java:359)
	at org.testng.SuiteRunner.access$000(SuiteRunner.java:39)
	at org.testng.SuiteRunner$SuiteWorker.run(SuiteRunner.java:393)
	at org.testng.internal.thread.ThreadUtil$2.call(ThreadUtil.java:64)
	at java.base/java.util.concurrent.FutureTask.run(FutureTask.java:264)
	at java.base/java.util.concurrent.ThreadPoolExecutor.runWorker(ThreadPoolExecutor.java:1136)
	at java.base/java.util.concurrent.ThreadPoolExecutor$Worker.run(ThreadPoolExecutor.java:635)
	at java.base/java.lang.Thread.run(Thread.java:833)
]]>
    </error>
  </testcase> <!-- step68_EnteredAddressNameField -->
  <testcase classname="src.in.valtech.cl.scenarios.TC_Scenario_08" name="step60_OpenNewTabAndNavigatedtoMagentoBO" time="0.000">
    <error message="Workbook is not found - D:\ChristianLouboutin/resources/front/Automation_DS_StagingEnv1.xlsx" type="com.codoid.products.exception.FilloException">
      <![CDATA[com.codoid.products.exception.FilloException: Workbook is not found - D:\ChristianLouboutin/resources/front/Automation_DS_StagingEnv1.xlsx
	at com.codoid.products.fillo.Fillo.getConnection(Fillo.java:46)
	at src.in.valtech.util.ExcelReader.getDataConfigDetails(ExcelReader.java:200)
	at src.in.valtech.custom.CustomFun.getTestDataSetDetails(CustomFun.java:1869)
	at src.in.valtech.config.BaseTest.setUp(BaseTest.java:166)
	at java.base/jdk.internal.reflect.NativeMethodAccessorImpl.invoke0(Native Method)
	at java.base/jdk.internal.reflect.NativeMethodAccessorImpl.invoke(NativeMethodAccessorImpl.java:77)
	at java.base/jdk.internal.reflect.DelegatingMethodAccessorImpl.invoke(DelegatingMethodAccessorImpl.java:43)
	at java.base/java.lang.reflect.Method.invoke(Method.java:568)
	at org.testng.internal.MethodInvocationHelper.invokeMethod(MethodInvocationHelper.java:85)
	at org.testng.internal.Invoker.invokeConfigurationMethod(Invoker.java:510)
	at org.testng.internal.Invoker.invokeConfigurations(Invoker.java:211)
	at org.testng.internal.Invoker.invokeConfigurations(Invoker.java:138)
	at org.testng.TestRunner.beforeRun(TestRunner.java:648)
	at org.testng.TestRunner.run(TestRunner.java:616)
	at org.testng.SuiteRunner.runTest(SuiteRunner.java:359)
	at org.testng.SuiteRunner.access$000(SuiteRunner.java:39)
	at org.testng.SuiteRunner$SuiteWorker.run(SuiteRunner.java:393)
	at org.testng.internal.thread.ThreadUtil$2.call(ThreadUtil.java:64)
	at java.base/java.util.concurrent.FutureTask.run(FutureTask.java:264)
	at java.base/java.util.concurrent.ThreadPoolExecutor.runWorker(ThreadPoolExecutor.java:1136)
	at java.base/java.util.concurrent.ThreadPoolExecutor$Worker.run(ThreadPoolExecutor.java:635)
	at java.base/java.lang.Thread.run(Thread.java:833)
]]>
    </error>
  </testcase> <!-- step60_OpenNewTabAndNavigatedtoMagentoBO -->
  <testcase classname="src.in.valtech.cl.scenarios.TC_Scenario_08" name="step86_EnteredFirstNameField" time="0.000">
    <error message="Workbook is not found - D:\ChristianLouboutin/resources/front/Automation_DS_StagingEnv1.xlsx" type="com.codoid.products.exception.FilloException">
      <![CDATA[com.codoid.products.exception.FilloException: Workbook is not found - D:\ChristianLouboutin/resources/front/Automation_DS_StagingEnv1.xlsx
	at com.codoid.products.fillo.Fillo.getConnection(Fillo.java:46)
	at src.in.valtech.util.ExcelReader.getDataConfigDetails(ExcelReader.java:200)
	at src.in.valtech.custom.CustomFun.getTestDataSetDetails(CustomFun.java:1869)
	at src.in.valtech.config.BaseTest.setUp(BaseTest.java:166)
	at java.base/jdk.internal.reflect.NativeMethodAccessorImpl.invoke0(Native Method)
	at java.base/jdk.internal.reflect.NativeMethodAccessorImpl.invoke(NativeMethodAccessorImpl.java:77)
	at java.base/jdk.internal.reflect.DelegatingMethodAccessorImpl.invoke(DelegatingMethodAccessorImpl.java:43)
	at java.base/java.lang.reflect.Method.invoke(Method.java:568)
	at org.testng.internal.MethodInvocationHelper.invokeMethod(MethodInvocationHelper.java:85)
	at org.testng.internal.Invoker.invokeConfigurationMethod(Invoker.java:510)
	at org.testng.internal.Invoker.invokeConfigurations(Invoker.java:211)
	at org.testng.internal.Invoker.invokeConfigurations(Invoker.java:138)
	at org.testng.TestRunner.beforeRun(TestRunner.java:648)
	at org.testng.TestRunner.run(TestRunner.java:616)
	at org.testng.SuiteRunner.runTest(SuiteRunner.java:359)
	at org.testng.SuiteRunner.access$000(SuiteRunner.java:39)
	at org.testng.SuiteRunner$SuiteWorker.run(SuiteRunner.java:393)
	at org.testng.internal.thread.ThreadUtil$2.call(ThreadUtil.java:64)
	at java.base/java.util.concurrent.FutureTask.run(FutureTask.java:264)
	at java.base/java.util.concurrent.ThreadPoolExecutor.runWorker(ThreadPoolExecutor.java:1136)
	at java.base/java.util.concurrent.ThreadPoolExecutor$Worker.run(ThreadPoolExecutor.java:635)
	at java.base/java.lang.Thread.run(Thread.java:833)
]]>
    </error>
  </testcase> <!-- step86_EnteredFirstNameField -->
  <testcase classname="src.in.valtech.cl.scenarios.TC_Scenario_08" name="step114_ClickOrderIDCheckbox" time="0.000">
    <error message="Workbook is not found - D:\ChristianLouboutin/resources/front/Automation_DS_StagingEnv1.xlsx" type="com.codoid.products.exception.FilloException">
      <![CDATA[com.codoid.products.exception.FilloException: Workbook is not found - D:\ChristianLouboutin/resources/front/Automation_DS_StagingEnv1.xlsx
	at com.codoid.products.fillo.Fillo.getConnection(Fillo.java:46)
	at src.in.valtech.util.ExcelReader.getDataConfigDetails(ExcelReader.java:200)
	at src.in.valtech.custom.CustomFun.getTestDataSetDetails(CustomFun.java:1869)
	at src.in.valtech.config.BaseTest.setUp(BaseTest.java:166)
	at java.base/jdk.internal.reflect.NativeMethodAccessorImpl.invoke0(Native Method)
	at java.base/jdk.internal.reflect.NativeMethodAccessorImpl.invoke(NativeMethodAccessorImpl.java:77)
	at java.base/jdk.internal.reflect.DelegatingMethodAccessorImpl.invoke(DelegatingMethodAccessorImpl.java:43)
	at java.base/java.lang.reflect.Method.invoke(Method.java:568)
	at org.testng.internal.MethodInvocationHelper.invokeMethod(MethodInvocationHelper.java:85)
	at org.testng.internal.Invoker.invokeConfigurationMethod(Invoker.java:510)
	at org.testng.internal.Invoker.invokeConfigurations(Invoker.java:211)
	at org.testng.internal.Invoker.invokeConfigurations(Invoker.java:138)
	at org.testng.TestRunner.beforeRun(TestRunner.java:648)
	at org.testng.TestRunner.run(TestRunner.java:616)
	at org.testng.SuiteRunner.runTest(SuiteRunner.java:359)
	at org.testng.SuiteRunner.access$000(SuiteRunner.java:39)
	at org.testng.SuiteRunner$SuiteWorker.run(SuiteRunner.java:393)
	at org.testng.internal.thread.ThreadUtil$2.call(ThreadUtil.java:64)
	at java.base/java.util.concurrent.FutureTask.run(FutureTask.java:264)
	at java.base/java.util.concurrent.ThreadPoolExecutor.runWorker(ThreadPoolExecutor.java:1136)
	at java.base/java.util.concurrent.ThreadPoolExecutor$Worker.run(ThreadPoolExecutor.java:635)
	at java.base/java.lang.Thread.run(Thread.java:833)
]]>
    </error>
  </testcase> <!-- step114_ClickOrderIDCheckbox -->
  <testcase classname="src.in.valtech.cl.scenarios.TC_Scenario_08" name="step163_ClickOnRMALink" time="0.000">
    <error message="Workbook is not found - D:\ChristianLouboutin/resources/front/Automation_DS_StagingEnv1.xlsx" type="com.codoid.products.exception.FilloException">
      <![CDATA[com.codoid.products.exception.FilloException: Workbook is not found - D:\ChristianLouboutin/resources/front/Automation_DS_StagingEnv1.xlsx
	at com.codoid.products.fillo.Fillo.getConnection(Fillo.java:46)
	at src.in.valtech.util.ExcelReader.getDataConfigDetails(ExcelReader.java:200)
	at src.in.valtech.custom.CustomFun.getTestDataSetDetails(CustomFun.java:1869)
	at src.in.valtech.config.BaseTest.setUp(BaseTest.java:166)
	at java.base/jdk.internal.reflect.NativeMethodAccessorImpl.invoke0(Native Method)
	at java.base/jdk.internal.reflect.NativeMethodAccessorImpl.invoke(NativeMethodAccessorImpl.java:77)
	at java.base/jdk.internal.reflect.DelegatingMethodAccessorImpl.invoke(DelegatingMethodAccessorImpl.java:43)
	at java.base/java.lang.reflect.Method.invoke(Method.java:568)
	at org.testng.internal.MethodInvocationHelper.invokeMethod(MethodInvocationHelper.java:85)
	at org.testng.internal.Invoker.invokeConfigurationMethod(Invoker.java:510)
	at org.testng.internal.Invoker.invokeConfigurations(Invoker.java:211)
	at org.testng.internal.Invoker.invokeConfigurations(Invoker.java:138)
	at org.testng.TestRunner.beforeRun(TestRunner.java:648)
	at org.testng.TestRunner.run(TestRunner.java:616)
	at org.testng.SuiteRunner.runTest(SuiteRunner.java:359)
	at org.testng.SuiteRunner.access$000(SuiteRunner.java:39)
	at org.testng.SuiteRunner$SuiteWorker.run(SuiteRunner.java:393)
	at org.testng.internal.thread.ThreadUtil$2.call(ThreadUtil.java:64)
	at java.base/java.util.concurrent.FutureTask.run(FutureTask.java:264)
	at java.base/java.util.concurrent.ThreadPoolExecutor.runWorker(ThreadPoolExecutor.java:1136)
	at java.base/java.util.concurrent.ThreadPoolExecutor$Worker.run(ThreadPoolExecutor.java:635)
	at java.base/java.lang.Thread.run(Thread.java:833)
]]>
    </error>
  </testcase> <!-- step163_ClickOnRMALink -->
  <testcase classname="src.in.valtech.cl.scenarios.TC_Scenario_08" name="step160_ClickOrderstxtFromSalesIcon" time="0.000">
    <error message="Workbook is not found - D:\ChristianLouboutin/resources/front/Automation_DS_StagingEnv1.xlsx" type="com.codoid.products.exception.FilloException">
      <![CDATA[com.codoid.products.exception.FilloException: Workbook is not found - D:\ChristianLouboutin/resources/front/Automation_DS_StagingEnv1.xlsx
	at com.codoid.products.fillo.Fillo.getConnection(Fillo.java:46)
	at src.in.valtech.util.ExcelReader.getDataConfigDetails(ExcelReader.java:200)
	at src.in.valtech.custom.CustomFun.getTestDataSetDetails(CustomFun.java:1869)
	at src.in.valtech.config.BaseTest.setUp(BaseTest.java:166)
	at java.base/jdk.internal.reflect.NativeMethodAccessorImpl.invoke0(Native Method)
	at java.base/jdk.internal.reflect.NativeMethodAccessorImpl.invoke(NativeMethodAccessorImpl.java:77)
	at java.base/jdk.internal.reflect.DelegatingMethodAccessorImpl.invoke(DelegatingMethodAccessorImpl.java:43)
	at java.base/java.lang.reflect.Method.invoke(Method.java:568)
	at org.testng.internal.MethodInvocationHelper.invokeMethod(MethodInvocationHelper.java:85)
	at org.testng.internal.Invoker.invokeConfigurationMethod(Invoker.java:510)
	at org.testng.internal.Invoker.invokeConfigurations(Invoker.java:211)
	at org.testng.internal.Invoker.invokeConfigurations(Invoker.java:138)
	at org.testng.TestRunner.beforeRun(TestRunner.java:648)
	at org.testng.TestRunner.run(TestRunner.java:616)
	at org.testng.SuiteRunner.runTest(SuiteRunner.java:359)
	at org.testng.SuiteRunner.access$000(SuiteRunner.java:39)
	at org.testng.SuiteRunner$SuiteWorker.run(SuiteRunner.java:393)
	at org.testng.internal.thread.ThreadUtil$2.call(ThreadUtil.java:64)
	at java.base/java.util.concurrent.FutureTask.run(FutureTask.java:264)
	at java.base/java.util.concurrent.ThreadPoolExecutor.runWorker(ThreadPoolExecutor.java:1136)
	at java.base/java.util.concurrent.ThreadPoolExecutor$Worker.run(ThreadPoolExecutor.java:635)
	at java.base/java.lang.Thread.run(Thread.java:833)
]]>
    </error>
  </testcase> <!-- step160_ClickOrderstxtFromSalesIcon -->
  <testcase classname="src.in.valtech.cl.scenarios.TC_Scenario_08" name="step202_ComparedSeleableStockInWMSAndBOBothAreSameAfterRefundTheOrder" time="0.000">
    <error message="Workbook is not found - D:\ChristianLouboutin/resources/front/Automation_DS_StagingEnv1.xlsx" type="com.codoid.products.exception.FilloException">
      <![CDATA[com.codoid.products.exception.FilloException: Workbook is not found - D:\ChristianLouboutin/resources/front/Automation_DS_StagingEnv1.xlsx
	at com.codoid.products.fillo.Fillo.getConnection(Fillo.java:46)
	at src.in.valtech.util.ExcelReader.getDataConfigDetails(ExcelReader.java:200)
	at src.in.valtech.custom.CustomFun.getTestDataSetDetails(CustomFun.java:1869)
	at src.in.valtech.config.BaseTest.setUp(BaseTest.java:166)
	at java.base/jdk.internal.reflect.NativeMethodAccessorImpl.invoke0(Native Method)
	at java.base/jdk.internal.reflect.NativeMethodAccessorImpl.invoke(NativeMethodAccessorImpl.java:77)
	at java.base/jdk.internal.reflect.DelegatingMethodAccessorImpl.invoke(DelegatingMethodAccessorImpl.java:43)
	at java.base/java.lang.reflect.Method.invoke(Method.java:568)
	at org.testng.internal.MethodInvocationHelper.invokeMethod(MethodInvocationHelper.java:85)
	at org.testng.internal.Invoker.invokeConfigurationMethod(Invoker.java:510)
	at org.testng.internal.Invoker.invokeConfigurations(Invoker.java:211)
	at org.testng.internal.Invoker.invokeConfigurations(Invoker.java:138)
	at org.testng.TestRunner.beforeRun(TestRunner.java:648)
	at org.testng.TestRunner.run(TestRunner.java:616)
	at org.testng.SuiteRunner.runTest(SuiteRunner.java:359)
	at org.testng.SuiteRunner.access$000(SuiteRunner.java:39)
	at org.testng.SuiteRunner$SuiteWorker.run(SuiteRunner.java:393)
	at org.testng.internal.thread.ThreadUtil$2.call(ThreadUtil.java:64)
	at java.base/java.util.concurrent.FutureTask.run(FutureTask.java:264)
	at java.base/java.util.concurrent.ThreadPoolExecutor.runWorker(ThreadPoolExecutor.java:1136)
	at java.base/java.util.concurrent.ThreadPoolExecutor$Worker.run(ThreadPoolExecutor.java:635)
	at java.base/java.lang.Thread.run(Thread.java:833)
]]>
    </error>
  </testcase> <!-- step202_ComparedSeleableStockInWMSAndBOBothAreSameAfterRefundTheOrder -->
  <testcase classname="src.in.valtech.cl.scenarios.TC_Scenario_08" name="step197_ClickOnMyOrdersLink" time="0.000">
    <error message="Workbook is not found - D:\ChristianLouboutin/resources/front/Automation_DS_StagingEnv1.xlsx" type="com.codoid.products.exception.FilloException">
      <![CDATA[com.codoid.products.exception.FilloException: Workbook is not found - D:\ChristianLouboutin/resources/front/Automation_DS_StagingEnv1.xlsx
	at com.codoid.products.fillo.Fillo.getConnection(Fillo.java:46)
	at src.in.valtech.util.ExcelReader.getDataConfigDetails(ExcelReader.java:200)
	at src.in.valtech.custom.CustomFun.getTestDataSetDetails(CustomFun.java:1869)
	at src.in.valtech.config.BaseTest.setUp(BaseTest.java:166)
	at java.base/jdk.internal.reflect.NativeMethodAccessorImpl.invoke0(Native Method)
	at java.base/jdk.internal.reflect.NativeMethodAccessorImpl.invoke(NativeMethodAccessorImpl.java:77)
	at java.base/jdk.internal.reflect.DelegatingMethodAccessorImpl.invoke(DelegatingMethodAccessorImpl.java:43)
	at java.base/java.lang.reflect.Method.invoke(Method.java:568)
	at org.testng.internal.MethodInvocationHelper.invokeMethod(MethodInvocationHelper.java:85)
	at org.testng.internal.Invoker.invokeConfigurationMethod(Invoker.java:510)
	at org.testng.internal.Invoker.invokeConfigurations(Invoker.java:211)
	at org.testng.internal.Invoker.invokeConfigurations(Invoker.java:138)
	at org.testng.TestRunner.beforeRun(TestRunner.java:648)
	at org.testng.TestRunner.run(TestRunner.java:616)
	at org.testng.SuiteRunner.runTest(SuiteRunner.java:359)
	at org.testng.SuiteRunner.access$000(SuiteRunner.java:39)
	at org.testng.SuiteRunner$SuiteWorker.run(SuiteRunner.java:393)
	at org.testng.internal.thread.ThreadUtil$2.call(ThreadUtil.java:64)
	at java.base/java.util.concurrent.FutureTask.run(FutureTask.java:264)
	at java.base/java.util.concurrent.ThreadPoolExecutor.runWorker(ThreadPoolExecutor.java:1136)
	at java.base/java.util.concurrent.ThreadPoolExecutor$Worker.run(ThreadPoolExecutor.java:635)
	at java.base/java.lang.Thread.run(Thread.java:833)
]]>
    </error>
  </testcase> <!-- step197_ClickOnMyOrdersLink -->
  <testcase classname="src.in.valtech.cl.scenarios.TC_Scenario_08" name="step21_ClickCreateCustomerAccountBtn" time="0.000">
    <error message="Workbook is not found - D:\ChristianLouboutin/resources/front/Automation_DS_StagingEnv1.xlsx" type="com.codoid.products.exception.FilloException">
      <![CDATA[com.codoid.products.exception.FilloException: Workbook is not found - D:\ChristianLouboutin/resources/front/Automation_DS_StagingEnv1.xlsx
	at com.codoid.products.fillo.Fillo.getConnection(Fillo.java:46)
	at src.in.valtech.util.ExcelReader.getDataConfigDetails(ExcelReader.java:200)
	at src.in.valtech.custom.CustomFun.getTestDataSetDetails(CustomFun.java:1869)
	at src.in.valtech.config.BaseTest.setUp(BaseTest.java:166)
	at java.base/jdk.internal.reflect.NativeMethodAccessorImpl.invoke0(Native Method)
	at java.base/jdk.internal.reflect.NativeMethodAccessorImpl.invoke(NativeMethodAccessorImpl.java:77)
	at java.base/jdk.internal.reflect.DelegatingMethodAccessorImpl.invoke(DelegatingMethodAccessorImpl.java:43)
	at java.base/java.lang.reflect.Method.invoke(Method.java:568)
	at org.testng.internal.MethodInvocationHelper.invokeMethod(MethodInvocationHelper.java:85)
	at org.testng.internal.Invoker.invokeConfigurationMethod(Invoker.java:510)
	at org.testng.internal.Invoker.invokeConfigurations(Invoker.java:211)
	at org.testng.internal.Invoker.invokeConfigurations(Invoker.java:138)
	at org.testng.TestRunner.beforeRun(TestRunner.java:648)
	at org.testng.TestRunner.run(TestRunner.java:616)
	at org.testng.SuiteRunner.runTest(SuiteRunner.java:359)
	at org.testng.SuiteRunner.access$000(SuiteRunner.java:39)
	at org.testng.SuiteRunner$SuiteWorker.run(SuiteRunner.java:393)
	at org.testng.internal.thread.ThreadUtil$2.call(ThreadUtil.java:64)
	at java.base/java.util.concurrent.FutureTask.run(FutureTask.java:264)
	at java.base/java.util.concurrent.ThreadPoolExecutor.runWorker(ThreadPoolExecutor.java:1136)
	at java.base/java.util.concurrent.ThreadPoolExecutor$Worker.run(ThreadPoolExecutor.java:635)
	at java.base/java.lang.Thread.run(Thread.java:833)
]]>
    </error>
  </testcase> <!-- step21_ClickCreateCustomerAccountBtn -->
  <testcase classname="src.in.valtech.cl.scenarios.TC_Scenario_08" name="step113_ClickCaseMgmtOPtionINAdyen" time="0.000">
    <error message="Workbook is not found - D:\ChristianLouboutin/resources/front/Automation_DS_StagingEnv1.xlsx" type="com.codoid.products.exception.FilloException">
      <![CDATA[com.codoid.products.exception.FilloException: Workbook is not found - D:\ChristianLouboutin/resources/front/Automation_DS_StagingEnv1.xlsx
	at com.codoid.products.fillo.Fillo.getConnection(Fillo.java:46)
	at src.in.valtech.util.ExcelReader.getDataConfigDetails(ExcelReader.java:200)
	at src.in.valtech.custom.CustomFun.getTestDataSetDetails(CustomFun.java:1869)
	at src.in.valtech.config.BaseTest.setUp(BaseTest.java:166)
	at java.base/jdk.internal.reflect.NativeMethodAccessorImpl.invoke0(Native Method)
	at java.base/jdk.internal.reflect.NativeMethodAccessorImpl.invoke(NativeMethodAccessorImpl.java:77)
	at java.base/jdk.internal.reflect.DelegatingMethodAccessorImpl.invoke(DelegatingMethodAccessorImpl.java:43)
	at java.base/java.lang.reflect.Method.invoke(Method.java:568)
	at org.testng.internal.MethodInvocationHelper.invokeMethod(MethodInvocationHelper.java:85)
	at org.testng.internal.Invoker.invokeConfigurationMethod(Invoker.java:510)
	at org.testng.internal.Invoker.invokeConfigurations(Invoker.java:211)
	at org.testng.internal.Invoker.invokeConfigurations(Invoker.java:138)
	at org.testng.TestRunner.beforeRun(TestRunner.java:648)
	at org.testng.TestRunner.run(TestRunner.java:616)
	at org.testng.SuiteRunner.runTest(SuiteRunner.java:359)
	at org.testng.SuiteRunner.access$000(SuiteRunner.java:39)
	at org.testng.SuiteRunner$SuiteWorker.run(SuiteRunner.java:393)
	at org.testng.internal.thread.ThreadUtil$2.call(ThreadUtil.java:64)
	at java.base/java.util.concurrent.FutureTask.run(FutureTask.java:264)
	at java.base/java.util.concurrent.ThreadPoolExecutor.runWorker(ThreadPoolExecutor.java:1136)
	at java.base/java.util.concurrent.ThreadPoolExecutor$Worker.run(ThreadPoolExecutor.java:635)
	at java.base/java.lang.Thread.run(Thread.java:833)
]]>
    </error>
  </testcase> <!-- step113_ClickCaseMgmtOPtionINAdyen -->
  <testcase classname="src.in.valtech.cl.scenarios.TC_Scenario_08" name="step123_NavigatedIntoWMSAndGetBarcodeFromPickingProcess" time="0.000">
    <error message="Workbook is not found - D:\ChristianLouboutin/resources/front/Automation_DS_StagingEnv1.xlsx" type="com.codoid.products.exception.FilloException">
      <![CDATA[com.codoid.products.exception.FilloException: Workbook is not found - D:\ChristianLouboutin/resources/front/Automation_DS_StagingEnv1.xlsx
	at com.codoid.products.fillo.Fillo.getConnection(Fillo.java:46)
	at src.in.valtech.util.ExcelReader.getDataConfigDetails(ExcelReader.java:200)
	at src.in.valtech.custom.CustomFun.getTestDataSetDetails(CustomFun.java:1869)
	at src.in.valtech.config.BaseTest.setUp(BaseTest.java:166)
	at java.base/jdk.internal.reflect.NativeMethodAccessorImpl.invoke0(Native Method)
	at java.base/jdk.internal.reflect.NativeMethodAccessorImpl.invoke(NativeMethodAccessorImpl.java:77)
	at java.base/jdk.internal.reflect.DelegatingMethodAccessorImpl.invoke(DelegatingMethodAccessorImpl.java:43)
	at java.base/java.lang.reflect.Method.invoke(Method.java:568)
	at org.testng.internal.MethodInvocationHelper.invokeMethod(MethodInvocationHelper.java:85)
	at org.testng.internal.Invoker.invokeConfigurationMethod(Invoker.java:510)
	at org.testng.internal.Invoker.invokeConfigurations(Invoker.java:211)
	at org.testng.internal.Invoker.invokeConfigurations(Invoker.java:138)
	at org.testng.TestRunner.beforeRun(TestRunner.java:648)
	at org.testng.TestRunner.run(TestRunner.java:616)
	at org.testng.SuiteRunner.runTest(SuiteRunner.java:359)
	at org.testng.SuiteRunner.access$000(SuiteRunner.java:39)
	at org.testng.SuiteRunner$SuiteWorker.run(SuiteRunner.java:393)
	at org.testng.internal.thread.ThreadUtil$2.call(ThreadUtil.java:64)
	at java.base/java.util.concurrent.FutureTask.run(FutureTask.java:264)
	at java.base/java.util.concurrent.ThreadPoolExecutor.runWorker(ThreadPoolExecutor.java:1136)
	at java.base/java.util.concurrent.ThreadPoolExecutor$Worker.run(ThreadPoolExecutor.java:635)
	at java.base/java.lang.Thread.run(Thread.java:833)
]]>
    </error>
  </testcase> <!-- step123_NavigatedIntoWMSAndGetBarcodeFromPickingProcess -->
  <testcase classname="src.in.valtech.cl.scenarios.TC_Scenario_08" name="step45_ClickOnProductImg" time="0.000">
    <error message="Workbook is not found - D:\ChristianLouboutin/resources/front/Automation_DS_StagingEnv1.xlsx" type="com.codoid.products.exception.FilloException">
      <![CDATA[com.codoid.products.exception.FilloException: Workbook is not found - D:\ChristianLouboutin/resources/front/Automation_DS_StagingEnv1.xlsx
	at com.codoid.products.fillo.Fillo.getConnection(Fillo.java:46)
	at src.in.valtech.util.ExcelReader.getDataConfigDetails(ExcelReader.java:200)
	at src.in.valtech.custom.CustomFun.getTestDataSetDetails(CustomFun.java:1869)
	at src.in.valtech.config.BaseTest.setUp(BaseTest.java:166)
	at java.base/jdk.internal.reflect.NativeMethodAccessorImpl.invoke0(Native Method)
	at java.base/jdk.internal.reflect.NativeMethodAccessorImpl.invoke(NativeMethodAccessorImpl.java:77)
	at java.base/jdk.internal.reflect.DelegatingMethodAccessorImpl.invoke(DelegatingMethodAccessorImpl.java:43)
	at java.base/java.lang.reflect.Method.invoke(Method.java:568)
	at org.testng.internal.MethodInvocationHelper.invokeMethod(MethodInvocationHelper.java:85)
	at org.testng.internal.Invoker.invokeConfigurationMethod(Invoker.java:510)
	at org.testng.internal.Invoker.invokeConfigurations(Invoker.java:211)
	at org.testng.internal.Invoker.invokeConfigurations(Invoker.java:138)
	at org.testng.TestRunner.beforeRun(TestRunner.java:648)
	at org.testng.TestRunner.run(TestRunner.java:616)
	at org.testng.SuiteRunner.runTest(SuiteRunner.java:359)
	at org.testng.SuiteRunner.access$000(SuiteRunner.java:39)
	at org.testng.SuiteRunner$SuiteWorker.run(SuiteRunner.java:393)
	at org.testng.internal.thread.ThreadUtil$2.call(ThreadUtil.java:64)
	at java.base/java.util.concurrent.FutureTask.run(FutureTask.java:264)
	at java.base/java.util.concurrent.ThreadPoolExecutor.runWorker(ThreadPoolExecutor.java:1136)
	at java.base/java.util.concurrent.ThreadPoolExecutor$Worker.run(ThreadPoolExecutor.java:635)
	at java.base/java.lang.Thread.run(Thread.java:833)
]]>
    </error>
  </testcase> <!-- step45_ClickOnProductImg -->
  <testcase classname="src.in.valtech.cl.scenarios.TC_Scenario_08" name="step72_EnteredAddressField" time="0.000">
    <error message="Workbook is not found - D:\ChristianLouboutin/resources/front/Automation_DS_StagingEnv1.xlsx" type="com.codoid.products.exception.FilloException">
      <![CDATA[com.codoid.products.exception.FilloException: Workbook is not found - D:\ChristianLouboutin/resources/front/Automation_DS_StagingEnv1.xlsx
	at com.codoid.products.fillo.Fillo.getConnection(Fillo.java:46)
	at src.in.valtech.util.ExcelReader.getDataConfigDetails(ExcelReader.java:200)
	at src.in.valtech.custom.CustomFun.getTestDataSetDetails(CustomFun.java:1869)
	at src.in.valtech.config.BaseTest.setUp(BaseTest.java:166)
	at java.base/jdk.internal.reflect.NativeMethodAccessorImpl.invoke0(Native Method)
	at java.base/jdk.internal.reflect.NativeMethodAccessorImpl.invoke(NativeMethodAccessorImpl.java:77)
	at java.base/jdk.internal.reflect.DelegatingMethodAccessorImpl.invoke(DelegatingMethodAccessorImpl.java:43)
	at java.base/java.lang.reflect.Method.invoke(Method.java:568)
	at org.testng.internal.MethodInvocationHelper.invokeMethod(MethodInvocationHelper.java:85)
	at org.testng.internal.Invoker.invokeConfigurationMethod(Invoker.java:510)
	at org.testng.internal.Invoker.invokeConfigurations(Invoker.java:211)
	at org.testng.internal.Invoker.invokeConfigurations(Invoker.java:138)
	at org.testng.TestRunner.beforeRun(TestRunner.java:648)
	at org.testng.TestRunner.run(TestRunner.java:616)
	at org.testng.SuiteRunner.runTest(SuiteRunner.java:359)
	at org.testng.SuiteRunner.access$000(SuiteRunner.java:39)
	at org.testng.SuiteRunner$SuiteWorker.run(SuiteRunner.java:393)
	at org.testng.internal.thread.ThreadUtil$2.call(ThreadUtil.java:64)
	at java.base/java.util.concurrent.FutureTask.run(FutureTask.java:264)
	at java.base/java.util.concurrent.ThreadPoolExecutor.runWorker(ThreadPoolExecutor.java:1136)
	at java.base/java.util.concurrent.ThreadPoolExecutor$Worker.run(ThreadPoolExecutor.java:635)
	at java.base/java.lang.Thread.run(Thread.java:833)
]]>
    </error>
  </testcase> <!-- step72_EnteredAddressField -->
  <testcase classname="src.in.valtech.cl.scenarios.TC_Scenario_08" name="step143_ClickOnOrderGridAndVerifiedOrderDetailsPage" time="0.000">
    <error message="Workbook is not found - D:\ChristianLouboutin/resources/front/Automation_DS_StagingEnv1.xlsx" type="com.codoid.products.exception.FilloException">
      <![CDATA[com.codoid.products.exception.FilloException: Workbook is not found - D:\ChristianLouboutin/resources/front/Automation_DS_StagingEnv1.xlsx
	at com.codoid.products.fillo.Fillo.getConnection(Fillo.java:46)
	at src.in.valtech.util.ExcelReader.getDataConfigDetails(ExcelReader.java:200)
	at src.in.valtech.custom.CustomFun.getTestDataSetDetails(CustomFun.java:1869)
	at src.in.valtech.config.BaseTest.setUp(BaseTest.java:166)
	at java.base/jdk.internal.reflect.NativeMethodAccessorImpl.invoke0(Native Method)
	at java.base/jdk.internal.reflect.NativeMethodAccessorImpl.invoke(NativeMethodAccessorImpl.java:77)
	at java.base/jdk.internal.reflect.DelegatingMethodAccessorImpl.invoke(DelegatingMethodAccessorImpl.java:43)
	at java.base/java.lang.reflect.Method.invoke(Method.java:568)
	at org.testng.internal.MethodInvocationHelper.invokeMethod(MethodInvocationHelper.java:85)
	at org.testng.internal.Invoker.invokeConfigurationMethod(Invoker.java:510)
	at org.testng.internal.Invoker.invokeConfigurations(Invoker.java:211)
	at org.testng.internal.Invoker.invokeConfigurations(Invoker.java:138)
	at org.testng.TestRunner.beforeRun(TestRunner.java:648)
	at org.testng.TestRunner.run(TestRunner.java:616)
	at org.testng.SuiteRunner.runTest(SuiteRunner.java:359)
	at org.testng.SuiteRunner.access$000(SuiteRunner.java:39)
	at org.testng.SuiteRunner$SuiteWorker.run(SuiteRunner.java:393)
	at org.testng.internal.thread.ThreadUtil$2.call(ThreadUtil.java:64)
	at java.base/java.util.concurrent.FutureTask.run(FutureTask.java:264)
	at java.base/java.util.concurrent.ThreadPoolExecutor.runWorker(ThreadPoolExecutor.java:1136)
	at java.base/java.util.concurrent.ThreadPoolExecutor$Worker.run(ThreadPoolExecutor.java:635)
	at java.base/java.lang.Thread.run(Thread.java:833)
]]>
    </error>
  </testcase> <!-- step143_ClickOnOrderGridAndVerifiedOrderDetailsPage -->
  <testcase classname="src.in.valtech.cl.scenarios.TC_Scenario_08" name="step13_ClickAccountCreateBtn" time="0.001">
    <error message="Workbook is not found - D:\ChristianLouboutin/resources/front/Automation_DS_StagingEnv1.xlsx" type="com.codoid.products.exception.FilloException">
      <![CDATA[com.codoid.products.exception.FilloException: Workbook is not found - D:\ChristianLouboutin/resources/front/Automation_DS_StagingEnv1.xlsx
	at com.codoid.products.fillo.Fillo.getConnection(Fillo.java:46)
	at src.in.valtech.util.ExcelReader.getDataConfigDetails(ExcelReader.java:200)
	at src.in.valtech.custom.CustomFun.getTestDataSetDetails(CustomFun.java:1869)
	at src.in.valtech.config.BaseTest.setUp(BaseTest.java:166)
	at java.base/jdk.internal.reflect.NativeMethodAccessorImpl.invoke0(Native Method)
	at java.base/jdk.internal.reflect.NativeMethodAccessorImpl.invoke(NativeMethodAccessorImpl.java:77)
	at java.base/jdk.internal.reflect.DelegatingMethodAccessorImpl.invoke(DelegatingMethodAccessorImpl.java:43)
	at java.base/java.lang.reflect.Method.invoke(Method.java:568)
	at org.testng.internal.MethodInvocationHelper.invokeMethod(MethodInvocationHelper.java:85)
	at org.testng.internal.Invoker.invokeConfigurationMethod(Invoker.java:510)
	at org.testng.internal.Invoker.invokeConfigurations(Invoker.java:211)
	at org.testng.internal.Invoker.invokeConfigurations(Invoker.java:138)
	at org.testng.TestRunner.beforeRun(TestRunner.java:648)
	at org.testng.TestRunner.run(TestRunner.java:616)
	at org.testng.SuiteRunner.runTest(SuiteRunner.java:359)
	at org.testng.SuiteRunner.access$000(SuiteRunner.java:39)
	at org.testng.SuiteRunner$SuiteWorker.run(SuiteRunner.java:393)
	at org.testng.internal.thread.ThreadUtil$2.call(ThreadUtil.java:64)
	at java.base/java.util.concurrent.FutureTask.run(FutureTask.java:264)
	at java.base/java.util.concurrent.ThreadPoolExecutor.runWorker(ThreadPoolExecutor.java:1136)
	at java.base/java.util.concurrent.ThreadPoolExecutor$Worker.run(ThreadPoolExecutor.java:635)
	at java.base/java.lang.Thread.run(Thread.java:833)
]]>
    </error>
  </testcase> <!-- step13_ClickAccountCreateBtn -->
  <testcase classname="src.in.valtech.cl.scenarios.TC_Scenario_08" name="step89_EnteredPostCodeField" time="0.000">
    <error message="Workbook is not found - D:\ChristianLouboutin/resources/front/Automation_DS_StagingEnv1.xlsx" type="com.codoid.products.exception.FilloException">
      <![CDATA[com.codoid.products.exception.FilloException: Workbook is not found - D:\ChristianLouboutin/resources/front/Automation_DS_StagingEnv1.xlsx
	at com.codoid.products.fillo.Fillo.getConnection(Fillo.java:46)
	at src.in.valtech.util.ExcelReader.getDataConfigDetails(ExcelReader.java:200)
	at src.in.valtech.custom.CustomFun.getTestDataSetDetails(CustomFun.java:1869)
	at src.in.valtech.config.BaseTest.setUp(BaseTest.java:166)
	at java.base/jdk.internal.reflect.NativeMethodAccessorImpl.invoke0(Native Method)
	at java.base/jdk.internal.reflect.NativeMethodAccessorImpl.invoke(NativeMethodAccessorImpl.java:77)
	at java.base/jdk.internal.reflect.DelegatingMethodAccessorImpl.invoke(DelegatingMethodAccessorImpl.java:43)
	at java.base/java.lang.reflect.Method.invoke(Method.java:568)
	at org.testng.internal.MethodInvocationHelper.invokeMethod(MethodInvocationHelper.java:85)
	at org.testng.internal.Invoker.invokeConfigurationMethod(Invoker.java:510)
	at org.testng.internal.Invoker.invokeConfigurations(Invoker.java:211)
	at org.testng.internal.Invoker.invokeConfigurations(Invoker.java:138)
	at org.testng.TestRunner.beforeRun(TestRunner.java:648)
	at org.testng.TestRunner.run(TestRunner.java:616)
	at org.testng.SuiteRunner.runTest(SuiteRunner.java:359)
	at org.testng.SuiteRunner.access$000(SuiteRunner.java:39)
	at org.testng.SuiteRunner$SuiteWorker.run(SuiteRunner.java:393)
	at org.testng.internal.thread.ThreadUtil$2.call(ThreadUtil.java:64)
	at java.base/java.util.concurrent.FutureTask.run(FutureTask.java:264)
	at java.base/java.util.concurrent.ThreadPoolExecutor.runWorker(ThreadPoolExecutor.java:1136)
	at java.base/java.util.concurrent.ThreadPoolExecutor$Worker.run(ThreadPoolExecutor.java:635)
	at java.base/java.lang.Thread.run(Thread.java:833)
]]>
    </error>
  </testcase> <!-- step89_EnteredPostCodeField -->
  <testcase classname="src.in.valtech.cl.scenarios.TC_Scenario_08" name="step108_EnterOrderIDInBOSearchFld" time="0.000">
    <error message="Workbook is not found - D:\ChristianLouboutin/resources/front/Automation_DS_StagingEnv1.xlsx" type="com.codoid.products.exception.FilloException">
      <![CDATA[com.codoid.products.exception.FilloException: Workbook is not found - D:\ChristianLouboutin/resources/front/Automation_DS_StagingEnv1.xlsx
	at com.codoid.products.fillo.Fillo.getConnection(Fillo.java:46)
	at src.in.valtech.util.ExcelReader.getDataConfigDetails(ExcelReader.java:200)
	at src.in.valtech.custom.CustomFun.getTestDataSetDetails(CustomFun.java:1869)
	at src.in.valtech.config.BaseTest.setUp(BaseTest.java:166)
	at java.base/jdk.internal.reflect.NativeMethodAccessorImpl.invoke0(Native Method)
	at java.base/jdk.internal.reflect.NativeMethodAccessorImpl.invoke(NativeMethodAccessorImpl.java:77)
	at java.base/jdk.internal.reflect.DelegatingMethodAccessorImpl.invoke(DelegatingMethodAccessorImpl.java:43)
	at java.base/java.lang.reflect.Method.invoke(Method.java:568)
	at org.testng.internal.MethodInvocationHelper.invokeMethod(MethodInvocationHelper.java:85)
	at org.testng.internal.Invoker.invokeConfigurationMethod(Invoker.java:510)
	at org.testng.internal.Invoker.invokeConfigurations(Invoker.java:211)
	at org.testng.internal.Invoker.invokeConfigurations(Invoker.java:138)
	at org.testng.TestRunner.beforeRun(TestRunner.java:648)
	at org.testng.TestRunner.run(TestRunner.java:616)
	at org.testng.SuiteRunner.runTest(SuiteRunner.java:359)
	at org.testng.SuiteRunner.access$000(SuiteRunner.java:39)
	at org.testng.SuiteRunner$SuiteWorker.run(SuiteRunner.java:393)
	at org.testng.internal.thread.ThreadUtil$2.call(ThreadUtil.java:64)
	at java.base/java.util.concurrent.FutureTask.run(FutureTask.java:264)
	at java.base/java.util.concurrent.ThreadPoolExecutor.runWorker(ThreadPoolExecutor.java:1136)
	at java.base/java.util.concurrent.ThreadPoolExecutor$Worker.run(ThreadPoolExecutor.java:635)
	at java.base/java.lang.Thread.run(Thread.java:833)
]]>
    </error>
  </testcase> <!-- step108_EnterOrderIDInBOSearchFld -->
  <testcase classname="src.in.valtech.cl.scenarios.TC_Scenario_08" name="step06_VerifiedDashboardHeaderInBO" time="0.000">
    <error message="Workbook is not found - D:\ChristianLouboutin/resources/front/Automation_DS_StagingEnv1.xlsx" type="com.codoid.products.exception.FilloException">
      <![CDATA[com.codoid.products.exception.FilloException: Workbook is not found - D:\ChristianLouboutin/resources/front/Automation_DS_StagingEnv1.xlsx
	at com.codoid.products.fillo.Fillo.getConnection(Fillo.java:46)
	at src.in.valtech.util.ExcelReader.getDataConfigDetails(ExcelReader.java:200)
	at src.in.valtech.custom.CustomFun.getTestDataSetDetails(CustomFun.java:1869)
	at src.in.valtech.config.BaseTest.setUp(BaseTest.java:166)
	at java.base/jdk.internal.reflect.NativeMethodAccessorImpl.invoke0(Native Method)
	at java.base/jdk.internal.reflect.NativeMethodAccessorImpl.invoke(NativeMethodAccessorImpl.java:77)
	at java.base/jdk.internal.reflect.DelegatingMethodAccessorImpl.invoke(DelegatingMethodAccessorImpl.java:43)
	at java.base/java.lang.reflect.Method.invoke(Method.java:568)
	at org.testng.internal.MethodInvocationHelper.invokeMethod(MethodInvocationHelper.java:85)
	at org.testng.internal.Invoker.invokeConfigurationMethod(Invoker.java:510)
	at org.testng.internal.Invoker.invokeConfigurations(Invoker.java:211)
	at org.testng.internal.Invoker.invokeConfigurations(Invoker.java:138)
	at org.testng.TestRunner.beforeRun(TestRunner.java:648)
	at org.testng.TestRunner.run(TestRunner.java:616)
	at org.testng.SuiteRunner.runTest(SuiteRunner.java:359)
	at org.testng.SuiteRunner.access$000(SuiteRunner.java:39)
	at org.testng.SuiteRunner$SuiteWorker.run(SuiteRunner.java:393)
	at org.testng.internal.thread.ThreadUtil$2.call(ThreadUtil.java:64)
	at java.base/java.util.concurrent.FutureTask.run(FutureTask.java:264)
	at java.base/java.util.concurrent.ThreadPoolExecutor.runWorker(ThreadPoolExecutor.java:1136)
	at java.base/java.util.concurrent.ThreadPoolExecutor$Worker.run(ThreadPoolExecutor.java:635)
	at java.base/java.lang.Thread.run(Thread.java:833)
]]>
    </error>
  </testcase> <!-- step06_VerifiedDashboardHeaderInBO -->
  <testcase classname="src.in.valtech.cl.scenarios.TC_Scenario_08" name="step149_ClickOnAddSelProdToReturnsBtn" time="0.000">
    <error message="Workbook is not found - D:\ChristianLouboutin/resources/front/Automation_DS_StagingEnv1.xlsx" type="com.codoid.products.exception.FilloException">
      <![CDATA[com.codoid.products.exception.FilloException: Workbook is not found - D:\ChristianLouboutin/resources/front/Automation_DS_StagingEnv1.xlsx
	at com.codoid.products.fillo.Fillo.getConnection(Fillo.java:46)
	at src.in.valtech.util.ExcelReader.getDataConfigDetails(ExcelReader.java:200)
	at src.in.valtech.custom.CustomFun.getTestDataSetDetails(CustomFun.java:1869)
	at src.in.valtech.config.BaseTest.setUp(BaseTest.java:166)
	at java.base/jdk.internal.reflect.NativeMethodAccessorImpl.invoke0(Native Method)
	at java.base/jdk.internal.reflect.NativeMethodAccessorImpl.invoke(NativeMethodAccessorImpl.java:77)
	at java.base/jdk.internal.reflect.DelegatingMethodAccessorImpl.invoke(DelegatingMethodAccessorImpl.java:43)
	at java.base/java.lang.reflect.Method.invoke(Method.java:568)
	at org.testng.internal.MethodInvocationHelper.invokeMethod(MethodInvocationHelper.java:85)
	at org.testng.internal.Invoker.invokeConfigurationMethod(Invoker.java:510)
	at org.testng.internal.Invoker.invokeConfigurations(Invoker.java:211)
	at org.testng.internal.Invoker.invokeConfigurations(Invoker.java:138)
	at org.testng.TestRunner.beforeRun(TestRunner.java:648)
	at org.testng.TestRunner.run(TestRunner.java:616)
	at org.testng.SuiteRunner.runTest(SuiteRunner.java:359)
	at org.testng.SuiteRunner.access$000(SuiteRunner.java:39)
	at org.testng.SuiteRunner$SuiteWorker.run(SuiteRunner.java:393)
	at org.testng.internal.thread.ThreadUtil$2.call(ThreadUtil.java:64)
	at java.base/java.util.concurrent.FutureTask.run(FutureTask.java:264)
	at java.base/java.util.concurrent.ThreadPoolExecutor.runWorker(ThreadPoolExecutor.java:1136)
	at java.base/java.util.concurrent.ThreadPoolExecutor$Worker.run(ThreadPoolExecutor.java:635)
	at java.base/java.lang.Thread.run(Thread.java:833)
]]>
    </error>
  </testcase> <!-- step149_ClickOnAddSelProdToReturnsBtn -->
  <testcase classname="src.in.valtech.cl.scenarios.TC_Scenario_08" name="step09_VerifyCustomersHeadertxtInBO" time="0.000">
    <error message="Workbook is not found - D:\ChristianLouboutin/resources/front/Automation_DS_StagingEnv1.xlsx" type="com.codoid.products.exception.FilloException">
      <![CDATA[com.codoid.products.exception.FilloException: Workbook is not found - D:\ChristianLouboutin/resources/front/Automation_DS_StagingEnv1.xlsx
	at com.codoid.products.fillo.Fillo.getConnection(Fillo.java:46)
	at src.in.valtech.util.ExcelReader.getDataConfigDetails(ExcelReader.java:200)
	at src.in.valtech.custom.CustomFun.getTestDataSetDetails(CustomFun.java:1869)
	at src.in.valtech.config.BaseTest.setUp(BaseTest.java:166)
	at java.base/jdk.internal.reflect.NativeMethodAccessorImpl.invoke0(Native Method)
	at java.base/jdk.internal.reflect.NativeMethodAccessorImpl.invoke(NativeMethodAccessorImpl.java:77)
	at java.base/jdk.internal.reflect.DelegatingMethodAccessorImpl.invoke(DelegatingMethodAccessorImpl.java:43)
	at java.base/java.lang.reflect.Method.invoke(Method.java:568)
	at org.testng.internal.MethodInvocationHelper.invokeMethod(MethodInvocationHelper.java:85)
	at org.testng.internal.Invoker.invokeConfigurationMethod(Invoker.java:510)
	at org.testng.internal.Invoker.invokeConfigurations(Invoker.java:211)
	at org.testng.internal.Invoker.invokeConfigurations(Invoker.java:138)
	at org.testng.TestRunner.beforeRun(TestRunner.java:648)
	at org.testng.TestRunner.run(TestRunner.java:616)
	at org.testng.SuiteRunner.runTest(SuiteRunner.java:359)
	at org.testng.SuiteRunner.access$000(SuiteRunner.java:39)
	at org.testng.SuiteRunner$SuiteWorker.run(SuiteRunner.java:393)
	at org.testng.internal.thread.ThreadUtil$2.call(ThreadUtil.java:64)
	at java.base/java.util.concurrent.FutureTask.run(FutureTask.java:264)
	at java.base/java.util.concurrent.ThreadPoolExecutor.runWorker(ThreadPoolExecutor.java:1136)
	at java.base/java.util.concurrent.ThreadPoolExecutor$Worker.run(ThreadPoolExecutor.java:635)
	at java.base/java.lang.Thread.run(Thread.java:833)
]]>
    </error>
  </testcase> <!-- step09_VerifyCustomersHeadertxtInBO -->
  <testcase classname="src.in.valtech.cl.scenarios.TC_Scenario_08" name="step133_NavigatedIntoMangetoAndVerifiedOrderStatusInOrdersPage" time="0.000">
    <error message="Workbook is not found - D:\ChristianLouboutin/resources/front/Automation_DS_StagingEnv1.xlsx" type="com.codoid.products.exception.FilloException">
      <![CDATA[com.codoid.products.exception.FilloException: Workbook is not found - D:\ChristianLouboutin/resources/front/Automation_DS_StagingEnv1.xlsx
	at com.codoid.products.fillo.Fillo.getConnection(Fillo.java:46)
	at src.in.valtech.util.ExcelReader.getDataConfigDetails(ExcelReader.java:200)
	at src.in.valtech.custom.CustomFun.getTestDataSetDetails(CustomFun.java:1869)
	at src.in.valtech.config.BaseTest.setUp(BaseTest.java:166)
	at java.base/jdk.internal.reflect.NativeMethodAccessorImpl.invoke0(Native Method)
	at java.base/jdk.internal.reflect.NativeMethodAccessorImpl.invoke(NativeMethodAccessorImpl.java:77)
	at java.base/jdk.internal.reflect.DelegatingMethodAccessorImpl.invoke(DelegatingMethodAccessorImpl.java:43)
	at java.base/java.lang.reflect.Method.invoke(Method.java:568)
	at org.testng.internal.MethodInvocationHelper.invokeMethod(MethodInvocationHelper.java:85)
	at org.testng.internal.Invoker.invokeConfigurationMethod(Invoker.java:510)
	at org.testng.internal.Invoker.invokeConfigurations(Invoker.java:211)
	at org.testng.internal.Invoker.invokeConfigurations(Invoker.java:138)
	at org.testng.TestRunner.beforeRun(TestRunner.java:648)
	at org.testng.TestRunner.run(TestRunner.java:616)
	at org.testng.SuiteRunner.runTest(SuiteRunner.java:359)
	at org.testng.SuiteRunner.access$000(SuiteRunner.java:39)
	at org.testng.SuiteRunner$SuiteWorker.run(SuiteRunner.java:393)
	at org.testng.internal.thread.ThreadUtil$2.call(ThreadUtil.java:64)
	at java.base/java.util.concurrent.FutureTask.run(FutureTask.java:264)
	at java.base/java.util.concurrent.ThreadPoolExecutor.runWorker(ThreadPoolExecutor.java:1136)
	at java.base/java.util.concurrent.ThreadPoolExecutor$Worker.run(ThreadPoolExecutor.java:635)
	at java.base/java.lang.Thread.run(Thread.java:833)
]]>
    </error>
  </testcase> <!-- step133_NavigatedIntoMangetoAndVerifiedOrderStatusInOrdersPage -->
  <testcase classname="src.in.valtech.cl.scenarios.TC_Scenario_08" name="step37_ClickonShippingAndVerifiedContent" time="0.000">
    <error message="Workbook is not found - D:\ChristianLouboutin/resources/front/Automation_DS_StagingEnv1.xlsx" type="com.codoid.products.exception.FilloException">
      <![CDATA[com.codoid.products.exception.FilloException: Workbook is not found - D:\ChristianLouboutin/resources/front/Automation_DS_StagingEnv1.xlsx
	at com.codoid.products.fillo.Fillo.getConnection(Fillo.java:46)
	at src.in.valtech.util.ExcelReader.getDataConfigDetails(ExcelReader.java:200)
	at src.in.valtech.custom.CustomFun.getTestDataSetDetails(CustomFun.java:1869)
	at src.in.valtech.config.BaseTest.setUp(BaseTest.java:166)
	at java.base/jdk.internal.reflect.NativeMethodAccessorImpl.invoke0(Native Method)
	at java.base/jdk.internal.reflect.NativeMethodAccessorImpl.invoke(NativeMethodAccessorImpl.java:77)
	at java.base/jdk.internal.reflect.DelegatingMethodAccessorImpl.invoke(DelegatingMethodAccessorImpl.java:43)
	at java.base/java.lang.reflect.Method.invoke(Method.java:568)
	at org.testng.internal.MethodInvocationHelper.invokeMethod(MethodInvocationHelper.java:85)
	at org.testng.internal.Invoker.invokeConfigurationMethod(Invoker.java:510)
	at org.testng.internal.Invoker.invokeConfigurations(Invoker.java:211)
	at org.testng.internal.Invoker.invokeConfigurations(Invoker.java:138)
	at org.testng.TestRunner.beforeRun(TestRunner.java:648)
	at org.testng.TestRunner.run(TestRunner.java:616)
	at org.testng.SuiteRunner.runTest(SuiteRunner.java:359)
	at org.testng.SuiteRunner.access$000(SuiteRunner.java:39)
	at org.testng.SuiteRunner$SuiteWorker.run(SuiteRunner.java:393)
	at org.testng.internal.thread.ThreadUtil$2.call(ThreadUtil.java:64)
	at java.base/java.util.concurrent.FutureTask.run(FutureTask.java:264)
	at java.base/java.util.concurrent.ThreadPoolExecutor.runWorker(ThreadPoolExecutor.java:1136)
	at java.base/java.util.concurrent.ThreadPoolExecutor$Worker.run(ThreadPoolExecutor.java:635)
	at java.base/java.lang.Thread.run(Thread.java:833)
]]>
    </error>
  </testcase> <!-- step37_ClickonShippingAndVerifiedContent -->
  <testcase classname="src.in.valtech.cl.scenarios.TC_Scenario_08" name="step191_ReturnstxtFromSalesIconClick" time="0.000">
    <error message="Workbook is not found - D:\ChristianLouboutin/resources/front/Automation_DS_StagingEnv1.xlsx" type="com.codoid.products.exception.FilloException">
      <![CDATA[com.codoid.products.exception.FilloException: Workbook is not found - D:\ChristianLouboutin/resources/front/Automation_DS_StagingEnv1.xlsx
	at com.codoid.products.fillo.Fillo.getConnection(Fillo.java:46)
	at src.in.valtech.util.ExcelReader.getDataConfigDetails(ExcelReader.java:200)
	at src.in.valtech.custom.CustomFun.getTestDataSetDetails(CustomFun.java:1869)
	at src.in.valtech.config.BaseTest.setUp(BaseTest.java:166)
	at java.base/jdk.internal.reflect.NativeMethodAccessorImpl.invoke0(Native Method)
	at java.base/jdk.internal.reflect.NativeMethodAccessorImpl.invoke(NativeMethodAccessorImpl.java:77)
	at java.base/jdk.internal.reflect.DelegatingMethodAccessorImpl.invoke(DelegatingMethodAccessorImpl.java:43)
	at java.base/java.lang.reflect.Method.invoke(Method.java:568)
	at org.testng.internal.MethodInvocationHelper.invokeMethod(MethodInvocationHelper.java:85)
	at org.testng.internal.Invoker.invokeConfigurationMethod(Invoker.java:510)
	at org.testng.internal.Invoker.invokeConfigurations(Invoker.java:211)
	at org.testng.internal.Invoker.invokeConfigurations(Invoker.java:138)
	at org.testng.TestRunner.beforeRun(TestRunner.java:648)
	at org.testng.TestRunner.run(TestRunner.java:616)
	at org.testng.SuiteRunner.runTest(SuiteRunner.java:359)
	at org.testng.SuiteRunner.access$000(SuiteRunner.java:39)
	at org.testng.SuiteRunner$SuiteWorker.run(SuiteRunner.java:393)
	at org.testng.internal.thread.ThreadUtil$2.call(ThreadUtil.java:64)
	at java.base/java.util.concurrent.FutureTask.run(FutureTask.java:264)
	at java.base/java.util.concurrent.ThreadPoolExecutor.runWorker(ThreadPoolExecutor.java:1136)
	at java.base/java.util.concurrent.ThreadPoolExecutor$Worker.run(ThreadPoolExecutor.java:635)
	at java.base/java.lang.Thread.run(Thread.java:833)
]]>
    </error>
  </testcase> <!-- step191_ReturnstxtFromSalesIconClick -->
  <testcase classname="src.in.valtech.cl.scenarios.TC_Scenario_08" name="step170_ClickonViewOptioninOrderGrid" time="0.000">
    <error message="Workbook is not found - D:\ChristianLouboutin/resources/front/Automation_DS_StagingEnv1.xlsx" type="com.codoid.products.exception.FilloException">
      <![CDATA[com.codoid.products.exception.FilloException: Workbook is not found - D:\ChristianLouboutin/resources/front/Automation_DS_StagingEnv1.xlsx
	at com.codoid.products.fillo.Fillo.getConnection(Fillo.java:46)
	at src.in.valtech.util.ExcelReader.getDataConfigDetails(ExcelReader.java:200)
	at src.in.valtech.custom.CustomFun.getTestDataSetDetails(CustomFun.java:1869)
	at src.in.valtech.config.BaseTest.setUp(BaseTest.java:166)
	at java.base/jdk.internal.reflect.NativeMethodAccessorImpl.invoke0(Native Method)
	at java.base/jdk.internal.reflect.NativeMethodAccessorImpl.invoke(NativeMethodAccessorImpl.java:77)
	at java.base/jdk.internal.reflect.DelegatingMethodAccessorImpl.invoke(DelegatingMethodAccessorImpl.java:43)
	at java.base/java.lang.reflect.Method.invoke(Method.java:568)
	at org.testng.internal.MethodInvocationHelper.invokeMethod(MethodInvocationHelper.java:85)
	at org.testng.internal.Invoker.invokeConfigurationMethod(Invoker.java:510)
	at org.testng.internal.Invoker.invokeConfigurations(Invoker.java:211)
	at org.testng.internal.Invoker.invokeConfigurations(Invoker.java:138)
	at org.testng.TestRunner.beforeRun(TestRunner.java:648)
	at org.testng.TestRunner.run(TestRunner.java:616)
	at org.testng.SuiteRunner.runTest(SuiteRunner.java:359)
	at org.testng.SuiteRunner.access$000(SuiteRunner.java:39)
	at org.testng.SuiteRunner$SuiteWorker.run(SuiteRunner.java:393)
	at org.testng.internal.thread.ThreadUtil$2.call(ThreadUtil.java:64)
	at java.base/java.util.concurrent.FutureTask.run(FutureTask.java:264)
	at java.base/java.util.concurrent.ThreadPoolExecutor.runWorker(ThreadPoolExecutor.java:1136)
	at java.base/java.util.concurrent.ThreadPoolExecutor$Worker.run(ThreadPoolExecutor.java:635)
	at java.base/java.lang.Thread.run(Thread.java:833)
]]>
    </error>
  </testcase> <!-- step170_ClickonViewOptioninOrderGrid -->
  <testcase classname="src.in.valtech.cl.scenarios.TC_Scenario_08" name="step111_OpenNewTabAndNavigatedtoAdyen" time="0.000">
    <error message="Workbook is not found - D:\ChristianLouboutin/resources/front/Automation_DS_StagingEnv1.xlsx" type="com.codoid.products.exception.FilloException">
      <![CDATA[com.codoid.products.exception.FilloException: Workbook is not found - D:\ChristianLouboutin/resources/front/Automation_DS_StagingEnv1.xlsx
	at com.codoid.products.fillo.Fillo.getConnection(Fillo.java:46)
	at src.in.valtech.util.ExcelReader.getDataConfigDetails(ExcelReader.java:200)
	at src.in.valtech.custom.CustomFun.getTestDataSetDetails(CustomFun.java:1869)
	at src.in.valtech.config.BaseTest.setUp(BaseTest.java:166)
	at java.base/jdk.internal.reflect.NativeMethodAccessorImpl.invoke0(Native Method)
	at java.base/jdk.internal.reflect.NativeMethodAccessorImpl.invoke(NativeMethodAccessorImpl.java:77)
	at java.base/jdk.internal.reflect.DelegatingMethodAccessorImpl.invoke(DelegatingMethodAccessorImpl.java:43)
	at java.base/java.lang.reflect.Method.invoke(Method.java:568)
	at org.testng.internal.MethodInvocationHelper.invokeMethod(MethodInvocationHelper.java:85)
	at org.testng.internal.Invoker.invokeConfigurationMethod(Invoker.java:510)
	at org.testng.internal.Invoker.invokeConfigurations(Invoker.java:211)
	at org.testng.internal.Invoker.invokeConfigurations(Invoker.java:138)
	at org.testng.TestRunner.beforeRun(TestRunner.java:648)
	at org.testng.TestRunner.run(TestRunner.java:616)
	at org.testng.SuiteRunner.runTest(SuiteRunner.java:359)
	at org.testng.SuiteRunner.access$000(SuiteRunner.java:39)
	at org.testng.SuiteRunner$SuiteWorker.run(SuiteRunner.java:393)
	at org.testng.internal.thread.ThreadUtil$2.call(ThreadUtil.java:64)
	at java.base/java.util.concurrent.FutureTask.run(FutureTask.java:264)
	at java.base/java.util.concurrent.ThreadPoolExecutor.runWorker(ThreadPoolExecutor.java:1136)
	at java.base/java.util.concurrent.ThreadPoolExecutor$Worker.run(ThreadPoolExecutor.java:635)
	at java.base/java.lang.Thread.run(Thread.java:833)
]]>
    </error>
  </testcase> <!-- step111_OpenNewTabAndNavigatedtoAdyen -->
  <testcase classname="src.in.valtech.cl.scenarios.TC_Scenario_08" name="step116_NavigatedIntoMangetoAndVerifiedOrderStatusInOrdersPage" time="0.000">
    <error message="Workbook is not found - D:\ChristianLouboutin/resources/front/Automation_DS_StagingEnv1.xlsx" type="com.codoid.products.exception.FilloException">
      <![CDATA[com.codoid.products.exception.FilloException: Workbook is not found - D:\ChristianLouboutin/resources/front/Automation_DS_StagingEnv1.xlsx
	at com.codoid.products.fillo.Fillo.getConnection(Fillo.java:46)
	at src.in.valtech.util.ExcelReader.getDataConfigDetails(ExcelReader.java:200)
	at src.in.valtech.custom.CustomFun.getTestDataSetDetails(CustomFun.java:1869)
	at src.in.valtech.config.BaseTest.setUp(BaseTest.java:166)
	at java.base/jdk.internal.reflect.NativeMethodAccessorImpl.invoke0(Native Method)
	at java.base/jdk.internal.reflect.NativeMethodAccessorImpl.invoke(NativeMethodAccessorImpl.java:77)
	at java.base/jdk.internal.reflect.DelegatingMethodAccessorImpl.invoke(DelegatingMethodAccessorImpl.java:43)
	at java.base/java.lang.reflect.Method.invoke(Method.java:568)
	at org.testng.internal.MethodInvocationHelper.invokeMethod(MethodInvocationHelper.java:85)
	at org.testng.internal.Invoker.invokeConfigurationMethod(Invoker.java:510)
	at org.testng.internal.Invoker.invokeConfigurations(Invoker.java:211)
	at org.testng.internal.Invoker.invokeConfigurations(Invoker.java:138)
	at org.testng.TestRunner.beforeRun(TestRunner.java:648)
	at org.testng.TestRunner.run(TestRunner.java:616)
	at org.testng.SuiteRunner.runTest(SuiteRunner.java:359)
	at org.testng.SuiteRunner.access$000(SuiteRunner.java:39)
	at org.testng.SuiteRunner$SuiteWorker.run(SuiteRunner.java:393)
	at org.testng.internal.thread.ThreadUtil$2.call(ThreadUtil.java:64)
	at java.base/java.util.concurrent.FutureTask.run(FutureTask.java:264)
	at java.base/java.util.concurrent.ThreadPoolExecutor.runWorker(ThreadPoolExecutor.java:1136)
	at java.base/java.util.concurrent.ThreadPoolExecutor$Worker.run(ThreadPoolExecutor.java:635)
	at java.base/java.lang.Thread.run(Thread.java:833)
]]>
    </error>
  </testcase> <!-- step116_NavigatedIntoMangetoAndVerifiedOrderStatusInOrdersPage -->
  <testcase classname="src.in.valtech.cl.scenarios.TC_Scenario_08" name="step20_ClickTermsConditionCheckbox" time="0.000">
    <error message="Workbook is not found - D:\ChristianLouboutin/resources/front/Automation_DS_StagingEnv1.xlsx" type="com.codoid.products.exception.FilloException">
      <![CDATA[com.codoid.products.exception.FilloException: Workbook is not found - D:\ChristianLouboutin/resources/front/Automation_DS_StagingEnv1.xlsx
	at com.codoid.products.fillo.Fillo.getConnection(Fillo.java:46)
	at src.in.valtech.util.ExcelReader.getDataConfigDetails(ExcelReader.java:200)
	at src.in.valtech.custom.CustomFun.getTestDataSetDetails(CustomFun.java:1869)
	at src.in.valtech.config.BaseTest.setUp(BaseTest.java:166)
	at java.base/jdk.internal.reflect.NativeMethodAccessorImpl.invoke0(Native Method)
	at java.base/jdk.internal.reflect.NativeMethodAccessorImpl.invoke(NativeMethodAccessorImpl.java:77)
	at java.base/jdk.internal.reflect.DelegatingMethodAccessorImpl.invoke(DelegatingMethodAccessorImpl.java:43)
	at java.base/java.lang.reflect.Method.invoke(Method.java:568)
	at org.testng.internal.MethodInvocationHelper.invokeMethod(MethodInvocationHelper.java:85)
	at org.testng.internal.Invoker.invokeConfigurationMethod(Invoker.java:510)
	at org.testng.internal.Invoker.invokeConfigurations(Invoker.java:211)
	at org.testng.internal.Invoker.invokeConfigurations(Invoker.java:138)
	at org.testng.TestRunner.beforeRun(TestRunner.java:648)
	at org.testng.TestRunner.run(TestRunner.java:616)
	at org.testng.SuiteRunner.runTest(SuiteRunner.java:359)
	at org.testng.SuiteRunner.access$000(SuiteRunner.java:39)
	at org.testng.SuiteRunner$SuiteWorker.run(SuiteRunner.java:393)
	at org.testng.internal.thread.ThreadUtil$2.call(ThreadUtil.java:64)
	at java.base/java.util.concurrent.FutureTask.run(FutureTask.java:264)
	at java.base/java.util.concurrent.ThreadPoolExecutor.runWorker(ThreadPoolExecutor.java:1136)
	at java.base/java.util.concurrent.ThreadPoolExecutor$Worker.run(ThreadPoolExecutor.java:635)
	at java.base/java.lang.Thread.run(Thread.java:833)
]]>
    </error>
  </testcase> <!-- step20_ClickTermsConditionCheckbox -->
  <testcase classname="src.in.valtech.cl.scenarios.TC_Scenario_08" name="step103_ClickMyAccountBtn" time="0.000">
    <error message="Workbook is not found - D:\ChristianLouboutin/resources/front/Automation_DS_StagingEnv1.xlsx" type="com.codoid.products.exception.FilloException">
      <![CDATA[com.codoid.products.exception.FilloException: Workbook is not found - D:\ChristianLouboutin/resources/front/Automation_DS_StagingEnv1.xlsx
	at com.codoid.products.fillo.Fillo.getConnection(Fillo.java:46)
	at src.in.valtech.util.ExcelReader.getDataConfigDetails(ExcelReader.java:200)
	at src.in.valtech.custom.CustomFun.getTestDataSetDetails(CustomFun.java:1869)
	at src.in.valtech.config.BaseTest.setUp(BaseTest.java:166)
	at java.base/jdk.internal.reflect.NativeMethodAccessorImpl.invoke0(Native Method)
	at java.base/jdk.internal.reflect.NativeMethodAccessorImpl.invoke(NativeMethodAccessorImpl.java:77)
	at java.base/jdk.internal.reflect.DelegatingMethodAccessorImpl.invoke(DelegatingMethodAccessorImpl.java:43)
	at java.base/java.lang.reflect.Method.invoke(Method.java:568)
	at org.testng.internal.MethodInvocationHelper.invokeMethod(MethodInvocationHelper.java:85)
	at org.testng.internal.Invoker.invokeConfigurationMethod(Invoker.java:510)
	at org.testng.internal.Invoker.invokeConfigurations(Invoker.java:211)
	at org.testng.internal.Invoker.invokeConfigurations(Invoker.java:138)
	at org.testng.TestRunner.beforeRun(TestRunner.java:648)
	at org.testng.TestRunner.run(TestRunner.java:616)
	at org.testng.SuiteRunner.runTest(SuiteRunner.java:359)
	at org.testng.SuiteRunner.access$000(SuiteRunner.java:39)
	at org.testng.SuiteRunner$SuiteWorker.run(SuiteRunner.java:393)
	at org.testng.internal.thread.ThreadUtil$2.call(ThreadUtil.java:64)
	at java.base/java.util.concurrent.FutureTask.run(FutureTask.java:264)
	at java.base/java.util.concurrent.ThreadPoolExecutor.runWorker(ThreadPoolExecutor.java:1136)
	at java.base/java.util.concurrent.ThreadPoolExecutor$Worker.run(ThreadPoolExecutor.java:635)
	at java.base/java.lang.Thread.run(Thread.java:833)
]]>
    </error>
  </testcase> <!-- step103_ClickMyAccountBtn -->
  <testcase classname="src.in.valtech.cl.scenarios.TC_Scenario_08" name="step93_ClickOnUpdateBtn" time="0.000">
    <error message="Workbook is not found - D:\ChristianLouboutin/resources/front/Automation_DS_StagingEnv1.xlsx" type="com.codoid.products.exception.FilloException">
      <![CDATA[com.codoid.products.exception.FilloException: Workbook is not found - D:\ChristianLouboutin/resources/front/Automation_DS_StagingEnv1.xlsx
	at com.codoid.products.fillo.Fillo.getConnection(Fillo.java:46)
	at src.in.valtech.util.ExcelReader.getDataConfigDetails(ExcelReader.java:200)
	at src.in.valtech.custom.CustomFun.getTestDataSetDetails(CustomFun.java:1869)
	at src.in.valtech.config.BaseTest.setUp(BaseTest.java:166)
	at java.base/jdk.internal.reflect.NativeMethodAccessorImpl.invoke0(Native Method)
	at java.base/jdk.internal.reflect.NativeMethodAccessorImpl.invoke(NativeMethodAccessorImpl.java:77)
	at java.base/jdk.internal.reflect.DelegatingMethodAccessorImpl.invoke(DelegatingMethodAccessorImpl.java:43)
	at java.base/java.lang.reflect.Method.invoke(Method.java:568)
	at org.testng.internal.MethodInvocationHelper.invokeMethod(MethodInvocationHelper.java:85)
	at org.testng.internal.Invoker.invokeConfigurationMethod(Invoker.java:510)
	at org.testng.internal.Invoker.invokeConfigurations(Invoker.java:211)
	at org.testng.internal.Invoker.invokeConfigurations(Invoker.java:138)
	at org.testng.TestRunner.beforeRun(TestRunner.java:648)
	at org.testng.TestRunner.run(TestRunner.java:616)
	at org.testng.SuiteRunner.runTest(SuiteRunner.java:359)
	at org.testng.SuiteRunner.access$000(SuiteRunner.java:39)
	at org.testng.SuiteRunner$SuiteWorker.run(SuiteRunner.java:393)
	at org.testng.internal.thread.ThreadUtil$2.call(ThreadUtil.java:64)
	at java.base/java.util.concurrent.FutureTask.run(FutureTask.java:264)
	at java.base/java.util.concurrent.ThreadPoolExecutor.runWorker(ThreadPoolExecutor.java:1136)
	at java.base/java.util.concurrent.ThreadPoolExecutor$Worker.run(ThreadPoolExecutor.java:635)
	at java.base/java.lang.Thread.run(Thread.java:833)
]]>
    </error>
  </testcase> <!-- step93_ClickOnUpdateBtn -->
  <testcase classname="src.in.valtech.cl.scenarios.TC_Scenario_08" name="step154_SelectOptionFromResolutionDropdown" time="0.000">
    <error message="Workbook is not found - D:\ChristianLouboutin/resources/front/Automation_DS_StagingEnv1.xlsx" type="com.codoid.products.exception.FilloException">
      <![CDATA[com.codoid.products.exception.FilloException: Workbook is not found - D:\ChristianLouboutin/resources/front/Automation_DS_StagingEnv1.xlsx
	at com.codoid.products.fillo.Fillo.getConnection(Fillo.java:46)
	at src.in.valtech.util.ExcelReader.getDataConfigDetails(ExcelReader.java:200)
	at src.in.valtech.custom.CustomFun.getTestDataSetDetails(CustomFun.java:1869)
	at src.in.valtech.config.BaseTest.setUp(BaseTest.java:166)
	at java.base/jdk.internal.reflect.NativeMethodAccessorImpl.invoke0(Native Method)
	at java.base/jdk.internal.reflect.NativeMethodAccessorImpl.invoke(NativeMethodAccessorImpl.java:77)
	at java.base/jdk.internal.reflect.DelegatingMethodAccessorImpl.invoke(DelegatingMethodAccessorImpl.java:43)
	at java.base/java.lang.reflect.Method.invoke(Method.java:568)
	at org.testng.internal.MethodInvocationHelper.invokeMethod(MethodInvocationHelper.java:85)
	at org.testng.internal.Invoker.invokeConfigurationMethod(Invoker.java:510)
	at org.testng.internal.Invoker.invokeConfigurations(Invoker.java:211)
	at org.testng.internal.Invoker.invokeConfigurations(Invoker.java:138)
	at org.testng.TestRunner.beforeRun(TestRunner.java:648)
	at org.testng.TestRunner.run(TestRunner.java:616)
	at org.testng.SuiteRunner.runTest(SuiteRunner.java:359)
	at org.testng.SuiteRunner.access$000(SuiteRunner.java:39)
	at org.testng.SuiteRunner$SuiteWorker.run(SuiteRunner.java:393)
	at org.testng.internal.thread.ThreadUtil$2.call(ThreadUtil.java:64)
	at java.base/java.util.concurrent.FutureTask.run(FutureTask.java:264)
	at java.base/java.util.concurrent.ThreadPoolExecutor.runWorker(ThreadPoolExecutor.java:1136)
	at java.base/java.util.concurrent.ThreadPoolExecutor$Worker.run(ThreadPoolExecutor.java:635)
	at java.base/java.lang.Thread.run(Thread.java:833)
]]>
    </error>
  </testcase> <!-- step154_SelectOptionFromResolutionDropdown -->
  <testcase classname="src.in.valtech.cl.scenarios.TC_Scenario_08" name="step196_SwitchToFOTabAndClickOnMyAccountIcon" time="0.000">
    <error message="Workbook is not found - D:\ChristianLouboutin/resources/front/Automation_DS_StagingEnv1.xlsx" type="com.codoid.products.exception.FilloException">
      <![CDATA[com.codoid.products.exception.FilloException: Workbook is not found - D:\ChristianLouboutin/resources/front/Automation_DS_StagingEnv1.xlsx
	at com.codoid.products.fillo.Fillo.getConnection(Fillo.java:46)
	at src.in.valtech.util.ExcelReader.getDataConfigDetails(ExcelReader.java:200)
	at src.in.valtech.custom.CustomFun.getTestDataSetDetails(CustomFun.java:1869)
	at src.in.valtech.config.BaseTest.setUp(BaseTest.java:166)
	at java.base/jdk.internal.reflect.NativeMethodAccessorImpl.invoke0(Native Method)
	at java.base/jdk.internal.reflect.NativeMethodAccessorImpl.invoke(NativeMethodAccessorImpl.java:77)
	at java.base/jdk.internal.reflect.DelegatingMethodAccessorImpl.invoke(DelegatingMethodAccessorImpl.java:43)
	at java.base/java.lang.reflect.Method.invoke(Method.java:568)
	at org.testng.internal.MethodInvocationHelper.invokeMethod(MethodInvocationHelper.java:85)
	at org.testng.internal.Invoker.invokeConfigurationMethod(Invoker.java:510)
	at org.testng.internal.Invoker.invokeConfigurations(Invoker.java:211)
	at org.testng.internal.Invoker.invokeConfigurations(Invoker.java:138)
	at org.testng.TestRunner.beforeRun(TestRunner.java:648)
	at org.testng.TestRunner.run(TestRunner.java:616)
	at org.testng.SuiteRunner.runTest(SuiteRunner.java:359)
	at org.testng.SuiteRunner.access$000(SuiteRunner.java:39)
	at org.testng.SuiteRunner$SuiteWorker.run(SuiteRunner.java:393)
	at org.testng.internal.thread.ThreadUtil$2.call(ThreadUtil.java:64)
	at java.base/java.util.concurrent.FutureTask.run(FutureTask.java:264)
	at java.base/java.util.concurrent.ThreadPoolExecutor.runWorker(ThreadPoolExecutor.java:1136)
	at java.base/java.util.concurrent.ThreadPoolExecutor$Worker.run(ThreadPoolExecutor.java:635)
	at java.base/java.lang.Thread.run(Thread.java:833)
]]>
    </error>
  </testcase> <!-- step196_SwitchToFOTabAndClickOnMyAccountIcon -->
  <testcase classname="src.in.valtech.cl.scenarios.TC_Scenario_08" name="step134_NaviagtedIntoFOAndVerifiedOrderStatusInMyOrdersPage" time="0.000">
    <error message="Workbook is not found - D:\ChristianLouboutin/resources/front/Automation_DS_StagingEnv1.xlsx" type="com.codoid.products.exception.FilloException">
      <![CDATA[com.codoid.products.exception.FilloException: Workbook is not found - D:\ChristianLouboutin/resources/front/Automation_DS_StagingEnv1.xlsx
	at com.codoid.products.fillo.Fillo.getConnection(Fillo.java:46)
	at src.in.valtech.util.ExcelReader.getDataConfigDetails(ExcelReader.java:200)
	at src.in.valtech.custom.CustomFun.getTestDataSetDetails(CustomFun.java:1869)
	at src.in.valtech.config.BaseTest.setUp(BaseTest.java:166)
	at java.base/jdk.internal.reflect.NativeMethodAccessorImpl.invoke0(Native Method)
	at java.base/jdk.internal.reflect.NativeMethodAccessorImpl.invoke(NativeMethodAccessorImpl.java:77)
	at java.base/jdk.internal.reflect.DelegatingMethodAccessorImpl.invoke(DelegatingMethodAccessorImpl.java:43)
	at java.base/java.lang.reflect.Method.invoke(Method.java:568)
	at org.testng.internal.MethodInvocationHelper.invokeMethod(MethodInvocationHelper.java:85)
	at org.testng.internal.Invoker.invokeConfigurationMethod(Invoker.java:510)
	at org.testng.internal.Invoker.invokeConfigurations(Invoker.java:211)
	at org.testng.internal.Invoker.invokeConfigurations(Invoker.java:138)
	at org.testng.TestRunner.beforeRun(TestRunner.java:648)
	at org.testng.TestRunner.run(TestRunner.java:616)
	at org.testng.SuiteRunner.runTest(SuiteRunner.java:359)
	at org.testng.SuiteRunner.access$000(SuiteRunner.java:39)
	at org.testng.SuiteRunner$SuiteWorker.run(SuiteRunner.java:393)
	at org.testng.internal.thread.ThreadUtil$2.call(ThreadUtil.java:64)
	at java.base/java.util.concurrent.FutureTask.run(FutureTask.java:264)
	at java.base/java.util.concurrent.ThreadPoolExecutor.runWorker(ThreadPoolExecutor.java:1136)
	at java.base/java.util.concurrent.ThreadPoolExecutor$Worker.run(ThreadPoolExecutor.java:635)
	at java.base/java.lang.Thread.run(Thread.java:833)
]]>
    </error>
  </testcase> <!-- step134_NaviagtedIntoFOAndVerifiedOrderStatusInMyOrdersPage -->
  <testcase classname="src.in.valtech.cl.scenarios.TC_Scenario_08" name="step201_VerifyUserIsInHomepage" time="0.001">
    <error message="Workbook is not found - D:\ChristianLouboutin/resources/front/Automation_DS_StagingEnv1.xlsx" type="com.codoid.products.exception.FilloException">
      <![CDATA[com.codoid.products.exception.FilloException: Workbook is not found - D:\ChristianLouboutin/resources/front/Automation_DS_StagingEnv1.xlsx
	at com.codoid.products.fillo.Fillo.getConnection(Fillo.java:46)
	at src.in.valtech.util.ExcelReader.getDataConfigDetails(ExcelReader.java:200)
	at src.in.valtech.custom.CustomFun.getTestDataSetDetails(CustomFun.java:1869)
	at src.in.valtech.config.BaseTest.setUp(BaseTest.java:166)
	at java.base/jdk.internal.reflect.NativeMethodAccessorImpl.invoke0(Native Method)
	at java.base/jdk.internal.reflect.NativeMethodAccessorImpl.invoke(NativeMethodAccessorImpl.java:77)
	at java.base/jdk.internal.reflect.DelegatingMethodAccessorImpl.invoke(DelegatingMethodAccessorImpl.java:43)
	at java.base/java.lang.reflect.Method.invoke(Method.java:568)
	at org.testng.internal.MethodInvocationHelper.invokeMethod(MethodInvocationHelper.java:85)
	at org.testng.internal.Invoker.invokeConfigurationMethod(Invoker.java:510)
	at org.testng.internal.Invoker.invokeConfigurations(Invoker.java:211)
	at org.testng.internal.Invoker.invokeConfigurations(Invoker.java:138)
	at org.testng.TestRunner.beforeRun(TestRunner.java:648)
	at org.testng.TestRunner.run(TestRunner.java:616)
	at org.testng.SuiteRunner.runTest(SuiteRunner.java:359)
	at org.testng.SuiteRunner.access$000(SuiteRunner.java:39)
	at org.testng.SuiteRunner$SuiteWorker.run(SuiteRunner.java:393)
	at org.testng.internal.thread.ThreadUtil$2.call(ThreadUtil.java:64)
	at java.base/java.util.concurrent.FutureTask.run(FutureTask.java:264)
	at java.base/java.util.concurrent.ThreadPoolExecutor.runWorker(ThreadPoolExecutor.java:1136)
	at java.base/java.util.concurrent.ThreadPoolExecutor$Worker.run(ThreadPoolExecutor.java:635)
	at java.base/java.lang.Thread.run(Thread.java:833)
]]>
    </error>
  </testcase> <!-- step201_VerifyUserIsInHomepage -->
  <testcase classname="src.in.valtech.cl.scenarios.TC_Scenario_08" name="step53_ClickOnOKbutton" time="0.000">
    <error message="Workbook is not found - D:\ChristianLouboutin/resources/front/Automation_DS_StagingEnv1.xlsx" type="com.codoid.products.exception.FilloException">
      <![CDATA[com.codoid.products.exception.FilloException: Workbook is not found - D:\ChristianLouboutin/resources/front/Automation_DS_StagingEnv1.xlsx
	at com.codoid.products.fillo.Fillo.getConnection(Fillo.java:46)
	at src.in.valtech.util.ExcelReader.getDataConfigDetails(ExcelReader.java:200)
	at src.in.valtech.custom.CustomFun.getTestDataSetDetails(CustomFun.java:1869)
	at src.in.valtech.config.BaseTest.setUp(BaseTest.java:166)
	at java.base/jdk.internal.reflect.NativeMethodAccessorImpl.invoke0(Native Method)
	at java.base/jdk.internal.reflect.NativeMethodAccessorImpl.invoke(NativeMethodAccessorImpl.java:77)
	at java.base/jdk.internal.reflect.DelegatingMethodAccessorImpl.invoke(DelegatingMethodAccessorImpl.java:43)
	at java.base/java.lang.reflect.Method.invoke(Method.java:568)
	at org.testng.internal.MethodInvocationHelper.invokeMethod(MethodInvocationHelper.java:85)
	at org.testng.internal.Invoker.invokeConfigurationMethod(Invoker.java:510)
	at org.testng.internal.Invoker.invokeConfigurations(Invoker.java:211)
	at org.testng.internal.Invoker.invokeConfigurations(Invoker.java:138)
	at org.testng.TestRunner.beforeRun(TestRunner.java:648)
	at org.testng.TestRunner.run(TestRunner.java:616)
	at org.testng.SuiteRunner.runTest(SuiteRunner.java:359)
	at org.testng.SuiteRunner.access$000(SuiteRunner.java:39)
	at org.testng.SuiteRunner$SuiteWorker.run(SuiteRunner.java:393)
	at org.testng.internal.thread.ThreadUtil$2.call(ThreadUtil.java:64)
	at java.base/java.util.concurrent.FutureTask.run(FutureTask.java:264)
	at java.base/java.util.concurrent.ThreadPoolExecutor.runWorker(ThreadPoolExecutor.java:1136)
	at java.base/java.util.concurrent.ThreadPoolExecutor$Worker.run(ThreadPoolExecutor.java:635)
	at java.base/java.lang.Thread.run(Thread.java:833)
]]>
    </error>
  </testcase> <!-- step53_ClickOnOKbutton -->
  <testcase classname="src.in.valtech.cl.scenarios.TC_Scenario_08" name="step58_VerifyInitialSaleableStock" time="0.000">
    <error message="Workbook is not found - D:\ChristianLouboutin/resources/front/Automation_DS_StagingEnv1.xlsx" type="com.codoid.products.exception.FilloException">
      <![CDATA[com.codoid.products.exception.FilloException: Workbook is not found - D:\ChristianLouboutin/resources/front/Automation_DS_StagingEnv1.xlsx
	at com.codoid.products.fillo.Fillo.getConnection(Fillo.java:46)
	at src.in.valtech.util.ExcelReader.getDataConfigDetails(ExcelReader.java:200)
	at src.in.valtech.custom.CustomFun.getTestDataSetDetails(CustomFun.java:1869)
	at src.in.valtech.config.BaseTest.setUp(BaseTest.java:166)
	at java.base/jdk.internal.reflect.NativeMethodAccessorImpl.invoke0(Native Method)
	at java.base/jdk.internal.reflect.NativeMethodAccessorImpl.invoke(NativeMethodAccessorImpl.java:77)
	at java.base/jdk.internal.reflect.DelegatingMethodAccessorImpl.invoke(DelegatingMethodAccessorImpl.java:43)
	at java.base/java.lang.reflect.Method.invoke(Method.java:568)
	at org.testng.internal.MethodInvocationHelper.invokeMethod(MethodInvocationHelper.java:85)
	at org.testng.internal.Invoker.invokeConfigurationMethod(Invoker.java:510)
	at org.testng.internal.Invoker.invokeConfigurations(Invoker.java:211)
	at org.testng.internal.Invoker.invokeConfigurations(Invoker.java:138)
	at org.testng.TestRunner.beforeRun(TestRunner.java:648)
	at org.testng.TestRunner.run(TestRunner.java:616)
	at org.testng.SuiteRunner.runTest(SuiteRunner.java:359)
	at org.testng.SuiteRunner.access$000(SuiteRunner.java:39)
	at org.testng.SuiteRunner$SuiteWorker.run(SuiteRunner.java:393)
	at org.testng.internal.thread.ThreadUtil$2.call(ThreadUtil.java:64)
	at java.base/java.util.concurrent.FutureTask.run(FutureTask.java:264)
	at java.base/java.util.concurrent.ThreadPoolExecutor.runWorker(ThreadPoolExecutor.java:1136)
	at java.base/java.util.concurrent.ThreadPoolExecutor$Worker.run(ThreadPoolExecutor.java:635)
	at java.base/java.lang.Thread.run(Thread.java:833)
]]>
    </error>
  </testcase> <!-- step58_VerifyInitialSaleableStock -->
  <testcase classname="src.in.valtech.cl.scenarios.TC_Scenario_08" name="step02_OpenNewTabAndNavigatedtoMagentoBO" time="0.000">
    <error message="Workbook is not found - D:\ChristianLouboutin/resources/front/Automation_DS_StagingEnv1.xlsx" type="com.codoid.products.exception.FilloException">
      <![CDATA[com.codoid.products.exception.FilloException: Workbook is not found - D:\ChristianLouboutin/resources/front/Automation_DS_StagingEnv1.xlsx
	at com.codoid.products.fillo.Fillo.getConnection(Fillo.java:46)
	at src.in.valtech.util.ExcelReader.getDataConfigDetails(ExcelReader.java:200)
	at src.in.valtech.custom.CustomFun.getTestDataSetDetails(CustomFun.java:1869)
	at src.in.valtech.config.BaseTest.setUp(BaseTest.java:166)
	at java.base/jdk.internal.reflect.NativeMethodAccessorImpl.invoke0(Native Method)
	at java.base/jdk.internal.reflect.NativeMethodAccessorImpl.invoke(NativeMethodAccessorImpl.java:77)
	at java.base/jdk.internal.reflect.DelegatingMethodAccessorImpl.invoke(DelegatingMethodAccessorImpl.java:43)
	at java.base/java.lang.reflect.Method.invoke(Method.java:568)
	at org.testng.internal.MethodInvocationHelper.invokeMethod(MethodInvocationHelper.java:85)
	at org.testng.internal.Invoker.invokeConfigurationMethod(Invoker.java:510)
	at org.testng.internal.Invoker.invokeConfigurations(Invoker.java:211)
	at org.testng.internal.Invoker.invokeConfigurations(Invoker.java:138)
	at org.testng.TestRunner.beforeRun(TestRunner.java:648)
	at org.testng.TestRunner.run(TestRunner.java:616)
	at org.testng.SuiteRunner.runTest(SuiteRunner.java:359)
	at org.testng.SuiteRunner.access$000(SuiteRunner.java:39)
	at org.testng.SuiteRunner$SuiteWorker.run(SuiteRunner.java:393)
	at org.testng.internal.thread.ThreadUtil$2.call(ThreadUtil.java:64)
	at java.base/java.util.concurrent.FutureTask.run(FutureTask.java:264)
	at java.base/java.util.concurrent.ThreadPoolExecutor.runWorker(ThreadPoolExecutor.java:1136)
	at java.base/java.util.concurrent.ThreadPoolExecutor$Worker.run(ThreadPoolExecutor.java:635)
	at java.base/java.lang.Thread.run(Thread.java:833)
]]>
    </error>
  </testcase> <!-- step02_OpenNewTabAndNavigatedtoMagentoBO -->
  <testcase classname="src.in.valtech.cl.scenarios.TC_Scenario_08" name="step175_ClickOnSaveButton" time="0.001">
    <error message="Workbook is not found - D:\ChristianLouboutin/resources/front/Automation_DS_StagingEnv1.xlsx" type="com.codoid.products.exception.FilloException">
      <![CDATA[com.codoid.products.exception.FilloException: Workbook is not found - D:\ChristianLouboutin/resources/front/Automation_DS_StagingEnv1.xlsx
	at com.codoid.products.fillo.Fillo.getConnection(Fillo.java:46)
	at src.in.valtech.util.ExcelReader.getDataConfigDetails(ExcelReader.java:200)
	at src.in.valtech.custom.CustomFun.getTestDataSetDetails(CustomFun.java:1869)
	at src.in.valtech.config.BaseTest.setUp(BaseTest.java:166)
	at java.base/jdk.internal.reflect.NativeMethodAccessorImpl.invoke0(Native Method)
	at java.base/jdk.internal.reflect.NativeMethodAccessorImpl.invoke(NativeMethodAccessorImpl.java:77)
	at java.base/jdk.internal.reflect.DelegatingMethodAccessorImpl.invoke(DelegatingMethodAccessorImpl.java:43)
	at java.base/java.lang.reflect.Method.invoke(Method.java:568)
	at org.testng.internal.MethodInvocationHelper.invokeMethod(MethodInvocationHelper.java:85)
	at org.testng.internal.Invoker.invokeConfigurationMethod(Invoker.java:510)
	at org.testng.internal.Invoker.invokeConfigurations(Invoker.java:211)
	at org.testng.internal.Invoker.invokeConfigurations(Invoker.java:138)
	at org.testng.TestRunner.beforeRun(TestRunner.java:648)
	at org.testng.TestRunner.run(TestRunner.java:616)
	at org.testng.SuiteRunner.runTest(SuiteRunner.java:359)
	at org.testng.SuiteRunner.access$000(SuiteRunner.java:39)
	at org.testng.SuiteRunner$SuiteWorker.run(SuiteRunner.java:393)
	at org.testng.internal.thread.ThreadUtil$2.call(ThreadUtil.java:64)
	at java.base/java.util.concurrent.FutureTask.run(FutureTask.java:264)
	at java.base/java.util.concurrent.ThreadPoolExecutor.runWorker(ThreadPoolExecutor.java:1136)
	at java.base/java.util.concurrent.ThreadPoolExecutor$Worker.run(ThreadPoolExecutor.java:635)
	at java.base/java.lang.Thread.run(Thread.java:833)
]]>
    </error>
  </testcase> <!-- step175_ClickOnSaveButton -->
  <testcase classname="src.in.valtech.cl.scenarios.TC_Scenario_08" name="step150_EnterValueInRequestedField" time="0.000">
    <error message="Workbook is not found - D:\ChristianLouboutin/resources/front/Automation_DS_StagingEnv1.xlsx" type="com.codoid.products.exception.FilloException">
      <![CDATA[com.codoid.products.exception.FilloException: Workbook is not found - D:\ChristianLouboutin/resources/front/Automation_DS_StagingEnv1.xlsx
	at com.codoid.products.fillo.Fillo.getConnection(Fillo.java:46)
	at src.in.valtech.util.ExcelReader.getDataConfigDetails(ExcelReader.java:200)
	at src.in.valtech.custom.CustomFun.getTestDataSetDetails(CustomFun.java:1869)
	at src.in.valtech.config.BaseTest.setUp(BaseTest.java:166)
	at java.base/jdk.internal.reflect.NativeMethodAccessorImpl.invoke0(Native Method)
	at java.base/jdk.internal.reflect.NativeMethodAccessorImpl.invoke(NativeMethodAccessorImpl.java:77)
	at java.base/jdk.internal.reflect.DelegatingMethodAccessorImpl.invoke(DelegatingMethodAccessorImpl.java:43)
	at java.base/java.lang.reflect.Method.invoke(Method.java:568)
	at org.testng.internal.MethodInvocationHelper.invokeMethod(MethodInvocationHelper.java:85)
	at org.testng.internal.Invoker.invokeConfigurationMethod(Invoker.java:510)
	at org.testng.internal.Invoker.invokeConfigurations(Invoker.java:211)
	at org.testng.internal.Invoker.invokeConfigurations(Invoker.java:138)
	at org.testng.TestRunner.beforeRun(TestRunner.java:648)
	at org.testng.TestRunner.run(TestRunner.java:616)
	at org.testng.SuiteRunner.runTest(SuiteRunner.java:359)
	at org.testng.SuiteRunner.access$000(SuiteRunner.java:39)
	at org.testng.SuiteRunner$SuiteWorker.run(SuiteRunner.java:393)
	at org.testng.internal.thread.ThreadUtil$2.call(ThreadUtil.java:64)
	at java.base/java.util.concurrent.FutureTask.run(FutureTask.java:264)
	at java.base/java.util.concurrent.ThreadPoolExecutor.runWorker(ThreadPoolExecutor.java:1136)
	at java.base/java.util.concurrent.ThreadPoolExecutor$Worker.run(ThreadPoolExecutor.java:635)
	at java.base/java.lang.Thread.run(Thread.java:833)
]]>
    </error>
  </testcase> <!-- step150_EnterValueInRequestedField -->
  <testcase classname="src.in.valtech.cl.scenarios.TC_Scenario_08" name="step42_ClickOnContinueShoppingBtn" time="0.001">
    <error message="Workbook is not found - D:\ChristianLouboutin/resources/front/Automation_DS_StagingEnv1.xlsx" type="com.codoid.products.exception.FilloException">
      <![CDATA[com.codoid.products.exception.FilloException: Workbook is not found - D:\ChristianLouboutin/resources/front/Automation_DS_StagingEnv1.xlsx
	at com.codoid.products.fillo.Fillo.getConnection(Fillo.java:46)
	at src.in.valtech.util.ExcelReader.getDataConfigDetails(ExcelReader.java:200)
	at src.in.valtech.custom.CustomFun.getTestDataSetDetails(CustomFun.java:1869)
	at src.in.valtech.config.BaseTest.setUp(BaseTest.java:166)
	at java.base/jdk.internal.reflect.NativeMethodAccessorImpl.invoke0(Native Method)
	at java.base/jdk.internal.reflect.NativeMethodAccessorImpl.invoke(NativeMethodAccessorImpl.java:77)
	at java.base/jdk.internal.reflect.DelegatingMethodAccessorImpl.invoke(DelegatingMethodAccessorImpl.java:43)
	at java.base/java.lang.reflect.Method.invoke(Method.java:568)
	at org.testng.internal.MethodInvocationHelper.invokeMethod(MethodInvocationHelper.java:85)
	at org.testng.internal.Invoker.invokeConfigurationMethod(Invoker.java:510)
	at org.testng.internal.Invoker.invokeConfigurations(Invoker.java:211)
	at org.testng.internal.Invoker.invokeConfigurations(Invoker.java:138)
	at org.testng.TestRunner.beforeRun(TestRunner.java:648)
	at org.testng.TestRunner.run(TestRunner.java:616)
	at org.testng.SuiteRunner.runTest(SuiteRunner.java:359)
	at org.testng.SuiteRunner.access$000(SuiteRunner.java:39)
	at org.testng.SuiteRunner$SuiteWorker.run(SuiteRunner.java:393)
	at org.testng.internal.thread.ThreadUtil$2.call(ThreadUtil.java:64)
	at java.base/java.util.concurrent.FutureTask.run(FutureTask.java:264)
	at java.base/java.util.concurrent.ThreadPoolExecutor.runWorker(ThreadPoolExecutor.java:1136)
	at java.base/java.util.concurrent.ThreadPoolExecutor$Worker.run(ThreadPoolExecutor.java:635)
	at java.base/java.lang.Thread.run(Thread.java:833)
]]>
    </error>
  </testcase> <!-- step42_ClickOnContinueShoppingBtn -->
  <testcase classname="src.in.valtech.cl.scenarios.TC_Scenario_08" name="step55_ClickOnProductsFromDataLists" time="0.000">
    <error message="Workbook is not found - D:\ChristianLouboutin/resources/front/Automation_DS_StagingEnv1.xlsx" type="com.codoid.products.exception.FilloException">
      <![CDATA[com.codoid.products.exception.FilloException: Workbook is not found - D:\ChristianLouboutin/resources/front/Automation_DS_StagingEnv1.xlsx
	at com.codoid.products.fillo.Fillo.getConnection(Fillo.java:46)
	at src.in.valtech.util.ExcelReader.getDataConfigDetails(ExcelReader.java:200)
	at src.in.valtech.custom.CustomFun.getTestDataSetDetails(CustomFun.java:1869)
	at src.in.valtech.config.BaseTest.setUp(BaseTest.java:166)
	at java.base/jdk.internal.reflect.NativeMethodAccessorImpl.invoke0(Native Method)
	at java.base/jdk.internal.reflect.NativeMethodAccessorImpl.invoke(NativeMethodAccessorImpl.java:77)
	at java.base/jdk.internal.reflect.DelegatingMethodAccessorImpl.invoke(DelegatingMethodAccessorImpl.java:43)
	at java.base/java.lang.reflect.Method.invoke(Method.java:568)
	at org.testng.internal.MethodInvocationHelper.invokeMethod(MethodInvocationHelper.java:85)
	at org.testng.internal.Invoker.invokeConfigurationMethod(Invoker.java:510)
	at org.testng.internal.Invoker.invokeConfigurations(Invoker.java:211)
	at org.testng.internal.Invoker.invokeConfigurations(Invoker.java:138)
	at org.testng.TestRunner.beforeRun(TestRunner.java:648)
	at org.testng.TestRunner.run(TestRunner.java:616)
	at org.testng.SuiteRunner.runTest(SuiteRunner.java:359)
	at org.testng.SuiteRunner.access$000(SuiteRunner.java:39)
	at org.testng.SuiteRunner$SuiteWorker.run(SuiteRunner.java:393)
	at org.testng.internal.thread.ThreadUtil$2.call(ThreadUtil.java:64)
	at java.base/java.util.concurrent.FutureTask.run(FutureTask.java:264)
	at java.base/java.util.concurrent.ThreadPoolExecutor.runWorker(ThreadPoolExecutor.java:1136)
	at java.base/java.util.concurrent.ThreadPoolExecutor$Worker.run(ThreadPoolExecutor.java:635)
	at java.base/java.lang.Thread.run(Thread.java:833)
]]>
    </error>
  </testcase> <!-- step55_ClickOnProductsFromDataLists -->
  <testcase classname="src.in.valtech.cl.scenarios.TC_Scenario_08" name="step199_ClickOnSignOutBtn" time="0.001">
    <error message="Workbook is not found - D:\ChristianLouboutin/resources/front/Automation_DS_StagingEnv1.xlsx" type="com.codoid.products.exception.FilloException">
      <![CDATA[com.codoid.products.exception.FilloException: Workbook is not found - D:\ChristianLouboutin/resources/front/Automation_DS_StagingEnv1.xlsx
	at com.codoid.products.fillo.Fillo.getConnection(Fillo.java:46)
	at src.in.valtech.util.ExcelReader.getDataConfigDetails(ExcelReader.java:200)
	at src.in.valtech.custom.CustomFun.getTestDataSetDetails(CustomFun.java:1869)
	at src.in.valtech.config.BaseTest.setUp(BaseTest.java:166)
	at java.base/jdk.internal.reflect.NativeMethodAccessorImpl.invoke0(Native Method)
	at java.base/jdk.internal.reflect.NativeMethodAccessorImpl.invoke(NativeMethodAccessorImpl.java:77)
	at java.base/jdk.internal.reflect.DelegatingMethodAccessorImpl.invoke(DelegatingMethodAccessorImpl.java:43)
	at java.base/java.lang.reflect.Method.invoke(Method.java:568)
	at org.testng.internal.MethodInvocationHelper.invokeMethod(MethodInvocationHelper.java:85)
	at org.testng.internal.Invoker.invokeConfigurationMethod(Invoker.java:510)
	at org.testng.internal.Invoker.invokeConfigurations(Invoker.java:211)
	at org.testng.internal.Invoker.invokeConfigurations(Invoker.java:138)
	at org.testng.TestRunner.beforeRun(TestRunner.java:648)
	at org.testng.TestRunner.run(TestRunner.java:616)
	at org.testng.SuiteRunner.runTest(SuiteRunner.java:359)
	at org.testng.SuiteRunner.access$000(SuiteRunner.java:39)
	at org.testng.SuiteRunner$SuiteWorker.run(SuiteRunner.java:393)
	at org.testng.internal.thread.ThreadUtil$2.call(ThreadUtil.java:64)
	at java.base/java.util.concurrent.FutureTask.run(FutureTask.java:264)
	at java.base/java.util.concurrent.ThreadPoolExecutor.runWorker(ThreadPoolExecutor.java:1136)
	at java.base/java.util.concurrent.ThreadPoolExecutor$Worker.run(ThreadPoolExecutor.java:635)
	at java.base/java.lang.Thread.run(Thread.java:833)
]]>
    </error>
  </testcase> <!-- step199_ClickOnSignOutBtn -->
  <testcase classname="src.in.valtech.cl.scenarios.TC_Scenario_08" name="step107_ClickOrderstxtFromSalesIcon" time="0.000">
    <error message="Workbook is not found - D:\ChristianLouboutin/resources/front/Automation_DS_StagingEnv1.xlsx" type="com.codoid.products.exception.FilloException">
      <![CDATA[com.codoid.products.exception.FilloException: Workbook is not found - D:\ChristianLouboutin/resources/front/Automation_DS_StagingEnv1.xlsx
	at com.codoid.products.fillo.Fillo.getConnection(Fillo.java:46)
	at src.in.valtech.util.ExcelReader.getDataConfigDetails(ExcelReader.java:200)
	at src.in.valtech.custom.CustomFun.getTestDataSetDetails(CustomFun.java:1869)
	at src.in.valtech.config.BaseTest.setUp(BaseTest.java:166)
	at java.base/jdk.internal.reflect.NativeMethodAccessorImpl.invoke0(Native Method)
	at java.base/jdk.internal.reflect.NativeMethodAccessorImpl.invoke(NativeMethodAccessorImpl.java:77)
	at java.base/jdk.internal.reflect.DelegatingMethodAccessorImpl.invoke(DelegatingMethodAccessorImpl.java:43)
	at java.base/java.lang.reflect.Method.invoke(Method.java:568)
	at org.testng.internal.MethodInvocationHelper.invokeMethod(MethodInvocationHelper.java:85)
	at org.testng.internal.Invoker.invokeConfigurationMethod(Invoker.java:510)
	at org.testng.internal.Invoker.invokeConfigurations(Invoker.java:211)
	at org.testng.internal.Invoker.invokeConfigurations(Invoker.java:138)
	at org.testng.TestRunner.beforeRun(TestRunner.java:648)
	at org.testng.TestRunner.run(TestRunner.java:616)
	at org.testng.SuiteRunner.runTest(SuiteRunner.java:359)
	at org.testng.SuiteRunner.access$000(SuiteRunner.java:39)
	at org.testng.SuiteRunner$SuiteWorker.run(SuiteRunner.java:393)
	at org.testng.internal.thread.ThreadUtil$2.call(ThreadUtil.java:64)
	at java.base/java.util.concurrent.FutureTask.run(FutureTask.java:264)
	at java.base/java.util.concurrent.ThreadPoolExecutor.runWorker(ThreadPoolExecutor.java:1136)
	at java.base/java.util.concurrent.ThreadPoolExecutor$Worker.run(ThreadPoolExecutor.java:635)
	at java.base/java.lang.Thread.run(Thread.java:833)
]]>
    </error>
  </testcase> <!-- step107_ClickOrderstxtFromSalesIcon -->
  <testcase classname="src.in.valtech.cl.scenarios.TC_Scenario_08" name="step124_NaviagtedIntoMangetoAndVerifiedOrderStatusInOrdersPage" time="0.001">
    <error message="Workbook is not found - D:\ChristianLouboutin/resources/front/Automation_DS_StagingEnv1.xlsx" type="com.codoid.products.exception.FilloException">
      <![CDATA[com.codoid.products.exception.FilloException: Workbook is not found - D:\ChristianLouboutin/resources/front/Automation_DS_StagingEnv1.xlsx
	at com.codoid.products.fillo.Fillo.getConnection(Fillo.java:46)
	at src.in.valtech.util.ExcelReader.getDataConfigDetails(ExcelReader.java:200)
	at src.in.valtech.custom.CustomFun.getTestDataSetDetails(CustomFun.java:1869)
	at src.in.valtech.config.BaseTest.setUp(BaseTest.java:166)
	at java.base/jdk.internal.reflect.NativeMethodAccessorImpl.invoke0(Native Method)
	at java.base/jdk.internal.reflect.NativeMethodAccessorImpl.invoke(NativeMethodAccessorImpl.java:77)
	at java.base/jdk.internal.reflect.DelegatingMethodAccessorImpl.invoke(DelegatingMethodAccessorImpl.java:43)
	at java.base/java.lang.reflect.Method.invoke(Method.java:568)
	at org.testng.internal.MethodInvocationHelper.invokeMethod(MethodInvocationHelper.java:85)
	at org.testng.internal.Invoker.invokeConfigurationMethod(Invoker.java:510)
	at org.testng.internal.Invoker.invokeConfigurations(Invoker.java:211)
	at org.testng.internal.Invoker.invokeConfigurations(Invoker.java:138)
	at org.testng.TestRunner.beforeRun(TestRunner.java:648)
	at org.testng.TestRunner.run(TestRunner.java:616)
	at org.testng.SuiteRunner.runTest(SuiteRunner.java:359)
	at org.testng.SuiteRunner.access$000(SuiteRunner.java:39)
	at org.testng.SuiteRunner$SuiteWorker.run(SuiteRunner.java:393)
	at org.testng.internal.thread.ThreadUtil$2.call(ThreadUtil.java:64)
	at java.base/java.util.concurrent.FutureTask.run(FutureTask.java:264)
	at java.base/java.util.concurrent.ThreadPoolExecutor.runWorker(ThreadPoolExecutor.java:1136)
	at java.base/java.util.concurrent.ThreadPoolExecutor$Worker.run(ThreadPoolExecutor.java:635)
	at java.base/java.lang.Thread.run(Thread.java:833)
]]>
    </error>
  </testcase> <!-- step124_NaviagtedIntoMangetoAndVerifiedOrderStatusInOrdersPage -->
  <testcase classname="src.in.valtech.cl.scenarios.TC_Scenario_08" name="step99_ClickOnProceedButtonAtPaymentSection" time="0.000">
    <error message="Workbook is not found - D:\ChristianLouboutin/resources/front/Automation_DS_StagingEnv1.xlsx" type="com.codoid.products.exception.FilloException">
      <![CDATA[com.codoid.products.exception.FilloException: Workbook is not found - D:\ChristianLouboutin/resources/front/Automation_DS_StagingEnv1.xlsx
	at com.codoid.products.fillo.Fillo.getConnection(Fillo.java:46)
	at src.in.valtech.util.ExcelReader.getDataConfigDetails(ExcelReader.java:200)
	at src.in.valtech.custom.CustomFun.getTestDataSetDetails(CustomFun.java:1869)
	at src.in.valtech.config.BaseTest.setUp(BaseTest.java:166)
	at java.base/jdk.internal.reflect.NativeMethodAccessorImpl.invoke0(Native Method)
	at java.base/jdk.internal.reflect.NativeMethodAccessorImpl.invoke(NativeMethodAccessorImpl.java:77)
	at java.base/jdk.internal.reflect.DelegatingMethodAccessorImpl.invoke(DelegatingMethodAccessorImpl.java:43)
	at java.base/java.lang.reflect.Method.invoke(Method.java:568)
	at org.testng.internal.MethodInvocationHelper.invokeMethod(MethodInvocationHelper.java:85)
	at org.testng.internal.Invoker.invokeConfigurationMethod(Invoker.java:510)
	at org.testng.internal.Invoker.invokeConfigurations(Invoker.java:211)
	at org.testng.internal.Invoker.invokeConfigurations(Invoker.java:138)
	at org.testng.TestRunner.beforeRun(TestRunner.java:648)
	at org.testng.TestRunner.run(TestRunner.java:616)
	at org.testng.SuiteRunner.runTest(SuiteRunner.java:359)
	at org.testng.SuiteRunner.access$000(SuiteRunner.java:39)
	at org.testng.SuiteRunner$SuiteWorker.run(SuiteRunner.java:393)
	at org.testng.internal.thread.ThreadUtil$2.call(ThreadUtil.java:64)
	at java.base/java.util.concurrent.FutureTask.run(FutureTask.java:264)
	at java.base/java.util.concurrent.ThreadPoolExecutor.runWorker(ThreadPoolExecutor.java:1136)
	at java.base/java.util.concurrent.ThreadPoolExecutor$Worker.run(ThreadPoolExecutor.java:635)
	at java.base/java.lang.Thread.run(Thread.java:833)
]]>
    </error>
  </testcase> <!-- step99_ClickOnProceedButtonAtPaymentSection -->
  <testcase classname="src.in.valtech.cl.scenarios.TC_Scenario_08" name="step04_EnteredPasswordField" time="0.000">
    <error message="Workbook is not found - D:\ChristianLouboutin/resources/front/Automation_DS_StagingEnv1.xlsx" type="com.codoid.products.exception.FilloException">
      <![CDATA[com.codoid.products.exception.FilloException: Workbook is not found - D:\ChristianLouboutin/resources/front/Automation_DS_StagingEnv1.xlsx
	at com.codoid.products.fillo.Fillo.getConnection(Fillo.java:46)
	at src.in.valtech.util.ExcelReader.getDataConfigDetails(ExcelReader.java:200)
	at src.in.valtech.custom.CustomFun.getTestDataSetDetails(CustomFun.java:1869)
	at src.in.valtech.config.BaseTest.setUp(BaseTest.java:166)
	at java.base/jdk.internal.reflect.NativeMethodAccessorImpl.invoke0(Native Method)
	at java.base/jdk.internal.reflect.NativeMethodAccessorImpl.invoke(NativeMethodAccessorImpl.java:77)
	at java.base/jdk.internal.reflect.DelegatingMethodAccessorImpl.invoke(DelegatingMethodAccessorImpl.java:43)
	at java.base/java.lang.reflect.Method.invoke(Method.java:568)
	at org.testng.internal.MethodInvocationHelper.invokeMethod(MethodInvocationHelper.java:85)
	at org.testng.internal.Invoker.invokeConfigurationMethod(Invoker.java:510)
	at org.testng.internal.Invoker.invokeConfigurations(Invoker.java:211)
	at org.testng.internal.Invoker.invokeConfigurations(Invoker.java:138)
	at org.testng.TestRunner.beforeRun(TestRunner.java:648)
	at org.testng.TestRunner.run(TestRunner.java:616)
	at org.testng.SuiteRunner.runTest(SuiteRunner.java:359)
	at org.testng.SuiteRunner.access$000(SuiteRunner.java:39)
	at org.testng.SuiteRunner$SuiteWorker.run(SuiteRunner.java:393)
	at org.testng.internal.thread.ThreadUtil$2.call(ThreadUtil.java:64)
	at java.base/java.util.concurrent.FutureTask.run(FutureTask.java:264)
	at java.base/java.util.concurrent.ThreadPoolExecutor.runWorker(ThreadPoolExecutor.java:1136)
	at java.base/java.util.concurrent.ThreadPoolExecutor$Worker.run(ThreadPoolExecutor.java:635)
	at java.base/java.lang.Thread.run(Thread.java:833)
]]>
    </error>
  </testcase> <!-- step04_EnteredPasswordField -->
  <testcase classname="src.in.valtech.cl.scenarios.TC_Scenario_08" name="step96_EnteredCVVField" time="0.001">
    <error message="Workbook is not found - D:\ChristianLouboutin/resources/front/Automation_DS_StagingEnv1.xlsx" type="com.codoid.products.exception.FilloException">
      <![CDATA[com.codoid.products.exception.FilloException: Workbook is not found - D:\ChristianLouboutin/resources/front/Automation_DS_StagingEnv1.xlsx
	at com.codoid.products.fillo.Fillo.getConnection(Fillo.java:46)
	at src.in.valtech.util.ExcelReader.getDataConfigDetails(ExcelReader.java:200)
	at src.in.valtech.custom.CustomFun.getTestDataSetDetails(CustomFun.java:1869)
	at src.in.valtech.config.BaseTest.setUp(BaseTest.java:166)
	at java.base/jdk.internal.reflect.NativeMethodAccessorImpl.invoke0(Native Method)
	at java.base/jdk.internal.reflect.NativeMethodAccessorImpl.invoke(NativeMethodAccessorImpl.java:77)
	at java.base/jdk.internal.reflect.DelegatingMethodAccessorImpl.invoke(DelegatingMethodAccessorImpl.java:43)
	at java.base/java.lang.reflect.Method.invoke(Method.java:568)
	at org.testng.internal.MethodInvocationHelper.invokeMethod(MethodInvocationHelper.java:85)
	at org.testng.internal.Invoker.invokeConfigurationMethod(Invoker.java:510)
	at org.testng.internal.Invoker.invokeConfigurations(Invoker.java:211)
	at org.testng.internal.Invoker.invokeConfigurations(Invoker.java:138)
	at org.testng.TestRunner.beforeRun(TestRunner.java:648)
	at org.testng.TestRunner.run(TestRunner.java:616)
	at org.testng.SuiteRunner.runTest(SuiteRunner.java:359)
	at org.testng.SuiteRunner.access$000(SuiteRunner.java:39)
	at org.testng.SuiteRunner$SuiteWorker.run(SuiteRunner.java:393)
	at org.testng.internal.thread.ThreadUtil$2.call(ThreadUtil.java:64)
	at java.base/java.util.concurrent.FutureTask.run(FutureTask.java:264)
	at java.base/java.util.concurrent.ThreadPoolExecutor.runWorker(ThreadPoolExecutor.java:1136)
	at java.base/java.util.concurrent.ThreadPoolExecutor$Worker.run(ThreadPoolExecutor.java:635)
	at java.base/java.lang.Thread.run(Thread.java:833)
]]>
    </error>
  </testcase> <!-- step96_EnteredCVVField -->
  <testcase classname="src.in.valtech.cl.scenarios.TC_Scenario_08" name="step173_SelectApprovedOptionFromStatusDropdown" time="0.001">
    <error message="Workbook is not found - D:\ChristianLouboutin/resources/front/Automation_DS_StagingEnv1.xlsx" type="com.codoid.products.exception.FilloException">
      <![CDATA[com.codoid.products.exception.FilloException: Workbook is not found - D:\ChristianLouboutin/resources/front/Automation_DS_StagingEnv1.xlsx
	at com.codoid.products.fillo.Fillo.getConnection(Fillo.java:46)
	at src.in.valtech.util.ExcelReader.getDataConfigDetails(ExcelReader.java:200)
	at src.in.valtech.custom.CustomFun.getTestDataSetDetails(CustomFun.java:1869)
	at src.in.valtech.config.BaseTest.setUp(BaseTest.java:166)
	at java.base/jdk.internal.reflect.NativeMethodAccessorImpl.invoke0(Native Method)
	at java.base/jdk.internal.reflect.NativeMethodAccessorImpl.invoke(NativeMethodAccessorImpl.java:77)
	at java.base/jdk.internal.reflect.DelegatingMethodAccessorImpl.invoke(DelegatingMethodAccessorImpl.java:43)
	at java.base/java.lang.reflect.Method.invoke(Method.java:568)
	at org.testng.internal.MethodInvocationHelper.invokeMethod(MethodInvocationHelper.java:85)
	at org.testng.internal.Invoker.invokeConfigurationMethod(Invoker.java:510)
	at org.testng.internal.Invoker.invokeConfigurations(Invoker.java:211)
	at org.testng.internal.Invoker.invokeConfigurations(Invoker.java:138)
	at org.testng.TestRunner.beforeRun(TestRunner.java:648)
	at org.testng.TestRunner.run(TestRunner.java:616)
	at org.testng.SuiteRunner.runTest(SuiteRunner.java:359)
	at org.testng.SuiteRunner.access$000(SuiteRunner.java:39)
	at org.testng.SuiteRunner$SuiteWorker.run(SuiteRunner.java:393)
	at org.testng.internal.thread.ThreadUtil$2.call(ThreadUtil.java:64)
	at java.base/java.util.concurrent.FutureTask.run(FutureTask.java:264)
	at java.base/java.util.concurrent.ThreadPoolExecutor.runWorker(ThreadPoolExecutor.java:1136)
	at java.base/java.util.concurrent.ThreadPoolExecutor$Worker.run(ThreadPoolExecutor.java:635)
	at java.base/java.lang.Thread.run(Thread.java:833)
]]>
    </error>
  </testcase> <!-- step173_SelectApprovedOptionFromStatusDropdown -->
  <testcase classname="src.in.valtech.cl.scenarios.TC_Scenario_08" name="step67_VerifiedShippingAddressHeaderInCP" time="0.000">
    <error message="Workbook is not found - D:\ChristianLouboutin/resources/front/Automation_DS_StagingEnv1.xlsx" type="com.codoid.products.exception.FilloException">
      <![CDATA[com.codoid.products.exception.FilloException: Workbook is not found - D:\ChristianLouboutin/resources/front/Automation_DS_StagingEnv1.xlsx
	at com.codoid.products.fillo.Fillo.getConnection(Fillo.java:46)
	at src.in.valtech.util.ExcelReader.getDataConfigDetails(ExcelReader.java:200)
	at src.in.valtech.custom.CustomFun.getTestDataSetDetails(CustomFun.java:1869)
	at src.in.valtech.config.BaseTest.setUp(BaseTest.java:166)
	at java.base/jdk.internal.reflect.NativeMethodAccessorImpl.invoke0(Native Method)
	at java.base/jdk.internal.reflect.NativeMethodAccessorImpl.invoke(NativeMethodAccessorImpl.java:77)
	at java.base/jdk.internal.reflect.DelegatingMethodAccessorImpl.invoke(DelegatingMethodAccessorImpl.java:43)
	at java.base/java.lang.reflect.Method.invoke(Method.java:568)
	at org.testng.internal.MethodInvocationHelper.invokeMethod(MethodInvocationHelper.java:85)
	at org.testng.internal.Invoker.invokeConfigurationMethod(Invoker.java:510)
	at org.testng.internal.Invoker.invokeConfigurations(Invoker.java:211)
	at org.testng.internal.Invoker.invokeConfigurations(Invoker.java:138)
	at org.testng.TestRunner.beforeRun(TestRunner.java:648)
	at org.testng.TestRunner.run(TestRunner.java:616)
	at org.testng.SuiteRunner.runTest(SuiteRunner.java:359)
	at org.testng.SuiteRunner.access$000(SuiteRunner.java:39)
	at org.testng.SuiteRunner$SuiteWorker.run(SuiteRunner.java:393)
	at org.testng.internal.thread.ThreadUtil$2.call(ThreadUtil.java:64)
	at java.base/java.util.concurrent.FutureTask.run(FutureTask.java:264)
	at java.base/java.util.concurrent.ThreadPoolExecutor.runWorker(ThreadPoolExecutor.java:1136)
	at java.base/java.util.concurrent.ThreadPoolExecutor$Worker.run(ThreadPoolExecutor.java:635)
	at java.base/java.lang.Thread.run(Thread.java:833)
]]>
    </error>
  </testcase> <!-- step67_VerifiedShippingAddressHeaderInCP -->
  <testcase classname="src.in.valtech.cl.scenarios.TC_Scenario_08" name="step139_EnterOrderIDinPaymentTab_adyen" time="0.000">
    <error message="Workbook is not found - D:\ChristianLouboutin/resources/front/Automation_DS_StagingEnv1.xlsx" type="com.codoid.products.exception.FilloException">
      <![CDATA[com.codoid.products.exception.FilloException: Workbook is not found - D:\ChristianLouboutin/resources/front/Automation_DS_StagingEnv1.xlsx
	at com.codoid.products.fillo.Fillo.getConnection(Fillo.java:46)
	at src.in.valtech.util.ExcelReader.getDataConfigDetails(ExcelReader.java:200)
	at src.in.valtech.custom.CustomFun.getTestDataSetDetails(CustomFun.java:1869)
	at src.in.valtech.config.BaseTest.setUp(BaseTest.java:166)
	at java.base/jdk.internal.reflect.NativeMethodAccessorImpl.invoke0(Native Method)
	at java.base/jdk.internal.reflect.NativeMethodAccessorImpl.invoke(NativeMethodAccessorImpl.java:77)
	at java.base/jdk.internal.reflect.DelegatingMethodAccessorImpl.invoke(DelegatingMethodAccessorImpl.java:43)
	at java.base/java.lang.reflect.Method.invoke(Method.java:568)
	at org.testng.internal.MethodInvocationHelper.invokeMethod(MethodInvocationHelper.java:85)
	at org.testng.internal.Invoker.invokeConfigurationMethod(Invoker.java:510)
	at org.testng.internal.Invoker.invokeConfigurations(Invoker.java:211)
	at org.testng.internal.Invoker.invokeConfigurations(Invoker.java:138)
	at org.testng.TestRunner.beforeRun(TestRunner.java:648)
	at org.testng.TestRunner.run(TestRunner.java:616)
	at org.testng.SuiteRunner.runTest(SuiteRunner.java:359)
	at org.testng.SuiteRunner.access$000(SuiteRunner.java:39)
	at org.testng.SuiteRunner$SuiteWorker.run(SuiteRunner.java:393)
	at org.testng.internal.thread.ThreadUtil$2.call(ThreadUtil.java:64)
	at java.base/java.util.concurrent.FutureTask.run(FutureTask.java:264)
	at java.base/java.util.concurrent.ThreadPoolExecutor.runWorker(ThreadPoolExecutor.java:1136)
	at java.base/java.util.concurrent.ThreadPoolExecutor$Worker.run(ThreadPoolExecutor.java:635)
	at java.base/java.lang.Thread.run(Thread.java:833)
]]>
    </error>
  </testcase> <!-- step139_EnterOrderIDinPaymentTab_adyen -->
  <testcase classname="src.in.valtech.cl.scenarios.TC_Scenario_08" name="step153_SelectOptionFromItemConditionDropdown" time="0.000">
    <error message="Workbook is not found - D:\ChristianLouboutin/resources/front/Automation_DS_StagingEnv1.xlsx" type="com.codoid.products.exception.FilloException">
      <![CDATA[com.codoid.products.exception.FilloException: Workbook is not found - D:\ChristianLouboutin/resources/front/Automation_DS_StagingEnv1.xlsx
	at com.codoid.products.fillo.Fillo.getConnection(Fillo.java:46)
	at src.in.valtech.util.ExcelReader.getDataConfigDetails(ExcelReader.java:200)
	at src.in.valtech.custom.CustomFun.getTestDataSetDetails(CustomFun.java:1869)
	at src.in.valtech.config.BaseTest.setUp(BaseTest.java:166)
	at java.base/jdk.internal.reflect.NativeMethodAccessorImpl.invoke0(Native Method)
	at java.base/jdk.internal.reflect.NativeMethodAccessorImpl.invoke(NativeMethodAccessorImpl.java:77)
	at java.base/jdk.internal.reflect.DelegatingMethodAccessorImpl.invoke(DelegatingMethodAccessorImpl.java:43)
	at java.base/java.lang.reflect.Method.invoke(Method.java:568)
	at org.testng.internal.MethodInvocationHelper.invokeMethod(MethodInvocationHelper.java:85)
	at org.testng.internal.Invoker.invokeConfigurationMethod(Invoker.java:510)
	at org.testng.internal.Invoker.invokeConfigurations(Invoker.java:211)
	at org.testng.internal.Invoker.invokeConfigurations(Invoker.java:138)
	at org.testng.TestRunner.beforeRun(TestRunner.java:648)
	at org.testng.TestRunner.run(TestRunner.java:616)
	at org.testng.SuiteRunner.runTest(SuiteRunner.java:359)
	at org.testng.SuiteRunner.access$000(SuiteRunner.java:39)
	at org.testng.SuiteRunner$SuiteWorker.run(SuiteRunner.java:393)
	at org.testng.internal.thread.ThreadUtil$2.call(ThreadUtil.java:64)
	at java.base/java.util.concurrent.FutureTask.run(FutureTask.java:264)
	at java.base/java.util.concurrent.ThreadPoolExecutor.runWorker(ThreadPoolExecutor.java:1136)
	at java.base/java.util.concurrent.ThreadPoolExecutor$Worker.run(ThreadPoolExecutor.java:635)
	at java.base/java.lang.Thread.run(Thread.java:833)
]]>
    </error>
  </testcase> <!-- step153_SelectOptionFromItemConditionDropdown -->
  <testcase classname="src.in.valtech.cl.scenarios.TC_Scenario_08" name="step63_VerifyInitialSaleableStock" time="0.000">
    <error message="Workbook is not found - D:\ChristianLouboutin/resources/front/Automation_DS_StagingEnv1.xlsx" type="com.codoid.products.exception.FilloException">
      <![CDATA[com.codoid.products.exception.FilloException: Workbook is not found - D:\ChristianLouboutin/resources/front/Automation_DS_StagingEnv1.xlsx
	at com.codoid.products.fillo.Fillo.getConnection(Fillo.java:46)
	at src.in.valtech.util.ExcelReader.getDataConfigDetails(ExcelReader.java:200)
	at src.in.valtech.custom.CustomFun.getTestDataSetDetails(CustomFun.java:1869)
	at src.in.valtech.config.BaseTest.setUp(BaseTest.java:166)
	at java.base/jdk.internal.reflect.NativeMethodAccessorImpl.invoke0(Native Method)
	at java.base/jdk.internal.reflect.NativeMethodAccessorImpl.invoke(NativeMethodAccessorImpl.java:77)
	at java.base/jdk.internal.reflect.DelegatingMethodAccessorImpl.invoke(DelegatingMethodAccessorImpl.java:43)
	at java.base/java.lang.reflect.Method.invoke(Method.java:568)
	at org.testng.internal.MethodInvocationHelper.invokeMethod(MethodInvocationHelper.java:85)
	at org.testng.internal.Invoker.invokeConfigurationMethod(Invoker.java:510)
	at org.testng.internal.Invoker.invokeConfigurations(Invoker.java:211)
	at org.testng.internal.Invoker.invokeConfigurations(Invoker.java:138)
	at org.testng.TestRunner.beforeRun(TestRunner.java:648)
	at org.testng.TestRunner.run(TestRunner.java:616)
	at org.testng.SuiteRunner.runTest(SuiteRunner.java:359)
	at org.testng.SuiteRunner.access$000(SuiteRunner.java:39)
	at org.testng.SuiteRunner$SuiteWorker.run(SuiteRunner.java:393)
	at org.testng.internal.thread.ThreadUtil$2.call(ThreadUtil.java:64)
	at java.base/java.util.concurrent.FutureTask.run(FutureTask.java:264)
	at java.base/java.util.concurrent.ThreadPoolExecutor.runWorker(ThreadPoolExecutor.java:1136)
	at java.base/java.util.concurrent.ThreadPoolExecutor$Worker.run(ThreadPoolExecutor.java:635)
	at java.base/java.lang.Thread.run(Thread.java:833)
]]>
    </error>
  </testcase> <!-- step63_VerifyInitialSaleableStock -->
  <testcase classname="src.in.valtech.cl.scenarios.TC_Scenario_08" name="step112_LoggedIntoAdyen" time="0.000">
    <error message="Workbook is not found - D:\ChristianLouboutin/resources/front/Automation_DS_StagingEnv1.xlsx" type="com.codoid.products.exception.FilloException">
      <![CDATA[com.codoid.products.exception.FilloException: Workbook is not found - D:\ChristianLouboutin/resources/front/Automation_DS_StagingEnv1.xlsx
	at com.codoid.products.fillo.Fillo.getConnection(Fillo.java:46)
	at src.in.valtech.util.ExcelReader.getDataConfigDetails(ExcelReader.java:200)
	at src.in.valtech.custom.CustomFun.getTestDataSetDetails(CustomFun.java:1869)
	at src.in.valtech.config.BaseTest.setUp(BaseTest.java:166)
	at java.base/jdk.internal.reflect.NativeMethodAccessorImpl.invoke0(Native Method)
	at java.base/jdk.internal.reflect.NativeMethodAccessorImpl.invoke(NativeMethodAccessorImpl.java:77)
	at java.base/jdk.internal.reflect.DelegatingMethodAccessorImpl.invoke(DelegatingMethodAccessorImpl.java:43)
	at java.base/java.lang.reflect.Method.invoke(Method.java:568)
	at org.testng.internal.MethodInvocationHelper.invokeMethod(MethodInvocationHelper.java:85)
	at org.testng.internal.Invoker.invokeConfigurationMethod(Invoker.java:510)
	at org.testng.internal.Invoker.invokeConfigurations(Invoker.java:211)
	at org.testng.internal.Invoker.invokeConfigurations(Invoker.java:138)
	at org.testng.TestRunner.beforeRun(TestRunner.java:648)
	at org.testng.TestRunner.run(TestRunner.java:616)
	at org.testng.SuiteRunner.runTest(SuiteRunner.java:359)
	at org.testng.SuiteRunner.access$000(SuiteRunner.java:39)
	at org.testng.SuiteRunner$SuiteWorker.run(SuiteRunner.java:393)
	at org.testng.internal.thread.ThreadUtil$2.call(ThreadUtil.java:64)
	at java.base/java.util.concurrent.FutureTask.run(FutureTask.java:264)
	at java.base/java.util.concurrent.ThreadPoolExecutor.runWorker(ThreadPoolExecutor.java:1136)
	at java.base/java.util.concurrent.ThreadPoolExecutor$Worker.run(ThreadPoolExecutor.java:635)
	at java.base/java.lang.Thread.run(Thread.java:833)
]]>
    </error>
  </testcase> <!-- step112_LoggedIntoAdyen -->
  <testcase classname="src.in.valtech.cl.scenarios.TC_Scenario_08" name="step87_EnteredLastNameField" time="0.000">
    <error message="Workbook is not found - D:\ChristianLouboutin/resources/front/Automation_DS_StagingEnv1.xlsx" type="com.codoid.products.exception.FilloException">
      <![CDATA[com.codoid.products.exception.FilloException: Workbook is not found - D:\ChristianLouboutin/resources/front/Automation_DS_StagingEnv1.xlsx
	at com.codoid.products.fillo.Fillo.getConnection(Fillo.java:46)
	at src.in.valtech.util.ExcelReader.getDataConfigDetails(ExcelReader.java:200)
	at src.in.valtech.custom.CustomFun.getTestDataSetDetails(CustomFun.java:1869)
	at src.in.valtech.config.BaseTest.setUp(BaseTest.java:166)
	at java.base/jdk.internal.reflect.NativeMethodAccessorImpl.invoke0(Native Method)
	at java.base/jdk.internal.reflect.NativeMethodAccessorImpl.invoke(NativeMethodAccessorImpl.java:77)
	at java.base/jdk.internal.reflect.DelegatingMethodAccessorImpl.invoke(DelegatingMethodAccessorImpl.java:43)
	at java.base/java.lang.reflect.Method.invoke(Method.java:568)
	at org.testng.internal.MethodInvocationHelper.invokeMethod(MethodInvocationHelper.java:85)
	at org.testng.internal.Invoker.invokeConfigurationMethod(Invoker.java:510)
	at org.testng.internal.Invoker.invokeConfigurations(Invoker.java:211)
	at org.testng.internal.Invoker.invokeConfigurations(Invoker.java:138)
	at org.testng.TestRunner.beforeRun(TestRunner.java:648)
	at org.testng.TestRunner.run(TestRunner.java:616)
	at org.testng.SuiteRunner.runTest(SuiteRunner.java:359)
	at org.testng.SuiteRunner.access$000(SuiteRunner.java:39)
	at org.testng.SuiteRunner$SuiteWorker.run(SuiteRunner.java:393)
	at org.testng.internal.thread.ThreadUtil$2.call(ThreadUtil.java:64)
	at java.base/java.util.concurrent.FutureTask.run(FutureTask.java:264)
	at java.base/java.util.concurrent.ThreadPoolExecutor.runWorker(ThreadPoolExecutor.java:1136)
	at java.base/java.util.concurrent.ThreadPoolExecutor$Worker.run(ThreadPoolExecutor.java:635)
	at java.base/java.lang.Thread.run(Thread.java:833)
]]>
    </error>
  </testcase> <!-- step87_EnteredLastNameField -->
  <testcase classname="src.in.valtech.cl.scenarios.TC_Scenario_08" name="step189_VerifiedOrderStatusInOrdersPage" time="0.000">
    <error message="Workbook is not found - D:\ChristianLouboutin/resources/front/Automation_DS_StagingEnv1.xlsx" type="com.codoid.products.exception.FilloException">
      <![CDATA[com.codoid.products.exception.FilloException: Workbook is not found - D:\ChristianLouboutin/resources/front/Automation_DS_StagingEnv1.xlsx
	at com.codoid.products.fillo.Fillo.getConnection(Fillo.java:46)
	at src.in.valtech.util.ExcelReader.getDataConfigDetails(ExcelReader.java:200)
	at src.in.valtech.custom.CustomFun.getTestDataSetDetails(CustomFun.java:1869)
	at src.in.valtech.config.BaseTest.setUp(BaseTest.java:166)
	at java.base/jdk.internal.reflect.NativeMethodAccessorImpl.invoke0(Native Method)
	at java.base/jdk.internal.reflect.NativeMethodAccessorImpl.invoke(NativeMethodAccessorImpl.java:77)
	at java.base/jdk.internal.reflect.DelegatingMethodAccessorImpl.invoke(DelegatingMethodAccessorImpl.java:43)
	at java.base/java.lang.reflect.Method.invoke(Method.java:568)
	at org.testng.internal.MethodInvocationHelper.invokeMethod(MethodInvocationHelper.java:85)
	at org.testng.internal.Invoker.invokeConfigurationMethod(Invoker.java:510)
	at org.testng.internal.Invoker.invokeConfigurations(Invoker.java:211)
	at org.testng.internal.Invoker.invokeConfigurations(Invoker.java:138)
	at org.testng.TestRunner.beforeRun(TestRunner.java:648)
	at org.testng.TestRunner.run(TestRunner.java:616)
	at org.testng.SuiteRunner.runTest(SuiteRunner.java:359)
	at org.testng.SuiteRunner.access$000(SuiteRunner.java:39)
	at org.testng.SuiteRunner$SuiteWorker.run(SuiteRunner.java:393)
	at org.testng.internal.thread.ThreadUtil$2.call(ThreadUtil.java:64)
	at java.base/java.util.concurrent.FutureTask.run(FutureTask.java:264)
	at java.base/java.util.concurrent.ThreadPoolExecutor.runWorker(ThreadPoolExecutor.java:1136)
	at java.base/java.util.concurrent.ThreadPoolExecutor$Worker.run(ThreadPoolExecutor.java:635)
	at java.base/java.lang.Thread.run(Thread.java:833)
]]>
    </error>
  </testcase> <!-- step189_VerifiedOrderStatusInOrdersPage -->
  <testcase classname="src.in.valtech.cl.scenarios.TC_Scenario_08" name="step07_ClickOnCustomersIcon" time="0.001">
    <error message="Workbook is not found - D:\ChristianLouboutin/resources/front/Automation_DS_StagingEnv1.xlsx" type="com.codoid.products.exception.FilloException">
      <![CDATA[com.codoid.products.exception.FilloException: Workbook is not found - D:\ChristianLouboutin/resources/front/Automation_DS_StagingEnv1.xlsx
	at com.codoid.products.fillo.Fillo.getConnection(Fillo.java:46)
	at src.in.valtech.util.ExcelReader.getDataConfigDetails(ExcelReader.java:200)
	at src.in.valtech.custom.CustomFun.getTestDataSetDetails(CustomFun.java:1869)
	at src.in.valtech.config.BaseTest.setUp(BaseTest.java:166)
	at java.base/jdk.internal.reflect.NativeMethodAccessorImpl.invoke0(Native Method)
	at java.base/jdk.internal.reflect.NativeMethodAccessorImpl.invoke(NativeMethodAccessorImpl.java:77)
	at java.base/jdk.internal.reflect.DelegatingMethodAccessorImpl.invoke(DelegatingMethodAccessorImpl.java:43)
	at java.base/java.lang.reflect.Method.invoke(Method.java:568)
	at org.testng.internal.MethodInvocationHelper.invokeMethod(MethodInvocationHelper.java:85)
	at org.testng.internal.Invoker.invokeConfigurationMethod(Invoker.java:510)
	at org.testng.internal.Invoker.invokeConfigurations(Invoker.java:211)
	at org.testng.internal.Invoker.invokeConfigurations(Invoker.java:138)
	at org.testng.TestRunner.beforeRun(TestRunner.java:648)
	at org.testng.TestRunner.run(TestRunner.java:616)
	at org.testng.SuiteRunner.runTest(SuiteRunner.java:359)
	at org.testng.SuiteRunner.access$000(SuiteRunner.java:39)
	at org.testng.SuiteRunner$SuiteWorker.run(SuiteRunner.java:393)
	at org.testng.internal.thread.ThreadUtil$2.call(ThreadUtil.java:64)
	at java.base/java.util.concurrent.FutureTask.run(FutureTask.java:264)
	at java.base/java.util.concurrent.ThreadPoolExecutor.runWorker(ThreadPoolExecutor.java:1136)
	at java.base/java.util.concurrent.ThreadPoolExecutor$Worker.run(ThreadPoolExecutor.java:635)
	at java.base/java.lang.Thread.run(Thread.java:833)
]]>
    </error>
  </testcase> <!-- step07_ClickOnCustomersIcon -->
  <testcase classname="src.in.valtech.cl.scenarios.TC_Scenario_08" name="step109_VerifiedOrderStatusInOrdersPage" time="0.000">
    <error message="Workbook is not found - D:\ChristianLouboutin/resources/front/Automation_DS_StagingEnv1.xlsx" type="com.codoid.products.exception.FilloException">
      <![CDATA[com.codoid.products.exception.FilloException: Workbook is not found - D:\ChristianLouboutin/resources/front/Automation_DS_StagingEnv1.xlsx
	at com.codoid.products.fillo.Fillo.getConnection(Fillo.java:46)
	at src.in.valtech.util.ExcelReader.getDataConfigDetails(ExcelReader.java:200)
	at src.in.valtech.custom.CustomFun.getTestDataSetDetails(CustomFun.java:1869)
	at src.in.valtech.config.BaseTest.setUp(BaseTest.java:166)
	at java.base/jdk.internal.reflect.NativeMethodAccessorImpl.invoke0(Native Method)
	at java.base/jdk.internal.reflect.NativeMethodAccessorImpl.invoke(NativeMethodAccessorImpl.java:77)
	at java.base/jdk.internal.reflect.DelegatingMethodAccessorImpl.invoke(DelegatingMethodAccessorImpl.java:43)
	at java.base/java.lang.reflect.Method.invoke(Method.java:568)
	at org.testng.internal.MethodInvocationHelper.invokeMethod(MethodInvocationHelper.java:85)
	at org.testng.internal.Invoker.invokeConfigurationMethod(Invoker.java:510)
	at org.testng.internal.Invoker.invokeConfigurations(Invoker.java:211)
	at org.testng.internal.Invoker.invokeConfigurations(Invoker.java:138)
	at org.testng.TestRunner.beforeRun(TestRunner.java:648)
	at org.testng.TestRunner.run(TestRunner.java:616)
	at org.testng.SuiteRunner.runTest(SuiteRunner.java:359)
	at org.testng.SuiteRunner.access$000(SuiteRunner.java:39)
	at org.testng.SuiteRunner$SuiteWorker.run(SuiteRunner.java:393)
	at org.testng.internal.thread.ThreadUtil$2.call(ThreadUtil.java:64)
	at java.base/java.util.concurrent.FutureTask.run(FutureTask.java:264)
	at java.base/java.util.concurrent.ThreadPoolExecutor.runWorker(ThreadPoolExecutor.java:1136)
	at java.base/java.util.concurrent.ThreadPoolExecutor$Worker.run(ThreadPoolExecutor.java:635)
	at java.base/java.lang.Thread.run(Thread.java:833)
]]>
    </error>
  </testcase> <!-- step109_VerifiedOrderStatusInOrdersPage -->
  <testcase classname="src.in.valtech.cl.scenarios.TC_Scenario_08" name="step40_VerifiedPDPConfirmationMessagePopUPModal" time="0.000">
    <error message="Workbook is not found - D:\ChristianLouboutin/resources/front/Automation_DS_StagingEnv1.xlsx" type="com.codoid.products.exception.FilloException">
      <![CDATA[com.codoid.products.exception.FilloException: Workbook is not found - D:\ChristianLouboutin/resources/front/Automation_DS_StagingEnv1.xlsx
	at com.codoid.products.fillo.Fillo.getConnection(Fillo.java:46)
	at src.in.valtech.util.ExcelReader.getDataConfigDetails(ExcelReader.java:200)
	at src.in.valtech.custom.CustomFun.getTestDataSetDetails(CustomFun.java:1869)
	at src.in.valtech.config.BaseTest.setUp(BaseTest.java:166)
	at java.base/jdk.internal.reflect.NativeMethodAccessorImpl.invoke0(Native Method)
	at java.base/jdk.internal.reflect.NativeMethodAccessorImpl.invoke(NativeMethodAccessorImpl.java:77)
	at java.base/jdk.internal.reflect.DelegatingMethodAccessorImpl.invoke(DelegatingMethodAccessorImpl.java:43)
	at java.base/java.lang.reflect.Method.invoke(Method.java:568)
	at org.testng.internal.MethodInvocationHelper.invokeMethod(MethodInvocationHelper.java:85)
	at org.testng.internal.Invoker.invokeConfigurationMethod(Invoker.java:510)
	at org.testng.internal.Invoker.invokeConfigurations(Invoker.java:211)
	at org.testng.internal.Invoker.invokeConfigurations(Invoker.java:138)
	at org.testng.TestRunner.beforeRun(TestRunner.java:648)
	at org.testng.TestRunner.run(TestRunner.java:616)
	at org.testng.SuiteRunner.runTest(SuiteRunner.java:359)
	at org.testng.SuiteRunner.access$000(SuiteRunner.java:39)
	at org.testng.SuiteRunner$SuiteWorker.run(SuiteRunner.java:393)
	at org.testng.internal.thread.ThreadUtil$2.call(ThreadUtil.java:64)
	at java.base/java.util.concurrent.FutureTask.run(FutureTask.java:264)
	at java.base/java.util.concurrent.ThreadPoolExecutor.runWorker(ThreadPoolExecutor.java:1136)
	at java.base/java.util.concurrent.ThreadPoolExecutor$Worker.run(ThreadPoolExecutor.java:635)
	at java.base/java.lang.Thread.run(Thread.java:833)
]]>
    </error>
  </testcase> <!-- step40_VerifiedPDPConfirmationMessagePopUPModal -->
  <testcase classname="src.in.valtech.cl.scenarios.TC_Scenario_08" name="step180_ClickOnSalesIcon" time="0.000">
    <error message="Workbook is not found - D:\ChristianLouboutin/resources/front/Automation_DS_StagingEnv1.xlsx" type="com.codoid.products.exception.FilloException">
      <![CDATA[com.codoid.products.exception.FilloException: Workbook is not found - D:\ChristianLouboutin/resources/front/Automation_DS_StagingEnv1.xlsx
	at com.codoid.products.fillo.Fillo.getConnection(Fillo.java:46)
	at src.in.valtech.util.ExcelReader.getDataConfigDetails(ExcelReader.java:200)
	at src.in.valtech.custom.CustomFun.getTestDataSetDetails(CustomFun.java:1869)
	at src.in.valtech.config.BaseTest.setUp(BaseTest.java:166)
	at java.base/jdk.internal.reflect.NativeMethodAccessorImpl.invoke0(Native Method)
	at java.base/jdk.internal.reflect.NativeMethodAccessorImpl.invoke(NativeMethodAccessorImpl.java:77)
	at java.base/jdk.internal.reflect.DelegatingMethodAccessorImpl.invoke(DelegatingMethodAccessorImpl.java:43)
	at java.base/java.lang.reflect.Method.invoke(Method.java:568)
	at org.testng.internal.MethodInvocationHelper.invokeMethod(MethodInvocationHelper.java:85)
	at org.testng.internal.Invoker.invokeConfigurationMethod(Invoker.java:510)
	at org.testng.internal.Invoker.invokeConfigurations(Invoker.java:211)
	at org.testng.internal.Invoker.invokeConfigurations(Invoker.java:138)
	at org.testng.TestRunner.beforeRun(TestRunner.java:648)
	at org.testng.TestRunner.run(TestRunner.java:616)
	at org.testng.SuiteRunner.runTest(SuiteRunner.java:359)
	at org.testng.SuiteRunner.access$000(SuiteRunner.java:39)
	at org.testng.SuiteRunner$SuiteWorker.run(SuiteRunner.java:393)
	at org.testng.internal.thread.ThreadUtil$2.call(ThreadUtil.java:64)
	at java.base/java.util.concurrent.FutureTask.run(FutureTask.java:264)
	at java.base/java.util.concurrent.ThreadPoolExecutor.runWorker(ThreadPoolExecutor.java:1136)
	at java.base/java.util.concurrent.ThreadPoolExecutor$Worker.run(ThreadPoolExecutor.java:635)
	at java.base/java.lang.Thread.run(Thread.java:833)
]]>
    </error>
  </testcase> <!-- step180_ClickOnSalesIcon -->
  <testcase classname="src.in.valtech.cl.scenarios.TC_Scenario_08" name="step128_CopySKUIDAndEnterinSearchFeildForScanningProductsInPacking" time="0.000">
    <error message="Workbook is not found - D:\ChristianLouboutin/resources/front/Automation_DS_StagingEnv1.xlsx" type="com.codoid.products.exception.FilloException">
      <![CDATA[com.codoid.products.exception.FilloException: Workbook is not found - D:\ChristianLouboutin/resources/front/Automation_DS_StagingEnv1.xlsx
	at com.codoid.products.fillo.Fillo.getConnection(Fillo.java:46)
	at src.in.valtech.util.ExcelReader.getDataConfigDetails(ExcelReader.java:200)
	at src.in.valtech.custom.CustomFun.getTestDataSetDetails(CustomFun.java:1869)
	at src.in.valtech.config.BaseTest.setUp(BaseTest.java:166)
	at java.base/jdk.internal.reflect.NativeMethodAccessorImpl.invoke0(Native Method)
	at java.base/jdk.internal.reflect.NativeMethodAccessorImpl.invoke(NativeMethodAccessorImpl.java:77)
	at java.base/jdk.internal.reflect.DelegatingMethodAccessorImpl.invoke(DelegatingMethodAccessorImpl.java:43)
	at java.base/java.lang.reflect.Method.invoke(Method.java:568)
	at org.testng.internal.MethodInvocationHelper.invokeMethod(MethodInvocationHelper.java:85)
	at org.testng.internal.Invoker.invokeConfigurationMethod(Invoker.java:510)
	at org.testng.internal.Invoker.invokeConfigurations(Invoker.java:211)
	at org.testng.internal.Invoker.invokeConfigurations(Invoker.java:138)
	at org.testng.TestRunner.beforeRun(TestRunner.java:648)
	at org.testng.TestRunner.run(TestRunner.java:616)
	at org.testng.SuiteRunner.runTest(SuiteRunner.java:359)
	at org.testng.SuiteRunner.access$000(SuiteRunner.java:39)
	at org.testng.SuiteRunner$SuiteWorker.run(SuiteRunner.java:393)
	at org.testng.internal.thread.ThreadUtil$2.call(ThreadUtil.java:64)
	at java.base/java.util.concurrent.FutureTask.run(FutureTask.java:264)
	at java.base/java.util.concurrent.ThreadPoolExecutor.runWorker(ThreadPoolExecutor.java:1136)
	at java.base/java.util.concurrent.ThreadPoolExecutor$Worker.run(ThreadPoolExecutor.java:635)
	at java.base/java.lang.Thread.run(Thread.java:833)
]]>
    </error>
  </testcase> <!-- step128_CopySKUIDAndEnterinSearchFeildForScanningProductsInPacking -->
  <testcase classname="src.in.valtech.cl.scenarios.TC_Scenario_08" name="step12_ClickMyAccountBtn" time="0.000">
    <error message="Workbook is not found - D:\ChristianLouboutin/resources/front/Automation_DS_StagingEnv1.xlsx" type="com.codoid.products.exception.FilloException">
      <![CDATA[com.codoid.products.exception.FilloException: Workbook is not found - D:\ChristianLouboutin/resources/front/Automation_DS_StagingEnv1.xlsx
	at com.codoid.products.fillo.Fillo.getConnection(Fillo.java:46)
	at src.in.valtech.util.ExcelReader.getDataConfigDetails(ExcelReader.java:200)
	at src.in.valtech.custom.CustomFun.getTestDataSetDetails(CustomFun.java:1869)
	at src.in.valtech.config.BaseTest.setUp(BaseTest.java:166)
	at java.base/jdk.internal.reflect.NativeMethodAccessorImpl.invoke0(Native Method)
	at java.base/jdk.internal.reflect.NativeMethodAccessorImpl.invoke(NativeMethodAccessorImpl.java:77)
	at java.base/jdk.internal.reflect.DelegatingMethodAccessorImpl.invoke(DelegatingMethodAccessorImpl.java:43)
	at java.base/java.lang.reflect.Method.invoke(Method.java:568)
	at org.testng.internal.MethodInvocationHelper.invokeMethod(MethodInvocationHelper.java:85)
	at org.testng.internal.Invoker.invokeConfigurationMethod(Invoker.java:510)
	at org.testng.internal.Invoker.invokeConfigurations(Invoker.java:211)
	at org.testng.internal.Invoker.invokeConfigurations(Invoker.java:138)
	at org.testng.TestRunner.beforeRun(TestRunner.java:648)
	at org.testng.TestRunner.run(TestRunner.java:616)
	at org.testng.SuiteRunner.runTest(SuiteRunner.java:359)
	at org.testng.SuiteRunner.access$000(SuiteRunner.java:39)
	at org.testng.SuiteRunner$SuiteWorker.run(SuiteRunner.java:393)
	at org.testng.internal.thread.ThreadUtil$2.call(ThreadUtil.java:64)
	at java.base/java.util.concurrent.FutureTask.run(FutureTask.java:264)
	at java.base/java.util.concurrent.ThreadPoolExecutor.runWorker(ThreadPoolExecutor.java:1136)
	at java.base/java.util.concurrent.ThreadPoolExecutor$Worker.run(ThreadPoolExecutor.java:635)
	at java.base/java.lang.Thread.run(Thread.java:833)
]]>
    </error>
  </testcase> <!-- step12_ClickMyAccountBtn -->
  <testcase classname="src.in.valtech.cl.scenarios.TC_Scenario_08" name="step24_VerifiedMyAccountPageContents" time="0.001">
    <error message="Workbook is not found - D:\ChristianLouboutin/resources/front/Automation_DS_StagingEnv1.xlsx" type="com.codoid.products.exception.FilloException">
      <![CDATA[com.codoid.products.exception.FilloException: Workbook is not found - D:\ChristianLouboutin/resources/front/Automation_DS_StagingEnv1.xlsx
	at com.codoid.products.fillo.Fillo.getConnection(Fillo.java:46)
	at src.in.valtech.util.ExcelReader.getDataConfigDetails(ExcelReader.java:200)
	at src.in.valtech.custom.CustomFun.getTestDataSetDetails(CustomFun.java:1869)
	at src.in.valtech.config.BaseTest.setUp(BaseTest.java:166)
	at java.base/jdk.internal.reflect.NativeMethodAccessorImpl.invoke0(Native Method)
	at java.base/jdk.internal.reflect.NativeMethodAccessorImpl.invoke(NativeMethodAccessorImpl.java:77)
	at java.base/jdk.internal.reflect.DelegatingMethodAccessorImpl.invoke(DelegatingMethodAccessorImpl.java:43)
	at java.base/java.lang.reflect.Method.invoke(Method.java:568)
	at org.testng.internal.MethodInvocationHelper.invokeMethod(MethodInvocationHelper.java:85)
	at org.testng.internal.Invoker.invokeConfigurationMethod(Invoker.java:510)
	at org.testng.internal.Invoker.invokeConfigurations(Invoker.java:211)
	at org.testng.internal.Invoker.invokeConfigurations(Invoker.java:138)
	at org.testng.TestRunner.beforeRun(TestRunner.java:648)
	at org.testng.TestRunner.run(TestRunner.java:616)
	at org.testng.SuiteRunner.runTest(SuiteRunner.java:359)
	at org.testng.SuiteRunner.access$000(SuiteRunner.java:39)
	at org.testng.SuiteRunner$SuiteWorker.run(SuiteRunner.java:393)
	at org.testng.internal.thread.ThreadUtil$2.call(ThreadUtil.java:64)
	at java.base/java.util.concurrent.FutureTask.run(FutureTask.java:264)
	at java.base/java.util.concurrent.ThreadPoolExecutor.runWorker(ThreadPoolExecutor.java:1136)
	at java.base/java.util.concurrent.ThreadPoolExecutor$Worker.run(ThreadPoolExecutor.java:635)
	at java.base/java.lang.Thread.run(Thread.java:833)
]]>
    </error>
  </testcase> <!-- step24_VerifiedMyAccountPageContents -->
  <testcase classname="src.in.valtech.cl.scenarios.TC_Scenario_08" name="step121_VerifiedPickingOrderSuccessMsg" time="0.000">
    <error message="Workbook is not found - D:\ChristianLouboutin/resources/front/Automation_DS_StagingEnv1.xlsx" type="com.codoid.products.exception.FilloException">
      <![CDATA[com.codoid.products.exception.FilloException: Workbook is not found - D:\ChristianLouboutin/resources/front/Automation_DS_StagingEnv1.xlsx
	at com.codoid.products.fillo.Fillo.getConnection(Fillo.java:46)
	at src.in.valtech.util.ExcelReader.getDataConfigDetails(ExcelReader.java:200)
	at src.in.valtech.custom.CustomFun.getTestDataSetDetails(CustomFun.java:1869)
	at src.in.valtech.config.BaseTest.setUp(BaseTest.java:166)
	at java.base/jdk.internal.reflect.NativeMethodAccessorImpl.invoke0(Native Method)
	at java.base/jdk.internal.reflect.NativeMethodAccessorImpl.invoke(NativeMethodAccessorImpl.java:77)
	at java.base/jdk.internal.reflect.DelegatingMethodAccessorImpl.invoke(DelegatingMethodAccessorImpl.java:43)
	at java.base/java.lang.reflect.Method.invoke(Method.java:568)
	at org.testng.internal.MethodInvocationHelper.invokeMethod(MethodInvocationHelper.java:85)
	at org.testng.internal.Invoker.invokeConfigurationMethod(Invoker.java:510)
	at org.testng.internal.Invoker.invokeConfigurations(Invoker.java:211)
	at org.testng.internal.Invoker.invokeConfigurations(Invoker.java:138)
	at org.testng.TestRunner.beforeRun(TestRunner.java:648)
	at org.testng.TestRunner.run(TestRunner.java:616)
	at org.testng.SuiteRunner.runTest(SuiteRunner.java:359)
	at org.testng.SuiteRunner.access$000(SuiteRunner.java:39)
	at org.testng.SuiteRunner$SuiteWorker.run(SuiteRunner.java:393)
	at org.testng.internal.thread.ThreadUtil$2.call(ThreadUtil.java:64)
	at java.base/java.util.concurrent.FutureTask.run(FutureTask.java:264)
	at java.base/java.util.concurrent.ThreadPoolExecutor.runWorker(ThreadPoolExecutor.java:1136)
	at java.base/java.util.concurrent.ThreadPoolExecutor$Worker.run(ThreadPoolExecutor.java:635)
	at java.base/java.lang.Thread.run(Thread.java:833)
]]>
    </error>
  </testcase> <!-- step121_VerifiedPickingOrderSuccessMsg -->
  <testcase classname="src.in.valtech.cl.scenarios.TC_Scenario_08" name="step185_ClickOnRefundButtonInNewMemoPage" time="0.000">
    <error message="Workbook is not found - D:\ChristianLouboutin/resources/front/Automation_DS_StagingEnv1.xlsx" type="com.codoid.products.exception.FilloException">
      <![CDATA[com.codoid.products.exception.FilloException: Workbook is not found - D:\ChristianLouboutin/resources/front/Automation_DS_StagingEnv1.xlsx
	at com.codoid.products.fillo.Fillo.getConnection(Fillo.java:46)
	at src.in.valtech.util.ExcelReader.getDataConfigDetails(ExcelReader.java:200)
	at src.in.valtech.custom.CustomFun.getTestDataSetDetails(CustomFun.java:1869)
	at src.in.valtech.config.BaseTest.setUp(BaseTest.java:166)
	at java.base/jdk.internal.reflect.NativeMethodAccessorImpl.invoke0(Native Method)
	at java.base/jdk.internal.reflect.NativeMethodAccessorImpl.invoke(NativeMethodAccessorImpl.java:77)
	at java.base/jdk.internal.reflect.DelegatingMethodAccessorImpl.invoke(DelegatingMethodAccessorImpl.java:43)
	at java.base/java.lang.reflect.Method.invoke(Method.java:568)
	at org.testng.internal.MethodInvocationHelper.invokeMethod(MethodInvocationHelper.java:85)
	at org.testng.internal.Invoker.invokeConfigurationMethod(Invoker.java:510)
	at org.testng.internal.Invoker.invokeConfigurations(Invoker.java:211)
	at org.testng.internal.Invoker.invokeConfigurations(Invoker.java:138)
	at org.testng.TestRunner.beforeRun(TestRunner.java:648)
	at org.testng.TestRunner.run(TestRunner.java:616)
	at org.testng.SuiteRunner.runTest(SuiteRunner.java:359)
	at org.testng.SuiteRunner.access$000(SuiteRunner.java:39)
	at org.testng.SuiteRunner$SuiteWorker.run(SuiteRunner.java:393)
	at org.testng.internal.thread.ThreadUtil$2.call(ThreadUtil.java:64)
	at java.base/java.util.concurrent.FutureTask.run(FutureTask.java:264)
	at java.base/java.util.concurrent.ThreadPoolExecutor.runWorker(ThreadPoolExecutor.java:1136)
	at java.base/java.util.concurrent.ThreadPoolExecutor$Worker.run(ThreadPoolExecutor.java:635)
	at java.base/java.lang.Thread.run(Thread.java:833)
]]>
    </error>
  </testcase> <!-- step185_ClickOnRefundButtonInNewMemoPage -->
  <testcase classname="src.in.valtech.cl.scenarios.TC_Scenario_08" name="step120_PickingOrderProcess" time="0.000">
    <error message="Workbook is not found - D:\ChristianLouboutin/resources/front/Automation_DS_StagingEnv1.xlsx" type="com.codoid.products.exception.FilloException">
      <![CDATA[com.codoid.products.exception.FilloException: Workbook is not found - D:\ChristianLouboutin/resources/front/Automation_DS_StagingEnv1.xlsx
	at com.codoid.products.fillo.Fillo.getConnection(Fillo.java:46)
	at src.in.valtech.util.ExcelReader.getDataConfigDetails(ExcelReader.java:200)
	at src.in.valtech.custom.CustomFun.getTestDataSetDetails(CustomFun.java:1869)
	at src.in.valtech.config.BaseTest.setUp(BaseTest.java:166)
	at java.base/jdk.internal.reflect.NativeMethodAccessorImpl.invoke0(Native Method)
	at java.base/jdk.internal.reflect.NativeMethodAccessorImpl.invoke(NativeMethodAccessorImpl.java:77)
	at java.base/jdk.internal.reflect.DelegatingMethodAccessorImpl.invoke(DelegatingMethodAccessorImpl.java:43)
	at java.base/java.lang.reflect.Method.invoke(Method.java:568)
	at org.testng.internal.MethodInvocationHelper.invokeMethod(MethodInvocationHelper.java:85)
	at org.testng.internal.Invoker.invokeConfigurationMethod(Invoker.java:510)
	at org.testng.internal.Invoker.invokeConfigurations(Invoker.java:211)
	at org.testng.internal.Invoker.invokeConfigurations(Invoker.java:138)
	at org.testng.TestRunner.beforeRun(TestRunner.java:648)
	at org.testng.TestRunner.run(TestRunner.java:616)
	at org.testng.SuiteRunner.runTest(SuiteRunner.java:359)
	at org.testng.SuiteRunner.access$000(SuiteRunner.java:39)
	at org.testng.SuiteRunner$SuiteWorker.run(SuiteRunner.java:393)
	at org.testng.internal.thread.ThreadUtil$2.call(ThreadUtil.java:64)
	at java.base/java.util.concurrent.FutureTask.run(FutureTask.java:264)
	at java.base/java.util.concurrent.ThreadPoolExecutor.runWorker(ThreadPoolExecutor.java:1136)
	at java.base/java.util.concurrent.ThreadPoolExecutor$Worker.run(ThreadPoolExecutor.java:635)
	at java.base/java.lang.Thread.run(Thread.java:833)
]]>
    </error>
  </testcase> <!-- step120_PickingOrderProcess -->
  <testcase classname="src.in.valtech.cl.scenarios.TC_Scenario_08" name="step77_VerifyAndClickOnSecondShippingMethod" time="0.000">
    <error message="Workbook is not found - D:\ChristianLouboutin/resources/front/Automation_DS_StagingEnv1.xlsx" type="com.codoid.products.exception.FilloException">
      <![CDATA[com.codoid.products.exception.FilloException: Workbook is not found - D:\ChristianLouboutin/resources/front/Automation_DS_StagingEnv1.xlsx
	at com.codoid.products.fillo.Fillo.getConnection(Fillo.java:46)
	at src.in.valtech.util.ExcelReader.getDataConfigDetails(ExcelReader.java:200)
	at src.in.valtech.custom.CustomFun.getTestDataSetDetails(CustomFun.java:1869)
	at src.in.valtech.config.BaseTest.setUp(BaseTest.java:166)
	at java.base/jdk.internal.reflect.NativeMethodAccessorImpl.invoke0(Native Method)
	at java.base/jdk.internal.reflect.NativeMethodAccessorImpl.invoke(NativeMethodAccessorImpl.java:77)
	at java.base/jdk.internal.reflect.DelegatingMethodAccessorImpl.invoke(DelegatingMethodAccessorImpl.java:43)
	at java.base/java.lang.reflect.Method.invoke(Method.java:568)
	at org.testng.internal.MethodInvocationHelper.invokeMethod(MethodInvocationHelper.java:85)
	at org.testng.internal.Invoker.invokeConfigurationMethod(Invoker.java:510)
	at org.testng.internal.Invoker.invokeConfigurations(Invoker.java:211)
	at org.testng.internal.Invoker.invokeConfigurations(Invoker.java:138)
	at org.testng.TestRunner.beforeRun(TestRunner.java:648)
	at org.testng.TestRunner.run(TestRunner.java:616)
	at org.testng.SuiteRunner.runTest(SuiteRunner.java:359)
	at org.testng.SuiteRunner.access$000(SuiteRunner.java:39)
	at org.testng.SuiteRunner$SuiteWorker.run(SuiteRunner.java:393)
	at org.testng.internal.thread.ThreadUtil$2.call(ThreadUtil.java:64)
	at java.base/java.util.concurrent.FutureTask.run(FutureTask.java:264)
	at java.base/java.util.concurrent.ThreadPoolExecutor.runWorker(ThreadPoolExecutor.java:1136)
	at java.base/java.util.concurrent.ThreadPoolExecutor$Worker.run(ThreadPoolExecutor.java:635)
	at java.base/java.lang.Thread.run(Thread.java:833)
]]>
    </error>
  </testcase> <!-- step77_VerifyAndClickOnSecondShippingMethod -->
  <testcase classname="src.in.valtech.cl.scenarios.TC_Scenario_08" name="step43_MouseOverOnMenHeaderNavigation" time="0.000">
    <error message="Workbook is not found - D:\ChristianLouboutin/resources/front/Automation_DS_StagingEnv1.xlsx" type="com.codoid.products.exception.FilloException">
      <![CDATA[com.codoid.products.exception.FilloException: Workbook is not found - D:\ChristianLouboutin/resources/front/Automation_DS_StagingEnv1.xlsx
	at com.codoid.products.fillo.Fillo.getConnection(Fillo.java:46)
	at src.in.valtech.util.ExcelReader.getDataConfigDetails(ExcelReader.java:200)
	at src.in.valtech.custom.CustomFun.getTestDataSetDetails(CustomFun.java:1869)
	at src.in.valtech.config.BaseTest.setUp(BaseTest.java:166)
	at java.base/jdk.internal.reflect.NativeMethodAccessorImpl.invoke0(Native Method)
	at java.base/jdk.internal.reflect.NativeMethodAccessorImpl.invoke(NativeMethodAccessorImpl.java:77)
	at java.base/jdk.internal.reflect.DelegatingMethodAccessorImpl.invoke(DelegatingMethodAccessorImpl.java:43)
	at java.base/java.lang.reflect.Method.invoke(Method.java:568)
	at org.testng.internal.MethodInvocationHelper.invokeMethod(MethodInvocationHelper.java:85)
	at org.testng.internal.Invoker.invokeConfigurationMethod(Invoker.java:510)
	at org.testng.internal.Invoker.invokeConfigurations(Invoker.java:211)
	at org.testng.internal.Invoker.invokeConfigurations(Invoker.java:138)
	at org.testng.TestRunner.beforeRun(TestRunner.java:648)
	at org.testng.TestRunner.run(TestRunner.java:616)
	at org.testng.SuiteRunner.runTest(SuiteRunner.java:359)
	at org.testng.SuiteRunner.access$000(SuiteRunner.java:39)
	at org.testng.SuiteRunner$SuiteWorker.run(SuiteRunner.java:393)
	at org.testng.internal.thread.ThreadUtil$2.call(ThreadUtil.java:64)
	at java.base/java.util.concurrent.FutureTask.run(FutureTask.java:264)
	at java.base/java.util.concurrent.ThreadPoolExecutor.runWorker(ThreadPoolExecutor.java:1136)
	at java.base/java.util.concurrent.ThreadPoolExecutor$Worker.run(ThreadPoolExecutor.java:635)
	at java.base/java.lang.Thread.run(Thread.java:833)
]]>
    </error>
  </testcase> <!-- step43_MouseOverOnMenHeaderNavigation -->
  <testcase classname="src.in.valtech.cl.scenarios.TC_Scenario_08" name="step50_ClickOnProceedToCheckOutCTA" time="0.000">
    <error message="Workbook is not found - D:\ChristianLouboutin/resources/front/Automation_DS_StagingEnv1.xlsx" type="com.codoid.products.exception.FilloException">
      <![CDATA[com.codoid.products.exception.FilloException: Workbook is not found - D:\ChristianLouboutin/resources/front/Automation_DS_StagingEnv1.xlsx
	at com.codoid.products.fillo.Fillo.getConnection(Fillo.java:46)
	at src.in.valtech.util.ExcelReader.getDataConfigDetails(ExcelReader.java:200)
	at src.in.valtech.custom.CustomFun.getTestDataSetDetails(CustomFun.java:1869)
	at src.in.valtech.config.BaseTest.setUp(BaseTest.java:166)
	at java.base/jdk.internal.reflect.NativeMethodAccessorImpl.invoke0(Native Method)
	at java.base/jdk.internal.reflect.NativeMethodAccessorImpl.invoke(NativeMethodAccessorImpl.java:77)
	at java.base/jdk.internal.reflect.DelegatingMethodAccessorImpl.invoke(DelegatingMethodAccessorImpl.java:43)
	at java.base/java.lang.reflect.Method.invoke(Method.java:568)
	at org.testng.internal.MethodInvocationHelper.invokeMethod(MethodInvocationHelper.java:85)
	at org.testng.internal.Invoker.invokeConfigurationMethod(Invoker.java:510)
	at org.testng.internal.Invoker.invokeConfigurations(Invoker.java:211)
	at org.testng.internal.Invoker.invokeConfigurations(Invoker.java:138)
	at org.testng.TestRunner.beforeRun(TestRunner.java:648)
	at org.testng.TestRunner.run(TestRunner.java:616)
	at org.testng.SuiteRunner.runTest(SuiteRunner.java:359)
	at org.testng.SuiteRunner.access$000(SuiteRunner.java:39)
	at org.testng.SuiteRunner$SuiteWorker.run(SuiteRunner.java:393)
	at org.testng.internal.thread.ThreadUtil$2.call(ThreadUtil.java:64)
	at java.base/java.util.concurrent.FutureTask.run(FutureTask.java:264)
	at java.base/java.util.concurrent.ThreadPoolExecutor.runWorker(ThreadPoolExecutor.java:1136)
	at java.base/java.util.concurrent.ThreadPoolExecutor$Worker.run(ThreadPoolExecutor.java:635)
	at java.base/java.lang.Thread.run(Thread.java:833)
]]>
    </error>
  </testcase> <!-- step50_ClickOnProceedToCheckOutCTA -->
  <testcase classname="src.in.valtech.cl.scenarios.TC_Scenario_08" name="step59_VerifyReservedStock" time="0.000">
    <error message="Workbook is not found - D:\ChristianLouboutin/resources/front/Automation_DS_StagingEnv1.xlsx" type="com.codoid.products.exception.FilloException">
      <![CDATA[com.codoid.products.exception.FilloException: Workbook is not found - D:\ChristianLouboutin/resources/front/Automation_DS_StagingEnv1.xlsx
	at com.codoid.products.fillo.Fillo.getConnection(Fillo.java:46)
	at src.in.valtech.util.ExcelReader.getDataConfigDetails(ExcelReader.java:200)
	at src.in.valtech.custom.CustomFun.getTestDataSetDetails(CustomFun.java:1869)
	at src.in.valtech.config.BaseTest.setUp(BaseTest.java:166)
	at java.base/jdk.internal.reflect.NativeMethodAccessorImpl.invoke0(Native Method)
	at java.base/jdk.internal.reflect.NativeMethodAccessorImpl.invoke(NativeMethodAccessorImpl.java:77)
	at java.base/jdk.internal.reflect.DelegatingMethodAccessorImpl.invoke(DelegatingMethodAccessorImpl.java:43)
	at java.base/java.lang.reflect.Method.invoke(Method.java:568)
	at org.testng.internal.MethodInvocationHelper.invokeMethod(MethodInvocationHelper.java:85)
	at org.testng.internal.Invoker.invokeConfigurationMethod(Invoker.java:510)
	at org.testng.internal.Invoker.invokeConfigurations(Invoker.java:211)
	at org.testng.internal.Invoker.invokeConfigurations(Invoker.java:138)
	at org.testng.TestRunner.beforeRun(TestRunner.java:648)
	at org.testng.TestRunner.run(TestRunner.java:616)
	at org.testng.SuiteRunner.runTest(SuiteRunner.java:359)
	at org.testng.SuiteRunner.access$000(SuiteRunner.java:39)
	at org.testng.SuiteRunner$SuiteWorker.run(SuiteRunner.java:393)
	at org.testng.internal.thread.ThreadUtil$2.call(ThreadUtil.java:64)
	at java.base/java.util.concurrent.FutureTask.run(FutureTask.java:264)
	at java.base/java.util.concurrent.ThreadPoolExecutor.runWorker(ThreadPoolExecutor.java:1136)
	at java.base/java.util.concurrent.ThreadPoolExecutor$Worker.run(ThreadPoolExecutor.java:635)
	at java.base/java.lang.Thread.run(Thread.java:833)
]]>
    </error>
  </testcase> <!-- step59_VerifyReservedStock -->
  <testcase classname="src.in.valtech.cl.scenarios.TC_Scenario_08" name="step144_ClickOnCreateReturnsButton" time="0.000">
    <error message="Workbook is not found - D:\ChristianLouboutin/resources/front/Automation_DS_StagingEnv1.xlsx" type="com.codoid.products.exception.FilloException">
      <![CDATA[com.codoid.products.exception.FilloException: Workbook is not found - D:\ChristianLouboutin/resources/front/Automation_DS_StagingEnv1.xlsx
	at com.codoid.products.fillo.Fillo.getConnection(Fillo.java:46)
	at src.in.valtech.util.ExcelReader.getDataConfigDetails(ExcelReader.java:200)
	at src.in.valtech.custom.CustomFun.getTestDataSetDetails(CustomFun.java:1869)
	at src.in.valtech.config.BaseTest.setUp(BaseTest.java:166)
	at java.base/jdk.internal.reflect.NativeMethodAccessorImpl.invoke0(Native Method)
	at java.base/jdk.internal.reflect.NativeMethodAccessorImpl.invoke(NativeMethodAccessorImpl.java:77)
	at java.base/jdk.internal.reflect.DelegatingMethodAccessorImpl.invoke(DelegatingMethodAccessorImpl.java:43)
	at java.base/java.lang.reflect.Method.invoke(Method.java:568)
	at org.testng.internal.MethodInvocationHelper.invokeMethod(MethodInvocationHelper.java:85)
	at org.testng.internal.Invoker.invokeConfigurationMethod(Invoker.java:510)
	at org.testng.internal.Invoker.invokeConfigurations(Invoker.java:211)
	at org.testng.internal.Invoker.invokeConfigurations(Invoker.java:138)
	at org.testng.TestRunner.beforeRun(TestRunner.java:648)
	at org.testng.TestRunner.run(TestRunner.java:616)
	at org.testng.SuiteRunner.runTest(SuiteRunner.java:359)
	at org.testng.SuiteRunner.access$000(SuiteRunner.java:39)
	at org.testng.SuiteRunner$SuiteWorker.run(SuiteRunner.java:393)
	at org.testng.internal.thread.ThreadUtil$2.call(ThreadUtil.java:64)
	at java.base/java.util.concurrent.FutureTask.run(FutureTask.java:264)
	at java.base/java.util.concurrent.ThreadPoolExecutor.runWorker(ThreadPoolExecutor.java:1136)
	at java.base/java.util.concurrent.ThreadPoolExecutor$Worker.run(ThreadPoolExecutor.java:635)
	at java.base/java.lang.Thread.run(Thread.java:833)
]]>
    </error>
  </testcase> <!-- step144_ClickOnCreateReturnsButton -->
  <testcase classname="src.in.valtech.cl.scenarios.TC_Scenario_08" name="step88_EnteredAddressField" time="0.000">
    <error message="Workbook is not found - D:\ChristianLouboutin/resources/front/Automation_DS_StagingEnv1.xlsx" type="com.codoid.products.exception.FilloException">
      <![CDATA[com.codoid.products.exception.FilloException: Workbook is not found - D:\ChristianLouboutin/resources/front/Automation_DS_StagingEnv1.xlsx
	at com.codoid.products.fillo.Fillo.getConnection(Fillo.java:46)
	at src.in.valtech.util.ExcelReader.getDataConfigDetails(ExcelReader.java:200)
	at src.in.valtech.custom.CustomFun.getTestDataSetDetails(CustomFun.java:1869)
	at src.in.valtech.config.BaseTest.setUp(BaseTest.java:166)
	at java.base/jdk.internal.reflect.NativeMethodAccessorImpl.invoke0(Native Method)
	at java.base/jdk.internal.reflect.NativeMethodAccessorImpl.invoke(NativeMethodAccessorImpl.java:77)
	at java.base/jdk.internal.reflect.DelegatingMethodAccessorImpl.invoke(DelegatingMethodAccessorImpl.java:43)
	at java.base/java.lang.reflect.Method.invoke(Method.java:568)
	at org.testng.internal.MethodInvocationHelper.invokeMethod(MethodInvocationHelper.java:85)
	at org.testng.internal.Invoker.invokeConfigurationMethod(Invoker.java:510)
	at org.testng.internal.Invoker.invokeConfigurations(Invoker.java:211)
	at org.testng.internal.Invoker.invokeConfigurations(Invoker.java:138)
	at org.testng.TestRunner.beforeRun(TestRunner.java:648)
	at org.testng.TestRunner.run(TestRunner.java:616)
	at org.testng.SuiteRunner.runTest(SuiteRunner.java:359)
	at org.testng.SuiteRunner.access$000(SuiteRunner.java:39)
	at org.testng.SuiteRunner$SuiteWorker.run(SuiteRunner.java:393)
	at org.testng.internal.thread.ThreadUtil$2.call(ThreadUtil.java:64)
	at java.base/java.util.concurrent.FutureTask.run(FutureTask.java:264)
	at java.base/java.util.concurrent.ThreadPoolExecutor.runWorker(ThreadPoolExecutor.java:1136)
	at java.base/java.util.concurrent.ThreadPoolExecutor$Worker.run(ThreadPoolExecutor.java:635)
	at java.base/java.lang.Thread.run(Thread.java:833)
]]>
    </error>
  </testcase> <!-- step88_EnteredAddressField -->
  <testcase classname="src.in.valtech.cl.scenarios.TC_Scenario_08" name="step83_UncheckMyBAandSABothSame_Checkbox" time="0.000">
    <error message="Workbook is not found - D:\ChristianLouboutin/resources/front/Automation_DS_StagingEnv1.xlsx" type="com.codoid.products.exception.FilloException">
      <![CDATA[com.codoid.products.exception.FilloException: Workbook is not found - D:\ChristianLouboutin/resources/front/Automation_DS_StagingEnv1.xlsx
	at com.codoid.products.fillo.Fillo.getConnection(Fillo.java:46)
	at src.in.valtech.util.ExcelReader.getDataConfigDetails(ExcelReader.java:200)
	at src.in.valtech.custom.CustomFun.getTestDataSetDetails(CustomFun.java:1869)
	at src.in.valtech.config.BaseTest.setUp(BaseTest.java:166)
	at java.base/jdk.internal.reflect.NativeMethodAccessorImpl.invoke0(Native Method)
	at java.base/jdk.internal.reflect.NativeMethodAccessorImpl.invoke(NativeMethodAccessorImpl.java:77)
	at java.base/jdk.internal.reflect.DelegatingMethodAccessorImpl.invoke(DelegatingMethodAccessorImpl.java:43)
	at java.base/java.lang.reflect.Method.invoke(Method.java:568)
	at org.testng.internal.MethodInvocationHelper.invokeMethod(MethodInvocationHelper.java:85)
	at org.testng.internal.Invoker.invokeConfigurationMethod(Invoker.java:510)
	at org.testng.internal.Invoker.invokeConfigurations(Invoker.java:211)
	at org.testng.internal.Invoker.invokeConfigurations(Invoker.java:138)
	at org.testng.TestRunner.beforeRun(TestRunner.java:648)
	at org.testng.TestRunner.run(TestRunner.java:616)
	at org.testng.SuiteRunner.runTest(SuiteRunner.java:359)
	at org.testng.SuiteRunner.access$000(SuiteRunner.java:39)
	at org.testng.SuiteRunner$SuiteWorker.run(SuiteRunner.java:393)
	at org.testng.internal.thread.ThreadUtil$2.call(ThreadUtil.java:64)
	at java.base/java.util.concurrent.FutureTask.run(FutureTask.java:264)
	at java.base/java.util.concurrent.ThreadPoolExecutor.runWorker(ThreadPoolExecutor.java:1136)
	at java.base/java.util.concurrent.ThreadPoolExecutor$Worker.run(ThreadPoolExecutor.java:635)
	at java.base/java.lang.Thread.run(Thread.java:833)
]]>
    </error>
  </testcase> <!-- step83_UncheckMyBAandSABothSame_Checkbox -->
  <testcase classname="src.in.valtech.cl.scenarios.TC_Scenario_08" name="step64_VerifyGiftHeadertextAndDefaultGiftWrapSelected" time="0.000">
    <error message="Workbook is not found - D:\ChristianLouboutin/resources/front/Automation_DS_StagingEnv1.xlsx" type="com.codoid.products.exception.FilloException">
      <![CDATA[com.codoid.products.exception.FilloException: Workbook is not found - D:\ChristianLouboutin/resources/front/Automation_DS_StagingEnv1.xlsx
	at com.codoid.products.fillo.Fillo.getConnection(Fillo.java:46)
	at src.in.valtech.util.ExcelReader.getDataConfigDetails(ExcelReader.java:200)
	at src.in.valtech.custom.CustomFun.getTestDataSetDetails(CustomFun.java:1869)
	at src.in.valtech.config.BaseTest.setUp(BaseTest.java:166)
	at java.base/jdk.internal.reflect.NativeMethodAccessorImpl.invoke0(Native Method)
	at java.base/jdk.internal.reflect.NativeMethodAccessorImpl.invoke(NativeMethodAccessorImpl.java:77)
	at java.base/jdk.internal.reflect.DelegatingMethodAccessorImpl.invoke(DelegatingMethodAccessorImpl.java:43)
	at java.base/java.lang.reflect.Method.invoke(Method.java:568)
	at org.testng.internal.MethodInvocationHelper.invokeMethod(MethodInvocationHelper.java:85)
	at org.testng.internal.Invoker.invokeConfigurationMethod(Invoker.java:510)
	at org.testng.internal.Invoker.invokeConfigurations(Invoker.java:211)
	at org.testng.internal.Invoker.invokeConfigurations(Invoker.java:138)
	at org.testng.TestRunner.beforeRun(TestRunner.java:648)
	at org.testng.TestRunner.run(TestRunner.java:616)
	at org.testng.SuiteRunner.runTest(SuiteRunner.java:359)
	at org.testng.SuiteRunner.access$000(SuiteRunner.java:39)
	at org.testng.SuiteRunner$SuiteWorker.run(SuiteRunner.java:393)
	at org.testng.internal.thread.ThreadUtil$2.call(ThreadUtil.java:64)
	at java.base/java.util.concurrent.FutureTask.run(FutureTask.java:264)
	at java.base/java.util.concurrent.ThreadPoolExecutor.runWorker(ThreadPoolExecutor.java:1136)
	at java.base/java.util.concurrent.ThreadPoolExecutor$Worker.run(ThreadPoolExecutor.java:635)
	at java.base/java.lang.Thread.run(Thread.java:833)
]]>
    </error>
  </testcase> <!-- step64_VerifyGiftHeadertextAndDefaultGiftWrapSelected -->
  <testcase classname="src.in.valtech.cl.scenarios.TC_Scenario_08" name="step162_NaviagtedIntoFOAndVerifiedOrderStatusInMyOrdersPage" time="0.000">
    <error message="Workbook is not found - D:\ChristianLouboutin/resources/front/Automation_DS_StagingEnv1.xlsx" type="com.codoid.products.exception.FilloException">
      <![CDATA[com.codoid.products.exception.FilloException: Workbook is not found - D:\ChristianLouboutin/resources/front/Automation_DS_StagingEnv1.xlsx
	at com.codoid.products.fillo.Fillo.getConnection(Fillo.java:46)
	at src.in.valtech.util.ExcelReader.getDataConfigDetails(ExcelReader.java:200)
	at src.in.valtech.custom.CustomFun.getTestDataSetDetails(CustomFun.java:1869)
	at src.in.valtech.config.BaseTest.setUp(BaseTest.java:166)
	at java.base/jdk.internal.reflect.NativeMethodAccessorImpl.invoke0(Native Method)
	at java.base/jdk.internal.reflect.NativeMethodAccessorImpl.invoke(NativeMethodAccessorImpl.java:77)
	at java.base/jdk.internal.reflect.DelegatingMethodAccessorImpl.invoke(DelegatingMethodAccessorImpl.java:43)
	at java.base/java.lang.reflect.Method.invoke(Method.java:568)
	at org.testng.internal.MethodInvocationHelper.invokeMethod(MethodInvocationHelper.java:85)
	at org.testng.internal.Invoker.invokeConfigurationMethod(Invoker.java:510)
	at org.testng.internal.Invoker.invokeConfigurations(Invoker.java:211)
	at org.testng.internal.Invoker.invokeConfigurations(Invoker.java:138)
	at org.testng.TestRunner.beforeRun(TestRunner.java:648)
	at org.testng.TestRunner.run(TestRunner.java:616)
	at org.testng.SuiteRunner.runTest(SuiteRunner.java:359)
	at org.testng.SuiteRunner.access$000(SuiteRunner.java:39)
	at org.testng.SuiteRunner$SuiteWorker.run(SuiteRunner.java:393)
	at org.testng.internal.thread.ThreadUtil$2.call(ThreadUtil.java:64)
	at java.base/java.util.concurrent.FutureTask.run(FutureTask.java:264)
	at java.base/java.util.concurrent.ThreadPoolExecutor.runWorker(ThreadPoolExecutor.java:1136)
	at java.base/java.util.concurrent.ThreadPoolExecutor$Worker.run(ThreadPoolExecutor.java:635)
	at java.base/java.lang.Thread.run(Thread.java:833)
]]>
    </error>
  </testcase> <!-- step162_NaviagtedIntoFOAndVerifiedOrderStatusInMyOrdersPage -->
  <testcase classname="src.in.valtech.cl.scenarios.TC_Scenario_08" name="step91_VerifiedCountryField" time="0.000">
    <error message="Workbook is not found - D:\ChristianLouboutin/resources/front/Automation_DS_StagingEnv1.xlsx" type="com.codoid.products.exception.FilloException">
      <![CDATA[com.codoid.products.exception.FilloException: Workbook is not found - D:\ChristianLouboutin/resources/front/Automation_DS_StagingEnv1.xlsx
	at com.codoid.products.fillo.Fillo.getConnection(Fillo.java:46)
	at src.in.valtech.util.ExcelReader.getDataConfigDetails(ExcelReader.java:200)
	at src.in.valtech.custom.CustomFun.getTestDataSetDetails(CustomFun.java:1869)
	at src.in.valtech.config.BaseTest.setUp(BaseTest.java:166)
	at java.base/jdk.internal.reflect.NativeMethodAccessorImpl.invoke0(Native Method)
	at java.base/jdk.internal.reflect.NativeMethodAccessorImpl.invoke(NativeMethodAccessorImpl.java:77)
	at java.base/jdk.internal.reflect.DelegatingMethodAccessorImpl.invoke(DelegatingMethodAccessorImpl.java:43)
	at java.base/java.lang.reflect.Method.invoke(Method.java:568)
	at org.testng.internal.MethodInvocationHelper.invokeMethod(MethodInvocationHelper.java:85)
	at org.testng.internal.Invoker.invokeConfigurationMethod(Invoker.java:510)
	at org.testng.internal.Invoker.invokeConfigurations(Invoker.java:211)
	at org.testng.internal.Invoker.invokeConfigurations(Invoker.java:138)
	at org.testng.TestRunner.beforeRun(TestRunner.java:648)
	at org.testng.TestRunner.run(TestRunner.java:616)
	at org.testng.SuiteRunner.runTest(SuiteRunner.java:359)
	at org.testng.SuiteRunner.access$000(SuiteRunner.java:39)
	at org.testng.SuiteRunner$SuiteWorker.run(SuiteRunner.java:393)
	at org.testng.internal.thread.ThreadUtil$2.call(ThreadUtil.java:64)
	at java.base/java.util.concurrent.FutureTask.run(FutureTask.java:264)
	at java.base/java.util.concurrent.ThreadPoolExecutor.runWorker(ThreadPoolExecutor.java:1136)
	at java.base/java.util.concurrent.ThreadPoolExecutor$Worker.run(ThreadPoolExecutor.java:635)
	at java.base/java.lang.Thread.run(Thread.java:833)
]]>
    </error>
  </testcase> <!-- step91_VerifiedCountryField -->
  <testcase classname="src.in.valtech.cl.scenarios.TC_Scenario_08" name="step85_SelectPrefixNameDpdn" time="0.000">
    <error message="Workbook is not found - D:\ChristianLouboutin/resources/front/Automation_DS_StagingEnv1.xlsx" type="com.codoid.products.exception.FilloException">
      <![CDATA[com.codoid.products.exception.FilloException: Workbook is not found - D:\ChristianLouboutin/resources/front/Automation_DS_StagingEnv1.xlsx
	at com.codoid.products.fillo.Fillo.getConnection(Fillo.java:46)
	at src.in.valtech.util.ExcelReader.getDataConfigDetails(ExcelReader.java:200)
	at src.in.valtech.custom.CustomFun.getTestDataSetDetails(CustomFun.java:1869)
	at src.in.valtech.config.BaseTest.setUp(BaseTest.java:166)
	at java.base/jdk.internal.reflect.NativeMethodAccessorImpl.invoke0(Native Method)
	at java.base/jdk.internal.reflect.NativeMethodAccessorImpl.invoke(NativeMethodAccessorImpl.java:77)
	at java.base/jdk.internal.reflect.DelegatingMethodAccessorImpl.invoke(DelegatingMethodAccessorImpl.java:43)
	at java.base/java.lang.reflect.Method.invoke(Method.java:568)
	at org.testng.internal.MethodInvocationHelper.invokeMethod(MethodInvocationHelper.java:85)
	at org.testng.internal.Invoker.invokeConfigurationMethod(Invoker.java:510)
	at org.testng.internal.Invoker.invokeConfigurations(Invoker.java:211)
	at org.testng.internal.Invoker.invokeConfigurations(Invoker.java:138)
	at org.testng.TestRunner.beforeRun(TestRunner.java:648)
	at org.testng.TestRunner.run(TestRunner.java:616)
	at org.testng.SuiteRunner.runTest(SuiteRunner.java:359)
	at org.testng.SuiteRunner.access$000(SuiteRunner.java:39)
	at org.testng.SuiteRunner$SuiteWorker.run(SuiteRunner.java:393)
	at org.testng.internal.thread.ThreadUtil$2.call(ThreadUtil.java:64)
	at java.base/java.util.concurrent.FutureTask.run(FutureTask.java:264)
	at java.base/java.util.concurrent.ThreadPoolExecutor.runWorker(ThreadPoolExecutor.java:1136)
	at java.base/java.util.concurrent.ThreadPoolExecutor$Worker.run(ThreadPoolExecutor.java:635)
	at java.base/java.lang.Thread.run(Thread.java:833)
]]>
    </error>
  </testcase> <!-- step85_SelectPrefixNameDpdn -->
  <testcase classname="src.in.valtech.cl.scenarios.TC_Scenario_08" name="step94_EnteredCreditNumberField" time="0.000">
    <error message="Workbook is not found - D:\ChristianLouboutin/resources/front/Automation_DS_StagingEnv1.xlsx" type="com.codoid.products.exception.FilloException">
      <![CDATA[com.codoid.products.exception.FilloException: Workbook is not found - D:\ChristianLouboutin/resources/front/Automation_DS_StagingEnv1.xlsx
	at com.codoid.products.fillo.Fillo.getConnection(Fillo.java:46)
	at src.in.valtech.util.ExcelReader.getDataConfigDetails(ExcelReader.java:200)
	at src.in.valtech.custom.CustomFun.getTestDataSetDetails(CustomFun.java:1869)
	at src.in.valtech.config.BaseTest.setUp(BaseTest.java:166)
	at java.base/jdk.internal.reflect.NativeMethodAccessorImpl.invoke0(Native Method)
	at java.base/jdk.internal.reflect.NativeMethodAccessorImpl.invoke(NativeMethodAccessorImpl.java:77)
	at java.base/jdk.internal.reflect.DelegatingMethodAccessorImpl.invoke(DelegatingMethodAccessorImpl.java:43)
	at java.base/java.lang.reflect.Method.invoke(Method.java:568)
	at org.testng.internal.MethodInvocationHelper.invokeMethod(MethodInvocationHelper.java:85)
	at org.testng.internal.Invoker.invokeConfigurationMethod(Invoker.java:510)
	at org.testng.internal.Invoker.invokeConfigurations(Invoker.java:211)
	at org.testng.internal.Invoker.invokeConfigurations(Invoker.java:138)
	at org.testng.TestRunner.beforeRun(TestRunner.java:648)
	at org.testng.TestRunner.run(TestRunner.java:616)
	at org.testng.SuiteRunner.runTest(SuiteRunner.java:359)
	at org.testng.SuiteRunner.access$000(SuiteRunner.java:39)
	at org.testng.SuiteRunner$SuiteWorker.run(SuiteRunner.java:393)
	at org.testng.internal.thread.ThreadUtil$2.call(ThreadUtil.java:64)
	at java.base/java.util.concurrent.FutureTask.run(FutureTask.java:264)
	at java.base/java.util.concurrent.ThreadPoolExecutor.runWorker(ThreadPoolExecutor.java:1136)
	at java.base/java.util.concurrent.ThreadPoolExecutor$Worker.run(ThreadPoolExecutor.java:635)
	at java.base/java.lang.Thread.run(Thread.java:833)
]]>
    </error>
  </testcase> <!-- step94_EnteredCreditNumberField -->
  <testcase classname="src.in.valtech.cl.scenarios.TC_Scenario_08" name="step118_VerifySaleableStockDecBy1InWMSAferPlacingTheOrder" time="0.001">
    <error message="Workbook is not found - D:\ChristianLouboutin/resources/front/Automation_DS_StagingEnv1.xlsx" type="com.codoid.products.exception.FilloException">
      <![CDATA[com.codoid.products.exception.FilloException: Workbook is not found - D:\ChristianLouboutin/resources/front/Automation_DS_StagingEnv1.xlsx
	at com.codoid.products.fillo.Fillo.getConnection(Fillo.java:46)
	at src.in.valtech.util.ExcelReader.getDataConfigDetails(ExcelReader.java:200)
	at src.in.valtech.custom.CustomFun.getTestDataSetDetails(CustomFun.java:1869)
	at src.in.valtech.config.BaseTest.setUp(BaseTest.java:166)
	at java.base/jdk.internal.reflect.NativeMethodAccessorImpl.invoke0(Native Method)
	at java.base/jdk.internal.reflect.NativeMethodAccessorImpl.invoke(NativeMethodAccessorImpl.java:77)
	at java.base/jdk.internal.reflect.DelegatingMethodAccessorImpl.invoke(DelegatingMethodAccessorImpl.java:43)
	at java.base/java.lang.reflect.Method.invoke(Method.java:568)
	at org.testng.internal.MethodInvocationHelper.invokeMethod(MethodInvocationHelper.java:85)
	at org.testng.internal.Invoker.invokeConfigurationMethod(Invoker.java:510)
	at org.testng.internal.Invoker.invokeConfigurations(Invoker.java:211)
	at org.testng.internal.Invoker.invokeConfigurations(Invoker.java:138)
	at org.testng.TestRunner.beforeRun(TestRunner.java:648)
	at org.testng.TestRunner.run(TestRunner.java:616)
	at org.testng.SuiteRunner.runTest(SuiteRunner.java:359)
	at org.testng.SuiteRunner.access$000(SuiteRunner.java:39)
	at org.testng.SuiteRunner$SuiteWorker.run(SuiteRunner.java:393)
	at org.testng.internal.thread.ThreadUtil$2.call(ThreadUtil.java:64)
	at java.base/java.util.concurrent.FutureTask.run(FutureTask.java:264)
	at java.base/java.util.concurrent.ThreadPoolExecutor.runWorker(ThreadPoolExecutor.java:1136)
	at java.base/java.util.concurrent.ThreadPoolExecutor$Worker.run(ThreadPoolExecutor.java:635)
	at java.base/java.lang.Thread.run(Thread.java:833)
]]>
    </error>
  </testcase> <!-- step118_VerifySaleableStockDecBy1InWMSAferPlacingTheOrder -->
  <testcase classname="src.in.valtech.cl.scenarios.TC_Scenario_08" name="step198_VerifiedOrderStatusInMyOrdersPage" time="0.000">
    <error message="Workbook is not found - D:\ChristianLouboutin/resources/front/Automation_DS_StagingEnv1.xlsx" type="com.codoid.products.exception.FilloException">
      <![CDATA[com.codoid.products.exception.FilloException: Workbook is not found - D:\ChristianLouboutin/resources/front/Automation_DS_StagingEnv1.xlsx
	at com.codoid.products.fillo.Fillo.getConnection(Fillo.java:46)
	at src.in.valtech.util.ExcelReader.getDataConfigDetails(ExcelReader.java:200)
	at src.in.valtech.custom.CustomFun.getTestDataSetDetails(CustomFun.java:1869)
	at src.in.valtech.config.BaseTest.setUp(BaseTest.java:166)
	at java.base/jdk.internal.reflect.NativeMethodAccessorImpl.invoke0(Native Method)
	at java.base/jdk.internal.reflect.NativeMethodAccessorImpl.invoke(NativeMethodAccessorImpl.java:77)
	at java.base/jdk.internal.reflect.DelegatingMethodAccessorImpl.invoke(DelegatingMethodAccessorImpl.java:43)
	at java.base/java.lang.reflect.Method.invoke(Method.java:568)
	at org.testng.internal.MethodInvocationHelper.invokeMethod(MethodInvocationHelper.java:85)
	at org.testng.internal.Invoker.invokeConfigurationMethod(Invoker.java:510)
	at org.testng.internal.Invoker.invokeConfigurations(Invoker.java:211)
	at org.testng.internal.Invoker.invokeConfigurations(Invoker.java:138)
	at org.testng.TestRunner.beforeRun(TestRunner.java:648)
	at org.testng.TestRunner.run(TestRunner.java:616)
	at org.testng.SuiteRunner.runTest(SuiteRunner.java:359)
	at org.testng.SuiteRunner.access$000(SuiteRunner.java:39)
	at org.testng.SuiteRunner$SuiteWorker.run(SuiteRunner.java:393)
	at org.testng.internal.thread.ThreadUtil$2.call(ThreadUtil.java:64)
	at java.base/java.util.concurrent.FutureTask.run(FutureTask.java:264)
	at java.base/java.util.concurrent.ThreadPoolExecutor.runWorker(ThreadPoolExecutor.java:1136)
	at java.base/java.util.concurrent.ThreadPoolExecutor$Worker.run(ThreadPoolExecutor.java:635)
	at java.base/java.lang.Thread.run(Thread.java:833)
]]>
    </error>
  </testcase> <!-- step198_VerifiedOrderStatusInMyOrdersPage -->
  <testcase classname="src.in.valtech.cl.scenarios.TC_Scenario_08" name="step101_VerifiedSuccessMsgAfterPlacingOrder" time="0.000">
    <error message="Workbook is not found - D:\ChristianLouboutin/resources/front/Automation_DS_StagingEnv1.xlsx" type="com.codoid.products.exception.FilloException">
      <![CDATA[com.codoid.products.exception.FilloException: Workbook is not found - D:\ChristianLouboutin/resources/front/Automation_DS_StagingEnv1.xlsx
	at com.codoid.products.fillo.Fillo.getConnection(Fillo.java:46)
	at src.in.valtech.util.ExcelReader.getDataConfigDetails(ExcelReader.java:200)
	at src.in.valtech.custom.CustomFun.getTestDataSetDetails(CustomFun.java:1869)
	at src.in.valtech.config.BaseTest.setUp(BaseTest.java:166)
	at java.base/jdk.internal.reflect.NativeMethodAccessorImpl.invoke0(Native Method)
	at java.base/jdk.internal.reflect.NativeMethodAccessorImpl.invoke(NativeMethodAccessorImpl.java:77)
	at java.base/jdk.internal.reflect.DelegatingMethodAccessorImpl.invoke(DelegatingMethodAccessorImpl.java:43)
	at java.base/java.lang.reflect.Method.invoke(Method.java:568)
	at org.testng.internal.MethodInvocationHelper.invokeMethod(MethodInvocationHelper.java:85)
	at org.testng.internal.Invoker.invokeConfigurationMethod(Invoker.java:510)
	at org.testng.internal.Invoker.invokeConfigurations(Invoker.java:211)
	at org.testng.internal.Invoker.invokeConfigurations(Invoker.java:138)
	at org.testng.TestRunner.beforeRun(TestRunner.java:648)
	at org.testng.TestRunner.run(TestRunner.java:616)
	at org.testng.SuiteRunner.runTest(SuiteRunner.java:359)
	at org.testng.SuiteRunner.access$000(SuiteRunner.java:39)
	at org.testng.SuiteRunner$SuiteWorker.run(SuiteRunner.java:393)
	at org.testng.internal.thread.ThreadUtil$2.call(ThreadUtil.java:64)
	at java.base/java.util.concurrent.FutureTask.run(FutureTask.java:264)
	at java.base/java.util.concurrent.ThreadPoolExecutor.runWorker(ThreadPoolExecutor.java:1136)
	at java.base/java.util.concurrent.ThreadPoolExecutor$Worker.run(ThreadPoolExecutor.java:635)
	at java.base/java.lang.Thread.run(Thread.java:833)
]]>
    </error>
  </testcase> <!-- step101_VerifiedSuccessMsgAfterPlacingOrder -->
  <testcase classname="src.in.valtech.cl.scenarios.TC_Scenario_08" name="step179_VerifiedOrderStatusInOrdersPage" time="0.000">
    <error message="Workbook is not found - D:\ChristianLouboutin/resources/front/Automation_DS_StagingEnv1.xlsx" type="com.codoid.products.exception.FilloException">
      <![CDATA[com.codoid.products.exception.FilloException: Workbook is not found - D:\ChristianLouboutin/resources/front/Automation_DS_StagingEnv1.xlsx
	at com.codoid.products.fillo.Fillo.getConnection(Fillo.java:46)
	at src.in.valtech.util.ExcelReader.getDataConfigDetails(ExcelReader.java:200)
	at src.in.valtech.custom.CustomFun.getTestDataSetDetails(CustomFun.java:1869)
	at src.in.valtech.config.BaseTest.setUp(BaseTest.java:166)
	at java.base/jdk.internal.reflect.NativeMethodAccessorImpl.invoke0(Native Method)
	at java.base/jdk.internal.reflect.NativeMethodAccessorImpl.invoke(NativeMethodAccessorImpl.java:77)
	at java.base/jdk.internal.reflect.DelegatingMethodAccessorImpl.invoke(DelegatingMethodAccessorImpl.java:43)
	at java.base/java.lang.reflect.Method.invoke(Method.java:568)
	at org.testng.internal.MethodInvocationHelper.invokeMethod(MethodInvocationHelper.java:85)
	at org.testng.internal.Invoker.invokeConfigurationMethod(Invoker.java:510)
	at org.testng.internal.Invoker.invokeConfigurations(Invoker.java:211)
	at org.testng.internal.Invoker.invokeConfigurations(Invoker.java:138)
	at org.testng.TestRunner.beforeRun(TestRunner.java:648)
	at org.testng.TestRunner.run(TestRunner.java:616)
	at org.testng.SuiteRunner.runTest(SuiteRunner.java:359)
	at org.testng.SuiteRunner.access$000(SuiteRunner.java:39)
	at org.testng.SuiteRunner$SuiteWorker.run(SuiteRunner.java:393)
	at org.testng.internal.thread.ThreadUtil$2.call(ThreadUtil.java:64)
	at java.base/java.util.concurrent.FutureTask.run(FutureTask.java:264)
	at java.base/java.util.concurrent.ThreadPoolExecutor.runWorker(ThreadPoolExecutor.java:1136)
	at java.base/java.util.concurrent.ThreadPoolExecutor$Worker.run(ThreadPoolExecutor.java:635)
	at java.base/java.lang.Thread.run(Thread.java:833)
]]>
    </error>
  </testcase> <!-- step179_VerifiedOrderStatusInOrdersPage -->
  <testcase classname="src.in.valtech.cl.scenarios.TC_Scenario_08" name="step51_OpenNewTabAndNavigatedtoWMS" time="0.000">
    <error message="Workbook is not found - D:\ChristianLouboutin/resources/front/Automation_DS_StagingEnv1.xlsx" type="com.codoid.products.exception.FilloException">
      <![CDATA[com.codoid.products.exception.FilloException: Workbook is not found - D:\ChristianLouboutin/resources/front/Automation_DS_StagingEnv1.xlsx
	at com.codoid.products.fillo.Fillo.getConnection(Fillo.java:46)
	at src.in.valtech.util.ExcelReader.getDataConfigDetails(ExcelReader.java:200)
	at src.in.valtech.custom.CustomFun.getTestDataSetDetails(CustomFun.java:1869)
	at src.in.valtech.config.BaseTest.setUp(BaseTest.java:166)
	at java.base/jdk.internal.reflect.NativeMethodAccessorImpl.invoke0(Native Method)
	at java.base/jdk.internal.reflect.NativeMethodAccessorImpl.invoke(NativeMethodAccessorImpl.java:77)
	at java.base/jdk.internal.reflect.DelegatingMethodAccessorImpl.invoke(DelegatingMethodAccessorImpl.java:43)
	at java.base/java.lang.reflect.Method.invoke(Method.java:568)
	at org.testng.internal.MethodInvocationHelper.invokeMethod(MethodInvocationHelper.java:85)
	at org.testng.internal.Invoker.invokeConfigurationMethod(Invoker.java:510)
	at org.testng.internal.Invoker.invokeConfigurations(Invoker.java:211)
	at org.testng.internal.Invoker.invokeConfigurations(Invoker.java:138)
	at org.testng.TestRunner.beforeRun(TestRunner.java:648)
	at org.testng.TestRunner.run(TestRunner.java:616)
	at org.testng.SuiteRunner.runTest(SuiteRunner.java:359)
	at org.testng.SuiteRunner.access$000(SuiteRunner.java:39)
	at org.testng.SuiteRunner$SuiteWorker.run(SuiteRunner.java:393)
	at org.testng.internal.thread.ThreadUtil$2.call(ThreadUtil.java:64)
	at java.base/java.util.concurrent.FutureTask.run(FutureTask.java:264)
	at java.base/java.util.concurrent.ThreadPoolExecutor.runWorker(ThreadPoolExecutor.java:1136)
	at java.base/java.util.concurrent.ThreadPoolExecutor$Worker.run(ThreadPoolExecutor.java:635)
	at java.base/java.lang.Thread.run(Thread.java:833)
]]>
    </error>
  </testcase> <!-- step51_OpenNewTabAndNavigatedtoWMS -->
  <testcase classname="src.in.valtech.cl.scenarios.TC_Scenario_08" name="step203_VerifyAccountCreationConfirmationMailContents" time="0.000">
    <error message="Workbook is not found - D:\ChristianLouboutin/resources/front/Automation_DS_StagingEnv1.xlsx" type="com.codoid.products.exception.FilloException">
      <![CDATA[com.codoid.products.exception.FilloException: Workbook is not found - D:\ChristianLouboutin/resources/front/Automation_DS_StagingEnv1.xlsx
	at com.codoid.products.fillo.Fillo.getConnection(Fillo.java:46)
	at src.in.valtech.util.ExcelReader.getDataConfigDetails(ExcelReader.java:200)
	at src.in.valtech.custom.CustomFun.getTestDataSetDetails(CustomFun.java:1869)
	at src.in.valtech.config.BaseTest.setUp(BaseTest.java:166)
	at java.base/jdk.internal.reflect.NativeMethodAccessorImpl.invoke0(Native Method)
	at java.base/jdk.internal.reflect.NativeMethodAccessorImpl.invoke(NativeMethodAccessorImpl.java:77)
	at java.base/jdk.internal.reflect.DelegatingMethodAccessorImpl.invoke(DelegatingMethodAccessorImpl.java:43)
	at java.base/java.lang.reflect.Method.invoke(Method.java:568)
	at org.testng.internal.MethodInvocationHelper.invokeMethod(MethodInvocationHelper.java:85)
	at org.testng.internal.Invoker.invokeConfigurationMethod(Invoker.java:510)
	at org.testng.internal.Invoker.invokeConfigurations(Invoker.java:211)
	at org.testng.internal.Invoker.invokeConfigurations(Invoker.java:138)
	at org.testng.TestRunner.beforeRun(TestRunner.java:648)
	at org.testng.TestRunner.run(TestRunner.java:616)
	at org.testng.SuiteRunner.runTest(SuiteRunner.java:359)
	at org.testng.SuiteRunner.access$000(SuiteRunner.java:39)
	at org.testng.SuiteRunner$SuiteWorker.run(SuiteRunner.java:393)
	at org.testng.internal.thread.ThreadUtil$2.call(ThreadUtil.java:64)
	at java.base/java.util.concurrent.FutureTask.run(FutureTask.java:264)
	at java.base/java.util.concurrent.ThreadPoolExecutor.runWorker(ThreadPoolExecutor.java:1136)
	at java.base/java.util.concurrent.ThreadPoolExecutor$Worker.run(ThreadPoolExecutor.java:635)
	at java.base/java.lang.Thread.run(Thread.java:833)
]]>
    </error>
  </testcase> <!-- step203_VerifyAccountCreationConfirmationMailContents -->
  <testcase classname="src.in.valtech.cl.scenarios.TC_Scenario_08" name="step176_VerifySuccessMsgForSavedRMARequest" time="0.000">
    <error message="Workbook is not found - D:\ChristianLouboutin/resources/front/Automation_DS_StagingEnv1.xlsx" type="com.codoid.products.exception.FilloException">
      <![CDATA[com.codoid.products.exception.FilloException: Workbook is not found - D:\ChristianLouboutin/resources/front/Automation_DS_StagingEnv1.xlsx
	at com.codoid.products.fillo.Fillo.getConnection(Fillo.java:46)
	at src.in.valtech.util.ExcelReader.getDataConfigDetails(ExcelReader.java:200)
	at src.in.valtech.custom.CustomFun.getTestDataSetDetails(CustomFun.java:1869)
	at src.in.valtech.config.BaseTest.setUp(BaseTest.java:166)
	at java.base/jdk.internal.reflect.NativeMethodAccessorImpl.invoke0(Native Method)
	at java.base/jdk.internal.reflect.NativeMethodAccessorImpl.invoke(NativeMethodAccessorImpl.java:77)
	at java.base/jdk.internal.reflect.DelegatingMethodAccessorImpl.invoke(DelegatingMethodAccessorImpl.java:43)
	at java.base/java.lang.reflect.Method.invoke(Method.java:568)
	at org.testng.internal.MethodInvocationHelper.invokeMethod(MethodInvocationHelper.java:85)
	at org.testng.internal.Invoker.invokeConfigurationMethod(Invoker.java:510)
	at org.testng.internal.Invoker.invokeConfigurations(Invoker.java:211)
	at org.testng.internal.Invoker.invokeConfigurations(Invoker.java:138)
	at org.testng.TestRunner.beforeRun(TestRunner.java:648)
	at org.testng.TestRunner.run(TestRunner.java:616)
	at org.testng.SuiteRunner.runTest(SuiteRunner.java:359)
	at org.testng.SuiteRunner.access$000(SuiteRunner.java:39)
	at org.testng.SuiteRunner$SuiteWorker.run(SuiteRunner.java:393)
	at org.testng.internal.thread.ThreadUtil$2.call(ThreadUtil.java:64)
	at java.base/java.util.concurrent.FutureTask.run(FutureTask.java:264)
	at java.base/java.util.concurrent.ThreadPoolExecutor.runWorker(ThreadPoolExecutor.java:1136)
	at java.base/java.util.concurrent.ThreadPoolExecutor$Worker.run(ThreadPoolExecutor.java:635)
	at java.base/java.lang.Thread.run(Thread.java:833)
]]>
    </error>
  </testcase> <!-- step176_VerifySuccessMsgForSavedRMARequest -->
  <testcase classname="src.in.valtech.cl.scenarios.TC_Scenario_08" name="step36_ClickonProductInfoAndVerifiedContent" time="0.000">
    <error message="Workbook is not found - D:\ChristianLouboutin/resources/front/Automation_DS_StagingEnv1.xlsx" type="com.codoid.products.exception.FilloException">
      <![CDATA[com.codoid.products.exception.FilloException: Workbook is not found - D:\ChristianLouboutin/resources/front/Automation_DS_StagingEnv1.xlsx
	at com.codoid.products.fillo.Fillo.getConnection(Fillo.java:46)
	at src.in.valtech.util.ExcelReader.getDataConfigDetails(ExcelReader.java:200)
	at src.in.valtech.custom.CustomFun.getTestDataSetDetails(CustomFun.java:1869)
	at src.in.valtech.config.BaseTest.setUp(BaseTest.java:166)
	at java.base/jdk.internal.reflect.NativeMethodAccessorImpl.invoke0(Native Method)
	at java.base/jdk.internal.reflect.NativeMethodAccessorImpl.invoke(NativeMethodAccessorImpl.java:77)
	at java.base/jdk.internal.reflect.DelegatingMethodAccessorImpl.invoke(DelegatingMethodAccessorImpl.java:43)
	at java.base/java.lang.reflect.Method.invoke(Method.java:568)
	at org.testng.internal.MethodInvocationHelper.invokeMethod(MethodInvocationHelper.java:85)
	at org.testng.internal.Invoker.invokeConfigurationMethod(Invoker.java:510)
	at org.testng.internal.Invoker.invokeConfigurations(Invoker.java:211)
	at org.testng.internal.Invoker.invokeConfigurations(Invoker.java:138)
	at org.testng.TestRunner.beforeRun(TestRunner.java:648)
	at org.testng.TestRunner.run(TestRunner.java:616)
	at org.testng.SuiteRunner.runTest(SuiteRunner.java:359)
	at org.testng.SuiteRunner.access$000(SuiteRunner.java:39)
	at org.testng.SuiteRunner$SuiteWorker.run(SuiteRunner.java:393)
	at org.testng.internal.thread.ThreadUtil$2.call(ThreadUtil.java:64)
	at java.base/java.util.concurrent.FutureTask.run(FutureTask.java:264)
	at java.base/java.util.concurrent.ThreadPoolExecutor.runWorker(ThreadPoolExecutor.java:1136)
	at java.base/java.util.concurrent.ThreadPoolExecutor$Worker.run(ThreadPoolExecutor.java:635)
	at java.base/java.lang.Thread.run(Thread.java:833)
]]>
    </error>
  </testcase> <!-- step36_ClickonProductInfoAndVerifiedContent -->
  <testcase classname="src.in.valtech.cl.scenarios.TC_Scenario_08" name="step155_ClickOnSubmitReturnsButton" time="0.000">
    <error message="Workbook is not found - D:\ChristianLouboutin/resources/front/Automation_DS_StagingEnv1.xlsx" type="com.codoid.products.exception.FilloException">
      <![CDATA[com.codoid.products.exception.FilloException: Workbook is not found - D:\ChristianLouboutin/resources/front/Automation_DS_StagingEnv1.xlsx
	at com.codoid.products.fillo.Fillo.getConnection(Fillo.java:46)
	at src.in.valtech.util.ExcelReader.getDataConfigDetails(ExcelReader.java:200)
	at src.in.valtech.custom.CustomFun.getTestDataSetDetails(CustomFun.java:1869)
	at src.in.valtech.config.BaseTest.setUp(BaseTest.java:166)
	at java.base/jdk.internal.reflect.NativeMethodAccessorImpl.invoke0(Native Method)
	at java.base/jdk.internal.reflect.NativeMethodAccessorImpl.invoke(NativeMethodAccessorImpl.java:77)
	at java.base/jdk.internal.reflect.DelegatingMethodAccessorImpl.invoke(DelegatingMethodAccessorImpl.java:43)
	at java.base/java.lang.reflect.Method.invoke(Method.java:568)
	at org.testng.internal.MethodInvocationHelper.invokeMethod(MethodInvocationHelper.java:85)
	at org.testng.internal.Invoker.invokeConfigurationMethod(Invoker.java:510)
	at org.testng.internal.Invoker.invokeConfigurations(Invoker.java:211)
	at org.testng.internal.Invoker.invokeConfigurations(Invoker.java:138)
	at org.testng.TestRunner.beforeRun(TestRunner.java:648)
	at org.testng.TestRunner.run(TestRunner.java:616)
	at org.testng.SuiteRunner.runTest(SuiteRunner.java:359)
	at org.testng.SuiteRunner.access$000(SuiteRunner.java:39)
	at org.testng.SuiteRunner$SuiteWorker.run(SuiteRunner.java:393)
	at org.testng.internal.thread.ThreadUtil$2.call(ThreadUtil.java:64)
	at java.base/java.util.concurrent.FutureTask.run(FutureTask.java:264)
	at java.base/java.util.concurrent.ThreadPoolExecutor.runWorker(ThreadPoolExecutor.java:1136)
	at java.base/java.util.concurrent.ThreadPoolExecutor$Worker.run(ThreadPoolExecutor.java:635)
	at java.base/java.lang.Thread.run(Thread.java:833)
]]>
    </error>
  </testcase> <!-- step155_ClickOnSubmitReturnsButton -->
  <testcase classname="src.in.valtech.cl.scenarios.TC_Scenario_08" name="step66_ClickUpdateBtn" time="0.000">
    <error message="Workbook is not found - D:\ChristianLouboutin/resources/front/Automation_DS_StagingEnv1.xlsx" type="com.codoid.products.exception.FilloException">
      <![CDATA[com.codoid.products.exception.FilloException: Workbook is not found - D:\ChristianLouboutin/resources/front/Automation_DS_StagingEnv1.xlsx
	at com.codoid.products.fillo.Fillo.getConnection(Fillo.java:46)
	at src.in.valtech.util.ExcelReader.getDataConfigDetails(ExcelReader.java:200)
	at src.in.valtech.custom.CustomFun.getTestDataSetDetails(CustomFun.java:1869)
	at src.in.valtech.config.BaseTest.setUp(BaseTest.java:166)
	at java.base/jdk.internal.reflect.NativeMethodAccessorImpl.invoke0(Native Method)
	at java.base/jdk.internal.reflect.NativeMethodAccessorImpl.invoke(NativeMethodAccessorImpl.java:77)
	at java.base/jdk.internal.reflect.DelegatingMethodAccessorImpl.invoke(DelegatingMethodAccessorImpl.java:43)
	at java.base/java.lang.reflect.Method.invoke(Method.java:568)
	at org.testng.internal.MethodInvocationHelper.invokeMethod(MethodInvocationHelper.java:85)
	at org.testng.internal.Invoker.invokeConfigurationMethod(Invoker.java:510)
	at org.testng.internal.Invoker.invokeConfigurations(Invoker.java:211)
	at org.testng.internal.Invoker.invokeConfigurations(Invoker.java:138)
	at org.testng.TestRunner.beforeRun(TestRunner.java:648)
	at org.testng.TestRunner.run(TestRunner.java:616)
	at org.testng.SuiteRunner.runTest(SuiteRunner.java:359)
	at org.testng.SuiteRunner.access$000(SuiteRunner.java:39)
	at org.testng.SuiteRunner$SuiteWorker.run(SuiteRunner.java:393)
	at org.testng.internal.thread.ThreadUtil$2.call(ThreadUtil.java:64)
	at java.base/java.util.concurrent.FutureTask.run(FutureTask.java:264)
	at java.base/java.util.concurrent.ThreadPoolExecutor.runWorker(ThreadPoolExecutor.java:1136)
	at java.base/java.util.concurrent.ThreadPoolExecutor$Worker.run(ThreadPoolExecutor.java:635)
	at java.base/java.lang.Thread.run(Thread.java:833)
]]>
    </error>
  </testcase> <!-- step66_ClickUpdateBtn -->
  <testcase classname="src.in.valtech.cl.scenarios.TC_Scenario_08" name="step97_EnteredCardHolderField" time="0.000">
    <error message="Workbook is not found - D:\ChristianLouboutin/resources/front/Automation_DS_StagingEnv1.xlsx" type="com.codoid.products.exception.FilloException">
      <![CDATA[com.codoid.products.exception.FilloException: Workbook is not found - D:\ChristianLouboutin/resources/front/Automation_DS_StagingEnv1.xlsx
	at com.codoid.products.fillo.Fillo.getConnection(Fillo.java:46)
	at src.in.valtech.util.ExcelReader.getDataConfigDetails(ExcelReader.java:200)
	at src.in.valtech.custom.CustomFun.getTestDataSetDetails(CustomFun.java:1869)
	at src.in.valtech.config.BaseTest.setUp(BaseTest.java:166)
	at java.base/jdk.internal.reflect.NativeMethodAccessorImpl.invoke0(Native Method)
	at java.base/jdk.internal.reflect.NativeMethodAccessorImpl.invoke(NativeMethodAccessorImpl.java:77)
	at java.base/jdk.internal.reflect.DelegatingMethodAccessorImpl.invoke(DelegatingMethodAccessorImpl.java:43)
	at java.base/java.lang.reflect.Method.invoke(Method.java:568)
	at org.testng.internal.MethodInvocationHelper.invokeMethod(MethodInvocationHelper.java:85)
	at org.testng.internal.Invoker.invokeConfigurationMethod(Invoker.java:510)
	at org.testng.internal.Invoker.invokeConfigurations(Invoker.java:211)
	at org.testng.internal.Invoker.invokeConfigurations(Invoker.java:138)
	at org.testng.TestRunner.beforeRun(TestRunner.java:648)
	at org.testng.TestRunner.run(TestRunner.java:616)
	at org.testng.SuiteRunner.runTest(SuiteRunner.java:359)
	at org.testng.SuiteRunner.access$000(SuiteRunner.java:39)
	at org.testng.SuiteRunner$SuiteWorker.run(SuiteRunner.java:393)
	at org.testng.internal.thread.ThreadUtil$2.call(ThreadUtil.java:64)
	at java.base/java.util.concurrent.FutureTask.run(FutureTask.java:264)
	at java.base/java.util.concurrent.ThreadPoolExecutor.runWorker(ThreadPoolExecutor.java:1136)
	at java.base/java.util.concurrent.ThreadPoolExecutor$Worker.run(ThreadPoolExecutor.java:635)
	at java.base/java.lang.Thread.run(Thread.java:833)
]]>
    </error>
  </testcase> <!-- step97_EnteredCardHolderField -->
  <testcase classname="src.in.valtech.cl.scenarios.TC_Scenario_08" name="step26_ClickOnL2LipsCategory" time="0.001">
    <error message="Workbook is not found - D:\ChristianLouboutin/resources/front/Automation_DS_StagingEnv1.xlsx" type="com.codoid.products.exception.FilloException">
      <![CDATA[com.codoid.products.exception.FilloException: Workbook is not found - D:\ChristianLouboutin/resources/front/Automation_DS_StagingEnv1.xlsx
	at com.codoid.products.fillo.Fillo.getConnection(Fillo.java:46)
	at src.in.valtech.util.ExcelReader.getDataConfigDetails(ExcelReader.java:200)
	at src.in.valtech.custom.CustomFun.getTestDataSetDetails(CustomFun.java:1869)
	at src.in.valtech.config.BaseTest.setUp(BaseTest.java:166)
	at java.base/jdk.internal.reflect.NativeMethodAccessorImpl.invoke0(Native Method)
	at java.base/jdk.internal.reflect.NativeMethodAccessorImpl.invoke(NativeMethodAccessorImpl.java:77)
	at java.base/jdk.internal.reflect.DelegatingMethodAccessorImpl.invoke(DelegatingMethodAccessorImpl.java:43)
	at java.base/java.lang.reflect.Method.invoke(Method.java:568)
	at org.testng.internal.MethodInvocationHelper.invokeMethod(MethodInvocationHelper.java:85)
	at org.testng.internal.Invoker.invokeConfigurationMethod(Invoker.java:510)
	at org.testng.internal.Invoker.invokeConfigurations(Invoker.java:211)
	at org.testng.internal.Invoker.invokeConfigurations(Invoker.java:138)
	at org.testng.TestRunner.beforeRun(TestRunner.java:648)
	at org.testng.TestRunner.run(TestRunner.java:616)
	at org.testng.SuiteRunner.runTest(SuiteRunner.java:359)
	at org.testng.SuiteRunner.access$000(SuiteRunner.java:39)
	at org.testng.SuiteRunner$SuiteWorker.run(SuiteRunner.java:393)
	at org.testng.internal.thread.ThreadUtil$2.call(ThreadUtil.java:64)
	at java.base/java.util.concurrent.FutureTask.run(FutureTask.java:264)
	at java.base/java.util.concurrent.ThreadPoolExecutor.runWorker(ThreadPoolExecutor.java:1136)
	at java.base/java.util.concurrent.ThreadPoolExecutor$Worker.run(ThreadPoolExecutor.java:635)
	at java.base/java.lang.Thread.run(Thread.java:833)
]]>
    </error>
  </testcase> <!-- step26_ClickOnL2LipsCategory -->
  <testcase classname="src.in.valtech.cl.scenarios.TC_Scenario_08" name="step122_VerifiedGiftMsg_INPicking" time="0.000">
    <error message="Workbook is not found - D:\ChristianLouboutin/resources/front/Automation_DS_StagingEnv1.xlsx" type="com.codoid.products.exception.FilloException">
      <![CDATA[com.codoid.products.exception.FilloException: Workbook is not found - D:\ChristianLouboutin/resources/front/Automation_DS_StagingEnv1.xlsx
	at com.codoid.products.fillo.Fillo.getConnection(Fillo.java:46)
	at src.in.valtech.util.ExcelReader.getDataConfigDetails(ExcelReader.java:200)
	at src.in.valtech.custom.CustomFun.getTestDataSetDetails(CustomFun.java:1869)
	at src.in.valtech.config.BaseTest.setUp(BaseTest.java:166)
	at java.base/jdk.internal.reflect.NativeMethodAccessorImpl.invoke0(Native Method)
	at java.base/jdk.internal.reflect.NativeMethodAccessorImpl.invoke(NativeMethodAccessorImpl.java:77)
	at java.base/jdk.internal.reflect.DelegatingMethodAccessorImpl.invoke(DelegatingMethodAccessorImpl.java:43)
	at java.base/java.lang.reflect.Method.invoke(Method.java:568)
	at org.testng.internal.MethodInvocationHelper.invokeMethod(MethodInvocationHelper.java:85)
	at org.testng.internal.Invoker.invokeConfigurationMethod(Invoker.java:510)
	at org.testng.internal.Invoker.invokeConfigurations(Invoker.java:211)
	at org.testng.internal.Invoker.invokeConfigurations(Invoker.java:138)
	at org.testng.TestRunner.beforeRun(TestRunner.java:648)
	at org.testng.TestRunner.run(TestRunner.java:616)
	at org.testng.SuiteRunner.runTest(SuiteRunner.java:359)
	at org.testng.SuiteRunner.access$000(SuiteRunner.java:39)
	at org.testng.SuiteRunner$SuiteWorker.run(SuiteRunner.java:393)
	at org.testng.internal.thread.ThreadUtil$2.call(ThreadUtil.java:64)
	at java.base/java.util.concurrent.FutureTask.run(FutureTask.java:264)
	at java.base/java.util.concurrent.ThreadPoolExecutor.runWorker(ThreadPoolExecutor.java:1136)
	at java.base/java.util.concurrent.ThreadPoolExecutor$Worker.run(ThreadPoolExecutor.java:635)
	at java.base/java.lang.Thread.run(Thread.java:833)
]]>
    </error>
  </testcase> <!-- step122_VerifiedGiftMsg_INPicking -->
  <testcase classname="src.in.valtech.cl.scenarios.TC_Scenario_08" name="step131_ClickOnValidateBtn" time="0.000">
    <error message="Workbook is not found - D:\ChristianLouboutin/resources/front/Automation_DS_StagingEnv1.xlsx" type="com.codoid.products.exception.FilloException">
      <![CDATA[com.codoid.products.exception.FilloException: Workbook is not found - D:\ChristianLouboutin/resources/front/Automation_DS_StagingEnv1.xlsx
	at com.codoid.products.fillo.Fillo.getConnection(Fillo.java:46)
	at src.in.valtech.util.ExcelReader.getDataConfigDetails(ExcelReader.java:200)
	at src.in.valtech.custom.CustomFun.getTestDataSetDetails(CustomFun.java:1869)
	at src.in.valtech.config.BaseTest.setUp(BaseTest.java:166)
	at java.base/jdk.internal.reflect.NativeMethodAccessorImpl.invoke0(Native Method)
	at java.base/jdk.internal.reflect.NativeMethodAccessorImpl.invoke(NativeMethodAccessorImpl.java:77)
	at java.base/jdk.internal.reflect.DelegatingMethodAccessorImpl.invoke(DelegatingMethodAccessorImpl.java:43)
	at java.base/java.lang.reflect.Method.invoke(Method.java:568)
	at org.testng.internal.MethodInvocationHelper.invokeMethod(MethodInvocationHelper.java:85)
	at org.testng.internal.Invoker.invokeConfigurationMethod(Invoker.java:510)
	at org.testng.internal.Invoker.invokeConfigurations(Invoker.java:211)
	at org.testng.internal.Invoker.invokeConfigurations(Invoker.java:138)
	at org.testng.TestRunner.beforeRun(TestRunner.java:648)
	at org.testng.TestRunner.run(TestRunner.java:616)
	at org.testng.SuiteRunner.runTest(SuiteRunner.java:359)
	at org.testng.SuiteRunner.access$000(SuiteRunner.java:39)
	at org.testng.SuiteRunner$SuiteWorker.run(SuiteRunner.java:393)
	at org.testng.internal.thread.ThreadUtil$2.call(ThreadUtil.java:64)
	at java.base/java.util.concurrent.FutureTask.run(FutureTask.java:264)
	at java.base/java.util.concurrent.ThreadPoolExecutor.runWorker(ThreadPoolExecutor.java:1136)
	at java.base/java.util.concurrent.ThreadPoolExecutor$Worker.run(ThreadPoolExecutor.java:635)
	at java.base/java.lang.Thread.run(Thread.java:833)
]]>
    </error>
  </testcase> <!-- step131_ClickOnValidateBtn -->
  <testcase classname="src.in.valtech.cl.scenarios.TC_Scenario_08" name="step156_VerifySuccessMsgForRMARequest" time="0.000">
    <error message="Workbook is not found - D:\ChristianLouboutin/resources/front/Automation_DS_StagingEnv1.xlsx" type="com.codoid.products.exception.FilloException">
      <![CDATA[com.codoid.products.exception.FilloException: Workbook is not found - D:\ChristianLouboutin/resources/front/Automation_DS_StagingEnv1.xlsx
	at com.codoid.products.fillo.Fillo.getConnection(Fillo.java:46)
	at src.in.valtech.util.ExcelReader.getDataConfigDetails(ExcelReader.java:200)
	at src.in.valtech.custom.CustomFun.getTestDataSetDetails(CustomFun.java:1869)
	at src.in.valtech.config.BaseTest.setUp(BaseTest.java:166)
	at java.base/jdk.internal.reflect.NativeMethodAccessorImpl.invoke0(Native Method)
	at java.base/jdk.internal.reflect.NativeMethodAccessorImpl.invoke(NativeMethodAccessorImpl.java:77)
	at java.base/jdk.internal.reflect.DelegatingMethodAccessorImpl.invoke(DelegatingMethodAccessorImpl.java:43)
	at java.base/java.lang.reflect.Method.invoke(Method.java:568)
	at org.testng.internal.MethodInvocationHelper.invokeMethod(MethodInvocationHelper.java:85)
	at org.testng.internal.Invoker.invokeConfigurationMethod(Invoker.java:510)
	at org.testng.internal.Invoker.invokeConfigurations(Invoker.java:211)
	at org.testng.internal.Invoker.invokeConfigurations(Invoker.java:138)
	at org.testng.TestRunner.beforeRun(TestRunner.java:648)
	at org.testng.TestRunner.run(TestRunner.java:616)
	at org.testng.SuiteRunner.runTest(SuiteRunner.java:359)
	at org.testng.SuiteRunner.access$000(SuiteRunner.java:39)
	at org.testng.SuiteRunner$SuiteWorker.run(SuiteRunner.java:393)
	at org.testng.internal.thread.ThreadUtil$2.call(ThreadUtil.java:64)
	at java.base/java.util.concurrent.FutureTask.run(FutureTask.java:264)
	at java.base/java.util.concurrent.ThreadPoolExecutor.runWorker(ThreadPoolExecutor.java:1136)
	at java.base/java.util.concurrent.ThreadPoolExecutor$Worker.run(ThreadPoolExecutor.java:635)
	at java.base/java.lang.Thread.run(Thread.java:833)
]]>
    </error>
  </testcase> <!-- step156_VerifySuccessMsgForRMARequest -->
  <testcase classname="src.in.valtech.cl.scenarios.TC_Scenario_08" name="step38_VerifyMainThumbnailImg" time="0.000">
    <error message="Workbook is not found - D:\ChristianLouboutin/resources/front/Automation_DS_StagingEnv1.xlsx" type="com.codoid.products.exception.FilloException">
      <![CDATA[com.codoid.products.exception.FilloException: Workbook is not found - D:\ChristianLouboutin/resources/front/Automation_DS_StagingEnv1.xlsx
	at com.codoid.products.fillo.Fillo.getConnection(Fillo.java:46)
	at src.in.valtech.util.ExcelReader.getDataConfigDetails(ExcelReader.java:200)
	at src.in.valtech.custom.CustomFun.getTestDataSetDetails(CustomFun.java:1869)
	at src.in.valtech.config.BaseTest.setUp(BaseTest.java:166)
	at java.base/jdk.internal.reflect.NativeMethodAccessorImpl.invoke0(Native Method)
	at java.base/jdk.internal.reflect.NativeMethodAccessorImpl.invoke(NativeMethodAccessorImpl.java:77)
	at java.base/jdk.internal.reflect.DelegatingMethodAccessorImpl.invoke(DelegatingMethodAccessorImpl.java:43)
	at java.base/java.lang.reflect.Method.invoke(Method.java:568)
	at org.testng.internal.MethodInvocationHelper.invokeMethod(MethodInvocationHelper.java:85)
	at org.testng.internal.Invoker.invokeConfigurationMethod(Invoker.java:510)
	at org.testng.internal.Invoker.invokeConfigurations(Invoker.java:211)
	at org.testng.internal.Invoker.invokeConfigurations(Invoker.java:138)
	at org.testng.TestRunner.beforeRun(TestRunner.java:648)
	at org.testng.TestRunner.run(TestRunner.java:616)
	at org.testng.SuiteRunner.runTest(SuiteRunner.java:359)
	at org.testng.SuiteRunner.access$000(SuiteRunner.java:39)
	at org.testng.SuiteRunner$SuiteWorker.run(SuiteRunner.java:393)
	at org.testng.internal.thread.ThreadUtil$2.call(ThreadUtil.java:64)
	at java.base/java.util.concurrent.FutureTask.run(FutureTask.java:264)
	at java.base/java.util.concurrent.ThreadPoolExecutor.runWorker(ThreadPoolExecutor.java:1136)
	at java.base/java.util.concurrent.ThreadPoolExecutor$Worker.run(ThreadPoolExecutor.java:635)
	at java.base/java.lang.Thread.run(Thread.java:833)
]]>
    </error>
  </testcase> <!-- step38_VerifyMainThumbnailImg -->
  <testcase classname="src.in.valtech.cl.scenarios.TC_Scenario_08" name="step49_VerifyProductDetailsInMainCart" time="0.000">
    <error message="Workbook is not found - D:\ChristianLouboutin/resources/front/Automation_DS_StagingEnv1.xlsx" type="com.codoid.products.exception.FilloException">
      <![CDATA[com.codoid.products.exception.FilloException: Workbook is not found - D:\ChristianLouboutin/resources/front/Automation_DS_StagingEnv1.xlsx
	at com.codoid.products.fillo.Fillo.getConnection(Fillo.java:46)
	at src.in.valtech.util.ExcelReader.getDataConfigDetails(ExcelReader.java:200)
	at src.in.valtech.custom.CustomFun.getTestDataSetDetails(CustomFun.java:1869)
	at src.in.valtech.config.BaseTest.setUp(BaseTest.java:166)
	at java.base/jdk.internal.reflect.NativeMethodAccessorImpl.invoke0(Native Method)
	at java.base/jdk.internal.reflect.NativeMethodAccessorImpl.invoke(NativeMethodAccessorImpl.java:77)
	at java.base/jdk.internal.reflect.DelegatingMethodAccessorImpl.invoke(DelegatingMethodAccessorImpl.java:43)
	at java.base/java.lang.reflect.Method.invoke(Method.java:568)
	at org.testng.internal.MethodInvocationHelper.invokeMethod(MethodInvocationHelper.java:85)
	at org.testng.internal.Invoker.invokeConfigurationMethod(Invoker.java:510)
	at org.testng.internal.Invoker.invokeConfigurations(Invoker.java:211)
	at org.testng.internal.Invoker.invokeConfigurations(Invoker.java:138)
	at org.testng.TestRunner.beforeRun(TestRunner.java:648)
	at org.testng.TestRunner.run(TestRunner.java:616)
	at org.testng.SuiteRunner.runTest(SuiteRunner.java:359)
	at org.testng.SuiteRunner.access$000(SuiteRunner.java:39)
	at org.testng.SuiteRunner$SuiteWorker.run(SuiteRunner.java:393)
	at org.testng.internal.thread.ThreadUtil$2.call(ThreadUtil.java:64)
	at java.base/java.util.concurrent.FutureTask.run(FutureTask.java:264)
	at java.base/java.util.concurrent.ThreadPoolExecutor.runWorker(ThreadPoolExecutor.java:1136)
	at java.base/java.util.concurrent.ThreadPoolExecutor$Worker.run(ThreadPoolExecutor.java:635)
	at java.base/java.lang.Thread.run(Thread.java:833)
]]>
    </error>
  </testcase> <!-- step49_VerifyProductDetailsInMainCart -->
  <testcase classname="src.in.valtech.cl.scenarios.TC_Scenario_08" name="step146_ClickOnReturnItems" time="0.000">
    <error message="Workbook is not found - D:\ChristianLouboutin/resources/front/Automation_DS_StagingEnv1.xlsx" type="com.codoid.products.exception.FilloException">
      <![CDATA[com.codoid.products.exception.FilloException: Workbook is not found - D:\ChristianLouboutin/resources/front/Automation_DS_StagingEnv1.xlsx
	at com.codoid.products.fillo.Fillo.getConnection(Fillo.java:46)
	at src.in.valtech.util.ExcelReader.getDataConfigDetails(ExcelReader.java:200)
	at src.in.valtech.custom.CustomFun.getTestDataSetDetails(CustomFun.java:1869)
	at src.in.valtech.config.BaseTest.setUp(BaseTest.java:166)
	at java.base/jdk.internal.reflect.NativeMethodAccessorImpl.invoke0(Native Method)
	at java.base/jdk.internal.reflect.NativeMethodAccessorImpl.invoke(NativeMethodAccessorImpl.java:77)
	at java.base/jdk.internal.reflect.DelegatingMethodAccessorImpl.invoke(DelegatingMethodAccessorImpl.java:43)
	at java.base/java.lang.reflect.Method.invoke(Method.java:568)
	at org.testng.internal.MethodInvocationHelper.invokeMethod(MethodInvocationHelper.java:85)
	at org.testng.internal.Invoker.invokeConfigurationMethod(Invoker.java:510)
	at org.testng.internal.Invoker.invokeConfigurations(Invoker.java:211)
	at org.testng.internal.Invoker.invokeConfigurations(Invoker.java:138)
	at org.testng.TestRunner.beforeRun(TestRunner.java:648)
	at org.testng.TestRunner.run(TestRunner.java:616)
	at org.testng.SuiteRunner.runTest(SuiteRunner.java:359)
	at org.testng.SuiteRunner.access$000(SuiteRunner.java:39)
	at org.testng.SuiteRunner$SuiteWorker.run(SuiteRunner.java:393)
	at org.testng.internal.thread.ThreadUtil$2.call(ThreadUtil.java:64)
	at java.base/java.util.concurrent.FutureTask.run(FutureTask.java:264)
	at java.base/java.util.concurrent.ThreadPoolExecutor.runWorker(ThreadPoolExecutor.java:1136)
	at java.base/java.util.concurrent.ThreadPoolExecutor$Worker.run(ThreadPoolExecutor.java:635)
	at java.base/java.lang.Thread.run(Thread.java:833)
]]>
    </error>
  </testcase> <!-- step146_ClickOnReturnItems -->
  <testcase classname="src.in.valtech.cl.scenarios.TC_Scenario_08" name="step95_EnteredExpiryDateField" time="0.000">
    <error message="Workbook is not found - D:\ChristianLouboutin/resources/front/Automation_DS_StagingEnv1.xlsx" type="com.codoid.products.exception.FilloException">
      <![CDATA[com.codoid.products.exception.FilloException: Workbook is not found - D:\ChristianLouboutin/resources/front/Automation_DS_StagingEnv1.xlsx
	at com.codoid.products.fillo.Fillo.getConnection(Fillo.java:46)
	at src.in.valtech.util.ExcelReader.getDataConfigDetails(ExcelReader.java:200)
	at src.in.valtech.custom.CustomFun.getTestDataSetDetails(CustomFun.java:1869)
	at src.in.valtech.config.BaseTest.setUp(BaseTest.java:166)
	at java.base/jdk.internal.reflect.NativeMethodAccessorImpl.invoke0(Native Method)
	at java.base/jdk.internal.reflect.NativeMethodAccessorImpl.invoke(NativeMethodAccessorImpl.java:77)
	at java.base/jdk.internal.reflect.DelegatingMethodAccessorImpl.invoke(DelegatingMethodAccessorImpl.java:43)
	at java.base/java.lang.reflect.Method.invoke(Method.java:568)
	at org.testng.internal.MethodInvocationHelper.invokeMethod(MethodInvocationHelper.java:85)
	at org.testng.internal.Invoker.invokeConfigurationMethod(Invoker.java:510)
	at org.testng.internal.Invoker.invokeConfigurations(Invoker.java:211)
	at org.testng.internal.Invoker.invokeConfigurations(Invoker.java:138)
	at org.testng.TestRunner.beforeRun(TestRunner.java:648)
	at org.testng.TestRunner.run(TestRunner.java:616)
	at org.testng.SuiteRunner.runTest(SuiteRunner.java:359)
	at org.testng.SuiteRunner.access$000(SuiteRunner.java:39)
	at org.testng.SuiteRunner$SuiteWorker.run(SuiteRunner.java:393)
	at org.testng.internal.thread.ThreadUtil$2.call(ThreadUtil.java:64)
	at java.base/java.util.concurrent.FutureTask.run(FutureTask.java:264)
	at java.base/java.util.concurrent.ThreadPoolExecutor.runWorker(ThreadPoolExecutor.java:1136)
	at java.base/java.util.concurrent.ThreadPoolExecutor$Worker.run(ThreadPoolExecutor.java:635)
	at java.base/java.lang.Thread.run(Thread.java:833)
]]>
    </error>
  </testcase> <!-- step95_EnteredExpiryDateField -->
  <testcase classname="src.in.valtech.cl.scenarios.TC_Scenario_08" name="step194_NavigatedIntoAdyenAndClickOnPaymentTab" time="0.000">
    <error message="Workbook is not found - D:\ChristianLouboutin/resources/front/Automation_DS_StagingEnv1.xlsx" type="com.codoid.products.exception.FilloException">
      <![CDATA[com.codoid.products.exception.FilloException: Workbook is not found - D:\ChristianLouboutin/resources/front/Automation_DS_StagingEnv1.xlsx
	at com.codoid.products.fillo.Fillo.getConnection(Fillo.java:46)
	at src.in.valtech.util.ExcelReader.getDataConfigDetails(ExcelReader.java:200)
	at src.in.valtech.custom.CustomFun.getTestDataSetDetails(CustomFun.java:1869)
	at src.in.valtech.config.BaseTest.setUp(BaseTest.java:166)
	at java.base/jdk.internal.reflect.NativeMethodAccessorImpl.invoke0(Native Method)
	at java.base/jdk.internal.reflect.NativeMethodAccessorImpl.invoke(NativeMethodAccessorImpl.java:77)
	at java.base/jdk.internal.reflect.DelegatingMethodAccessorImpl.invoke(DelegatingMethodAccessorImpl.java:43)
	at java.base/java.lang.reflect.Method.invoke(Method.java:568)
	at org.testng.internal.MethodInvocationHelper.invokeMethod(MethodInvocationHelper.java:85)
	at org.testng.internal.Invoker.invokeConfigurationMethod(Invoker.java:510)
	at org.testng.internal.Invoker.invokeConfigurations(Invoker.java:211)
	at org.testng.internal.Invoker.invokeConfigurations(Invoker.java:138)
	at org.testng.TestRunner.beforeRun(TestRunner.java:648)
	at org.testng.TestRunner.run(TestRunner.java:616)
	at org.testng.SuiteRunner.runTest(SuiteRunner.java:359)
	at org.testng.SuiteRunner.access$000(SuiteRunner.java:39)
	at org.testng.SuiteRunner$SuiteWorker.run(SuiteRunner.java:393)
	at org.testng.internal.thread.ThreadUtil$2.call(ThreadUtil.java:64)
	at java.base/java.util.concurrent.FutureTask.run(FutureTask.java:264)
	at java.base/java.util.concurrent.ThreadPoolExecutor.runWorker(ThreadPoolExecutor.java:1136)
	at java.base/java.util.concurrent.ThreadPoolExecutor$Worker.run(ThreadPoolExecutor.java:635)
	at java.base/java.lang.Thread.run(Thread.java:833)
]]>
    </error>
  </testcase> <!-- step194_NavigatedIntoAdyenAndClickOnPaymentTab -->
  <testcase classname="src.in.valtech.cl.scenarios.TC_Scenario_08" name="step25_MouseoverOnL1BeautyCategory" time="0.000">
    <error message="Workbook is not found - D:\ChristianLouboutin/resources/front/Automation_DS_StagingEnv1.xlsx" type="com.codoid.products.exception.FilloException">
      <![CDATA[com.codoid.products.exception.FilloException: Workbook is not found - D:\ChristianLouboutin/resources/front/Automation_DS_StagingEnv1.xlsx
	at com.codoid.products.fillo.Fillo.getConnection(Fillo.java:46)
	at src.in.valtech.util.ExcelReader.getDataConfigDetails(ExcelReader.java:200)
	at src.in.valtech.custom.CustomFun.getTestDataSetDetails(CustomFun.java:1869)
	at src.in.valtech.config.BaseTest.setUp(BaseTest.java:166)
	at java.base/jdk.internal.reflect.NativeMethodAccessorImpl.invoke0(Native Method)
	at java.base/jdk.internal.reflect.NativeMethodAccessorImpl.invoke(NativeMethodAccessorImpl.java:77)
	at java.base/jdk.internal.reflect.DelegatingMethodAccessorImpl.invoke(DelegatingMethodAccessorImpl.java:43)
	at java.base/java.lang.reflect.Method.invoke(Method.java:568)
	at org.testng.internal.MethodInvocationHelper.invokeMethod(MethodInvocationHelper.java:85)
	at org.testng.internal.Invoker.invokeConfigurationMethod(Invoker.java:510)
	at org.testng.internal.Invoker.invokeConfigurations(Invoker.java:211)
	at org.testng.internal.Invoker.invokeConfigurations(Invoker.java:138)
	at org.testng.TestRunner.beforeRun(TestRunner.java:648)
	at org.testng.TestRunner.run(TestRunner.java:616)
	at org.testng.SuiteRunner.runTest(SuiteRunner.java:359)
	at org.testng.SuiteRunner.access$000(SuiteRunner.java:39)
	at org.testng.SuiteRunner$SuiteWorker.run(SuiteRunner.java:393)
	at org.testng.internal.thread.ThreadUtil$2.call(ThreadUtil.java:64)
	at java.base/java.util.concurrent.FutureTask.run(FutureTask.java:264)
	at java.base/java.util.concurrent.ThreadPoolExecutor.runWorker(ThreadPoolExecutor.java:1136)
	at java.base/java.util.concurrent.ThreadPoolExecutor$Worker.run(ThreadPoolExecutor.java:635)
	at java.base/java.lang.Thread.run(Thread.java:833)
]]>
    </error>
  </testcase> <!-- step25_MouseoverOnL1BeautyCategory -->
  <testcase classname="src.in.valtech.cl.scenarios.TC_Scenario_08" name="step79_VerifyPaymentOptions" time="0.000">
    <error message="Workbook is not found - D:\ChristianLouboutin/resources/front/Automation_DS_StagingEnv1.xlsx" type="com.codoid.products.exception.FilloException">
      <![CDATA[com.codoid.products.exception.FilloException: Workbook is not found - D:\ChristianLouboutin/resources/front/Automation_DS_StagingEnv1.xlsx
	at com.codoid.products.fillo.Fillo.getConnection(Fillo.java:46)
	at src.in.valtech.util.ExcelReader.getDataConfigDetails(ExcelReader.java:200)
	at src.in.valtech.custom.CustomFun.getTestDataSetDetails(CustomFun.java:1869)
	at src.in.valtech.config.BaseTest.setUp(BaseTest.java:166)
	at java.base/jdk.internal.reflect.NativeMethodAccessorImpl.invoke0(Native Method)
	at java.base/jdk.internal.reflect.NativeMethodAccessorImpl.invoke(NativeMethodAccessorImpl.java:77)
	at java.base/jdk.internal.reflect.DelegatingMethodAccessorImpl.invoke(DelegatingMethodAccessorImpl.java:43)
	at java.base/java.lang.reflect.Method.invoke(Method.java:568)
	at org.testng.internal.MethodInvocationHelper.invokeMethod(MethodInvocationHelper.java:85)
	at org.testng.internal.Invoker.invokeConfigurationMethod(Invoker.java:510)
	at org.testng.internal.Invoker.invokeConfigurations(Invoker.java:211)
	at org.testng.internal.Invoker.invokeConfigurations(Invoker.java:138)
	at org.testng.TestRunner.beforeRun(TestRunner.java:648)
	at org.testng.TestRunner.run(TestRunner.java:616)
	at org.testng.SuiteRunner.runTest(SuiteRunner.java:359)
	at org.testng.SuiteRunner.access$000(SuiteRunner.java:39)
	at org.testng.SuiteRunner$SuiteWorker.run(SuiteRunner.java:393)
	at org.testng.internal.thread.ThreadUtil$2.call(ThreadUtil.java:64)
	at java.base/java.util.concurrent.FutureTask.run(FutureTask.java:264)
	at java.base/java.util.concurrent.ThreadPoolExecutor.runWorker(ThreadPoolExecutor.java:1136)
	at java.base/java.util.concurrent.ThreadPoolExecutor$Worker.run(ThreadPoolExecutor.java:635)
	at java.base/java.lang.Thread.run(Thread.java:833)
]]>
    </error>
  </testcase> <!-- step79_VerifyPaymentOptions -->
  <testcase classname="src.in.valtech.cl.scenarios.TC_Scenario_08" name="step11_DeletedExistCustomerAccountFromCustomerGridResultInBO" time="0.000">
    <error message="Workbook is not found - D:\ChristianLouboutin/resources/front/Automation_DS_StagingEnv1.xlsx" type="com.codoid.products.exception.FilloException">
      <![CDATA[com.codoid.products.exception.FilloException: Workbook is not found - D:\ChristianLouboutin/resources/front/Automation_DS_StagingEnv1.xlsx
	at com.codoid.products.fillo.Fillo.getConnection(Fillo.java:46)
	at src.in.valtech.util.ExcelReader.getDataConfigDetails(ExcelReader.java:200)
	at src.in.valtech.custom.CustomFun.getTestDataSetDetails(CustomFun.java:1869)
	at src.in.valtech.config.BaseTest.setUp(BaseTest.java:166)
	at java.base/jdk.internal.reflect.NativeMethodAccessorImpl.invoke0(Native Method)
	at java.base/jdk.internal.reflect.NativeMethodAccessorImpl.invoke(NativeMethodAccessorImpl.java:77)
	at java.base/jdk.internal.reflect.DelegatingMethodAccessorImpl.invoke(DelegatingMethodAccessorImpl.java:43)
	at java.base/java.lang.reflect.Method.invoke(Method.java:568)
	at org.testng.internal.MethodInvocationHelper.invokeMethod(MethodInvocationHelper.java:85)
	at org.testng.internal.Invoker.invokeConfigurationMethod(Invoker.java:510)
	at org.testng.internal.Invoker.invokeConfigurations(Invoker.java:211)
	at org.testng.internal.Invoker.invokeConfigurations(Invoker.java:138)
	at org.testng.TestRunner.beforeRun(TestRunner.java:648)
	at org.testng.TestRunner.run(TestRunner.java:616)
	at org.testng.SuiteRunner.runTest(SuiteRunner.java:359)
	at org.testng.SuiteRunner.access$000(SuiteRunner.java:39)
	at org.testng.SuiteRunner$SuiteWorker.run(SuiteRunner.java:393)
	at org.testng.internal.thread.ThreadUtil$2.call(ThreadUtil.java:64)
	at java.base/java.util.concurrent.FutureTask.run(FutureTask.java:264)
	at java.base/java.util.concurrent.ThreadPoolExecutor.runWorker(ThreadPoolExecutor.java:1136)
	at java.base/java.util.concurrent.ThreadPoolExecutor$Worker.run(ThreadPoolExecutor.java:635)
	at java.base/java.lang.Thread.run(Thread.java:833)
]]>
    </error>
  </testcase> <!-- step11_DeletedExistCustomerAccountFromCustomerGridResultInBO -->
  <testcase classname="src.in.valtech.cl.scenarios.TC_Scenario_08" name="step71_EnteredLastNameField" time="0.000">
    <error message="Workbook is not found - D:\ChristianLouboutin/resources/front/Automation_DS_StagingEnv1.xlsx" type="com.codoid.products.exception.FilloException">
      <![CDATA[com.codoid.products.exception.FilloException: Workbook is not found - D:\ChristianLouboutin/resources/front/Automation_DS_StagingEnv1.xlsx
	at com.codoid.products.fillo.Fillo.getConnection(Fillo.java:46)
	at src.in.valtech.util.ExcelReader.getDataConfigDetails(ExcelReader.java:200)
	at src.in.valtech.custom.CustomFun.getTestDataSetDetails(CustomFun.java:1869)
	at src.in.valtech.config.BaseTest.setUp(BaseTest.java:166)
	at java.base/jdk.internal.reflect.NativeMethodAccessorImpl.invoke0(Native Method)
	at java.base/jdk.internal.reflect.NativeMethodAccessorImpl.invoke(NativeMethodAccessorImpl.java:77)
	at java.base/jdk.internal.reflect.DelegatingMethodAccessorImpl.invoke(DelegatingMethodAccessorImpl.java:43)
	at java.base/java.lang.reflect.Method.invoke(Method.java:568)
	at org.testng.internal.MethodInvocationHelper.invokeMethod(MethodInvocationHelper.java:85)
	at org.testng.internal.Invoker.invokeConfigurationMethod(Invoker.java:510)
	at org.testng.internal.Invoker.invokeConfigurations(Invoker.java:211)
	at org.testng.internal.Invoker.invokeConfigurations(Invoker.java:138)
	at org.testng.TestRunner.beforeRun(TestRunner.java:648)
	at org.testng.TestRunner.run(TestRunner.java:616)
	at org.testng.SuiteRunner.runTest(SuiteRunner.java:359)
	at org.testng.SuiteRunner.access$000(SuiteRunner.java:39)
	at org.testng.SuiteRunner$SuiteWorker.run(SuiteRunner.java:393)
	at org.testng.internal.thread.ThreadUtil$2.call(ThreadUtil.java:64)
	at java.base/java.util.concurrent.FutureTask.run(FutureTask.java:264)
	at java.base/java.util.concurrent.ThreadPoolExecutor.runWorker(ThreadPoolExecutor.java:1136)
	at java.base/java.util.concurrent.ThreadPoolExecutor$Worker.run(ThreadPoolExecutor.java:635)
	at java.base/java.lang.Thread.run(Thread.java:833)
]]>
    </error>
  </testcase> <!-- step71_EnteredLastNameField -->
  <testcase classname="src.in.valtech.cl.scenarios.TC_Scenario_08" name="step84_EnteredAddressNameField" time="0.000">
    <error message="Workbook is not found - D:\ChristianLouboutin/resources/front/Automation_DS_StagingEnv1.xlsx" type="com.codoid.products.exception.FilloException">
      <![CDATA[com.codoid.products.exception.FilloException: Workbook is not found - D:\ChristianLouboutin/resources/front/Automation_DS_StagingEnv1.xlsx
	at com.codoid.products.fillo.Fillo.getConnection(Fillo.java:46)
	at src.in.valtech.util.ExcelReader.getDataConfigDetails(ExcelReader.java:200)
	at src.in.valtech.custom.CustomFun.getTestDataSetDetails(CustomFun.java:1869)
	at src.in.valtech.config.BaseTest.setUp(BaseTest.java:166)
	at java.base/jdk.internal.reflect.NativeMethodAccessorImpl.invoke0(Native Method)
	at java.base/jdk.internal.reflect.NativeMethodAccessorImpl.invoke(NativeMethodAccessorImpl.java:77)
	at java.base/jdk.internal.reflect.DelegatingMethodAccessorImpl.invoke(DelegatingMethodAccessorImpl.java:43)
	at java.base/java.lang.reflect.Method.invoke(Method.java:568)
	at org.testng.internal.MethodInvocationHelper.invokeMethod(MethodInvocationHelper.java:85)
	at org.testng.internal.Invoker.invokeConfigurationMethod(Invoker.java:510)
	at org.testng.internal.Invoker.invokeConfigurations(Invoker.java:211)
	at org.testng.internal.Invoker.invokeConfigurations(Invoker.java:138)
	at org.testng.TestRunner.beforeRun(TestRunner.java:648)
	at org.testng.TestRunner.run(TestRunner.java:616)
	at org.testng.SuiteRunner.runTest(SuiteRunner.java:359)
	at org.testng.SuiteRunner.access$000(SuiteRunner.java:39)
	at org.testng.SuiteRunner$SuiteWorker.run(SuiteRunner.java:393)
	at org.testng.internal.thread.ThreadUtil$2.call(ThreadUtil.java:64)
	at java.base/java.util.concurrent.FutureTask.run(FutureTask.java:264)
	at java.base/java.util.concurrent.ThreadPoolExecutor.runWorker(ThreadPoolExecutor.java:1136)
	at java.base/java.util.concurrent.ThreadPoolExecutor$Worker.run(ThreadPoolExecutor.java:635)
	at java.base/java.lang.Thread.run(Thread.java:833)
]]>
    </error>
  </testcase> <!-- step84_EnteredAddressNameField -->
  <testcase classname="src.in.valtech.cl.scenarios.TC_Scenario_08" name="step161_VerifiedOrderStatusInOrdersPage" time="0.000">
    <error message="Workbook is not found - D:\ChristianLouboutin/resources/front/Automation_DS_StagingEnv1.xlsx" type="com.codoid.products.exception.FilloException">
      <![CDATA[com.codoid.products.exception.FilloException: Workbook is not found - D:\ChristianLouboutin/resources/front/Automation_DS_StagingEnv1.xlsx
	at com.codoid.products.fillo.Fillo.getConnection(Fillo.java:46)
	at src.in.valtech.util.ExcelReader.getDataConfigDetails(ExcelReader.java:200)
	at src.in.valtech.custom.CustomFun.getTestDataSetDetails(CustomFun.java:1869)
	at src.in.valtech.config.BaseTest.setUp(BaseTest.java:166)
	at java.base/jdk.internal.reflect.NativeMethodAccessorImpl.invoke0(Native Method)
	at java.base/jdk.internal.reflect.NativeMethodAccessorImpl.invoke(NativeMethodAccessorImpl.java:77)
	at java.base/jdk.internal.reflect.DelegatingMethodAccessorImpl.invoke(DelegatingMethodAccessorImpl.java:43)
	at java.base/java.lang.reflect.Method.invoke(Method.java:568)
	at org.testng.internal.MethodInvocationHelper.invokeMethod(MethodInvocationHelper.java:85)
	at org.testng.internal.Invoker.invokeConfigurationMethod(Invoker.java:510)
	at org.testng.internal.Invoker.invokeConfigurations(Invoker.java:211)
	at org.testng.internal.Invoker.invokeConfigurations(Invoker.java:138)
	at org.testng.TestRunner.beforeRun(TestRunner.java:648)
	at org.testng.TestRunner.run(TestRunner.java:616)
	at org.testng.SuiteRunner.runTest(SuiteRunner.java:359)
	at org.testng.SuiteRunner.access$000(SuiteRunner.java:39)
	at org.testng.SuiteRunner$SuiteWorker.run(SuiteRunner.java:393)
	at org.testng.internal.thread.ThreadUtil$2.call(ThreadUtil.java:64)
	at java.base/java.util.concurrent.FutureTask.run(FutureTask.java:264)
	at java.base/java.util.concurrent.ThreadPoolExecutor.runWorker(ThreadPoolExecutor.java:1136)
	at java.base/java.util.concurrent.ThreadPoolExecutor$Worker.run(ThreadPoolExecutor.java:635)
	at java.base/java.lang.Thread.run(Thread.java:833)
]]>
    </error>
  </testcase> <!-- step161_VerifiedOrderStatusInOrdersPage -->
  <testcase classname="src.in.valtech.cl.scenarios.TC_Scenario_08" name="step117_VerifiedSaleableStockQntyDecBy1InBOAferPlacingTheOrder" time="0.000">
    <error message="Workbook is not found - D:\ChristianLouboutin/resources/front/Automation_DS_StagingEnv1.xlsx" type="com.codoid.products.exception.FilloException">
      <![CDATA[com.codoid.products.exception.FilloException: Workbook is not found - D:\ChristianLouboutin/resources/front/Automation_DS_StagingEnv1.xlsx
	at com.codoid.products.fillo.Fillo.getConnection(Fillo.java:46)
	at src.in.valtech.util.ExcelReader.getDataConfigDetails(ExcelReader.java:200)
	at src.in.valtech.custom.CustomFun.getTestDataSetDetails(CustomFun.java:1869)
	at src.in.valtech.config.BaseTest.setUp(BaseTest.java:166)
	at java.base/jdk.internal.reflect.NativeMethodAccessorImpl.invoke0(Native Method)
	at java.base/jdk.internal.reflect.NativeMethodAccessorImpl.invoke(NativeMethodAccessorImpl.java:77)
	at java.base/jdk.internal.reflect.DelegatingMethodAccessorImpl.invoke(DelegatingMethodAccessorImpl.java:43)
	at java.base/java.lang.reflect.Method.invoke(Method.java:568)
	at org.testng.internal.MethodInvocationHelper.invokeMethod(MethodInvocationHelper.java:85)
	at org.testng.internal.Invoker.invokeConfigurationMethod(Invoker.java:510)
	at org.testng.internal.Invoker.invokeConfigurations(Invoker.java:211)
	at org.testng.internal.Invoker.invokeConfigurations(Invoker.java:138)
	at org.testng.TestRunner.beforeRun(TestRunner.java:648)
	at org.testng.TestRunner.run(TestRunner.java:616)
	at org.testng.SuiteRunner.runTest(SuiteRunner.java:359)
	at org.testng.SuiteRunner.access$000(SuiteRunner.java:39)
	at org.testng.SuiteRunner$SuiteWorker.run(SuiteRunner.java:393)
	at org.testng.internal.thread.ThreadUtil$2.call(ThreadUtil.java:64)
	at java.base/java.util.concurrent.FutureTask.run(FutureTask.java:264)
	at java.base/java.util.concurrent.ThreadPoolExecutor.runWorker(ThreadPoolExecutor.java:1136)
	at java.base/java.util.concurrent.ThreadPoolExecutor$Worker.run(ThreadPoolExecutor.java:635)
	at java.base/java.lang.Thread.run(Thread.java:833)
]]>
    </error>
  </testcase> <!-- step117_VerifiedSaleableStockQntyDecBy1InBOAferPlacingTheOrder -->
  <testcase classname="src.in.valtech.cl.scenarios.TC_Scenario_08" name="step171_ClickOnReturnItems" time="0.000">
    <error message="Workbook is not found - D:\ChristianLouboutin/resources/front/Automation_DS_StagingEnv1.xlsx" type="com.codoid.products.exception.FilloException">
      <![CDATA[com.codoid.products.exception.FilloException: Workbook is not found - D:\ChristianLouboutin/resources/front/Automation_DS_StagingEnv1.xlsx
	at com.codoid.products.fillo.Fillo.getConnection(Fillo.java:46)
	at src.in.valtech.util.ExcelReader.getDataConfigDetails(ExcelReader.java:200)
	at src.in.valtech.custom.CustomFun.getTestDataSetDetails(CustomFun.java:1869)
	at src.in.valtech.config.BaseTest.setUp(BaseTest.java:166)
	at java.base/jdk.internal.reflect.NativeMethodAccessorImpl.invoke0(Native Method)
	at java.base/jdk.internal.reflect.NativeMethodAccessorImpl.invoke(NativeMethodAccessorImpl.java:77)
	at java.base/jdk.internal.reflect.DelegatingMethodAccessorImpl.invoke(DelegatingMethodAccessorImpl.java:43)
	at java.base/java.lang.reflect.Method.invoke(Method.java:568)
	at org.testng.internal.MethodInvocationHelper.invokeMethod(MethodInvocationHelper.java:85)
	at org.testng.internal.Invoker.invokeConfigurationMethod(Invoker.java:510)
	at org.testng.internal.Invoker.invokeConfigurations(Invoker.java:211)
	at org.testng.internal.Invoker.invokeConfigurations(Invoker.java:138)
	at org.testng.TestRunner.beforeRun(TestRunner.java:648)
	at org.testng.TestRunner.run(TestRunner.java:616)
	at org.testng.SuiteRunner.runTest(SuiteRunner.java:359)
	at org.testng.SuiteRunner.access$000(SuiteRunner.java:39)
	at org.testng.SuiteRunner$SuiteWorker.run(SuiteRunner.java:393)
	at org.testng.internal.thread.ThreadUtil$2.call(ThreadUtil.java:64)
	at java.base/java.util.concurrent.FutureTask.run(FutureTask.java:264)
	at java.base/java.util.concurrent.ThreadPoolExecutor.runWorker(ThreadPoolExecutor.java:1136)
	at java.base/java.util.concurrent.ThreadPoolExecutor$Worker.run(ThreadPoolExecutor.java:635)
	at java.base/java.lang.Thread.run(Thread.java:833)
]]>
    </error>
  </testcase> <!-- step171_ClickOnReturnItems -->
  <testcase classname="src.in.valtech.cl.scenarios.TC_Scenario_08" name="step32_VerifiedAddtoCartbtnInPDP" time="0.001">
    <error message="Workbook is not found - D:\ChristianLouboutin/resources/front/Automation_DS_StagingEnv1.xlsx" type="com.codoid.products.exception.FilloException">
      <![CDATA[com.codoid.products.exception.FilloException: Workbook is not found - D:\ChristianLouboutin/resources/front/Automation_DS_StagingEnv1.xlsx
	at com.codoid.products.fillo.Fillo.getConnection(Fillo.java:46)
	at src.in.valtech.util.ExcelReader.getDataConfigDetails(ExcelReader.java:200)
	at src.in.valtech.custom.CustomFun.getTestDataSetDetails(CustomFun.java:1869)
	at src.in.valtech.config.BaseTest.setUp(BaseTest.java:166)
	at java.base/jdk.internal.reflect.NativeMethodAccessorImpl.invoke0(Native Method)
	at java.base/jdk.internal.reflect.NativeMethodAccessorImpl.invoke(NativeMethodAccessorImpl.java:77)
	at java.base/jdk.internal.reflect.DelegatingMethodAccessorImpl.invoke(DelegatingMethodAccessorImpl.java:43)
	at java.base/java.lang.reflect.Method.invoke(Method.java:568)
	at org.testng.internal.MethodInvocationHelper.invokeMethod(MethodInvocationHelper.java:85)
	at org.testng.internal.Invoker.invokeConfigurationMethod(Invoker.java:510)
	at org.testng.internal.Invoker.invokeConfigurations(Invoker.java:211)
	at org.testng.internal.Invoker.invokeConfigurations(Invoker.java:138)
	at org.testng.TestRunner.beforeRun(TestRunner.java:648)
	at org.testng.TestRunner.run(TestRunner.java:616)
	at org.testng.SuiteRunner.runTest(SuiteRunner.java:359)
	at org.testng.SuiteRunner.access$000(SuiteRunner.java:39)
	at org.testng.SuiteRunner$SuiteWorker.run(SuiteRunner.java:393)
	at org.testng.internal.thread.ThreadUtil$2.call(ThreadUtil.java:64)
	at java.base/java.util.concurrent.FutureTask.run(FutureTask.java:264)
	at java.base/java.util.concurrent.ThreadPoolExecutor.runWorker(ThreadPoolExecutor.java:1136)
	at java.base/java.util.concurrent.ThreadPoolExecutor$Worker.run(ThreadPoolExecutor.java:635)
	at java.base/java.lang.Thread.run(Thread.java:833)
]]>
    </error>
  </testcase> <!-- step32_VerifiedAddtoCartbtnInPDP -->
  <testcase classname="src.in.valtech.cl.scenarios.TC_Scenario_08" name="step181_ReturnstxtFromSalesIconClick" time="0.000">
    <error message="Workbook is not found - D:\ChristianLouboutin/resources/front/Automation_DS_StagingEnv1.xlsx" type="com.codoid.products.exception.FilloException">
      <![CDATA[com.codoid.products.exception.FilloException: Workbook is not found - D:\ChristianLouboutin/resources/front/Automation_DS_StagingEnv1.xlsx
	at com.codoid.products.fillo.Fillo.getConnection(Fillo.java:46)
	at src.in.valtech.util.ExcelReader.getDataConfigDetails(ExcelReader.java:200)
	at src.in.valtech.custom.CustomFun.getTestDataSetDetails(CustomFun.java:1869)
	at src.in.valtech.config.BaseTest.setUp(BaseTest.java:166)
	at java.base/jdk.internal.reflect.NativeMethodAccessorImpl.invoke0(Native Method)
	at java.base/jdk.internal.reflect.NativeMethodAccessorImpl.invoke(NativeMethodAccessorImpl.java:77)
	at java.base/jdk.internal.reflect.DelegatingMethodAccessorImpl.invoke(DelegatingMethodAccessorImpl.java:43)
	at java.base/java.lang.reflect.Method.invoke(Method.java:568)
	at org.testng.internal.MethodInvocationHelper.invokeMethod(MethodInvocationHelper.java:85)
	at org.testng.internal.Invoker.invokeConfigurationMethod(Invoker.java:510)
	at org.testng.internal.Invoker.invokeConfigurations(Invoker.java:211)
	at org.testng.internal.Invoker.invokeConfigurations(Invoker.java:138)
	at org.testng.TestRunner.beforeRun(TestRunner.java:648)
	at org.testng.TestRunner.run(TestRunner.java:616)
	at org.testng.SuiteRunner.runTest(SuiteRunner.java:359)
	at org.testng.SuiteRunner.access$000(SuiteRunner.java:39)
	at org.testng.SuiteRunner$SuiteWorker.run(SuiteRunner.java:393)
	at org.testng.internal.thread.ThreadUtil$2.call(ThreadUtil.java:64)
	at java.base/java.util.concurrent.FutureTask.run(FutureTask.java:264)
	at java.base/java.util.concurrent.ThreadPoolExecutor.runWorker(ThreadPoolExecutor.java:1136)
	at java.base/java.util.concurrent.ThreadPoolExecutor$Worker.run(ThreadPoolExecutor.java:635)
	at java.base/java.lang.Thread.run(Thread.java:833)
]]>
    </error>
  </testcase> <!-- step181_ReturnstxtFromSalesIconClick -->
  <testcase classname="src.in.valtech.cl.scenarios.TC_Scenario_08" name="step80_ClickOnCreditCardRadioBtn" time="0.000">
    <error message="Workbook is not found - D:\ChristianLouboutin/resources/front/Automation_DS_StagingEnv1.xlsx" type="com.codoid.products.exception.FilloException">
      <![CDATA[com.codoid.products.exception.FilloException: Workbook is not found - D:\ChristianLouboutin/resources/front/Automation_DS_StagingEnv1.xlsx
	at com.codoid.products.fillo.Fillo.getConnection(Fillo.java:46)
	at src.in.valtech.util.ExcelReader.getDataConfigDetails(ExcelReader.java:200)
	at src.in.valtech.custom.CustomFun.getTestDataSetDetails(CustomFun.java:1869)
	at src.in.valtech.config.BaseTest.setUp(BaseTest.java:166)
	at java.base/jdk.internal.reflect.NativeMethodAccessorImpl.invoke0(Native Method)
	at java.base/jdk.internal.reflect.NativeMethodAccessorImpl.invoke(NativeMethodAccessorImpl.java:77)
	at java.base/jdk.internal.reflect.DelegatingMethodAccessorImpl.invoke(DelegatingMethodAccessorImpl.java:43)
	at java.base/java.lang.reflect.Method.invoke(Method.java:568)
	at org.testng.internal.MethodInvocationHelper.invokeMethod(MethodInvocationHelper.java:85)
	at org.testng.internal.Invoker.invokeConfigurationMethod(Invoker.java:510)
	at org.testng.internal.Invoker.invokeConfigurations(Invoker.java:211)
	at org.testng.internal.Invoker.invokeConfigurations(Invoker.java:138)
	at org.testng.TestRunner.beforeRun(TestRunner.java:648)
	at org.testng.TestRunner.run(TestRunner.java:616)
	at org.testng.SuiteRunner.runTest(SuiteRunner.java:359)
	at org.testng.SuiteRunner.access$000(SuiteRunner.java:39)
	at org.testng.SuiteRunner$SuiteWorker.run(SuiteRunner.java:393)
	at org.testng.internal.thread.ThreadUtil$2.call(ThreadUtil.java:64)
	at java.base/java.util.concurrent.FutureTask.run(FutureTask.java:264)
	at java.base/java.util.concurrent.ThreadPoolExecutor.runWorker(ThreadPoolExecutor.java:1136)
	at java.base/java.util.concurrent.ThreadPoolExecutor$Worker.run(ThreadPoolExecutor.java:635)
	at java.base/java.lang.Thread.run(Thread.java:833)
]]>
    </error>
  </testcase> <!-- step80_ClickOnCreditCardRadioBtn -->
  <testcase classname="src.in.valtech.cl.scenarios.TC_Scenario_08" name="step90_EnteredCityField" time="0.000">
    <error message="Workbook is not found - D:\ChristianLouboutin/resources/front/Automation_DS_StagingEnv1.xlsx" type="com.codoid.products.exception.FilloException">
      <![CDATA[com.codoid.products.exception.FilloException: Workbook is not found - D:\ChristianLouboutin/resources/front/Automation_DS_StagingEnv1.xlsx
	at com.codoid.products.fillo.Fillo.getConnection(Fillo.java:46)
	at src.in.valtech.util.ExcelReader.getDataConfigDetails(ExcelReader.java:200)
	at src.in.valtech.custom.CustomFun.getTestDataSetDetails(CustomFun.java:1869)
	at src.in.valtech.config.BaseTest.setUp(BaseTest.java:166)
	at java.base/jdk.internal.reflect.NativeMethodAccessorImpl.invoke0(Native Method)
	at java.base/jdk.internal.reflect.NativeMethodAccessorImpl.invoke(NativeMethodAccessorImpl.java:77)
	at java.base/jdk.internal.reflect.DelegatingMethodAccessorImpl.invoke(DelegatingMethodAccessorImpl.java:43)
	at java.base/java.lang.reflect.Method.invoke(Method.java:568)
	at org.testng.internal.MethodInvocationHelper.invokeMethod(MethodInvocationHelper.java:85)
	at org.testng.internal.Invoker.invokeConfigurationMethod(Invoker.java:510)
	at org.testng.internal.Invoker.invokeConfigurations(Invoker.java:211)
	at org.testng.internal.Invoker.invokeConfigurations(Invoker.java:138)
	at org.testng.TestRunner.beforeRun(TestRunner.java:648)
	at org.testng.TestRunner.run(TestRunner.java:616)
	at org.testng.SuiteRunner.runTest(SuiteRunner.java:359)
	at org.testng.SuiteRunner.access$000(SuiteRunner.java:39)
	at org.testng.SuiteRunner$SuiteWorker.run(SuiteRunner.java:393)
	at org.testng.internal.thread.ThreadUtil$2.call(ThreadUtil.java:64)
	at java.base/java.util.concurrent.FutureTask.run(FutureTask.java:264)
	at java.base/java.util.concurrent.ThreadPoolExecutor.runWorker(ThreadPoolExecutor.java:1136)
	at java.base/java.util.concurrent.ThreadPoolExecutor$Worker.run(ThreadPoolExecutor.java:635)
	at java.base/java.lang.Thread.run(Thread.java:833)
]]>
    </error>
  </testcase> <!-- step90_EnteredCityField -->
  <testcase classname="src.in.valtech.cl.scenarios.TC_Scenario_08" name="step187_ClickOnSalesIcon" time="0.000">
    <error message="Workbook is not found - D:\ChristianLouboutin/resources/front/Automation_DS_StagingEnv1.xlsx" type="com.codoid.products.exception.FilloException">
      <![CDATA[com.codoid.products.exception.FilloException: Workbook is not found - D:\ChristianLouboutin/resources/front/Automation_DS_StagingEnv1.xlsx
	at com.codoid.products.fillo.Fillo.getConnection(Fillo.java:46)
	at src.in.valtech.util.ExcelReader.getDataConfigDetails(ExcelReader.java:200)
	at src.in.valtech.custom.CustomFun.getTestDataSetDetails(CustomFun.java:1869)
	at src.in.valtech.config.BaseTest.setUp(BaseTest.java:166)
	at java.base/jdk.internal.reflect.NativeMethodAccessorImpl.invoke0(Native Method)
	at java.base/jdk.internal.reflect.NativeMethodAccessorImpl.invoke(NativeMethodAccessorImpl.java:77)
	at java.base/jdk.internal.reflect.DelegatingMethodAccessorImpl.invoke(DelegatingMethodAccessorImpl.java:43)
	at java.base/java.lang.reflect.Method.invoke(Method.java:568)
	at org.testng.internal.MethodInvocationHelper.invokeMethod(MethodInvocationHelper.java:85)
	at org.testng.internal.Invoker.invokeConfigurationMethod(Invoker.java:510)
	at org.testng.internal.Invoker.invokeConfigurations(Invoker.java:211)
	at org.testng.internal.Invoker.invokeConfigurations(Invoker.java:138)
	at org.testng.TestRunner.beforeRun(TestRunner.java:648)
	at org.testng.TestRunner.run(TestRunner.java:616)
	at org.testng.SuiteRunner.runTest(SuiteRunner.java:359)
	at org.testng.SuiteRunner.access$000(SuiteRunner.java:39)
	at org.testng.SuiteRunner$SuiteWorker.run(SuiteRunner.java:393)
	at org.testng.internal.thread.ThreadUtil$2.call(ThreadUtil.java:64)
	at java.base/java.util.concurrent.FutureTask.run(FutureTask.java:264)
	at java.base/java.util.concurrent.ThreadPoolExecutor.runWorker(ThreadPoolExecutor.java:1136)
	at java.base/java.util.concurrent.ThreadPoolExecutor$Worker.run(ThreadPoolExecutor.java:635)
	at java.base/java.lang.Thread.run(Thread.java:833)
]]>
    </error>
  </testcase> <!-- step187_ClickOnSalesIcon -->
  <testcase classname="src.in.valtech.cl.scenarios.TC_Scenario_08" name="step62_SearchForProductSeleableStockInBO" time="0.000">
    <error message="Workbook is not found - D:\ChristianLouboutin/resources/front/Automation_DS_StagingEnv1.xlsx" type="com.codoid.products.exception.FilloException">
      <![CDATA[com.codoid.products.exception.FilloException: Workbook is not found - D:\ChristianLouboutin/resources/front/Automation_DS_StagingEnv1.xlsx
	at com.codoid.products.fillo.Fillo.getConnection(Fillo.java:46)
	at src.in.valtech.util.ExcelReader.getDataConfigDetails(ExcelReader.java:200)
	at src.in.valtech.custom.CustomFun.getTestDataSetDetails(CustomFun.java:1869)
	at src.in.valtech.config.BaseTest.setUp(BaseTest.java:166)
	at java.base/jdk.internal.reflect.NativeMethodAccessorImpl.invoke0(Native Method)
	at java.base/jdk.internal.reflect.NativeMethodAccessorImpl.invoke(NativeMethodAccessorImpl.java:77)
	at java.base/jdk.internal.reflect.DelegatingMethodAccessorImpl.invoke(DelegatingMethodAccessorImpl.java:43)
	at java.base/java.lang.reflect.Method.invoke(Method.java:568)
	at org.testng.internal.MethodInvocationHelper.invokeMethod(MethodInvocationHelper.java:85)
	at org.testng.internal.Invoker.invokeConfigurationMethod(Invoker.java:510)
	at org.testng.internal.Invoker.invokeConfigurations(Invoker.java:211)
	at org.testng.internal.Invoker.invokeConfigurations(Invoker.java:138)
	at org.testng.TestRunner.beforeRun(TestRunner.java:648)
	at org.testng.TestRunner.run(TestRunner.java:616)
	at org.testng.SuiteRunner.runTest(SuiteRunner.java:359)
	at org.testng.SuiteRunner.access$000(SuiteRunner.java:39)
	at org.testng.SuiteRunner$SuiteWorker.run(SuiteRunner.java:393)
	at org.testng.internal.thread.ThreadUtil$2.call(ThreadUtil.java:64)
	at java.base/java.util.concurrent.FutureTask.run(FutureTask.java:264)
	at java.base/java.util.concurrent.ThreadPoolExecutor.runWorker(ThreadPoolExecutor.java:1136)
	at java.base/java.util.concurrent.ThreadPoolExecutor$Worker.run(ThreadPoolExecutor.java:635)
	at java.base/java.lang.Thread.run(Thread.java:833)
]]>
    </error>
  </testcase> <!-- step62_SearchForProductSeleableStockInBO -->
  <testcase classname="src.in.valtech.cl.scenarios.TC_Scenario_08" name="step52_LoggedIntoWMS" time="0.000">
    <error message="Workbook is not found - D:\ChristianLouboutin/resources/front/Automation_DS_StagingEnv1.xlsx" type="com.codoid.products.exception.FilloException">
      <![CDATA[com.codoid.products.exception.FilloException: Workbook is not found - D:\ChristianLouboutin/resources/front/Automation_DS_StagingEnv1.xlsx
	at com.codoid.products.fillo.Fillo.getConnection(Fillo.java:46)
	at src.in.valtech.util.ExcelReader.getDataConfigDetails(ExcelReader.java:200)
	at src.in.valtech.custom.CustomFun.getTestDataSetDetails(CustomFun.java:1869)
	at src.in.valtech.config.BaseTest.setUp(BaseTest.java:166)
	at java.base/jdk.internal.reflect.NativeMethodAccessorImpl.invoke0(Native Method)
	at java.base/jdk.internal.reflect.NativeMethodAccessorImpl.invoke(NativeMethodAccessorImpl.java:77)
	at java.base/jdk.internal.reflect.DelegatingMethodAccessorImpl.invoke(DelegatingMethodAccessorImpl.java:43)
	at java.base/java.lang.reflect.Method.invoke(Method.java:568)
	at org.testng.internal.MethodInvocationHelper.invokeMethod(MethodInvocationHelper.java:85)
	at org.testng.internal.Invoker.invokeConfigurationMethod(Invoker.java:510)
	at org.testng.internal.Invoker.invokeConfigurations(Invoker.java:211)
	at org.testng.internal.Invoker.invokeConfigurations(Invoker.java:138)
	at org.testng.TestRunner.beforeRun(TestRunner.java:648)
	at org.testng.TestRunner.run(TestRunner.java:616)
	at org.testng.SuiteRunner.runTest(SuiteRunner.java:359)
	at org.testng.SuiteRunner.access$000(SuiteRunner.java:39)
	at org.testng.SuiteRunner$SuiteWorker.run(SuiteRunner.java:393)
	at org.testng.internal.thread.ThreadUtil$2.call(ThreadUtil.java:64)
	at java.base/java.util.concurrent.FutureTask.run(FutureTask.java:264)
	at java.base/java.util.concurrent.ThreadPoolExecutor.runWorker(ThreadPoolExecutor.java:1136)
	at java.base/java.util.concurrent.ThreadPoolExecutor$Worker.run(ThreadPoolExecutor.java:635)
	at java.base/java.lang.Thread.run(Thread.java:833)
]]>
    </error>
  </testcase> <!-- step52_LoggedIntoWMS -->
  <testcase classname="src.in.valtech.cl.scenarios.TC_Scenario_08" name="step98_CheckedOnPrivacyPolicyAndReturnPolicyCheckbox" time="0.001">
    <error message="Workbook is not found - D:\ChristianLouboutin/resources/front/Automation_DS_StagingEnv1.xlsx" type="com.codoid.products.exception.FilloException">
      <![CDATA[com.codoid.products.exception.FilloException: Workbook is not found - D:\ChristianLouboutin/resources/front/Automation_DS_StagingEnv1.xlsx
	at com.codoid.products.fillo.Fillo.getConnection(Fillo.java:46)
	at src.in.valtech.util.ExcelReader.getDataConfigDetails(ExcelReader.java:200)
	at src.in.valtech.custom.CustomFun.getTestDataSetDetails(CustomFun.java:1869)
	at src.in.valtech.config.BaseTest.setUp(BaseTest.java:166)
	at java.base/jdk.internal.reflect.NativeMethodAccessorImpl.invoke0(Native Method)
	at java.base/jdk.internal.reflect.NativeMethodAccessorImpl.invoke(NativeMethodAccessorImpl.java:77)
	at java.base/jdk.internal.reflect.DelegatingMethodAccessorImpl.invoke(DelegatingMethodAccessorImpl.java:43)
	at java.base/java.lang.reflect.Method.invoke(Method.java:568)
	at org.testng.internal.MethodInvocationHelper.invokeMethod(MethodInvocationHelper.java:85)
	at org.testng.internal.Invoker.invokeConfigurationMethod(Invoker.java:510)
	at org.testng.internal.Invoker.invokeConfigurations(Invoker.java:211)
	at org.testng.internal.Invoker.invokeConfigurations(Invoker.java:138)
	at org.testng.TestRunner.beforeRun(TestRunner.java:648)
	at org.testng.TestRunner.run(TestRunner.java:616)
	at org.testng.SuiteRunner.runTest(SuiteRunner.java:359)
	at org.testng.SuiteRunner.access$000(SuiteRunner.java:39)
	at org.testng.SuiteRunner$SuiteWorker.run(SuiteRunner.java:393)
	at org.testng.internal.thread.ThreadUtil$2.call(ThreadUtil.java:64)
	at java.base/java.util.concurrent.FutureTask.run(FutureTask.java:264)
	at java.base/java.util.concurrent.ThreadPoolExecutor.runWorker(ThreadPoolExecutor.java:1136)
	at java.base/java.util.concurrent.ThreadPoolExecutor$Worker.run(ThreadPoolExecutor.java:635)
	at java.base/java.lang.Thread.run(Thread.java:833)
]]>
    </error>
  </testcase> <!-- step98_CheckedOnPrivacyPolicyAndReturnPolicyCheckbox -->
  <testcase classname="src.in.valtech.cl.scenarios.TC_Scenario_08" name="step147_ClickOnAddProductButton" time="0.000">
    <error message="Workbook is not found - D:\ChristianLouboutin/resources/front/Automation_DS_StagingEnv1.xlsx" type="com.codoid.products.exception.FilloException">
      <![CDATA[com.codoid.products.exception.FilloException: Workbook is not found - D:\ChristianLouboutin/resources/front/Automation_DS_StagingEnv1.xlsx
	at com.codoid.products.fillo.Fillo.getConnection(Fillo.java:46)
	at src.in.valtech.util.ExcelReader.getDataConfigDetails(ExcelReader.java:200)
	at src.in.valtech.custom.CustomFun.getTestDataSetDetails(CustomFun.java:1869)
	at src.in.valtech.config.BaseTest.setUp(BaseTest.java:166)
	at java.base/jdk.internal.reflect.NativeMethodAccessorImpl.invoke0(Native Method)
	at java.base/jdk.internal.reflect.NativeMethodAccessorImpl.invoke(NativeMethodAccessorImpl.java:77)
	at java.base/jdk.internal.reflect.DelegatingMethodAccessorImpl.invoke(DelegatingMethodAccessorImpl.java:43)
	at java.base/java.lang.reflect.Method.invoke(Method.java:568)
	at org.testng.internal.MethodInvocationHelper.invokeMethod(MethodInvocationHelper.java:85)
	at org.testng.internal.Invoker.invokeConfigurationMethod(Invoker.java:510)
	at org.testng.internal.Invoker.invokeConfigurations(Invoker.java:211)
	at org.testng.internal.Invoker.invokeConfigurations(Invoker.java:138)
	at org.testng.TestRunner.beforeRun(TestRunner.java:648)
	at org.testng.TestRunner.run(TestRunner.java:616)
	at org.testng.SuiteRunner.runTest(SuiteRunner.java:359)
	at org.testng.SuiteRunner.access$000(SuiteRunner.java:39)
	at org.testng.SuiteRunner$SuiteWorker.run(SuiteRunner.java:393)
	at org.testng.internal.thread.ThreadUtil$2.call(ThreadUtil.java:64)
	at java.base/java.util.concurrent.FutureTask.run(FutureTask.java:264)
	at java.base/java.util.concurrent.ThreadPoolExecutor.runWorker(ThreadPoolExecutor.java:1136)
	at java.base/java.util.concurrent.ThreadPoolExecutor$Worker.run(ThreadPoolExecutor.java:635)
	at java.base/java.lang.Thread.run(Thread.java:833)
]]>
    </error>
  </testcase> <!-- step147_ClickOnAddProductButton -->
  <testcase classname="src.in.valtech.cl.scenarios.TC_Scenario_08" name="step164_EnterRMAID_SearchForOrderDetails_ClickOnReceptionButton" time="0.000">
    <error message="Workbook is not found - D:\ChristianLouboutin/resources/front/Automation_DS_StagingEnv1.xlsx" type="com.codoid.products.exception.FilloException">
      <![CDATA[com.codoid.products.exception.FilloException: Workbook is not found - D:\ChristianLouboutin/resources/front/Automation_DS_StagingEnv1.xlsx
	at com.codoid.products.fillo.Fillo.getConnection(Fillo.java:46)
	at src.in.valtech.util.ExcelReader.getDataConfigDetails(ExcelReader.java:200)
	at src.in.valtech.custom.CustomFun.getTestDataSetDetails(CustomFun.java:1869)
	at src.in.valtech.config.BaseTest.setUp(BaseTest.java:166)
	at java.base/jdk.internal.reflect.NativeMethodAccessorImpl.invoke0(Native Method)
	at java.base/jdk.internal.reflect.NativeMethodAccessorImpl.invoke(NativeMethodAccessorImpl.java:77)
	at java.base/jdk.internal.reflect.DelegatingMethodAccessorImpl.invoke(DelegatingMethodAccessorImpl.java:43)
	at java.base/java.lang.reflect.Method.invoke(Method.java:568)
	at org.testng.internal.MethodInvocationHelper.invokeMethod(MethodInvocationHelper.java:85)
	at org.testng.internal.Invoker.invokeConfigurationMethod(Invoker.java:510)
	at org.testng.internal.Invoker.invokeConfigurations(Invoker.java:211)
	at org.testng.internal.Invoker.invokeConfigurations(Invoker.java:138)
	at org.testng.TestRunner.beforeRun(TestRunner.java:648)
	at org.testng.TestRunner.run(TestRunner.java:616)
	at org.testng.SuiteRunner.runTest(SuiteRunner.java:359)
	at org.testng.SuiteRunner.access$000(SuiteRunner.java:39)
	at org.testng.SuiteRunner$SuiteWorker.run(SuiteRunner.java:393)
	at org.testng.internal.thread.ThreadUtil$2.call(ThreadUtil.java:64)
	at java.base/java.util.concurrent.FutureTask.run(FutureTask.java:264)
	at java.base/java.util.concurrent.ThreadPoolExecutor.runWorker(ThreadPoolExecutor.java:1136)
	at java.base/java.util.concurrent.ThreadPoolExecutor$Worker.run(ThreadPoolExecutor.java:635)
	at java.base/java.lang.Thread.run(Thread.java:833)
]]>
    </error>
  </testcase> <!-- step164_EnterRMAID_SearchForOrderDetails_ClickOnReceptionButton -->
  <testcase classname="src.in.valtech.cl.scenarios.TC_Scenario_08" name="step110_VerifyOrderDetailsInOrderPage" time="0.000">
    <error message="Workbook is not found - D:\ChristianLouboutin/resources/front/Automation_DS_StagingEnv1.xlsx" type="com.codoid.products.exception.FilloException">
      <![CDATA[com.codoid.products.exception.FilloException: Workbook is not found - D:\ChristianLouboutin/resources/front/Automation_DS_StagingEnv1.xlsx
	at com.codoid.products.fillo.Fillo.getConnection(Fillo.java:46)
	at src.in.valtech.util.ExcelReader.getDataConfigDetails(ExcelReader.java:200)
	at src.in.valtech.custom.CustomFun.getTestDataSetDetails(CustomFun.java:1869)
	at src.in.valtech.config.BaseTest.setUp(BaseTest.java:166)
	at java.base/jdk.internal.reflect.NativeMethodAccessorImpl.invoke0(Native Method)
	at java.base/jdk.internal.reflect.NativeMethodAccessorImpl.invoke(NativeMethodAccessorImpl.java:77)
	at java.base/jdk.internal.reflect.DelegatingMethodAccessorImpl.invoke(DelegatingMethodAccessorImpl.java:43)
	at java.base/java.lang.reflect.Method.invoke(Method.java:568)
	at org.testng.internal.MethodInvocationHelper.invokeMethod(MethodInvocationHelper.java:85)
	at org.testng.internal.Invoker.invokeConfigurationMethod(Invoker.java:510)
	at org.testng.internal.Invoker.invokeConfigurations(Invoker.java:211)
	at org.testng.internal.Invoker.invokeConfigurations(Invoker.java:138)
	at org.testng.TestRunner.beforeRun(TestRunner.java:648)
	at org.testng.TestRunner.run(TestRunner.java:616)
	at org.testng.SuiteRunner.runTest(SuiteRunner.java:359)
	at org.testng.SuiteRunner.access$000(SuiteRunner.java:39)
	at org.testng.SuiteRunner$SuiteWorker.run(SuiteRunner.java:393)
	at org.testng.internal.thread.ThreadUtil$2.call(ThreadUtil.java:64)
	at java.base/java.util.concurrent.FutureTask.run(FutureTask.java:264)
	at java.base/java.util.concurrent.ThreadPoolExecutor.runWorker(ThreadPoolExecutor.java:1136)
	at java.base/java.util.concurrent.ThreadPoolExecutor$Worker.run(ThreadPoolExecutor.java:635)
	at java.base/java.lang.Thread.run(Thread.java:833)
]]>
    </error>
  </testcase> <!-- step110_VerifyOrderDetailsInOrderPage -->
  <testcase classname="src.in.valtech.cl.scenarios.TC_Scenario_08" name="step157_VerifiedOrderStatusInReturnsPage" time="0.000">
    <error message="Workbook is not found - D:\ChristianLouboutin/resources/front/Automation_DS_StagingEnv1.xlsx" type="com.codoid.products.exception.FilloException">
      <![CDATA[com.codoid.products.exception.FilloException: Workbook is not found - D:\ChristianLouboutin/resources/front/Automation_DS_StagingEnv1.xlsx
	at com.codoid.products.fillo.Fillo.getConnection(Fillo.java:46)
	at src.in.valtech.util.ExcelReader.getDataConfigDetails(ExcelReader.java:200)
	at src.in.valtech.custom.CustomFun.getTestDataSetDetails(CustomFun.java:1869)
	at src.in.valtech.config.BaseTest.setUp(BaseTest.java:166)
	at java.base/jdk.internal.reflect.NativeMethodAccessorImpl.invoke0(Native Method)
	at java.base/jdk.internal.reflect.NativeMethodAccessorImpl.invoke(NativeMethodAccessorImpl.java:77)
	at java.base/jdk.internal.reflect.DelegatingMethodAccessorImpl.invoke(DelegatingMethodAccessorImpl.java:43)
	at java.base/java.lang.reflect.Method.invoke(Method.java:568)
	at org.testng.internal.MethodInvocationHelper.invokeMethod(MethodInvocationHelper.java:85)
	at org.testng.internal.Invoker.invokeConfigurationMethod(Invoker.java:510)
	at org.testng.internal.Invoker.invokeConfigurations(Invoker.java:211)
	at org.testng.internal.Invoker.invokeConfigurations(Invoker.java:138)
	at org.testng.TestRunner.beforeRun(TestRunner.java:648)
	at org.testng.TestRunner.run(TestRunner.java:616)
	at org.testng.SuiteRunner.runTest(SuiteRunner.java:359)
	at org.testng.SuiteRunner.access$000(SuiteRunner.java:39)
	at org.testng.SuiteRunner$SuiteWorker.run(SuiteRunner.java:393)
	at org.testng.internal.thread.ThreadUtil$2.call(ThreadUtil.java:64)
	at java.base/java.util.concurrent.FutureTask.run(FutureTask.java:264)
	at java.base/java.util.concurrent.ThreadPoolExecutor.runWorker(ThreadPoolExecutor.java:1136)
	at java.base/java.util.concurrent.ThreadPoolExecutor$Worker.run(ThreadPoolExecutor.java:635)
	at java.base/java.lang.Thread.run(Thread.java:833)
]]>
    </error>
  </testcase> <!-- step157_VerifiedOrderStatusInReturnsPage -->
  <testcase classname="src.in.valtech.cl.scenarios.TC_Scenario_08" name="step82_VerifiedMyBAandSABothSame_CheckboxIsAutoSelected" time="0.000">
    <error message="Workbook is not found - D:\ChristianLouboutin/resources/front/Automation_DS_StagingEnv1.xlsx" type="com.codoid.products.exception.FilloException">
      <![CDATA[com.codoid.products.exception.FilloException: Workbook is not found - D:\ChristianLouboutin/resources/front/Automation_DS_StagingEnv1.xlsx
	at com.codoid.products.fillo.Fillo.getConnection(Fillo.java:46)
	at src.in.valtech.util.ExcelReader.getDataConfigDetails(ExcelReader.java:200)
	at src.in.valtech.custom.CustomFun.getTestDataSetDetails(CustomFun.java:1869)
	at src.in.valtech.config.BaseTest.setUp(BaseTest.java:166)
	at java.base/jdk.internal.reflect.NativeMethodAccessorImpl.invoke0(Native Method)
	at java.base/jdk.internal.reflect.NativeMethodAccessorImpl.invoke(NativeMethodAccessorImpl.java:77)
	at java.base/jdk.internal.reflect.DelegatingMethodAccessorImpl.invoke(DelegatingMethodAccessorImpl.java:43)
	at java.base/java.lang.reflect.Method.invoke(Method.java:568)
	at org.testng.internal.MethodInvocationHelper.invokeMethod(MethodInvocationHelper.java:85)
	at org.testng.internal.Invoker.invokeConfigurationMethod(Invoker.java:510)
	at org.testng.internal.Invoker.invokeConfigurations(Invoker.java:211)
	at org.testng.internal.Invoker.invokeConfigurations(Invoker.java:138)
	at org.testng.TestRunner.beforeRun(TestRunner.java:648)
	at org.testng.TestRunner.run(TestRunner.java:616)
	at org.testng.SuiteRunner.runTest(SuiteRunner.java:359)
	at org.testng.SuiteRunner.access$000(SuiteRunner.java:39)
	at org.testng.SuiteRunner$SuiteWorker.run(SuiteRunner.java:393)
	at org.testng.internal.thread.ThreadUtil$2.call(ThreadUtil.java:64)
	at java.base/java.util.concurrent.FutureTask.run(FutureTask.java:264)
	at java.base/java.util.concurrent.ThreadPoolExecutor.runWorker(ThreadPoolExecutor.java:1136)
	at java.base/java.util.concurrent.ThreadPoolExecutor$Worker.run(ThreadPoolExecutor.java:635)
	at java.base/java.lang.Thread.run(Thread.java:833)
]]>
    </error>
  </testcase> <!-- step82_VerifiedMyBAandSABothSame_CheckboxIsAutoSelected -->
  <testcase classname="src.in.valtech.cl.scenarios.TC_Scenario_08" name="step28_ClickOnProductImg" time="0.000">
    <error message="Workbook is not found - D:\ChristianLouboutin/resources/front/Automation_DS_StagingEnv1.xlsx" type="com.codoid.products.exception.FilloException">
      <![CDATA[com.codoid.products.exception.FilloException: Workbook is not found - D:\ChristianLouboutin/resources/front/Automation_DS_StagingEnv1.xlsx
	at com.codoid.products.fillo.Fillo.getConnection(Fillo.java:46)
	at src.in.valtech.util.ExcelReader.getDataConfigDetails(ExcelReader.java:200)
	at src.in.valtech.custom.CustomFun.getTestDataSetDetails(CustomFun.java:1869)
	at src.in.valtech.config.BaseTest.setUp(BaseTest.java:166)
	at java.base/jdk.internal.reflect.NativeMethodAccessorImpl.invoke0(Native Method)
	at java.base/jdk.internal.reflect.NativeMethodAccessorImpl.invoke(NativeMethodAccessorImpl.java:77)
	at java.base/jdk.internal.reflect.DelegatingMethodAccessorImpl.invoke(DelegatingMethodAccessorImpl.java:43)
	at java.base/java.lang.reflect.Method.invoke(Method.java:568)
	at org.testng.internal.MethodInvocationHelper.invokeMethod(MethodInvocationHelper.java:85)
	at org.testng.internal.Invoker.invokeConfigurationMethod(Invoker.java:510)
	at org.testng.internal.Invoker.invokeConfigurations(Invoker.java:211)
	at org.testng.internal.Invoker.invokeConfigurations(Invoker.java:138)
	at org.testng.TestRunner.beforeRun(TestRunner.java:648)
	at org.testng.TestRunner.run(TestRunner.java:616)
	at org.testng.SuiteRunner.runTest(SuiteRunner.java:359)
	at org.testng.SuiteRunner.access$000(SuiteRunner.java:39)
	at org.testng.SuiteRunner$SuiteWorker.run(SuiteRunner.java:393)
	at org.testng.internal.thread.ThreadUtil$2.call(ThreadUtil.java:64)
	at java.base/java.util.concurrent.FutureTask.run(FutureTask.java:264)
	at java.base/java.util.concurrent.ThreadPoolExecutor.runWorker(ThreadPoolExecutor.java:1136)
	at java.base/java.util.concurrent.ThreadPoolExecutor$Worker.run(ThreadPoolExecutor.java:635)
	at java.base/java.lang.Thread.run(Thread.java:833)
]]>
    </error>
  </testcase> <!-- step28_ClickOnProductImg -->
  <testcase classname="src.in.valtech.cl.scenarios.TC_Scenario_08" name="step129_ClickOnCompletePackingBtn" time="0.000">
    <error message="Workbook is not found - D:\ChristianLouboutin/resources/front/Automation_DS_StagingEnv1.xlsx" type="com.codoid.products.exception.FilloException">
      <![CDATA[com.codoid.products.exception.FilloException: Workbook is not found - D:\ChristianLouboutin/resources/front/Automation_DS_StagingEnv1.xlsx
	at com.codoid.products.fillo.Fillo.getConnection(Fillo.java:46)
	at src.in.valtech.util.ExcelReader.getDataConfigDetails(ExcelReader.java:200)
	at src.in.valtech.custom.CustomFun.getTestDataSetDetails(CustomFun.java:1869)
	at src.in.valtech.config.BaseTest.setUp(BaseTest.java:166)
	at java.base/jdk.internal.reflect.NativeMethodAccessorImpl.invoke0(Native Method)
	at java.base/jdk.internal.reflect.NativeMethodAccessorImpl.invoke(NativeMethodAccessorImpl.java:77)
	at java.base/jdk.internal.reflect.DelegatingMethodAccessorImpl.invoke(DelegatingMethodAccessorImpl.java:43)
	at java.base/java.lang.reflect.Method.invoke(Method.java:568)
	at org.testng.internal.MethodInvocationHelper.invokeMethod(MethodInvocationHelper.java:85)
	at org.testng.internal.Invoker.invokeConfigurationMethod(Invoker.java:510)
	at org.testng.internal.Invoker.invokeConfigurations(Invoker.java:211)
	at org.testng.internal.Invoker.invokeConfigurations(Invoker.java:138)
	at org.testng.TestRunner.beforeRun(TestRunner.java:648)
	at org.testng.TestRunner.run(TestRunner.java:616)
	at org.testng.SuiteRunner.runTest(SuiteRunner.java:359)
	at org.testng.SuiteRunner.access$000(SuiteRunner.java:39)
	at org.testng.SuiteRunner$SuiteWorker.run(SuiteRunner.java:393)
	at org.testng.internal.thread.ThreadUtil$2.call(ThreadUtil.java:64)
	at java.base/java.util.concurrent.FutureTask.run(FutureTask.java:264)
	at java.base/java.util.concurrent.ThreadPoolExecutor.runWorker(ThreadPoolExecutor.java:1136)
	at java.base/java.util.concurrent.ThreadPoolExecutor$Worker.run(ThreadPoolExecutor.java:635)
	at java.base/java.lang.Thread.run(Thread.java:833)
]]>
    </error>
  </testcase> <!-- step129_ClickOnCompletePackingBtn -->
  <testcase classname="src.in.valtech.cl.scenarios.TC_Scenario_08" name="step100_ClickOnProceedButtonAndEntered3DSCredentials" time="0.000">
    <error message="Workbook is not found - D:\ChristianLouboutin/resources/front/Automation_DS_StagingEnv1.xlsx" type="com.codoid.products.exception.FilloException">
      <![CDATA[com.codoid.products.exception.FilloException: Workbook is not found - D:\ChristianLouboutin/resources/front/Automation_DS_StagingEnv1.xlsx
	at com.codoid.products.fillo.Fillo.getConnection(Fillo.java:46)
	at src.in.valtech.util.ExcelReader.getDataConfigDetails(ExcelReader.java:200)
	at src.in.valtech.custom.CustomFun.getTestDataSetDetails(CustomFun.java:1869)
	at src.in.valtech.config.BaseTest.setUp(BaseTest.java:166)
	at java.base/jdk.internal.reflect.NativeMethodAccessorImpl.invoke0(Native Method)
	at java.base/jdk.internal.reflect.NativeMethodAccessorImpl.invoke(NativeMethodAccessorImpl.java:77)
	at java.base/jdk.internal.reflect.DelegatingMethodAccessorImpl.invoke(DelegatingMethodAccessorImpl.java:43)
	at java.base/java.lang.reflect.Method.invoke(Method.java:568)
	at org.testng.internal.MethodInvocationHelper.invokeMethod(MethodInvocationHelper.java:85)
	at org.testng.internal.Invoker.invokeConfigurationMethod(Invoker.java:510)
	at org.testng.internal.Invoker.invokeConfigurations(Invoker.java:211)
	at org.testng.internal.Invoker.invokeConfigurations(Invoker.java:138)
	at org.testng.TestRunner.beforeRun(TestRunner.java:648)
	at org.testng.TestRunner.run(TestRunner.java:616)
	at org.testng.SuiteRunner.runTest(SuiteRunner.java:359)
	at org.testng.SuiteRunner.access$000(SuiteRunner.java:39)
	at org.testng.SuiteRunner$SuiteWorker.run(SuiteRunner.java:393)
	at org.testng.internal.thread.ThreadUtil$2.call(ThreadUtil.java:64)
	at java.base/java.util.concurrent.FutureTask.run(FutureTask.java:264)
	at java.base/java.util.concurrent.ThreadPoolExecutor.runWorker(ThreadPoolExecutor.java:1136)
	at java.base/java.util.concurrent.ThreadPoolExecutor$Worker.run(ThreadPoolExecutor.java:635)
	at java.base/java.lang.Thread.run(Thread.java:833)
]]>
    </error>
  </testcase> <!-- step100_ClickOnProceedButtonAndEntered3DSCredentials -->
  <testcase classname="src.in.valtech.cl.scenarios.TC_Scenario_08" name="step184_ClickOnRefundOrExchangeButton" time="0.000">
    <error message="Workbook is not found - D:\ChristianLouboutin/resources/front/Automation_DS_StagingEnv1.xlsx" type="com.codoid.products.exception.FilloException">
      <![CDATA[com.codoid.products.exception.FilloException: Workbook is not found - D:\ChristianLouboutin/resources/front/Automation_DS_StagingEnv1.xlsx
	at com.codoid.products.fillo.Fillo.getConnection(Fillo.java:46)
	at src.in.valtech.util.ExcelReader.getDataConfigDetails(ExcelReader.java:200)
	at src.in.valtech.custom.CustomFun.getTestDataSetDetails(CustomFun.java:1869)
	at src.in.valtech.config.BaseTest.setUp(BaseTest.java:166)
	at java.base/jdk.internal.reflect.NativeMethodAccessorImpl.invoke0(Native Method)
	at java.base/jdk.internal.reflect.NativeMethodAccessorImpl.invoke(NativeMethodAccessorImpl.java:77)
	at java.base/jdk.internal.reflect.DelegatingMethodAccessorImpl.invoke(DelegatingMethodAccessorImpl.java:43)
	at java.base/java.lang.reflect.Method.invoke(Method.java:568)
	at org.testng.internal.MethodInvocationHelper.invokeMethod(MethodInvocationHelper.java:85)
	at org.testng.internal.Invoker.invokeConfigurationMethod(Invoker.java:510)
	at org.testng.internal.Invoker.invokeConfigurations(Invoker.java:211)
	at org.testng.internal.Invoker.invokeConfigurations(Invoker.java:138)
	at org.testng.TestRunner.beforeRun(TestRunner.java:648)
	at org.testng.TestRunner.run(TestRunner.java:616)
	at org.testng.SuiteRunner.runTest(SuiteRunner.java:359)
	at org.testng.SuiteRunner.access$000(SuiteRunner.java:39)
	at org.testng.SuiteRunner$SuiteWorker.run(SuiteRunner.java:393)
	at org.testng.internal.thread.ThreadUtil$2.call(ThreadUtil.java:64)
	at java.base/java.util.concurrent.FutureTask.run(FutureTask.java:264)
	at java.base/java.util.concurrent.ThreadPoolExecutor.runWorker(ThreadPoolExecutor.java:1136)
	at java.base/java.util.concurrent.ThreadPoolExecutor$Worker.run(ThreadPoolExecutor.java:635)
	at java.base/java.lang.Thread.run(Thread.java:833)
]]>
    </error>
  </testcase> <!-- step184_ClickOnRefundOrExchangeButton -->
  <testcase classname="src.in.valtech.cl.scenarios.TC_Scenario_08" name="step140_VerifyOrderTotalAmtIN_adyen" time="0.000">
    <error message="Workbook is not found - D:\ChristianLouboutin/resources/front/Automation_DS_StagingEnv1.xlsx" type="com.codoid.products.exception.FilloException">
      <![CDATA[com.codoid.products.exception.FilloException: Workbook is not found - D:\ChristianLouboutin/resources/front/Automation_DS_StagingEnv1.xlsx
	at com.codoid.products.fillo.Fillo.getConnection(Fillo.java:46)
	at src.in.valtech.util.ExcelReader.getDataConfigDetails(ExcelReader.java:200)
	at src.in.valtech.custom.CustomFun.getTestDataSetDetails(CustomFun.java:1869)
	at src.in.valtech.config.BaseTest.setUp(BaseTest.java:166)
	at java.base/jdk.internal.reflect.NativeMethodAccessorImpl.invoke0(Native Method)
	at java.base/jdk.internal.reflect.NativeMethodAccessorImpl.invoke(NativeMethodAccessorImpl.java:77)
	at java.base/jdk.internal.reflect.DelegatingMethodAccessorImpl.invoke(DelegatingMethodAccessorImpl.java:43)
	at java.base/java.lang.reflect.Method.invoke(Method.java:568)
	at org.testng.internal.MethodInvocationHelper.invokeMethod(MethodInvocationHelper.java:85)
	at org.testng.internal.Invoker.invokeConfigurationMethod(Invoker.java:510)
	at org.testng.internal.Invoker.invokeConfigurations(Invoker.java:211)
	at org.testng.internal.Invoker.invokeConfigurations(Invoker.java:138)
	at org.testng.TestRunner.beforeRun(TestRunner.java:648)
	at org.testng.TestRunner.run(TestRunner.java:616)
	at org.testng.SuiteRunner.runTest(SuiteRunner.java:359)
	at org.testng.SuiteRunner.access$000(SuiteRunner.java:39)
	at org.testng.SuiteRunner$SuiteWorker.run(SuiteRunner.java:393)
	at org.testng.internal.thread.ThreadUtil$2.call(ThreadUtil.java:64)
	at java.base/java.util.concurrent.FutureTask.run(FutureTask.java:264)
	at java.base/java.util.concurrent.ThreadPoolExecutor.runWorker(ThreadPoolExecutor.java:1136)
	at java.base/java.util.concurrent.ThreadPoolExecutor$Worker.run(ThreadPoolExecutor.java:635)
	at java.base/java.lang.Thread.run(Thread.java:833)
]]>
    </error>
  </testcase> <!-- step140_VerifyOrderTotalAmtIN_adyen -->
  <testcase classname="src.in.valtech.cl.scenarios.TC_Scenario_08" name="step148_ClickOnCheckboxToSelectTheProduct" time="0.000">
    <error message="Workbook is not found - D:\ChristianLouboutin/resources/front/Automation_DS_StagingEnv1.xlsx" type="com.codoid.products.exception.FilloException">
      <![CDATA[com.codoid.products.exception.FilloException: Workbook is not found - D:\ChristianLouboutin/resources/front/Automation_DS_StagingEnv1.xlsx
	at com.codoid.products.fillo.Fillo.getConnection(Fillo.java:46)
	at src.in.valtech.util.ExcelReader.getDataConfigDetails(ExcelReader.java:200)
	at src.in.valtech.custom.CustomFun.getTestDataSetDetails(CustomFun.java:1869)
	at src.in.valtech.config.BaseTest.setUp(BaseTest.java:166)
	at java.base/jdk.internal.reflect.NativeMethodAccessorImpl.invoke0(Native Method)
	at java.base/jdk.internal.reflect.NativeMethodAccessorImpl.invoke(NativeMethodAccessorImpl.java:77)
	at java.base/jdk.internal.reflect.DelegatingMethodAccessorImpl.invoke(DelegatingMethodAccessorImpl.java:43)
	at java.base/java.lang.reflect.Method.invoke(Method.java:568)
	at org.testng.internal.MethodInvocationHelper.invokeMethod(MethodInvocationHelper.java:85)
	at org.testng.internal.Invoker.invokeConfigurationMethod(Invoker.java:510)
	at org.testng.internal.Invoker.invokeConfigurations(Invoker.java:211)
	at org.testng.internal.Invoker.invokeConfigurations(Invoker.java:138)
	at org.testng.TestRunner.beforeRun(TestRunner.java:648)
	at org.testng.TestRunner.run(TestRunner.java:616)
	at org.testng.SuiteRunner.runTest(SuiteRunner.java:359)
	at org.testng.SuiteRunner.access$000(SuiteRunner.java:39)
	at org.testng.SuiteRunner$SuiteWorker.run(SuiteRunner.java:393)
	at org.testng.internal.thread.ThreadUtil$2.call(ThreadUtil.java:64)
	at java.base/java.util.concurrent.FutureTask.run(FutureTask.java:264)
	at java.base/java.util.concurrent.ThreadPoolExecutor.runWorker(ThreadPoolExecutor.java:1136)
	at java.base/java.util.concurrent.ThreadPoolExecutor$Worker.run(ThreadPoolExecutor.java:635)
	at java.base/java.lang.Thread.run(Thread.java:833)
]]>
    </error>
  </testcase> <!-- step148_ClickOnCheckboxToSelectTheProduct -->
  <testcase classname="src.in.valtech.cl.scenarios.TC_Scenario_08" name="step174_SelectRejectedOptionFromStatusDropdown" time="0.000">
    <error message="Workbook is not found - D:\ChristianLouboutin/resources/front/Automation_DS_StagingEnv1.xlsx" type="com.codoid.products.exception.FilloException">
      <![CDATA[com.codoid.products.exception.FilloException: Workbook is not found - D:\ChristianLouboutin/resources/front/Automation_DS_StagingEnv1.xlsx
	at com.codoid.products.fillo.Fillo.getConnection(Fillo.java:46)
	at src.in.valtech.util.ExcelReader.getDataConfigDetails(ExcelReader.java:200)
	at src.in.valtech.custom.CustomFun.getTestDataSetDetails(CustomFun.java:1869)
	at src.in.valtech.config.BaseTest.setUp(BaseTest.java:166)
	at java.base/jdk.internal.reflect.NativeMethodAccessorImpl.invoke0(Native Method)
	at java.base/jdk.internal.reflect.NativeMethodAccessorImpl.invoke(NativeMethodAccessorImpl.java:77)
	at java.base/jdk.internal.reflect.DelegatingMethodAccessorImpl.invoke(DelegatingMethodAccessorImpl.java:43)
	at java.base/java.lang.reflect.Method.invoke(Method.java:568)
	at org.testng.internal.MethodInvocationHelper.invokeMethod(MethodInvocationHelper.java:85)
	at org.testng.internal.Invoker.invokeConfigurationMethod(Invoker.java:510)
	at org.testng.internal.Invoker.invokeConfigurations(Invoker.java:211)
	at org.testng.internal.Invoker.invokeConfigurations(Invoker.java:138)
	at org.testng.TestRunner.beforeRun(TestRunner.java:648)
	at org.testng.TestRunner.run(TestRunner.java:616)
	at org.testng.SuiteRunner.runTest(SuiteRunner.java:359)
	at org.testng.SuiteRunner.access$000(SuiteRunner.java:39)
	at org.testng.SuiteRunner$SuiteWorker.run(SuiteRunner.java:393)
	at org.testng.internal.thread.ThreadUtil$2.call(ThreadUtil.java:64)
	at java.base/java.util.concurrent.FutureTask.run(FutureTask.java:264)
	at java.base/java.util.concurrent.ThreadPoolExecutor.runWorker(ThreadPoolExecutor.java:1136)
	at java.base/java.util.concurrent.ThreadPoolExecutor$Worker.run(ThreadPoolExecutor.java:635)
	at java.base/java.lang.Thread.run(Thread.java:833)
]]>
    </error>
  </testcase> <!-- step174_SelectRejectedOptionFromStatusDropdown -->
  <testcase classname="src.in.valtech.cl.scenarios.TC_Scenario_08" name="step206_VerifyReturnRequestConfirmationMailContents" time="0.000">
    <error message="Workbook is not found - D:\ChristianLouboutin/resources/front/Automation_DS_StagingEnv1.xlsx" type="com.codoid.products.exception.FilloException">
      <![CDATA[com.codoid.products.exception.FilloException: Workbook is not found - D:\ChristianLouboutin/resources/front/Automation_DS_StagingEnv1.xlsx
	at com.codoid.products.fillo.Fillo.getConnection(Fillo.java:46)
	at src.in.valtech.util.ExcelReader.getDataConfigDetails(ExcelReader.java:200)
	at src.in.valtech.custom.CustomFun.getTestDataSetDetails(CustomFun.java:1869)
	at src.in.valtech.config.BaseTest.setUp(BaseTest.java:166)
	at java.base/jdk.internal.reflect.NativeMethodAccessorImpl.invoke0(Native Method)
	at java.base/jdk.internal.reflect.NativeMethodAccessorImpl.invoke(NativeMethodAccessorImpl.java:77)
	at java.base/jdk.internal.reflect.DelegatingMethodAccessorImpl.invoke(DelegatingMethodAccessorImpl.java:43)
	at java.base/java.lang.reflect.Method.invoke(Method.java:568)
	at org.testng.internal.MethodInvocationHelper.invokeMethod(MethodInvocationHelper.java:85)
	at org.testng.internal.Invoker.invokeConfigurationMethod(Invoker.java:510)
	at org.testng.internal.Invoker.invokeConfigurations(Invoker.java:211)
	at org.testng.internal.Invoker.invokeConfigurations(Invoker.java:138)
	at org.testng.TestRunner.beforeRun(TestRunner.java:648)
	at org.testng.TestRunner.run(TestRunner.java:616)
	at org.testng.SuiteRunner.runTest(SuiteRunner.java:359)
	at org.testng.SuiteRunner.access$000(SuiteRunner.java:39)
	at org.testng.SuiteRunner$SuiteWorker.run(SuiteRunner.java:393)
	at org.testng.internal.thread.ThreadUtil$2.call(ThreadUtil.java:64)
	at java.base/java.util.concurrent.FutureTask.run(FutureTask.java:264)
	at java.base/java.util.concurrent.ThreadPoolExecutor.runWorker(ThreadPoolExecutor.java:1136)
	at java.base/java.util.concurrent.ThreadPoolExecutor$Worker.run(ThreadPoolExecutor.java:635)
	at java.base/java.lang.Thread.run(Thread.java:833)
]]>
    </error>
  </testcase> <!-- step206_VerifyReturnRequestConfirmationMailContents -->
  <testcase classname="src.in.valtech.cl.scenarios.TC_Scenario_08" name="step172_EnterValueInApprovedField" time="0.000">
    <error message="Workbook is not found - D:\ChristianLouboutin/resources/front/Automation_DS_StagingEnv1.xlsx" type="com.codoid.products.exception.FilloException">
      <![CDATA[com.codoid.products.exception.FilloException: Workbook is not found - D:\ChristianLouboutin/resources/front/Automation_DS_StagingEnv1.xlsx
	at com.codoid.products.fillo.Fillo.getConnection(Fillo.java:46)
	at src.in.valtech.util.ExcelReader.getDataConfigDetails(ExcelReader.java:200)
	at src.in.valtech.custom.CustomFun.getTestDataSetDetails(CustomFun.java:1869)
	at src.in.valtech.config.BaseTest.setUp(BaseTest.java:166)
	at java.base/jdk.internal.reflect.NativeMethodAccessorImpl.invoke0(Native Method)
	at java.base/jdk.internal.reflect.NativeMethodAccessorImpl.invoke(NativeMethodAccessorImpl.java:77)
	at java.base/jdk.internal.reflect.DelegatingMethodAccessorImpl.invoke(DelegatingMethodAccessorImpl.java:43)
	at java.base/java.lang.reflect.Method.invoke(Method.java:568)
	at org.testng.internal.MethodInvocationHelper.invokeMethod(MethodInvocationHelper.java:85)
	at org.testng.internal.Invoker.invokeConfigurationMethod(Invoker.java:510)
	at org.testng.internal.Invoker.invokeConfigurations(Invoker.java:211)
	at org.testng.internal.Invoker.invokeConfigurations(Invoker.java:138)
	at org.testng.TestRunner.beforeRun(TestRunner.java:648)
	at org.testng.TestRunner.run(TestRunner.java:616)
	at org.testng.SuiteRunner.runTest(SuiteRunner.java:359)
	at org.testng.SuiteRunner.access$000(SuiteRunner.java:39)
	at org.testng.SuiteRunner$SuiteWorker.run(SuiteRunner.java:393)
	at org.testng.internal.thread.ThreadUtil$2.call(ThreadUtil.java:64)
	at java.base/java.util.concurrent.FutureTask.run(FutureTask.java:264)
	at java.base/java.util.concurrent.ThreadPoolExecutor.runWorker(ThreadPoolExecutor.java:1136)
	at java.base/java.util.concurrent.ThreadPoolExecutor$Worker.run(ThreadPoolExecutor.java:635)
	at java.base/java.lang.Thread.run(Thread.java:833)
]]>
    </error>
  </testcase> <!-- step172_EnterValueInApprovedField -->
  <testcase classname="src.in.valtech.cl.scenarios.TC_Scenario_08" name="step209_VerifyOrderConfirmationMailContentsForExchangeOrder" time="0.000">
    <error message="Workbook is not found - D:\ChristianLouboutin/resources/front/Automation_DS_StagingEnv1.xlsx" type="com.codoid.products.exception.FilloException">
      <![CDATA[com.codoid.products.exception.FilloException: Workbook is not found - D:\ChristianLouboutin/resources/front/Automation_DS_StagingEnv1.xlsx
	at com.codoid.products.fillo.Fillo.getConnection(Fillo.java:46)
	at src.in.valtech.util.ExcelReader.getDataConfigDetails(ExcelReader.java:200)
	at src.in.valtech.custom.CustomFun.getTestDataSetDetails(CustomFun.java:1869)
	at src.in.valtech.config.BaseTest.setUp(BaseTest.java:166)
	at java.base/jdk.internal.reflect.NativeMethodAccessorImpl.invoke0(Native Method)
	at java.base/jdk.internal.reflect.NativeMethodAccessorImpl.invoke(NativeMethodAccessorImpl.java:77)
	at java.base/jdk.internal.reflect.DelegatingMethodAccessorImpl.invoke(DelegatingMethodAccessorImpl.java:43)
	at java.base/java.lang.reflect.Method.invoke(Method.java:568)
	at org.testng.internal.MethodInvocationHelper.invokeMethod(MethodInvocationHelper.java:85)
	at org.testng.internal.Invoker.invokeConfigurationMethod(Invoker.java:510)
	at org.testng.internal.Invoker.invokeConfigurations(Invoker.java:211)
	at org.testng.internal.Invoker.invokeConfigurations(Invoker.java:138)
	at org.testng.TestRunner.beforeRun(TestRunner.java:648)
	at org.testng.TestRunner.run(TestRunner.java:616)
	at org.testng.SuiteRunner.runTest(SuiteRunner.java:359)
	at org.testng.SuiteRunner.access$000(SuiteRunner.java:39)
	at org.testng.SuiteRunner$SuiteWorker.run(SuiteRunner.java:393)
	at org.testng.internal.thread.ThreadUtil$2.call(ThreadUtil.java:64)
	at java.base/java.util.concurrent.FutureTask.run(FutureTask.java:264)
	at java.base/java.util.concurrent.ThreadPoolExecutor.runWorker(ThreadPoolExecutor.java:1136)
	at java.base/java.util.concurrent.ThreadPoolExecutor$Worker.run(ThreadPoolExecutor.java:635)
	at java.base/java.lang.Thread.run(Thread.java:833)
]]>
    </error>
  </testcase> <!-- step209_VerifyOrderConfirmationMailContentsForExchangeOrder -->
  <testcase classname="src.in.valtech.cl.scenarios.TC_Scenario_08" name="step167_NavigatedIntoMangetoAndClickONSalesIcon" time="0.000">
    <error message="Workbook is not found - D:\ChristianLouboutin/resources/front/Automation_DS_StagingEnv1.xlsx" type="com.codoid.products.exception.FilloException">
      <![CDATA[com.codoid.products.exception.FilloException: Workbook is not found - D:\ChristianLouboutin/resources/front/Automation_DS_StagingEnv1.xlsx
	at com.codoid.products.fillo.Fillo.getConnection(Fillo.java:46)
	at src.in.valtech.util.ExcelReader.getDataConfigDetails(ExcelReader.java:200)
	at src.in.valtech.custom.CustomFun.getTestDataSetDetails(CustomFun.java:1869)
	at src.in.valtech.config.BaseTest.setUp(BaseTest.java:166)
	at java.base/jdk.internal.reflect.NativeMethodAccessorImpl.invoke0(Native Method)
	at java.base/jdk.internal.reflect.NativeMethodAccessorImpl.invoke(NativeMethodAccessorImpl.java:77)
	at java.base/jdk.internal.reflect.DelegatingMethodAccessorImpl.invoke(DelegatingMethodAccessorImpl.java:43)
	at java.base/java.lang.reflect.Method.invoke(Method.java:568)
	at org.testng.internal.MethodInvocationHelper.invokeMethod(MethodInvocationHelper.java:85)
	at org.testng.internal.Invoker.invokeConfigurationMethod(Invoker.java:510)
	at org.testng.internal.Invoker.invokeConfigurations(Invoker.java:211)
	at org.testng.internal.Invoker.invokeConfigurations(Invoker.java:138)
	at org.testng.TestRunner.beforeRun(TestRunner.java:648)
	at org.testng.TestRunner.run(TestRunner.java:616)
	at org.testng.SuiteRunner.runTest(SuiteRunner.java:359)
	at org.testng.SuiteRunner.access$000(SuiteRunner.java:39)
	at org.testng.SuiteRunner$SuiteWorker.run(SuiteRunner.java:393)
	at org.testng.internal.thread.ThreadUtil$2.call(ThreadUtil.java:64)
	at java.base/java.util.concurrent.FutureTask.run(FutureTask.java:264)
	at java.base/java.util.concurrent.ThreadPoolExecutor.runWorker(ThreadPoolExecutor.java:1136)
	at java.base/java.util.concurrent.ThreadPoolExecutor$Worker.run(ThreadPoolExecutor.java:635)
	at java.base/java.lang.Thread.run(Thread.java:833)
]]>
    </error>
  </testcase> <!-- step167_NavigatedIntoMangetoAndClickONSalesIcon -->
  <testcase classname="src.in.valtech.cl.scenarios.TC_Scenario_08" name="step177_ClickOnSalesIcon" time="0.000">
    <error message="Workbook is not found - D:\ChristianLouboutin/resources/front/Automation_DS_StagingEnv1.xlsx" type="com.codoid.products.exception.FilloException">
      <![CDATA[com.codoid.products.exception.FilloException: Workbook is not found - D:\ChristianLouboutin/resources/front/Automation_DS_StagingEnv1.xlsx
	at com.codoid.products.fillo.Fillo.getConnection(Fillo.java:46)
	at src.in.valtech.util.ExcelReader.getDataConfigDetails(ExcelReader.java:200)
	at src.in.valtech.custom.CustomFun.getTestDataSetDetails(CustomFun.java:1869)
	at src.in.valtech.config.BaseTest.setUp(BaseTest.java:166)
	at java.base/jdk.internal.reflect.NativeMethodAccessorImpl.invoke0(Native Method)
	at java.base/jdk.internal.reflect.NativeMethodAccessorImpl.invoke(NativeMethodAccessorImpl.java:77)
	at java.base/jdk.internal.reflect.DelegatingMethodAccessorImpl.invoke(DelegatingMethodAccessorImpl.java:43)
	at java.base/java.lang.reflect.Method.invoke(Method.java:568)
	at org.testng.internal.MethodInvocationHelper.invokeMethod(MethodInvocationHelper.java:85)
	at org.testng.internal.Invoker.invokeConfigurationMethod(Invoker.java:510)
	at org.testng.internal.Invoker.invokeConfigurations(Invoker.java:211)
	at org.testng.internal.Invoker.invokeConfigurations(Invoker.java:138)
	at org.testng.TestRunner.beforeRun(TestRunner.java:648)
	at org.testng.TestRunner.run(TestRunner.java:616)
	at org.testng.SuiteRunner.runTest(SuiteRunner.java:359)
	at org.testng.SuiteRunner.access$000(SuiteRunner.java:39)
	at org.testng.SuiteRunner$SuiteWorker.run(SuiteRunner.java:393)
	at org.testng.internal.thread.ThreadUtil$2.call(ThreadUtil.java:64)
	at java.base/java.util.concurrent.FutureTask.run(FutureTask.java:264)
	at java.base/java.util.concurrent.ThreadPoolExecutor.runWorker(ThreadPoolExecutor.java:1136)
	at java.base/java.util.concurrent.ThreadPoolExecutor$Worker.run(ThreadPoolExecutor.java:635)
	at java.base/java.lang.Thread.run(Thread.java:833)
]]>
    </error>
  </testcase> <!-- step177_ClickOnSalesIcon -->
  <testcase classname="src.in.valtech.cl.scenarios.TC_Scenario_08" name="step75_VerifiedCountryField" time="0.000">
    <error message="Workbook is not found - D:\ChristianLouboutin/resources/front/Automation_DS_StagingEnv1.xlsx" type="com.codoid.products.exception.FilloException">
      <![CDATA[com.codoid.products.exception.FilloException: Workbook is not found - D:\ChristianLouboutin/resources/front/Automation_DS_StagingEnv1.xlsx
	at com.codoid.products.fillo.Fillo.getConnection(Fillo.java:46)
	at src.in.valtech.util.ExcelReader.getDataConfigDetails(ExcelReader.java:200)
	at src.in.valtech.custom.CustomFun.getTestDataSetDetails(CustomFun.java:1869)
	at src.in.valtech.config.BaseTest.setUp(BaseTest.java:166)
	at java.base/jdk.internal.reflect.NativeMethodAccessorImpl.invoke0(Native Method)
	at java.base/jdk.internal.reflect.NativeMethodAccessorImpl.invoke(NativeMethodAccessorImpl.java:77)
	at java.base/jdk.internal.reflect.DelegatingMethodAccessorImpl.invoke(DelegatingMethodAccessorImpl.java:43)
	at java.base/java.lang.reflect.Method.invoke(Method.java:568)
	at org.testng.internal.MethodInvocationHelper.invokeMethod(MethodInvocationHelper.java:85)
	at org.testng.internal.Invoker.invokeConfigurationMethod(Invoker.java:510)
	at org.testng.internal.Invoker.invokeConfigurations(Invoker.java:211)
	at org.testng.internal.Invoker.invokeConfigurations(Invoker.java:138)
	at org.testng.TestRunner.beforeRun(TestRunner.java:648)
	at org.testng.TestRunner.run(TestRunner.java:616)
	at org.testng.SuiteRunner.runTest(SuiteRunner.java:359)
	at org.testng.SuiteRunner.access$000(SuiteRunner.java:39)
	at org.testng.SuiteRunner$SuiteWorker.run(SuiteRunner.java:393)
	at org.testng.internal.thread.ThreadUtil$2.call(ThreadUtil.java:64)
	at java.base/java.util.concurrent.FutureTask.run(FutureTask.java:264)
	at java.base/java.util.concurrent.ThreadPoolExecutor.runWorker(ThreadPoolExecutor.java:1136)
	at java.base/java.util.concurrent.ThreadPoolExecutor$Worker.run(ThreadPoolExecutor.java:635)
	at java.base/java.lang.Thread.run(Thread.java:833)
]]>
    </error>
  </testcase> <!-- step75_VerifiedCountryField -->
  <testcase classname="src.in.valtech.cl.scenarios.TC_Scenario_08" name="step115_ClickOnAcceptBtn" time="0.000">
    <error message="Workbook is not found - D:\ChristianLouboutin/resources/front/Automation_DS_StagingEnv1.xlsx" type="com.codoid.products.exception.FilloException">
      <![CDATA[com.codoid.products.exception.FilloException: Workbook is not found - D:\ChristianLouboutin/resources/front/Automation_DS_StagingEnv1.xlsx
	at com.codoid.products.fillo.Fillo.getConnection(Fillo.java:46)
	at src.in.valtech.util.ExcelReader.getDataConfigDetails(ExcelReader.java:200)
	at src.in.valtech.custom.CustomFun.getTestDataSetDetails(CustomFun.java:1869)
	at src.in.valtech.config.BaseTest.setUp(BaseTest.java:166)
	at java.base/jdk.internal.reflect.NativeMethodAccessorImpl.invoke0(Native Method)
	at java.base/jdk.internal.reflect.NativeMethodAccessorImpl.invoke(NativeMethodAccessorImpl.java:77)
	at java.base/jdk.internal.reflect.DelegatingMethodAccessorImpl.invoke(DelegatingMethodAccessorImpl.java:43)
	at java.base/java.lang.reflect.Method.invoke(Method.java:568)
	at org.testng.internal.MethodInvocationHelper.invokeMethod(MethodInvocationHelper.java:85)
	at org.testng.internal.Invoker.invokeConfigurationMethod(Invoker.java:510)
	at org.testng.internal.Invoker.invokeConfigurations(Invoker.java:211)
	at org.testng.internal.Invoker.invokeConfigurations(Invoker.java:138)
	at org.testng.TestRunner.beforeRun(TestRunner.java:648)
	at org.testng.TestRunner.run(TestRunner.java:616)
	at org.testng.SuiteRunner.runTest(SuiteRunner.java:359)
	at org.testng.SuiteRunner.access$000(SuiteRunner.java:39)
	at org.testng.SuiteRunner$SuiteWorker.run(SuiteRunner.java:393)
	at org.testng.internal.thread.ThreadUtil$2.call(ThreadUtil.java:64)
	at java.base/java.util.concurrent.FutureTask.run(FutureTask.java:264)
	at java.base/java.util.concurrent.ThreadPoolExecutor.runWorker(ThreadPoolExecutor.java:1136)
	at java.base/java.util.concurrent.ThreadPoolExecutor$Worker.run(ThreadPoolExecutor.java:635)
	at java.base/java.lang.Thread.run(Thread.java:833)
]]>
    </error>
  </testcase> <!-- step115_ClickOnAcceptBtn -->
  <testcase classname="src.in.valtech.cl.scenarios.TC_Scenario_08" name="step178_ClickOrderstxtFromSalesIcon" time="0.000">
    <error message="Workbook is not found - D:\ChristianLouboutin/resources/front/Automation_DS_StagingEnv1.xlsx" type="com.codoid.products.exception.FilloException">
      <![CDATA[com.codoid.products.exception.FilloException: Workbook is not found - D:\ChristianLouboutin/resources/front/Automation_DS_StagingEnv1.xlsx
	at com.codoid.products.fillo.Fillo.getConnection(Fillo.java:46)
	at src.in.valtech.util.ExcelReader.getDataConfigDetails(ExcelReader.java:200)
	at src.in.valtech.custom.CustomFun.getTestDataSetDetails(CustomFun.java:1869)
	at src.in.valtech.config.BaseTest.setUp(BaseTest.java:166)
	at java.base/jdk.internal.reflect.NativeMethodAccessorImpl.invoke0(Native Method)
	at java.base/jdk.internal.reflect.NativeMethodAccessorImpl.invoke(NativeMethodAccessorImpl.java:77)
	at java.base/jdk.internal.reflect.DelegatingMethodAccessorImpl.invoke(DelegatingMethodAccessorImpl.java:43)
	at java.base/java.lang.reflect.Method.invoke(Method.java:568)
	at org.testng.internal.MethodInvocationHelper.invokeMethod(MethodInvocationHelper.java:85)
	at org.testng.internal.Invoker.invokeConfigurationMethod(Invoker.java:510)
	at org.testng.internal.Invoker.invokeConfigurations(Invoker.java:211)
	at org.testng.internal.Invoker.invokeConfigurations(Invoker.java:138)
	at org.testng.TestRunner.beforeRun(TestRunner.java:648)
	at org.testng.TestRunner.run(TestRunner.java:616)
	at org.testng.SuiteRunner.runTest(SuiteRunner.java:359)
	at org.testng.SuiteRunner.access$000(SuiteRunner.java:39)
	at org.testng.SuiteRunner$SuiteWorker.run(SuiteRunner.java:393)
	at org.testng.internal.thread.ThreadUtil$2.call(ThreadUtil.java:64)
	at java.base/java.util.concurrent.FutureTask.run(FutureTask.java:264)
	at java.base/java.util.concurrent.ThreadPoolExecutor.runWorker(ThreadPoolExecutor.java:1136)
	at java.base/java.util.concurrent.ThreadPoolExecutor$Worker.run(ThreadPoolExecutor.java:635)
	at java.base/java.lang.Thread.run(Thread.java:833)
]]>
    </error>
  </testcase> <!-- step178_ClickOrderstxtFromSalesIcon -->
  <testcase classname="src.in.valtech.cl.scenarios.TC_Scenario_08" name="step05_ClickOnSignInButton" time="0.000">
    <error message="Workbook is not found - D:\ChristianLouboutin/resources/front/Automation_DS_StagingEnv1.xlsx" type="com.codoid.products.exception.FilloException">
      <![CDATA[com.codoid.products.exception.FilloException: Workbook is not found - D:\ChristianLouboutin/resources/front/Automation_DS_StagingEnv1.xlsx
	at com.codoid.products.fillo.Fillo.getConnection(Fillo.java:46)
	at src.in.valtech.util.ExcelReader.getDataConfigDetails(ExcelReader.java:200)
	at src.in.valtech.custom.CustomFun.getTestDataSetDetails(CustomFun.java:1869)
	at src.in.valtech.config.BaseTest.setUp(BaseTest.java:166)
	at java.base/jdk.internal.reflect.NativeMethodAccessorImpl.invoke0(Native Method)
	at java.base/jdk.internal.reflect.NativeMethodAccessorImpl.invoke(NativeMethodAccessorImpl.java:77)
	at java.base/jdk.internal.reflect.DelegatingMethodAccessorImpl.invoke(DelegatingMethodAccessorImpl.java:43)
	at java.base/java.lang.reflect.Method.invoke(Method.java:568)
	at org.testng.internal.MethodInvocationHelper.invokeMethod(MethodInvocationHelper.java:85)
	at org.testng.internal.Invoker.invokeConfigurationMethod(Invoker.java:510)
	at org.testng.internal.Invoker.invokeConfigurations(Invoker.java:211)
	at org.testng.internal.Invoker.invokeConfigurations(Invoker.java:138)
	at org.testng.TestRunner.beforeRun(TestRunner.java:648)
	at org.testng.TestRunner.run(TestRunner.java:616)
	at org.testng.SuiteRunner.runTest(SuiteRunner.java:359)
	at org.testng.SuiteRunner.access$000(SuiteRunner.java:39)
	at org.testng.SuiteRunner$SuiteWorker.run(SuiteRunner.java:393)
	at org.testng.internal.thread.ThreadUtil$2.call(ThreadUtil.java:64)
	at java.base/java.util.concurrent.FutureTask.run(FutureTask.java:264)
	at java.base/java.util.concurrent.ThreadPoolExecutor.runWorker(ThreadPoolExecutor.java:1136)
	at java.base/java.util.concurrent.ThreadPoolExecutor$Worker.run(ThreadPoolExecutor.java:635)
	at java.base/java.lang.Thread.run(Thread.java:833)
]]>
    </error>
  </testcase> <!-- step05_ClickOnSignInButton -->
  <testcase classname="src.in.valtech.cl.scenarios.TC_Scenario_08" name="step145_SelectPickupDate" time="0.000">
    <error message="Workbook is not found - D:\ChristianLouboutin/resources/front/Automation_DS_StagingEnv1.xlsx" type="com.codoid.products.exception.FilloException">
      <![CDATA[com.codoid.products.exception.FilloException: Workbook is not found - D:\ChristianLouboutin/resources/front/Automation_DS_StagingEnv1.xlsx
	at com.codoid.products.fillo.Fillo.getConnection(Fillo.java:46)
	at src.in.valtech.util.ExcelReader.getDataConfigDetails(ExcelReader.java:200)
	at src.in.valtech.custom.CustomFun.getTestDataSetDetails(CustomFun.java:1869)
	at src.in.valtech.config.BaseTest.setUp(BaseTest.java:166)
	at java.base/jdk.internal.reflect.NativeMethodAccessorImpl.invoke0(Native Method)
	at java.base/jdk.internal.reflect.NativeMethodAccessorImpl.invoke(NativeMethodAccessorImpl.java:77)
	at java.base/jdk.internal.reflect.DelegatingMethodAccessorImpl.invoke(DelegatingMethodAccessorImpl.java:43)
	at java.base/java.lang.reflect.Method.invoke(Method.java:568)
	at org.testng.internal.MethodInvocationHelper.invokeMethod(MethodInvocationHelper.java:85)
	at org.testng.internal.Invoker.invokeConfigurationMethod(Invoker.java:510)
	at org.testng.internal.Invoker.invokeConfigurations(Invoker.java:211)
	at org.testng.internal.Invoker.invokeConfigurations(Invoker.java:138)
	at org.testng.TestRunner.beforeRun(TestRunner.java:648)
	at org.testng.TestRunner.run(TestRunner.java:616)
	at org.testng.SuiteRunner.runTest(SuiteRunner.java:359)
	at org.testng.SuiteRunner.access$000(SuiteRunner.java:39)
	at org.testng.SuiteRunner$SuiteWorker.run(SuiteRunner.java:393)
	at org.testng.internal.thread.ThreadUtil$2.call(ThreadUtil.java:64)
	at java.base/java.util.concurrent.FutureTask.run(FutureTask.java:264)
	at java.base/java.util.concurrent.ThreadPoolExecutor.runWorker(ThreadPoolExecutor.java:1136)
	at java.base/java.util.concurrent.ThreadPoolExecutor$Worker.run(ThreadPoolExecutor.java:635)
	at java.base/java.lang.Thread.run(Thread.java:833)
]]>
    </error>
  </testcase> <!-- step145_SelectPickupDate -->
  <testcase classname="src.in.valtech.cl.scenarios.TC_Scenario_08" name="step208_VerifyCreditMemoConfirmationMailContents" time="0.000">
    <error message="Workbook is not found - D:\ChristianLouboutin/resources/front/Automation_DS_StagingEnv1.xlsx" type="com.codoid.products.exception.FilloException">
      <![CDATA[com.codoid.products.exception.FilloException: Workbook is not found - D:\ChristianLouboutin/resources/front/Automation_DS_StagingEnv1.xlsx
	at com.codoid.products.fillo.Fillo.getConnection(Fillo.java:46)
	at src.in.valtech.util.ExcelReader.getDataConfigDetails(ExcelReader.java:200)
	at src.in.valtech.custom.CustomFun.getTestDataSetDetails(CustomFun.java:1869)
	at src.in.valtech.config.BaseTest.setUp(BaseTest.java:166)
	at java.base/jdk.internal.reflect.NativeMethodAccessorImpl.invoke0(Native Method)
	at java.base/jdk.internal.reflect.NativeMethodAccessorImpl.invoke(NativeMethodAccessorImpl.java:77)
	at java.base/jdk.internal.reflect.DelegatingMethodAccessorImpl.invoke(DelegatingMethodAccessorImpl.java:43)
	at java.base/java.lang.reflect.Method.invoke(Method.java:568)
	at org.testng.internal.MethodInvocationHelper.invokeMethod(MethodInvocationHelper.java:85)
	at org.testng.internal.Invoker.invokeConfigurationMethod(Invoker.java:510)
	at org.testng.internal.Invoker.invokeConfigurations(Invoker.java:211)
	at org.testng.internal.Invoker.invokeConfigurations(Invoker.java:138)
	at org.testng.TestRunner.beforeRun(TestRunner.java:648)
	at org.testng.TestRunner.run(TestRunner.java:616)
	at org.testng.SuiteRunner.runTest(SuiteRunner.java:359)
	at org.testng.SuiteRunner.access$000(SuiteRunner.java:39)
	at org.testng.SuiteRunner$SuiteWorker.run(SuiteRunner.java:393)
	at org.testng.internal.thread.ThreadUtil$2.call(ThreadUtil.java:64)
	at java.base/java.util.concurrent.FutureTask.run(FutureTask.java:264)
	at java.base/java.util.concurrent.ThreadPoolExecutor.runWorker(ThreadPoolExecutor.java:1136)
	at java.base/java.util.concurrent.ThreadPoolExecutor$Worker.run(ThreadPoolExecutor.java:635)
	at java.base/java.lang.Thread.run(Thread.java:833)
]]>
    </error>
  </testcase> <!-- step208_VerifyCreditMemoConfirmationMailContents -->
  <testcase classname="src.in.valtech.cl.scenarios.TC_Scenario_08" name="step08_ClickAllCustomerstxtFromCustomersIcon" time="0.000">
    <error message="Workbook is not found - D:\ChristianLouboutin/resources/front/Automation_DS_StagingEnv1.xlsx" type="com.codoid.products.exception.FilloException">
      <![CDATA[com.codoid.products.exception.FilloException: Workbook is not found - D:\ChristianLouboutin/resources/front/Automation_DS_StagingEnv1.xlsx
	at com.codoid.products.fillo.Fillo.getConnection(Fillo.java:46)
	at src.in.valtech.util.ExcelReader.getDataConfigDetails(ExcelReader.java:200)
	at src.in.valtech.custom.CustomFun.getTestDataSetDetails(CustomFun.java:1869)
	at src.in.valtech.config.BaseTest.setUp(BaseTest.java:166)
	at java.base/jdk.internal.reflect.NativeMethodAccessorImpl.invoke0(Native Method)
	at java.base/jdk.internal.reflect.NativeMethodAccessorImpl.invoke(NativeMethodAccessorImpl.java:77)
	at java.base/jdk.internal.reflect.DelegatingMethodAccessorImpl.invoke(DelegatingMethodAccessorImpl.java:43)
	at java.base/java.lang.reflect.Method.invoke(Method.java:568)
	at org.testng.internal.MethodInvocationHelper.invokeMethod(MethodInvocationHelper.java:85)
	at org.testng.internal.Invoker.invokeConfigurationMethod(Invoker.java:510)
	at org.testng.internal.Invoker.invokeConfigurations(Invoker.java:211)
	at org.testng.internal.Invoker.invokeConfigurations(Invoker.java:138)
	at org.testng.TestRunner.beforeRun(TestRunner.java:648)
	at org.testng.TestRunner.run(TestRunner.java:616)
	at org.testng.SuiteRunner.runTest(SuiteRunner.java:359)
	at org.testng.SuiteRunner.access$000(SuiteRunner.java:39)
	at org.testng.SuiteRunner$SuiteWorker.run(SuiteRunner.java:393)
	at org.testng.internal.thread.ThreadUtil$2.call(ThreadUtil.java:64)
	at java.base/java.util.concurrent.FutureTask.run(FutureTask.java:264)
	at java.base/java.util.concurrent.ThreadPoolExecutor.runWorker(ThreadPoolExecutor.java:1136)
	at java.base/java.util.concurrent.ThreadPoolExecutor$Worker.run(ThreadPoolExecutor.java:635)
	at java.base/java.lang.Thread.run(Thread.java:833)
]]>
    </error>
  </testcase> <!-- step08_ClickAllCustomerstxtFromCustomersIcon -->
  <testcase classname="src.in.valtech.cl.scenarios.TC_Scenario_08" name="step18_EnterPasswordField" time="0.001">
    <error message="Workbook is not found - D:\ChristianLouboutin/resources/front/Automation_DS_StagingEnv1.xlsx" type="com.codoid.products.exception.FilloException">
      <![CDATA[com.codoid.products.exception.FilloException: Workbook is not found - D:\ChristianLouboutin/resources/front/Automation_DS_StagingEnv1.xlsx
	at com.codoid.products.fillo.Fillo.getConnection(Fillo.java:46)
	at src.in.valtech.util.ExcelReader.getDataConfigDetails(ExcelReader.java:200)
	at src.in.valtech.custom.CustomFun.getTestDataSetDetails(CustomFun.java:1869)
	at src.in.valtech.config.BaseTest.setUp(BaseTest.java:166)
	at java.base/jdk.internal.reflect.NativeMethodAccessorImpl.invoke0(Native Method)
	at java.base/jdk.internal.reflect.NativeMethodAccessorImpl.invoke(NativeMethodAccessorImpl.java:77)
	at java.base/jdk.internal.reflect.DelegatingMethodAccessorImpl.invoke(DelegatingMethodAccessorImpl.java:43)
	at java.base/java.lang.reflect.Method.invoke(Method.java:568)
	at org.testng.internal.MethodInvocationHelper.invokeMethod(MethodInvocationHelper.java:85)
	at org.testng.internal.Invoker.invokeConfigurationMethod(Invoker.java:510)
	at org.testng.internal.Invoker.invokeConfigurations(Invoker.java:211)
	at org.testng.internal.Invoker.invokeConfigurations(Invoker.java:138)
	at org.testng.TestRunner.beforeRun(TestRunner.java:648)
	at org.testng.TestRunner.run(TestRunner.java:616)
	at org.testng.SuiteRunner.runTest(SuiteRunner.java:359)
	at org.testng.SuiteRunner.access$000(SuiteRunner.java:39)
	at org.testng.SuiteRunner$SuiteWorker.run(SuiteRunner.java:393)
	at org.testng.internal.thread.ThreadUtil$2.call(ThreadUtil.java:64)
	at java.base/java.util.concurrent.FutureTask.run(FutureTask.java:264)
	at java.base/java.util.concurrent.ThreadPoolExecutor.runWorker(ThreadPoolExecutor.java:1136)
	at java.base/java.util.concurrent.ThreadPoolExecutor$Worker.run(ThreadPoolExecutor.java:635)
	at java.base/java.lang.Thread.run(Thread.java:833)
]]>
    </error>
  </testcase> <!-- step18_EnterPasswordField -->
  <testcase classname="src.in.valtech.cl.scenarios.TC_Scenario_08" name="step81_VerifyCreditCardDetailsInPayment" time="0.000">
    <error message="Workbook is not found - D:\ChristianLouboutin/resources/front/Automation_DS_StagingEnv1.xlsx" type="com.codoid.products.exception.FilloException">
      <![CDATA[com.codoid.products.exception.FilloException: Workbook is not found - D:\ChristianLouboutin/resources/front/Automation_DS_StagingEnv1.xlsx
	at com.codoid.products.fillo.Fillo.getConnection(Fillo.java:46)
	at src.in.valtech.util.ExcelReader.getDataConfigDetails(ExcelReader.java:200)
	at src.in.valtech.custom.CustomFun.getTestDataSetDetails(CustomFun.java:1869)
	at src.in.valtech.config.BaseTest.setUp(BaseTest.java:166)
	at java.base/jdk.internal.reflect.NativeMethodAccessorImpl.invoke0(Native Method)
	at java.base/jdk.internal.reflect.NativeMethodAccessorImpl.invoke(NativeMethodAccessorImpl.java:77)
	at java.base/jdk.internal.reflect.DelegatingMethodAccessorImpl.invoke(DelegatingMethodAccessorImpl.java:43)
	at java.base/java.lang.reflect.Method.invoke(Method.java:568)
	at org.testng.internal.MethodInvocationHelper.invokeMethod(MethodInvocationHelper.java:85)
	at org.testng.internal.Invoker.invokeConfigurationMethod(Invoker.java:510)
	at org.testng.internal.Invoker.invokeConfigurations(Invoker.java:211)
	at org.testng.internal.Invoker.invokeConfigurations(Invoker.java:138)
	at org.testng.TestRunner.beforeRun(TestRunner.java:648)
	at org.testng.TestRunner.run(TestRunner.java:616)
	at org.testng.SuiteRunner.runTest(SuiteRunner.java:359)
	at org.testng.SuiteRunner.access$000(SuiteRunner.java:39)
	at org.testng.SuiteRunner$SuiteWorker.run(SuiteRunner.java:393)
	at org.testng.internal.thread.ThreadUtil$2.call(ThreadUtil.java:64)
	at java.base/java.util.concurrent.FutureTask.run(FutureTask.java:264)
	at java.base/java.util.concurrent.ThreadPoolExecutor.runWorker(ThreadPoolExecutor.java:1136)
	at java.base/java.util.concurrent.ThreadPoolExecutor$Worker.run(ThreadPoolExecutor.java:635)
	at java.base/java.lang.Thread.run(Thread.java:833)
]]>
    </error>
  </testcase> <!-- step81_VerifyCreditCardDetailsInPayment -->
  <testcase classname="src.in.valtech.cl.scenarios.TC_Scenario_08" name="step15_EnterLastNameField" time="0.000">
    <error message="Workbook is not found - D:\ChristianLouboutin/resources/front/Automation_DS_StagingEnv1.xlsx" type="com.codoid.products.exception.FilloException">
      <![CDATA[com.codoid.products.exception.FilloException: Workbook is not found - D:\ChristianLouboutin/resources/front/Automation_DS_StagingEnv1.xlsx
	at com.codoid.products.fillo.Fillo.getConnection(Fillo.java:46)
	at src.in.valtech.util.ExcelReader.getDataConfigDetails(ExcelReader.java:200)
	at src.in.valtech.custom.CustomFun.getTestDataSetDetails(CustomFun.java:1869)
	at src.in.valtech.config.BaseTest.setUp(BaseTest.java:166)
	at java.base/jdk.internal.reflect.NativeMethodAccessorImpl.invoke0(Native Method)
	at java.base/jdk.internal.reflect.NativeMethodAccessorImpl.invoke(NativeMethodAccessorImpl.java:77)
	at java.base/jdk.internal.reflect.DelegatingMethodAccessorImpl.invoke(DelegatingMethodAccessorImpl.java:43)
	at java.base/java.lang.reflect.Method.invoke(Method.java:568)
	at org.testng.internal.MethodInvocationHelper.invokeMethod(MethodInvocationHelper.java:85)
	at org.testng.internal.Invoker.invokeConfigurationMethod(Invoker.java:510)
	at org.testng.internal.Invoker.invokeConfigurations(Invoker.java:211)
	at org.testng.internal.Invoker.invokeConfigurations(Invoker.java:138)
	at org.testng.TestRunner.beforeRun(TestRunner.java:648)
	at org.testng.TestRunner.run(TestRunner.java:616)
	at org.testng.SuiteRunner.runTest(SuiteRunner.java:359)
	at org.testng.SuiteRunner.access$000(SuiteRunner.java:39)
	at org.testng.SuiteRunner$SuiteWorker.run(SuiteRunner.java:393)
	at org.testng.internal.thread.ThreadUtil$2.call(ThreadUtil.java:64)
	at java.base/java.util.concurrent.FutureTask.run(FutureTask.java:264)
	at java.base/java.util.concurrent.ThreadPoolExecutor.runWorker(ThreadPoolExecutor.java:1136)
	at java.base/java.util.concurrent.ThreadPoolExecutor$Worker.run(ThreadPoolExecutor.java:635)
	at java.base/java.lang.Thread.run(Thread.java:833)
]]>
    </error>
  </testcase> <!-- step15_EnterLastNameField -->
  <testcase classname="src.in.valtech.cl.scenarios.TC_Scenario_08" name="step182_VerifiedOrderStatusInReturnsPage" time="0.000">
    <error message="Workbook is not found - D:\ChristianLouboutin/resources/front/Automation_DS_StagingEnv1.xlsx" type="com.codoid.products.exception.FilloException">
      <![CDATA[com.codoid.products.exception.FilloException: Workbook is not found - D:\ChristianLouboutin/resources/front/Automation_DS_StagingEnv1.xlsx
	at com.codoid.products.fillo.Fillo.getConnection(Fillo.java:46)
	at src.in.valtech.util.ExcelReader.getDataConfigDetails(ExcelReader.java:200)
	at src.in.valtech.custom.CustomFun.getTestDataSetDetails(CustomFun.java:1869)
	at src.in.valtech.config.BaseTest.setUp(BaseTest.java:166)
	at java.base/jdk.internal.reflect.NativeMethodAccessorImpl.invoke0(Native Method)
	at java.base/jdk.internal.reflect.NativeMethodAccessorImpl.invoke(NativeMethodAccessorImpl.java:77)
	at java.base/jdk.internal.reflect.DelegatingMethodAccessorImpl.invoke(DelegatingMethodAccessorImpl.java:43)
	at java.base/java.lang.reflect.Method.invoke(Method.java:568)
	at org.testng.internal.MethodInvocationHelper.invokeMethod(MethodInvocationHelper.java:85)
	at org.testng.internal.Invoker.invokeConfigurationMethod(Invoker.java:510)
	at org.testng.internal.Invoker.invokeConfigurations(Invoker.java:211)
	at org.testng.internal.Invoker.invokeConfigurations(Invoker.java:138)
	at org.testng.TestRunner.beforeRun(TestRunner.java:648)
	at org.testng.TestRunner.run(TestRunner.java:616)
	at org.testng.SuiteRunner.runTest(SuiteRunner.java:359)
	at org.testng.SuiteRunner.access$000(SuiteRunner.java:39)
	at org.testng.SuiteRunner$SuiteWorker.run(SuiteRunner.java:393)
	at org.testng.internal.thread.ThreadUtil$2.call(ThreadUtil.java:64)
	at java.base/java.util.concurrent.FutureTask.run(FutureTask.java:264)
	at java.base/java.util.concurrent.ThreadPoolExecutor.runWorker(ThreadPoolExecutor.java:1136)
	at java.base/java.util.concurrent.ThreadPoolExecutor$Worker.run(ThreadPoolExecutor.java:635)
	at java.base/java.lang.Thread.run(Thread.java:833)
]]>
    </error>
  </testcase> <!-- step182_VerifiedOrderStatusInReturnsPage -->
  <testcase classname="src.in.valtech.cl.scenarios.TC_Scenario_08" name="step192_VerifiedOrderStatusInReturnsPage" time="0.000">
    <error message="Workbook is not found - D:\ChristianLouboutin/resources/front/Automation_DS_StagingEnv1.xlsx" type="com.codoid.products.exception.FilloException">
      <![CDATA[com.codoid.products.exception.FilloException: Workbook is not found - D:\ChristianLouboutin/resources/front/Automation_DS_StagingEnv1.xlsx
	at com.codoid.products.fillo.Fillo.getConnection(Fillo.java:46)
	at src.in.valtech.util.ExcelReader.getDataConfigDetails(ExcelReader.java:200)
	at src.in.valtech.custom.CustomFun.getTestDataSetDetails(CustomFun.java:1869)
	at src.in.valtech.config.BaseTest.setUp(BaseTest.java:166)
	at java.base/jdk.internal.reflect.NativeMethodAccessorImpl.invoke0(Native Method)
	at java.base/jdk.internal.reflect.NativeMethodAccessorImpl.invoke(NativeMethodAccessorImpl.java:77)
	at java.base/jdk.internal.reflect.DelegatingMethodAccessorImpl.invoke(DelegatingMethodAccessorImpl.java:43)
	at java.base/java.lang.reflect.Method.invoke(Method.java:568)
	at org.testng.internal.MethodInvocationHelper.invokeMethod(MethodInvocationHelper.java:85)
	at org.testng.internal.Invoker.invokeConfigurationMethod(Invoker.java:510)
	at org.testng.internal.Invoker.invokeConfigurations(Invoker.java:211)
	at org.testng.internal.Invoker.invokeConfigurations(Invoker.java:138)
	at org.testng.TestRunner.beforeRun(TestRunner.java:648)
	at org.testng.TestRunner.run(TestRunner.java:616)
	at org.testng.SuiteRunner.runTest(SuiteRunner.java:359)
	at org.testng.SuiteRunner.access$000(SuiteRunner.java:39)
	at org.testng.SuiteRunner$SuiteWorker.run(SuiteRunner.java:393)
	at org.testng.internal.thread.ThreadUtil$2.call(ThreadUtil.java:64)
	at java.base/java.util.concurrent.FutureTask.run(FutureTask.java:264)
	at java.base/java.util.concurrent.ThreadPoolExecutor.runWorker(ThreadPoolExecutor.java:1136)
	at java.base/java.util.concurrent.ThreadPoolExecutor$Worker.run(ThreadPoolExecutor.java:635)
	at java.base/java.lang.Thread.run(Thread.java:833)
]]>
    </error>
  </testcase> <!-- step192_VerifiedOrderStatusInReturnsPage -->
  <testcase classname="src.in.valtech.cl.scenarios.TC_Scenario_08" name="step136_NavigatedIntoMangetoAndVerifiedOrderStatusInOrdersPage" time="0.000">
    <error message="Workbook is not found - D:\ChristianLouboutin/resources/front/Automation_DS_StagingEnv1.xlsx" type="com.codoid.products.exception.FilloException">
      <![CDATA[com.codoid.products.exception.FilloException: Workbook is not found - D:\ChristianLouboutin/resources/front/Automation_DS_StagingEnv1.xlsx
	at com.codoid.products.fillo.Fillo.getConnection(Fillo.java:46)
	at src.in.valtech.util.ExcelReader.getDataConfigDetails(ExcelReader.java:200)
	at src.in.valtech.custom.CustomFun.getTestDataSetDetails(CustomFun.java:1869)
	at src.in.valtech.config.BaseTest.setUp(BaseTest.java:166)
	at java.base/jdk.internal.reflect.NativeMethodAccessorImpl.invoke0(Native Method)
	at java.base/jdk.internal.reflect.NativeMethodAccessorImpl.invoke(NativeMethodAccessorImpl.java:77)
	at java.base/jdk.internal.reflect.DelegatingMethodAccessorImpl.invoke(DelegatingMethodAccessorImpl.java:43)
	at java.base/java.lang.reflect.Method.invoke(Method.java:568)
	at org.testng.internal.MethodInvocationHelper.invokeMethod(MethodInvocationHelper.java:85)
	at org.testng.internal.Invoker.invokeConfigurationMethod(Invoker.java:510)
	at org.testng.internal.Invoker.invokeConfigurations(Invoker.java:211)
	at org.testng.internal.Invoker.invokeConfigurations(Invoker.java:138)
	at org.testng.TestRunner.beforeRun(TestRunner.java:648)
	at org.testng.TestRunner.run(TestRunner.java:616)
	at org.testng.SuiteRunner.runTest(SuiteRunner.java:359)
	at org.testng.SuiteRunner.access$000(SuiteRunner.java:39)
	at org.testng.SuiteRunner$SuiteWorker.run(SuiteRunner.java:393)
	at org.testng.internal.thread.ThreadUtil$2.call(ThreadUtil.java:64)
	at java.base/java.util.concurrent.FutureTask.run(FutureTask.java:264)
	at java.base/java.util.concurrent.ThreadPoolExecutor.runWorker(ThreadPoolExecutor.java:1136)
	at java.base/java.util.concurrent.ThreadPoolExecutor$Worker.run(ThreadPoolExecutor.java:635)
	at java.base/java.lang.Thread.run(Thread.java:833)
]]>
    </error>
  </testcase> <!-- step136_NavigatedIntoMangetoAndVerifiedOrderStatusInOrdersPage -->
  <testcase classname="src.in.valtech.cl.scenarios.TC_Scenario_08" name="step92_EnterPhoneNumField" time="0.000">
    <error message="Workbook is not found - D:\ChristianLouboutin/resources/front/Automation_DS_StagingEnv1.xlsx" type="com.codoid.products.exception.FilloException">
      <![CDATA[com.codoid.products.exception.FilloException: Workbook is not found - D:\ChristianLouboutin/resources/front/Automation_DS_StagingEnv1.xlsx
	at com.codoid.products.fillo.Fillo.getConnection(Fillo.java:46)
	at src.in.valtech.util.ExcelReader.getDataConfigDetails(ExcelReader.java:200)
	at src.in.valtech.custom.CustomFun.getTestDataSetDetails(CustomFun.java:1869)
	at src.in.valtech.config.BaseTest.setUp(BaseTest.java:166)
	at java.base/jdk.internal.reflect.NativeMethodAccessorImpl.invoke0(Native Method)
	at java.base/jdk.internal.reflect.NativeMethodAccessorImpl.invoke(NativeMethodAccessorImpl.java:77)
	at java.base/jdk.internal.reflect.DelegatingMethodAccessorImpl.invoke(DelegatingMethodAccessorImpl.java:43)
	at java.base/java.lang.reflect.Method.invoke(Method.java:568)
	at org.testng.internal.MethodInvocationHelper.invokeMethod(MethodInvocationHelper.java:85)
	at org.testng.internal.Invoker.invokeConfigurationMethod(Invoker.java:510)
	at org.testng.internal.Invoker.invokeConfigurations(Invoker.java:211)
	at org.testng.internal.Invoker.invokeConfigurations(Invoker.java:138)
	at org.testng.TestRunner.beforeRun(TestRunner.java:648)
	at org.testng.TestRunner.run(TestRunner.java:616)
	at org.testng.SuiteRunner.runTest(SuiteRunner.java:359)
	at org.testng.SuiteRunner.access$000(SuiteRunner.java:39)
	at org.testng.SuiteRunner$SuiteWorker.run(SuiteRunner.java:393)
	at org.testng.internal.thread.ThreadUtil$2.call(ThreadUtil.java:64)
	at java.base/java.util.concurrent.FutureTask.run(FutureTask.java:264)
	at java.base/java.util.concurrent.ThreadPoolExecutor.runWorker(ThreadPoolExecutor.java:1136)
	at java.base/java.util.concurrent.ThreadPoolExecutor$Worker.run(ThreadPoolExecutor.java:635)
	at java.base/java.lang.Thread.run(Thread.java:833)
]]>
    </error>
  </testcase> <!-- step92_EnterPhoneNumField -->
  <testcase classname="src.in.valtech.cl.scenarios.TC_Scenario_08" name="step73_EnteredPostCodeField" time="0.000">
    <error message="Workbook is not found - D:\ChristianLouboutin/resources/front/Automation_DS_StagingEnv1.xlsx" type="com.codoid.products.exception.FilloException">
      <![CDATA[com.codoid.products.exception.FilloException: Workbook is not found - D:\ChristianLouboutin/resources/front/Automation_DS_StagingEnv1.xlsx
	at com.codoid.products.fillo.Fillo.getConnection(Fillo.java:46)
	at src.in.valtech.util.ExcelReader.getDataConfigDetails(ExcelReader.java:200)
	at src.in.valtech.custom.CustomFun.getTestDataSetDetails(CustomFun.java:1869)
	at src.in.valtech.config.BaseTest.setUp(BaseTest.java:166)
	at java.base/jdk.internal.reflect.NativeMethodAccessorImpl.invoke0(Native Method)
	at java.base/jdk.internal.reflect.NativeMethodAccessorImpl.invoke(NativeMethodAccessorImpl.java:77)
	at java.base/jdk.internal.reflect.DelegatingMethodAccessorImpl.invoke(DelegatingMethodAccessorImpl.java:43)
	at java.base/java.lang.reflect.Method.invoke(Method.java:568)
	at org.testng.internal.MethodInvocationHelper.invokeMethod(MethodInvocationHelper.java:85)
	at org.testng.internal.Invoker.invokeConfigurationMethod(Invoker.java:510)
	at org.testng.internal.Invoker.invokeConfigurations(Invoker.java:211)
	at org.testng.internal.Invoker.invokeConfigurations(Invoker.java:138)
	at org.testng.TestRunner.beforeRun(TestRunner.java:648)
	at org.testng.TestRunner.run(TestRunner.java:616)
	at org.testng.SuiteRunner.runTest(SuiteRunner.java:359)
	at org.testng.SuiteRunner.access$000(SuiteRunner.java:39)
	at org.testng.SuiteRunner$SuiteWorker.run(SuiteRunner.java:393)
	at org.testng.internal.thread.ThreadUtil$2.call(ThreadUtil.java:64)
	at java.base/java.util.concurrent.FutureTask.run(FutureTask.java:264)
	at java.base/java.util.concurrent.ThreadPoolExecutor.runWorker(ThreadPoolExecutor.java:1136)
	at java.base/java.util.concurrent.ThreadPoolExecutor$Worker.run(ThreadPoolExecutor.java:635)
	at java.base/java.lang.Thread.run(Thread.java:833)
]]>
    </error>
  </testcase> <!-- step73_EnteredPostCodeField -->
  <testcase classname="src.in.valtech.cl.scenarios.TC_Scenario_08" name="step195_VerifyOrderTotalAmtIN_adyen" time="0.000">
    <error message="Workbook is not found - D:\ChristianLouboutin/resources/front/Automation_DS_StagingEnv1.xlsx" type="com.codoid.products.exception.FilloException">
      <![CDATA[com.codoid.products.exception.FilloException: Workbook is not found - D:\ChristianLouboutin/resources/front/Automation_DS_StagingEnv1.xlsx
	at com.codoid.products.fillo.Fillo.getConnection(Fillo.java:46)
	at src.in.valtech.util.ExcelReader.getDataConfigDetails(ExcelReader.java:200)
	at src.in.valtech.custom.CustomFun.getTestDataSetDetails(CustomFun.java:1869)
	at src.in.valtech.config.BaseTest.setUp(BaseTest.java:166)
	at java.base/jdk.internal.reflect.NativeMethodAccessorImpl.invoke0(Native Method)
	at java.base/jdk.internal.reflect.NativeMethodAccessorImpl.invoke(NativeMethodAccessorImpl.java:77)
	at java.base/jdk.internal.reflect.DelegatingMethodAccessorImpl.invoke(DelegatingMethodAccessorImpl.java:43)
	at java.base/java.lang.reflect.Method.invoke(Method.java:568)
	at org.testng.internal.MethodInvocationHelper.invokeMethod(MethodInvocationHelper.java:85)
	at org.testng.internal.Invoker.invokeConfigurationMethod(Invoker.java:510)
	at org.testng.internal.Invoker.invokeConfigurations(Invoker.java:211)
	at org.testng.internal.Invoker.invokeConfigurations(Invoker.java:138)
	at org.testng.TestRunner.beforeRun(TestRunner.java:648)
	at org.testng.TestRunner.run(TestRunner.java:616)
	at org.testng.SuiteRunner.runTest(SuiteRunner.java:359)
	at org.testng.SuiteRunner.access$000(SuiteRunner.java:39)
	at org.testng.SuiteRunner$SuiteWorker.run(SuiteRunner.java:393)
	at org.testng.internal.thread.ThreadUtil$2.call(ThreadUtil.java:64)
	at java.base/java.util.concurrent.FutureTask.run(FutureTask.java:264)
	at java.base/java.util.concurrent.ThreadPoolExecutor.runWorker(ThreadPoolExecutor.java:1136)
	at java.base/java.util.concurrent.ThreadPoolExecutor$Worker.run(ThreadPoolExecutor.java:635)
	at java.base/java.lang.Thread.run(Thread.java:833)
]]>
    </error>
  </testcase> <!-- step195_VerifyOrderTotalAmtIN_adyen -->
  <testcase classname="src.in.valtech.cl.scenarios.TC_Scenario_08" name="step141_ComparedSeleableStockInWMSAndBOBothAreSameAfterShippingTheOrder" time="0.000">
    <error message="Workbook is not found - D:\ChristianLouboutin/resources/front/Automation_DS_StagingEnv1.xlsx" type="com.codoid.products.exception.FilloException">
      <![CDATA[com.codoid.products.exception.FilloException: Workbook is not found - D:\ChristianLouboutin/resources/front/Automation_DS_StagingEnv1.xlsx
	at com.codoid.products.fillo.Fillo.getConnection(Fillo.java:46)
	at src.in.valtech.util.ExcelReader.getDataConfigDetails(ExcelReader.java:200)
	at src.in.valtech.custom.CustomFun.getTestDataSetDetails(CustomFun.java:1869)
	at src.in.valtech.config.BaseTest.setUp(BaseTest.java:166)
	at java.base/jdk.internal.reflect.NativeMethodAccessorImpl.invoke0(Native Method)
	at java.base/jdk.internal.reflect.NativeMethodAccessorImpl.invoke(NativeMethodAccessorImpl.java:77)
	at java.base/jdk.internal.reflect.DelegatingMethodAccessorImpl.invoke(DelegatingMethodAccessorImpl.java:43)
	at java.base/java.lang.reflect.Method.invoke(Method.java:568)
	at org.testng.internal.MethodInvocationHelper.invokeMethod(MethodInvocationHelper.java:85)
	at org.testng.internal.Invoker.invokeConfigurationMethod(Invoker.java:510)
	at org.testng.internal.Invoker.invokeConfigurations(Invoker.java:211)
	at org.testng.internal.Invoker.invokeConfigurations(Invoker.java:138)
	at org.testng.TestRunner.beforeRun(TestRunner.java:648)
	at org.testng.TestRunner.run(TestRunner.java:616)
	at org.testng.SuiteRunner.runTest(SuiteRunner.java:359)
	at org.testng.SuiteRunner.access$000(SuiteRunner.java:39)
	at org.testng.SuiteRunner$SuiteWorker.run(SuiteRunner.java:393)
	at org.testng.internal.thread.ThreadUtil$2.call(ThreadUtil.java:64)
	at java.base/java.util.concurrent.FutureTask.run(FutureTask.java:264)
	at java.base/java.util.concurrent.ThreadPoolExecutor.runWorker(ThreadPoolExecutor.java:1136)
	at java.base/java.util.concurrent.ThreadPoolExecutor$Worker.run(ThreadPoolExecutor.java:635)
	at java.base/java.lang.Thread.run(Thread.java:833)
]]>
    </error>
  </testcase> <!-- step141_ComparedSeleableStockInWMSAndBOBothAreSameAfterShippingTheOrder -->
  <testcase classname="src.in.valtech.cl.scenarios.TC_Scenario_08" name="step03_EnteredUsernameField" time="0.000">
    <error message="Workbook is not found - D:\ChristianLouboutin/resources/front/Automation_DS_StagingEnv1.xlsx" type="com.codoid.products.exception.FilloException">
      <![CDATA[com.codoid.products.exception.FilloException: Workbook is not found - D:\ChristianLouboutin/resources/front/Automation_DS_StagingEnv1.xlsx
	at com.codoid.products.fillo.Fillo.getConnection(Fillo.java:46)
	at src.in.valtech.util.ExcelReader.getDataConfigDetails(ExcelReader.java:200)
	at src.in.valtech.custom.CustomFun.getTestDataSetDetails(CustomFun.java:1869)
	at src.in.valtech.config.BaseTest.setUp(BaseTest.java:166)
	at java.base/jdk.internal.reflect.NativeMethodAccessorImpl.invoke0(Native Method)
	at java.base/jdk.internal.reflect.NativeMethodAccessorImpl.invoke(NativeMethodAccessorImpl.java:77)
	at java.base/jdk.internal.reflect.DelegatingMethodAccessorImpl.invoke(DelegatingMethodAccessorImpl.java:43)
	at java.base/java.lang.reflect.Method.invoke(Method.java:568)
	at org.testng.internal.MethodInvocationHelper.invokeMethod(MethodInvocationHelper.java:85)
	at org.testng.internal.Invoker.invokeConfigurationMethod(Invoker.java:510)
	at org.testng.internal.Invoker.invokeConfigurations(Invoker.java:211)
	at org.testng.internal.Invoker.invokeConfigurations(Invoker.java:138)
	at org.testng.TestRunner.beforeRun(TestRunner.java:648)
	at org.testng.TestRunner.run(TestRunner.java:616)
	at org.testng.SuiteRunner.runTest(SuiteRunner.java:359)
	at org.testng.SuiteRunner.access$000(SuiteRunner.java:39)
	at org.testng.SuiteRunner$SuiteWorker.run(SuiteRunner.java:393)
	at org.testng.internal.thread.ThreadUtil$2.call(ThreadUtil.java:64)
	at java.base/java.util.concurrent.FutureTask.run(FutureTask.java:264)
	at java.base/java.util.concurrent.ThreadPoolExecutor.runWorker(ThreadPoolExecutor.java:1136)
	at java.base/java.util.concurrent.ThreadPoolExecutor$Worker.run(ThreadPoolExecutor.java:635)
	at java.base/java.lang.Thread.run(Thread.java:833)
]]>
    </error>
  </testcase> <!-- step03_EnteredUsernameField -->
  <testcase classname="src.in.valtech.cl.scenarios.TC_Scenario_08" name="step104_VerifyOrderdetailsInOrderspage" time="0.000">
    <error message="Workbook is not found - D:\ChristianLouboutin/resources/front/Automation_DS_StagingEnv1.xlsx" type="com.codoid.products.exception.FilloException">
      <![CDATA[com.codoid.products.exception.FilloException: Workbook is not found - D:\ChristianLouboutin/resources/front/Automation_DS_StagingEnv1.xlsx
	at com.codoid.products.fillo.Fillo.getConnection(Fillo.java:46)
	at src.in.valtech.util.ExcelReader.getDataConfigDetails(ExcelReader.java:200)
	at src.in.valtech.custom.CustomFun.getTestDataSetDetails(CustomFun.java:1869)
	at src.in.valtech.config.BaseTest.setUp(BaseTest.java:166)
	at java.base/jdk.internal.reflect.NativeMethodAccessorImpl.invoke0(Native Method)
	at java.base/jdk.internal.reflect.NativeMethodAccessorImpl.invoke(NativeMethodAccessorImpl.java:77)
	at java.base/jdk.internal.reflect.DelegatingMethodAccessorImpl.invoke(DelegatingMethodAccessorImpl.java:43)
	at java.base/java.lang.reflect.Method.invoke(Method.java:568)
	at org.testng.internal.MethodInvocationHelper.invokeMethod(MethodInvocationHelper.java:85)
	at org.testng.internal.Invoker.invokeConfigurationMethod(Invoker.java:510)
	at org.testng.internal.Invoker.invokeConfigurations(Invoker.java:211)
	at org.testng.internal.Invoker.invokeConfigurations(Invoker.java:138)
	at org.testng.TestRunner.beforeRun(TestRunner.java:648)
	at org.testng.TestRunner.run(TestRunner.java:616)
	at org.testng.SuiteRunner.runTest(SuiteRunner.java:359)
	at org.testng.SuiteRunner.access$000(SuiteRunner.java:39)
	at org.testng.SuiteRunner$SuiteWorker.run(SuiteRunner.java:393)
	at org.testng.internal.thread.ThreadUtil$2.call(ThreadUtil.java:64)
	at java.base/java.util.concurrent.FutureTask.run(FutureTask.java:264)
	at java.base/java.util.concurrent.ThreadPoolExecutor.runWorker(ThreadPoolExecutor.java:1136)
	at java.base/java.util.concurrent.ThreadPoolExecutor$Worker.run(ThreadPoolExecutor.java:635)
	at java.base/java.lang.Thread.run(Thread.java:833)
]]>
    </error>
  </testcase> <!-- step104_VerifyOrderdetailsInOrderspage -->
  <testcase classname="src.in.valtech.cl.scenarios.TC_Scenario_08" name="step46_ClickOnSelectYourSizeButtonAndSelectAnySize" time="0.000">
    <error message="Workbook is not found - D:\ChristianLouboutin/resources/front/Automation_DS_StagingEnv1.xlsx" type="com.codoid.products.exception.FilloException">
      <![CDATA[com.codoid.products.exception.FilloException: Workbook is not found - D:\ChristianLouboutin/resources/front/Automation_DS_StagingEnv1.xlsx
	at com.codoid.products.fillo.Fillo.getConnection(Fillo.java:46)
	at src.in.valtech.util.ExcelReader.getDataConfigDetails(ExcelReader.java:200)
	at src.in.valtech.custom.CustomFun.getTestDataSetDetails(CustomFun.java:1869)
	at src.in.valtech.config.BaseTest.setUp(BaseTest.java:166)
	at java.base/jdk.internal.reflect.NativeMethodAccessorImpl.invoke0(Native Method)
	at java.base/jdk.internal.reflect.NativeMethodAccessorImpl.invoke(NativeMethodAccessorImpl.java:77)
	at java.base/jdk.internal.reflect.DelegatingMethodAccessorImpl.invoke(DelegatingMethodAccessorImpl.java:43)
	at java.base/java.lang.reflect.Method.invoke(Method.java:568)
	at org.testng.internal.MethodInvocationHelper.invokeMethod(MethodInvocationHelper.java:85)
	at org.testng.internal.Invoker.invokeConfigurationMethod(Invoker.java:510)
	at org.testng.internal.Invoker.invokeConfigurations(Invoker.java:211)
	at org.testng.internal.Invoker.invokeConfigurations(Invoker.java:138)
	at org.testng.TestRunner.beforeRun(TestRunner.java:648)
	at org.testng.TestRunner.run(TestRunner.java:616)
	at org.testng.SuiteRunner.runTest(SuiteRunner.java:359)
	at org.testng.SuiteRunner.access$000(SuiteRunner.java:39)
	at org.testng.SuiteRunner$SuiteWorker.run(SuiteRunner.java:393)
	at org.testng.internal.thread.ThreadUtil$2.call(ThreadUtil.java:64)
	at java.base/java.util.concurrent.FutureTask.run(FutureTask.java:264)
	at java.base/java.util.concurrent.ThreadPoolExecutor.runWorker(ThreadPoolExecutor.java:1136)
	at java.base/java.util.concurrent.ThreadPoolExecutor$Worker.run(ThreadPoolExecutor.java:635)
	at java.base/java.lang.Thread.run(Thread.java:833)
]]>
    </error>
  </testcase> <!-- step46_ClickOnSelectYourSizeButtonAndSelectAnySize -->
  <testcase classname="src.in.valtech.cl.scenarios.TC_Scenario_08" name="step69_VerifiedPrefixNameDpdIsAutoSelectedOrNot" time="0.000">
    <error message="Workbook is not found - D:\ChristianLouboutin/resources/front/Automation_DS_StagingEnv1.xlsx" type="com.codoid.products.exception.FilloException">
      <![CDATA[com.codoid.products.exception.FilloException: Workbook is not found - D:\ChristianLouboutin/resources/front/Automation_DS_StagingEnv1.xlsx
	at com.codoid.products.fillo.Fillo.getConnection(Fillo.java:46)
	at src.in.valtech.util.ExcelReader.getDataConfigDetails(ExcelReader.java:200)
	at src.in.valtech.custom.CustomFun.getTestDataSetDetails(CustomFun.java:1869)
	at src.in.valtech.config.BaseTest.setUp(BaseTest.java:166)
	at java.base/jdk.internal.reflect.NativeMethodAccessorImpl.invoke0(Native Method)
	at java.base/jdk.internal.reflect.NativeMethodAccessorImpl.invoke(NativeMethodAccessorImpl.java:77)
	at java.base/jdk.internal.reflect.DelegatingMethodAccessorImpl.invoke(DelegatingMethodAccessorImpl.java:43)
	at java.base/java.lang.reflect.Method.invoke(Method.java:568)
	at org.testng.internal.MethodInvocationHelper.invokeMethod(MethodInvocationHelper.java:85)
	at org.testng.internal.Invoker.invokeConfigurationMethod(Invoker.java:510)
	at org.testng.internal.Invoker.invokeConfigurations(Invoker.java:211)
	at org.testng.internal.Invoker.invokeConfigurations(Invoker.java:138)
	at org.testng.TestRunner.beforeRun(TestRunner.java:648)
	at org.testng.TestRunner.run(TestRunner.java:616)
	at org.testng.SuiteRunner.runTest(SuiteRunner.java:359)
	at org.testng.SuiteRunner.access$000(SuiteRunner.java:39)
	at org.testng.SuiteRunner$SuiteWorker.run(SuiteRunner.java:393)
	at org.testng.internal.thread.ThreadUtil$2.call(ThreadUtil.java:64)
	at java.base/java.util.concurrent.FutureTask.run(FutureTask.java:264)
	at java.base/java.util.concurrent.ThreadPoolExecutor.runWorker(ThreadPoolExecutor.java:1136)
	at java.base/java.util.concurrent.ThreadPoolExecutor$Worker.run(ThreadPoolExecutor.java:635)
	at java.base/java.lang.Thread.run(Thread.java:833)
]]>
    </error>
  </testcase> <!-- step69_VerifiedPrefixNameDpdIsAutoSelectedOrNot -->
  <testcase classname="src.in.valtech.cl.scenarios.TC_Scenario_08" name="step65_EnterMsgInGiftMsgFld" time="0.001">
    <error message="Workbook is not found - D:\ChristianLouboutin/resources/front/Automation_DS_StagingEnv1.xlsx" type="com.codoid.products.exception.FilloException">
      <![CDATA[com.codoid.products.exception.FilloException: Workbook is not found - D:\ChristianLouboutin/resources/front/Automation_DS_StagingEnv1.xlsx
	at com.codoid.products.fillo.Fillo.getConnection(Fillo.java:46)
	at src.in.valtech.util.ExcelReader.getDataConfigDetails(ExcelReader.java:200)
	at src.in.valtech.custom.CustomFun.getTestDataSetDetails(CustomFun.java:1869)
	at src.in.valtech.config.BaseTest.setUp(BaseTest.java:166)
	at java.base/jdk.internal.reflect.NativeMethodAccessorImpl.invoke0(Native Method)
	at java.base/jdk.internal.reflect.NativeMethodAccessorImpl.invoke(NativeMethodAccessorImpl.java:77)
	at java.base/jdk.internal.reflect.DelegatingMethodAccessorImpl.invoke(DelegatingMethodAccessorImpl.java:43)
	at java.base/java.lang.reflect.Method.invoke(Method.java:568)
	at org.testng.internal.MethodInvocationHelper.invokeMethod(MethodInvocationHelper.java:85)
	at org.testng.internal.Invoker.invokeConfigurationMethod(Invoker.java:510)
	at org.testng.internal.Invoker.invokeConfigurations(Invoker.java:211)
	at org.testng.internal.Invoker.invokeConfigurations(Invoker.java:138)
	at org.testng.TestRunner.beforeRun(TestRunner.java:648)
	at org.testng.TestRunner.run(TestRunner.java:616)
	at org.testng.SuiteRunner.runTest(SuiteRunner.java:359)
	at org.testng.SuiteRunner.access$000(SuiteRunner.java:39)
	at org.testng.SuiteRunner$SuiteWorker.run(SuiteRunner.java:393)
	at org.testng.internal.thread.ThreadUtil$2.call(ThreadUtil.java:64)
	at java.base/java.util.concurrent.FutureTask.run(FutureTask.java:264)
	at java.base/java.util.concurrent.ThreadPoolExecutor.runWorker(ThreadPoolExecutor.java:1136)
	at java.base/java.util.concurrent.ThreadPoolExecutor$Worker.run(ThreadPoolExecutor.java:635)
	at java.base/java.lang.Thread.run(Thread.java:833)
]]>
    </error>
  </testcase> <!-- step65_EnterMsgInGiftMsgFld -->
  <testcase classname="src.in.valtech.cl.scenarios.TC_Scenario_08" name="step70_EnteredFirstNameField" time="0.000">
    <error message="Workbook is not found - D:\ChristianLouboutin/resources/front/Automation_DS_StagingEnv1.xlsx" type="com.codoid.products.exception.FilloException">
      <![CDATA[com.codoid.products.exception.FilloException: Workbook is not found - D:\ChristianLouboutin/resources/front/Automation_DS_StagingEnv1.xlsx
	at com.codoid.products.fillo.Fillo.getConnection(Fillo.java:46)
	at src.in.valtech.util.ExcelReader.getDataConfigDetails(ExcelReader.java:200)
	at src.in.valtech.custom.CustomFun.getTestDataSetDetails(CustomFun.java:1869)
	at src.in.valtech.config.BaseTest.setUp(BaseTest.java:166)
	at java.base/jdk.internal.reflect.NativeMethodAccessorImpl.invoke0(Native Method)
	at java.base/jdk.internal.reflect.NativeMethodAccessorImpl.invoke(NativeMethodAccessorImpl.java:77)
	at java.base/jdk.internal.reflect.DelegatingMethodAccessorImpl.invoke(DelegatingMethodAccessorImpl.java:43)
	at java.base/java.lang.reflect.Method.invoke(Method.java:568)
	at org.testng.internal.MethodInvocationHelper.invokeMethod(MethodInvocationHelper.java:85)
	at org.testng.internal.Invoker.invokeConfigurationMethod(Invoker.java:510)
	at org.testng.internal.Invoker.invokeConfigurations(Invoker.java:211)
	at org.testng.internal.Invoker.invokeConfigurations(Invoker.java:138)
	at org.testng.TestRunner.beforeRun(TestRunner.java:648)
	at org.testng.TestRunner.run(TestRunner.java:616)
	at org.testng.SuiteRunner.runTest(SuiteRunner.java:359)
	at org.testng.SuiteRunner.access$000(SuiteRunner.java:39)
	at org.testng.SuiteRunner$SuiteWorker.run(SuiteRunner.java:393)
	at org.testng.internal.thread.ThreadUtil$2.call(ThreadUtil.java:64)
	at java.base/java.util.concurrent.FutureTask.run(FutureTask.java:264)
	at java.base/java.util.concurrent.ThreadPoolExecutor.runWorker(ThreadPoolExecutor.java:1136)
	at java.base/java.util.concurrent.ThreadPoolExecutor$Worker.run(ThreadPoolExecutor.java:635)
	at java.base/java.lang.Thread.run(Thread.java:833)
]]>
    </error>
  </testcase> <!-- step70_EnteredFirstNameField -->
  <testcase classname="src.in.valtech.cl.scenarios.TC_Scenario_08" name="step16_EnterFirstNameField" time="0.000">
    <error message="Workbook is not found - D:\ChristianLouboutin/resources/front/Automation_DS_StagingEnv1.xlsx" type="com.codoid.products.exception.FilloException">
      <![CDATA[com.codoid.products.exception.FilloException: Workbook is not found - D:\ChristianLouboutin/resources/front/Automation_DS_StagingEnv1.xlsx
	at com.codoid.products.fillo.Fillo.getConnection(Fillo.java:46)
	at src.in.valtech.util.ExcelReader.getDataConfigDetails(ExcelReader.java:200)
	at src.in.valtech.custom.CustomFun.getTestDataSetDetails(CustomFun.java:1869)
	at src.in.valtech.config.BaseTest.setUp(BaseTest.java:166)
	at java.base/jdk.internal.reflect.NativeMethodAccessorImpl.invoke0(Native Method)
	at java.base/jdk.internal.reflect.NativeMethodAccessorImpl.invoke(NativeMethodAccessorImpl.java:77)
	at java.base/jdk.internal.reflect.DelegatingMethodAccessorImpl.invoke(DelegatingMethodAccessorImpl.java:43)
	at java.base/java.lang.reflect.Method.invoke(Method.java:568)
	at org.testng.internal.MethodInvocationHelper.invokeMethod(MethodInvocationHelper.java:85)
	at org.testng.internal.Invoker.invokeConfigurationMethod(Invoker.java:510)
	at org.testng.internal.Invoker.invokeConfigurations(Invoker.java:211)
	at org.testng.internal.Invoker.invokeConfigurations(Invoker.java:138)
	at org.testng.TestRunner.beforeRun(TestRunner.java:648)
	at org.testng.TestRunner.run(TestRunner.java:616)
	at org.testng.SuiteRunner.runTest(SuiteRunner.java:359)
	at org.testng.SuiteRunner.access$000(SuiteRunner.java:39)
	at org.testng.SuiteRunner$SuiteWorker.run(SuiteRunner.java:393)
	at org.testng.internal.thread.ThreadUtil$2.call(ThreadUtil.java:64)
	at java.base/java.util.concurrent.FutureTask.run(FutureTask.java:264)
	at java.base/java.util.concurrent.ThreadPoolExecutor.runWorker(ThreadPoolExecutor.java:1136)
	at java.base/java.util.concurrent.ThreadPoolExecutor$Worker.run(ThreadPoolExecutor.java:635)
	at java.base/java.lang.Thread.run(Thread.java:833)
]]>
    </error>
  </testcase> <!-- step16_EnterFirstNameField -->
  <testcase classname="src.in.valtech.cl.scenarios.TC_Scenario_08" name="step34_VerifiedContactUslink" time="0.000">
    <error message="Workbook is not found - D:\ChristianLouboutin/resources/front/Automation_DS_StagingEnv1.xlsx" type="com.codoid.products.exception.FilloException">
      <![CDATA[com.codoid.products.exception.FilloException: Workbook is not found - D:\ChristianLouboutin/resources/front/Automation_DS_StagingEnv1.xlsx
	at com.codoid.products.fillo.Fillo.getConnection(Fillo.java:46)
	at src.in.valtech.util.ExcelReader.getDataConfigDetails(ExcelReader.java:200)
	at src.in.valtech.custom.CustomFun.getTestDataSetDetails(CustomFun.java:1869)
	at src.in.valtech.config.BaseTest.setUp(BaseTest.java:166)
	at java.base/jdk.internal.reflect.NativeMethodAccessorImpl.invoke0(Native Method)
	at java.base/jdk.internal.reflect.NativeMethodAccessorImpl.invoke(NativeMethodAccessorImpl.java:77)
	at java.base/jdk.internal.reflect.DelegatingMethodAccessorImpl.invoke(DelegatingMethodAccessorImpl.java:43)
	at java.base/java.lang.reflect.Method.invoke(Method.java:568)
	at org.testng.internal.MethodInvocationHelper.invokeMethod(MethodInvocationHelper.java:85)
	at org.testng.internal.Invoker.invokeConfigurationMethod(Invoker.java:510)
	at org.testng.internal.Invoker.invokeConfigurations(Invoker.java:211)
	at org.testng.internal.Invoker.invokeConfigurations(Invoker.java:138)
	at org.testng.TestRunner.beforeRun(TestRunner.java:648)
	at org.testng.TestRunner.run(TestRunner.java:616)
	at org.testng.SuiteRunner.runTest(SuiteRunner.java:359)
	at org.testng.SuiteRunner.access$000(SuiteRunner.java:39)
	at org.testng.SuiteRunner$SuiteWorker.run(SuiteRunner.java:393)
	at org.testng.internal.thread.ThreadUtil$2.call(ThreadUtil.java:64)
	at java.base/java.util.concurrent.FutureTask.run(FutureTask.java:264)
	at java.base/java.util.concurrent.ThreadPoolExecutor.runWorker(ThreadPoolExecutor.java:1136)
	at java.base/java.util.concurrent.ThreadPoolExecutor$Worker.run(ThreadPoolExecutor.java:635)
	at java.base/java.lang.Thread.run(Thread.java:833)
]]>
    </error>
  </testcase> <!-- step34_VerifiedContactUslink -->
  <testcase classname="src.in.valtech.cl.scenarios.TC_Scenario_08" name="step29_VerifiedProductNameinPDP" time="0.000">
    <error message="Workbook is not found - D:\ChristianLouboutin/resources/front/Automation_DS_StagingEnv1.xlsx" type="com.codoid.products.exception.FilloException">
      <![CDATA[com.codoid.products.exception.FilloException: Workbook is not found - D:\ChristianLouboutin/resources/front/Automation_DS_StagingEnv1.xlsx
	at com.codoid.products.fillo.Fillo.getConnection(Fillo.java:46)
	at src.in.valtech.util.ExcelReader.getDataConfigDetails(ExcelReader.java:200)
	at src.in.valtech.custom.CustomFun.getTestDataSetDetails(CustomFun.java:1869)
	at src.in.valtech.config.BaseTest.setUp(BaseTest.java:166)
	at java.base/jdk.internal.reflect.NativeMethodAccessorImpl.invoke0(Native Method)
	at java.base/jdk.internal.reflect.NativeMethodAccessorImpl.invoke(NativeMethodAccessorImpl.java:77)
	at java.base/jdk.internal.reflect.DelegatingMethodAccessorImpl.invoke(DelegatingMethodAccessorImpl.java:43)
	at java.base/java.lang.reflect.Method.invoke(Method.java:568)
	at org.testng.internal.MethodInvocationHelper.invokeMethod(MethodInvocationHelper.java:85)
	at org.testng.internal.Invoker.invokeConfigurationMethod(Invoker.java:510)
	at org.testng.internal.Invoker.invokeConfigurations(Invoker.java:211)
	at org.testng.internal.Invoker.invokeConfigurations(Invoker.java:138)
	at org.testng.TestRunner.beforeRun(TestRunner.java:648)
	at org.testng.TestRunner.run(TestRunner.java:616)
	at org.testng.SuiteRunner.runTest(SuiteRunner.java:359)
	at org.testng.SuiteRunner.access$000(SuiteRunner.java:39)
	at org.testng.SuiteRunner$SuiteWorker.run(SuiteRunner.java:393)
	at org.testng.internal.thread.ThreadUtil$2.call(ThreadUtil.java:64)
	at java.base/java.util.concurrent.FutureTask.run(FutureTask.java:264)
	at java.base/java.util.concurrent.ThreadPoolExecutor.runWorker(ThreadPoolExecutor.java:1136)
	at java.base/java.util.concurrent.ThreadPoolExecutor$Worker.run(ThreadPoolExecutor.java:635)
	at java.base/java.lang.Thread.run(Thread.java:833)
]]>
    </error>
  </testcase> <!-- step29_VerifiedProductNameinPDP -->
  <testcase classname="src.in.valtech.cl.scenarios.TC_Scenario_08" name="step35_VerifiedColorSwatches" time="0.001">
    <error message="Workbook is not found - D:\ChristianLouboutin/resources/front/Automation_DS_StagingEnv1.xlsx" type="com.codoid.products.exception.FilloException">
      <![CDATA[com.codoid.products.exception.FilloException: Workbook is not found - D:\ChristianLouboutin/resources/front/Automation_DS_StagingEnv1.xlsx
	at com.codoid.products.fillo.Fillo.getConnection(Fillo.java:46)
	at src.in.valtech.util.ExcelReader.getDataConfigDetails(ExcelReader.java:200)
	at src.in.valtech.custom.CustomFun.getTestDataSetDetails(CustomFun.java:1869)
	at src.in.valtech.config.BaseTest.setUp(BaseTest.java:166)
	at java.base/jdk.internal.reflect.NativeMethodAccessorImpl.invoke0(Native Method)
	at java.base/jdk.internal.reflect.NativeMethodAccessorImpl.invoke(NativeMethodAccessorImpl.java:77)
	at java.base/jdk.internal.reflect.DelegatingMethodAccessorImpl.invoke(DelegatingMethodAccessorImpl.java:43)
	at java.base/java.lang.reflect.Method.invoke(Method.java:568)
	at org.testng.internal.MethodInvocationHelper.invokeMethod(MethodInvocationHelper.java:85)
	at org.testng.internal.Invoker.invokeConfigurationMethod(Invoker.java:510)
	at org.testng.internal.Invoker.invokeConfigurations(Invoker.java:211)
	at org.testng.internal.Invoker.invokeConfigurations(Invoker.java:138)
	at org.testng.TestRunner.beforeRun(TestRunner.java:648)
	at org.testng.TestRunner.run(TestRunner.java:616)
	at org.testng.SuiteRunner.runTest(SuiteRunner.java:359)
	at org.testng.SuiteRunner.access$000(SuiteRunner.java:39)
	at org.testng.SuiteRunner$SuiteWorker.run(SuiteRunner.java:393)
	at org.testng.internal.thread.ThreadUtil$2.call(ThreadUtil.java:64)
	at java.base/java.util.concurrent.FutureTask.run(FutureTask.java:264)
	at java.base/java.util.concurrent.ThreadPoolExecutor.runWorker(ThreadPoolExecutor.java:1136)
	at java.base/java.util.concurrent.ThreadPoolExecutor$Worker.run(ThreadPoolExecutor.java:635)
	at java.base/java.lang.Thread.run(Thread.java:833)
]]>
    </error>
  </testcase> <!-- step35_VerifiedColorSwatches -->
  <testcase classname="src.in.valtech.cl.scenarios.TC_Scenario_08" name="step165_ExecuteRMAProcessinWMS" time="0.000">
    <error message="Workbook is not found - D:\ChristianLouboutin/resources/front/Automation_DS_StagingEnv1.xlsx" type="com.codoid.products.exception.FilloException">
      <![CDATA[com.codoid.products.exception.FilloException: Workbook is not found - D:\ChristianLouboutin/resources/front/Automation_DS_StagingEnv1.xlsx
	at com.codoid.products.fillo.Fillo.getConnection(Fillo.java:46)
	at src.in.valtech.util.ExcelReader.getDataConfigDetails(ExcelReader.java:200)
	at src.in.valtech.custom.CustomFun.getTestDataSetDetails(CustomFun.java:1869)
	at src.in.valtech.config.BaseTest.setUp(BaseTest.java:166)
	at java.base/jdk.internal.reflect.NativeMethodAccessorImpl.invoke0(Native Method)
	at java.base/jdk.internal.reflect.NativeMethodAccessorImpl.invoke(NativeMethodAccessorImpl.java:77)
	at java.base/jdk.internal.reflect.DelegatingMethodAccessorImpl.invoke(DelegatingMethodAccessorImpl.java:43)
	at java.base/java.lang.reflect.Method.invoke(Method.java:568)
	at org.testng.internal.MethodInvocationHelper.invokeMethod(MethodInvocationHelper.java:85)
	at org.testng.internal.Invoker.invokeConfigurationMethod(Invoker.java:510)
	at org.testng.internal.Invoker.invokeConfigurations(Invoker.java:211)
	at org.testng.internal.Invoker.invokeConfigurations(Invoker.java:138)
	at org.testng.TestRunner.beforeRun(TestRunner.java:648)
	at org.testng.TestRunner.run(TestRunner.java:616)
	at org.testng.SuiteRunner.runTest(SuiteRunner.java:359)
	at org.testng.SuiteRunner.access$000(SuiteRunner.java:39)
	at org.testng.SuiteRunner$SuiteWorker.run(SuiteRunner.java:393)
	at org.testng.internal.thread.ThreadUtil$2.call(ThreadUtil.java:64)
	at java.base/java.util.concurrent.FutureTask.run(FutureTask.java:264)
	at java.base/java.util.concurrent.ThreadPoolExecutor.runWorker(ThreadPoolExecutor.java:1136)
	at java.base/java.util.concurrent.ThreadPoolExecutor$Worker.run(ThreadPoolExecutor.java:635)
	at java.base/java.lang.Thread.run(Thread.java:833)
]]>
    </error>
  </testcase> <!-- step165_ExecuteRMAProcessinWMS -->
  <testcase classname="src.in.valtech.cl.scenarios.TC_Scenario_08" name="step48_ClickonYourCartLnk" time="0.000">
    <error message="Workbook is not found - D:\ChristianLouboutin/resources/front/Automation_DS_StagingEnv1.xlsx" type="com.codoid.products.exception.FilloException">
      <![CDATA[com.codoid.products.exception.FilloException: Workbook is not found - D:\ChristianLouboutin/resources/front/Automation_DS_StagingEnv1.xlsx
	at com.codoid.products.fillo.Fillo.getConnection(Fillo.java:46)
	at src.in.valtech.util.ExcelReader.getDataConfigDetails(ExcelReader.java:200)
	at src.in.valtech.custom.CustomFun.getTestDataSetDetails(CustomFun.java:1869)
	at src.in.valtech.config.BaseTest.setUp(BaseTest.java:166)
	at java.base/jdk.internal.reflect.NativeMethodAccessorImpl.invoke0(Native Method)
	at java.base/jdk.internal.reflect.NativeMethodAccessorImpl.invoke(NativeMethodAccessorImpl.java:77)
	at java.base/jdk.internal.reflect.DelegatingMethodAccessorImpl.invoke(DelegatingMethodAccessorImpl.java:43)
	at java.base/java.lang.reflect.Method.invoke(Method.java:568)
	at org.testng.internal.MethodInvocationHelper.invokeMethod(MethodInvocationHelper.java:85)
	at org.testng.internal.Invoker.invokeConfigurationMethod(Invoker.java:510)
	at org.testng.internal.Invoker.invokeConfigurations(Invoker.java:211)
	at org.testng.internal.Invoker.invokeConfigurations(Invoker.java:138)
	at org.testng.TestRunner.beforeRun(TestRunner.java:648)
	at org.testng.TestRunner.run(TestRunner.java:616)
	at org.testng.SuiteRunner.runTest(SuiteRunner.java:359)
	at org.testng.SuiteRunner.access$000(SuiteRunner.java:39)
	at org.testng.SuiteRunner$SuiteWorker.run(SuiteRunner.java:393)
	at org.testng.internal.thread.ThreadUtil$2.call(ThreadUtil.java:64)
	at java.base/java.util.concurrent.FutureTask.run(FutureTask.java:264)
	at java.base/java.util.concurrent.ThreadPoolExecutor.runWorker(ThreadPoolExecutor.java:1136)
	at java.base/java.util.concurrent.ThreadPoolExecutor$Worker.run(ThreadPoolExecutor.java:635)
	at java.base/java.lang.Thread.run(Thread.java:833)
]]>
    </error>
  </testcase> <!-- step48_ClickonYourCartLnk -->
  <testcase classname="src.in.valtech.cl.scenarios.TC_Scenario_08" name="step152_SelectAnyOptionFromReturnReasonDropdown" time="0.000">
    <error message="Workbook is not found - D:\ChristianLouboutin/resources/front/Automation_DS_StagingEnv1.xlsx" type="com.codoid.products.exception.FilloException">
      <![CDATA[com.codoid.products.exception.FilloException: Workbook is not found - D:\ChristianLouboutin/resources/front/Automation_DS_StagingEnv1.xlsx
	at com.codoid.products.fillo.Fillo.getConnection(Fillo.java:46)
	at src.in.valtech.util.ExcelReader.getDataConfigDetails(ExcelReader.java:200)
	at src.in.valtech.custom.CustomFun.getTestDataSetDetails(CustomFun.java:1869)
	at src.in.valtech.config.BaseTest.setUp(BaseTest.java:166)
	at java.base/jdk.internal.reflect.NativeMethodAccessorImpl.invoke0(Native Method)
	at java.base/jdk.internal.reflect.NativeMethodAccessorImpl.invoke(NativeMethodAccessorImpl.java:77)
	at java.base/jdk.internal.reflect.DelegatingMethodAccessorImpl.invoke(DelegatingMethodAccessorImpl.java:43)
	at java.base/java.lang.reflect.Method.invoke(Method.java:568)
	at org.testng.internal.MethodInvocationHelper.invokeMethod(MethodInvocationHelper.java:85)
	at org.testng.internal.Invoker.invokeConfigurationMethod(Invoker.java:510)
	at org.testng.internal.Invoker.invokeConfigurations(Invoker.java:211)
	at org.testng.internal.Invoker.invokeConfigurations(Invoker.java:138)
	at org.testng.TestRunner.beforeRun(TestRunner.java:648)
	at org.testng.TestRunner.run(TestRunner.java:616)
	at org.testng.SuiteRunner.runTest(SuiteRunner.java:359)
	at org.testng.SuiteRunner.access$000(SuiteRunner.java:39)
	at org.testng.SuiteRunner$SuiteWorker.run(SuiteRunner.java:393)
	at org.testng.internal.thread.ThreadUtil$2.call(ThreadUtil.java:64)
	at java.base/java.util.concurrent.FutureTask.run(FutureTask.java:264)
	at java.base/java.util.concurrent.ThreadPoolExecutor.runWorker(ThreadPoolExecutor.java:1136)
	at java.base/java.util.concurrent.ThreadPoolExecutor$Worker.run(ThreadPoolExecutor.java:635)
	at java.base/java.lang.Thread.run(Thread.java:833)
]]>
    </error>
  </testcase> <!-- step152_SelectAnyOptionFromReturnReasonDropdown -->
  <testcase classname="src.in.valtech.cl.scenarios.TC_Scenario_08" name="step61_ClickProductstxtFromCatalogIcon" time="0.000">
    <error message="Workbook is not found - D:\ChristianLouboutin/resources/front/Automation_DS_StagingEnv1.xlsx" type="com.codoid.products.exception.FilloException">
      <![CDATA[com.codoid.products.exception.FilloException: Workbook is not found - D:\ChristianLouboutin/resources/front/Automation_DS_StagingEnv1.xlsx
	at com.codoid.products.fillo.Fillo.getConnection(Fillo.java:46)
	at src.in.valtech.util.ExcelReader.getDataConfigDetails(ExcelReader.java:200)
	at src.in.valtech.custom.CustomFun.getTestDataSetDetails(CustomFun.java:1869)
	at src.in.valtech.config.BaseTest.setUp(BaseTest.java:166)
	at java.base/jdk.internal.reflect.NativeMethodAccessorImpl.invoke0(Native Method)
	at java.base/jdk.internal.reflect.NativeMethodAccessorImpl.invoke(NativeMethodAccessorImpl.java:77)
	at java.base/jdk.internal.reflect.DelegatingMethodAccessorImpl.invoke(DelegatingMethodAccessorImpl.java:43)
	at java.base/java.lang.reflect.Method.invoke(Method.java:568)
	at org.testng.internal.MethodInvocationHelper.invokeMethod(MethodInvocationHelper.java:85)
	at org.testng.internal.Invoker.invokeConfigurationMethod(Invoker.java:510)
	at org.testng.internal.Invoker.invokeConfigurations(Invoker.java:211)
	at org.testng.internal.Invoker.invokeConfigurations(Invoker.java:138)
	at org.testng.TestRunner.beforeRun(TestRunner.java:648)
	at org.testng.TestRunner.run(TestRunner.java:616)
	at org.testng.SuiteRunner.runTest(SuiteRunner.java:359)
	at org.testng.SuiteRunner.access$000(SuiteRunner.java:39)
	at org.testng.SuiteRunner$SuiteWorker.run(SuiteRunner.java:393)
	at org.testng.internal.thread.ThreadUtil$2.call(ThreadUtil.java:64)
	at java.base/java.util.concurrent.FutureTask.run(FutureTask.java:264)
	at java.base/java.util.concurrent.ThreadPoolExecutor.runWorker(ThreadPoolExecutor.java:1136)
	at java.base/java.util.concurrent.ThreadPoolExecutor$Worker.run(ThreadPoolExecutor.java:635)
	at java.base/java.lang.Thread.run(Thread.java:833)
]]>
    </error>
  </testcase> <!-- step61_ClickProductstxtFromCatalogIcon -->
  <testcase classname="src.in.valtech.cl.scenarios.TC_Scenario_08" name="step205_VerifyShippingConfirmationMailContents" time="0.000">
    <error message="Workbook is not found - D:\ChristianLouboutin/resources/front/Automation_DS_StagingEnv1.xlsx" type="com.codoid.products.exception.FilloException">
      <![CDATA[com.codoid.products.exception.FilloException: Workbook is not found - D:\ChristianLouboutin/resources/front/Automation_DS_StagingEnv1.xlsx
	at com.codoid.products.fillo.Fillo.getConnection(Fillo.java:46)
	at src.in.valtech.util.ExcelReader.getDataConfigDetails(ExcelReader.java:200)
	at src.in.valtech.custom.CustomFun.getTestDataSetDetails(CustomFun.java:1869)
	at src.in.valtech.config.BaseTest.setUp(BaseTest.java:166)
	at java.base/jdk.internal.reflect.NativeMethodAccessorImpl.invoke0(Native Method)
	at java.base/jdk.internal.reflect.NativeMethodAccessorImpl.invoke(NativeMethodAccessorImpl.java:77)
	at java.base/jdk.internal.reflect.DelegatingMethodAccessorImpl.invoke(DelegatingMethodAccessorImpl.java:43)
	at java.base/java.lang.reflect.Method.invoke(Method.java:568)
	at org.testng.internal.MethodInvocationHelper.invokeMethod(MethodInvocationHelper.java:85)
	at org.testng.internal.Invoker.invokeConfigurationMethod(Invoker.java:510)
	at org.testng.internal.Invoker.invokeConfigurations(Invoker.java:211)
	at org.testng.internal.Invoker.invokeConfigurations(Invoker.java:138)
	at org.testng.TestRunner.beforeRun(TestRunner.java:648)
	at org.testng.TestRunner.run(TestRunner.java:616)
	at org.testng.SuiteRunner.runTest(SuiteRunner.java:359)
	at org.testng.SuiteRunner.access$000(SuiteRunner.java:39)
	at org.testng.SuiteRunner$SuiteWorker.run(SuiteRunner.java:393)
	at org.testng.internal.thread.ThreadUtil$2.call(ThreadUtil.java:64)
	at java.base/java.util.concurrent.FutureTask.run(FutureTask.java:264)
	at java.base/java.util.concurrent.ThreadPoolExecutor.runWorker(ThreadPoolExecutor.java:1136)
	at java.base/java.util.concurrent.ThreadPoolExecutor$Worker.run(ThreadPoolExecutor.java:635)
	at java.base/java.lang.Thread.run(Thread.java:833)
]]>
    </error>
  </testcase> <!-- step205_VerifyShippingConfirmationMailContents -->
  <testcase classname="src.in.valtech.cl.scenarios.TC_Scenario_08" name="step159_ClickOnSalesIcon" time="0.000">
    <error message="Workbook is not found - D:\ChristianLouboutin/resources/front/Automation_DS_StagingEnv1.xlsx" type="com.codoid.products.exception.FilloException">
      <![CDATA[com.codoid.products.exception.FilloException: Workbook is not found - D:\ChristianLouboutin/resources/front/Automation_DS_StagingEnv1.xlsx
	at com.codoid.products.fillo.Fillo.getConnection(Fillo.java:46)
	at src.in.valtech.util.ExcelReader.getDataConfigDetails(ExcelReader.java:200)
	at src.in.valtech.custom.CustomFun.getTestDataSetDetails(CustomFun.java:1869)
	at src.in.valtech.config.BaseTest.setUp(BaseTest.java:166)
	at java.base/jdk.internal.reflect.NativeMethodAccessorImpl.invoke0(Native Method)
	at java.base/jdk.internal.reflect.NativeMethodAccessorImpl.invoke(NativeMethodAccessorImpl.java:77)
	at java.base/jdk.internal.reflect.DelegatingMethodAccessorImpl.invoke(DelegatingMethodAccessorImpl.java:43)
	at java.base/java.lang.reflect.Method.invoke(Method.java:568)
	at org.testng.internal.MethodInvocationHelper.invokeMethod(MethodInvocationHelper.java:85)
	at org.testng.internal.Invoker.invokeConfigurationMethod(Invoker.java:510)
	at org.testng.internal.Invoker.invokeConfigurations(Invoker.java:211)
	at org.testng.internal.Invoker.invokeConfigurations(Invoker.java:138)
	at org.testng.TestRunner.beforeRun(TestRunner.java:648)
	at org.testng.TestRunner.run(TestRunner.java:616)
	at org.testng.SuiteRunner.runTest(SuiteRunner.java:359)
	at org.testng.SuiteRunner.access$000(SuiteRunner.java:39)
	at org.testng.SuiteRunner$SuiteWorker.run(SuiteRunner.java:393)
	at org.testng.internal.thread.ThreadUtil$2.call(ThreadUtil.java:64)
	at java.base/java.util.concurrent.FutureTask.run(FutureTask.java:264)
	at java.base/java.util.concurrent.ThreadPoolExecutor.runWorker(ThreadPoolExecutor.java:1136)
	at java.base/java.util.concurrent.ThreadPoolExecutor$Worker.run(ThreadPoolExecutor.java:635)
	at java.base/java.lang.Thread.run(Thread.java:833)
]]>
    </error>
  </testcase> <!-- step159_ClickOnSalesIcon -->
  <testcase classname="src.in.valtech.cl.scenarios.TC_Scenario_08" name="step119_ComparedSeleableStockInWMSAndBOBothAreSame" time="0.001">
    <error message="Workbook is not found - D:\ChristianLouboutin/resources/front/Automation_DS_StagingEnv1.xlsx" type="com.codoid.products.exception.FilloException">
      <![CDATA[com.codoid.products.exception.FilloException: Workbook is not found - D:\ChristianLouboutin/resources/front/Automation_DS_StagingEnv1.xlsx
	at com.codoid.products.fillo.Fillo.getConnection(Fillo.java:46)
	at src.in.valtech.util.ExcelReader.getDataConfigDetails(ExcelReader.java:200)
	at src.in.valtech.custom.CustomFun.getTestDataSetDetails(CustomFun.java:1869)
	at src.in.valtech.config.BaseTest.setUp(BaseTest.java:166)
	at java.base/jdk.internal.reflect.NativeMethodAccessorImpl.invoke0(Native Method)
	at java.base/jdk.internal.reflect.NativeMethodAccessorImpl.invoke(NativeMethodAccessorImpl.java:77)
	at java.base/jdk.internal.reflect.DelegatingMethodAccessorImpl.invoke(DelegatingMethodAccessorImpl.java:43)
	at java.base/java.lang.reflect.Method.invoke(Method.java:568)
	at org.testng.internal.MethodInvocationHelper.invokeMethod(MethodInvocationHelper.java:85)
	at org.testng.internal.Invoker.invokeConfigurationMethod(Invoker.java:510)
	at org.testng.internal.Invoker.invokeConfigurations(Invoker.java:211)
	at org.testng.internal.Invoker.invokeConfigurations(Invoker.java:138)
	at org.testng.TestRunner.beforeRun(TestRunner.java:648)
	at org.testng.TestRunner.run(TestRunner.java:616)
	at org.testng.SuiteRunner.runTest(SuiteRunner.java:359)
	at org.testng.SuiteRunner.access$000(SuiteRunner.java:39)
	at org.testng.SuiteRunner$SuiteWorker.run(SuiteRunner.java:393)
	at org.testng.internal.thread.ThreadUtil$2.call(ThreadUtil.java:64)
	at java.base/java.util.concurrent.FutureTask.run(FutureTask.java:264)
	at java.base/java.util.concurrent.ThreadPoolExecutor.runWorker(ThreadPoolExecutor.java:1136)
	at java.base/java.util.concurrent.ThreadPoolExecutor$Worker.run(ThreadPoolExecutor.java:635)
	at java.base/java.lang.Thread.run(Thread.java:833)
]]>
    </error>
  </testcase> <!-- step119_ComparedSeleableStockInWMSAndBOBothAreSame -->
  <testcase classname="src.in.valtech.cl.scenarios.TC_Scenario_08" name="step76_EnteredPhoneNumberField" time="0.000">
    <error message="Workbook is not found - D:\ChristianLouboutin/resources/front/Automation_DS_StagingEnv1.xlsx" type="com.codoid.products.exception.FilloException">
      <![CDATA[com.codoid.products.exception.FilloException: Workbook is not found - D:\ChristianLouboutin/resources/front/Automation_DS_StagingEnv1.xlsx
	at com.codoid.products.fillo.Fillo.getConnection(Fillo.java:46)
	at src.in.valtech.util.ExcelReader.getDataConfigDetails(ExcelReader.java:200)
	at src.in.valtech.custom.CustomFun.getTestDataSetDetails(CustomFun.java:1869)
	at src.in.valtech.config.BaseTest.setUp(BaseTest.java:166)
	at java.base/jdk.internal.reflect.NativeMethodAccessorImpl.invoke0(Native Method)
	at java.base/jdk.internal.reflect.NativeMethodAccessorImpl.invoke(NativeMethodAccessorImpl.java:77)
	at java.base/jdk.internal.reflect.DelegatingMethodAccessorImpl.invoke(DelegatingMethodAccessorImpl.java:43)
	at java.base/java.lang.reflect.Method.invoke(Method.java:568)
	at org.testng.internal.MethodInvocationHelper.invokeMethod(MethodInvocationHelper.java:85)
	at org.testng.internal.Invoker.invokeConfigurationMethod(Invoker.java:510)
	at org.testng.internal.Invoker.invokeConfigurations(Invoker.java:211)
	at org.testng.internal.Invoker.invokeConfigurations(Invoker.java:138)
	at org.testng.TestRunner.beforeRun(TestRunner.java:648)
	at org.testng.TestRunner.run(TestRunner.java:616)
	at org.testng.SuiteRunner.runTest(SuiteRunner.java:359)
	at org.testng.SuiteRunner.access$000(SuiteRunner.java:39)
	at org.testng.SuiteRunner$SuiteWorker.run(SuiteRunner.java:393)
	at org.testng.internal.thread.ThreadUtil$2.call(ThreadUtil.java:64)
	at java.base/java.util.concurrent.FutureTask.run(FutureTask.java:264)
	at java.base/java.util.concurrent.ThreadPoolExecutor.runWorker(ThreadPoolExecutor.java:1136)
	at java.base/java.util.concurrent.ThreadPoolExecutor$Worker.run(ThreadPoolExecutor.java:635)
	at java.base/java.lang.Thread.run(Thread.java:833)
]]>
    </error>
  </testcase> <!-- step76_EnteredPhoneNumberField -->
  <testcase classname="src.in.valtech.cl.scenarios.TC_Scenario_08" name="step17_EnterEmailAddressField" time="0.001">
    <error message="Workbook is not found - D:\ChristianLouboutin/resources/front/Automation_DS_StagingEnv1.xlsx" type="com.codoid.products.exception.FilloException">
      <![CDATA[com.codoid.products.exception.FilloException: Workbook is not found - D:\ChristianLouboutin/resources/front/Automation_DS_StagingEnv1.xlsx
	at com.codoid.products.fillo.Fillo.getConnection(Fillo.java:46)
	at src.in.valtech.util.ExcelReader.getDataConfigDetails(ExcelReader.java:200)
	at src.in.valtech.custom.CustomFun.getTestDataSetDetails(CustomFun.java:1869)
	at src.in.valtech.config.BaseTest.setUp(BaseTest.java:166)
	at java.base/jdk.internal.reflect.NativeMethodAccessorImpl.invoke0(Native Method)
	at java.base/jdk.internal.reflect.NativeMethodAccessorImpl.invoke(NativeMethodAccessorImpl.java:77)
	at java.base/jdk.internal.reflect.DelegatingMethodAccessorImpl.invoke(DelegatingMethodAccessorImpl.java:43)
	at java.base/java.lang.reflect.Method.invoke(Method.java:568)
	at org.testng.internal.MethodInvocationHelper.invokeMethod(MethodInvocationHelper.java:85)
	at org.testng.internal.Invoker.invokeConfigurationMethod(Invoker.java:510)
	at org.testng.internal.Invoker.invokeConfigurations(Invoker.java:211)
	at org.testng.internal.Invoker.invokeConfigurations(Invoker.java:138)
	at org.testng.TestRunner.beforeRun(TestRunner.java:648)
	at org.testng.TestRunner.run(TestRunner.java:616)
	at org.testng.SuiteRunner.runTest(SuiteRunner.java:359)
	at org.testng.SuiteRunner.access$000(SuiteRunner.java:39)
	at org.testng.SuiteRunner$SuiteWorker.run(SuiteRunner.java:393)
	at org.testng.internal.thread.ThreadUtil$2.call(ThreadUtil.java:64)
	at java.base/java.util.concurrent.FutureTask.run(FutureTask.java:264)
	at java.base/java.util.concurrent.ThreadPoolExecutor.runWorker(ThreadPoolExecutor.java:1136)
	at java.base/java.util.concurrent.ThreadPoolExecutor$Worker.run(ThreadPoolExecutor.java:635)
	at java.base/java.lang.Thread.run(Thread.java:833)
]]>
    </error>
  </testcase> <!-- step17_EnterEmailAddressField -->
  <testcase classname="src.in.valtech.cl.scenarios.TC_Scenario_08" name="step57_ClickOnDetailsButton" time="0.000">
    <error message="Workbook is not found - D:\ChristianLouboutin/resources/front/Automation_DS_StagingEnv1.xlsx" type="com.codoid.products.exception.FilloException">
      <![CDATA[com.codoid.products.exception.FilloException: Workbook is not found - D:\ChristianLouboutin/resources/front/Automation_DS_StagingEnv1.xlsx
	at com.codoid.products.fillo.Fillo.getConnection(Fillo.java:46)
	at src.in.valtech.util.ExcelReader.getDataConfigDetails(ExcelReader.java:200)
	at src.in.valtech.custom.CustomFun.getTestDataSetDetails(CustomFun.java:1869)
	at src.in.valtech.config.BaseTest.setUp(BaseTest.java:166)
	at java.base/jdk.internal.reflect.NativeMethodAccessorImpl.invoke0(Native Method)
	at java.base/jdk.internal.reflect.NativeMethodAccessorImpl.invoke(NativeMethodAccessorImpl.java:77)
	at java.base/jdk.internal.reflect.DelegatingMethodAccessorImpl.invoke(DelegatingMethodAccessorImpl.java:43)
	at java.base/java.lang.reflect.Method.invoke(Method.java:568)
	at org.testng.internal.MethodInvocationHelper.invokeMethod(MethodInvocationHelper.java:85)
	at org.testng.internal.Invoker.invokeConfigurationMethod(Invoker.java:510)
	at org.testng.internal.Invoker.invokeConfigurations(Invoker.java:211)
	at org.testng.internal.Invoker.invokeConfigurations(Invoker.java:138)
	at org.testng.TestRunner.beforeRun(TestRunner.java:648)
	at org.testng.TestRunner.run(TestRunner.java:616)
	at org.testng.SuiteRunner.runTest(SuiteRunner.java:359)
	at org.testng.SuiteRunner.access$000(SuiteRunner.java:39)
	at org.testng.SuiteRunner$SuiteWorker.run(SuiteRunner.java:393)
	at org.testng.internal.thread.ThreadUtil$2.call(ThreadUtil.java:64)
	at java.base/java.util.concurrent.FutureTask.run(FutureTask.java:264)
	at java.base/java.util.concurrent.ThreadPoolExecutor.runWorker(ThreadPoolExecutor.java:1136)
	at java.base/java.util.concurrent.ThreadPoolExecutor$Worker.run(ThreadPoolExecutor.java:635)
	at java.base/java.lang.Thread.run(Thread.java:833)
]]>
    </error>
  </testcase> <!-- step57_ClickOnDetailsButton -->
  <testcase classname="src.in.valtech.cl.scenarios.TC_Scenario_08" name="step01_NavigatedtoCLHomePage" time="0.001">
    <error message="Workbook is not found - D:\ChristianLouboutin/resources/front/Automation_DS_StagingEnv1.xlsx" type="com.codoid.products.exception.FilloException">
      <![CDATA[com.codoid.products.exception.FilloException: Workbook is not found - D:\ChristianLouboutin/resources/front/Automation_DS_StagingEnv1.xlsx
	at com.codoid.products.fillo.Fillo.getConnection(Fillo.java:46)
	at src.in.valtech.util.ExcelReader.getDataConfigDetails(ExcelReader.java:200)
	at src.in.valtech.custom.CustomFun.getTestDataSetDetails(CustomFun.java:1869)
	at src.in.valtech.config.BaseTest.setUp(BaseTest.java:166)
	at java.base/jdk.internal.reflect.NativeMethodAccessorImpl.invoke0(Native Method)
	at java.base/jdk.internal.reflect.NativeMethodAccessorImpl.invoke(NativeMethodAccessorImpl.java:77)
	at java.base/jdk.internal.reflect.DelegatingMethodAccessorImpl.invoke(DelegatingMethodAccessorImpl.java:43)
	at java.base/java.lang.reflect.Method.invoke(Method.java:568)
	at org.testng.internal.MethodInvocationHelper.invokeMethod(MethodInvocationHelper.java:85)
	at org.testng.internal.Invoker.invokeConfigurationMethod(Invoker.java:510)
	at org.testng.internal.Invoker.invokeConfigurations(Invoker.java:211)
	at org.testng.internal.Invoker.invokeConfigurations(Invoker.java:138)
	at org.testng.TestRunner.beforeRun(TestRunner.java:648)
	at org.testng.TestRunner.run(TestRunner.java:616)
	at org.testng.SuiteRunner.runTest(SuiteRunner.java:359)
	at org.testng.SuiteRunner.access$000(SuiteRunner.java:39)
	at org.testng.SuiteRunner$SuiteWorker.run(SuiteRunner.java:393)
	at org.testng.internal.thread.ThreadUtil$2.call(ThreadUtil.java:64)
	at java.base/java.util.concurrent.FutureTask.run(FutureTask.java:264)
	at java.base/java.util.concurrent.ThreadPoolExecutor.runWorker(ThreadPoolExecutor.java:1136)
	at java.base/java.util.concurrent.ThreadPoolExecutor$Worker.run(ThreadPoolExecutor.java:635)
	at java.base/java.lang.Thread.run(Thread.java:833)
]]>
    </error>
  </testcase> <!-- step01_NavigatedtoCLHomePage -->
  <testcase classname="src.in.valtech.cl.scenarios.TC_Scenario_08" name="step204_VerifyOrderConfirmationMailContents" time="0.000">
    <error message="Workbook is not found - D:\ChristianLouboutin/resources/front/Automation_DS_StagingEnv1.xlsx" type="com.codoid.products.exception.FilloException">
      <![CDATA[com.codoid.products.exception.FilloException: Workbook is not found - D:\ChristianLouboutin/resources/front/Automation_DS_StagingEnv1.xlsx
	at com.codoid.products.fillo.Fillo.getConnection(Fillo.java:46)
	at src.in.valtech.util.ExcelReader.getDataConfigDetails(ExcelReader.java:200)
	at src.in.valtech.custom.CustomFun.getTestDataSetDetails(CustomFun.java:1869)
	at src.in.valtech.config.BaseTest.setUp(BaseTest.java:166)
	at java.base/jdk.internal.reflect.NativeMethodAccessorImpl.invoke0(Native Method)
	at java.base/jdk.internal.reflect.NativeMethodAccessorImpl.invoke(NativeMethodAccessorImpl.java:77)
	at java.base/jdk.internal.reflect.DelegatingMethodAccessorImpl.invoke(DelegatingMethodAccessorImpl.java:43)
	at java.base/java.lang.reflect.Method.invoke(Method.java:568)
	at org.testng.internal.MethodInvocationHelper.invokeMethod(MethodInvocationHelper.java:85)
	at org.testng.internal.Invoker.invokeConfigurationMethod(Invoker.java:510)
	at org.testng.internal.Invoker.invokeConfigurations(Invoker.java:211)
	at org.testng.internal.Invoker.invokeConfigurations(Invoker.java:138)
	at org.testng.TestRunner.beforeRun(TestRunner.java:648)
	at org.testng.TestRunner.run(TestRunner.java:616)
	at org.testng.SuiteRunner.runTest(SuiteRunner.java:359)
	at org.testng.SuiteRunner.access$000(SuiteRunner.java:39)
	at org.testng.SuiteRunner$SuiteWorker.run(SuiteRunner.java:393)
	at org.testng.internal.thread.ThreadUtil$2.call(ThreadUtil.java:64)
	at java.base/java.util.concurrent.FutureTask.run(FutureTask.java:264)
	at java.base/java.util.concurrent.ThreadPoolExecutor.runWorker(ThreadPoolExecutor.java:1136)
	at java.base/java.util.concurrent.ThreadPoolExecutor$Worker.run(ThreadPoolExecutor.java:635)
	at java.base/java.lang.Thread.run(Thread.java:833)
]]>
    </error>
  </testcase> <!-- step204_VerifyOrderConfirmationMailContents -->
  <testcase classname="src.in.valtech.cl.scenarios.TC_Scenario_08" name="step168_ReturnstxtFromSalesIconClick" time="0.000">
    <error message="Workbook is not found - D:\ChristianLouboutin/resources/front/Automation_DS_StagingEnv1.xlsx" type="com.codoid.products.exception.FilloException">
      <![CDATA[com.codoid.products.exception.FilloException: Workbook is not found - D:\ChristianLouboutin/resources/front/Automation_DS_StagingEnv1.xlsx
	at com.codoid.products.fillo.Fillo.getConnection(Fillo.java:46)
	at src.in.valtech.util.ExcelReader.getDataConfigDetails(ExcelReader.java:200)
	at src.in.valtech.custom.CustomFun.getTestDataSetDetails(CustomFun.java:1869)
	at src.in.valtech.config.BaseTest.setUp(BaseTest.java:166)
	at java.base/jdk.internal.reflect.NativeMethodAccessorImpl.invoke0(Native Method)
	at java.base/jdk.internal.reflect.NativeMethodAccessorImpl.invoke(NativeMethodAccessorImpl.java:77)
	at java.base/jdk.internal.reflect.DelegatingMethodAccessorImpl.invoke(DelegatingMethodAccessorImpl.java:43)
	at java.base/java.lang.reflect.Method.invoke(Method.java:568)
	at org.testng.internal.MethodInvocationHelper.invokeMethod(MethodInvocationHelper.java:85)
	at org.testng.internal.Invoker.invokeConfigurationMethod(Invoker.java:510)
	at org.testng.internal.Invoker.invokeConfigurations(Invoker.java:211)
	at org.testng.internal.Invoker.invokeConfigurations(Invoker.java:138)
	at org.testng.TestRunner.beforeRun(TestRunner.java:648)
	at org.testng.TestRunner.run(TestRunner.java:616)
	at org.testng.SuiteRunner.runTest(SuiteRunner.java:359)
	at org.testng.SuiteRunner.access$000(SuiteRunner.java:39)
	at org.testng.SuiteRunner$SuiteWorker.run(SuiteRunner.java:393)
	at org.testng.internal.thread.ThreadUtil$2.call(ThreadUtil.java:64)
	at java.base/java.util.concurrent.FutureTask.run(FutureTask.java:264)
	at java.base/java.util.concurrent.ThreadPoolExecutor.runWorker(ThreadPoolExecutor.java:1136)
	at java.base/java.util.concurrent.ThreadPoolExecutor$Worker.run(ThreadPoolExecutor.java:635)
	at java.base/java.lang.Thread.run(Thread.java:833)
]]>
    </error>
  </testcase> <!-- step168_ReturnstxtFromSalesIconClick -->
  <testcase classname="src.in.valtech.cl.scenarios.TC_Scenario_08" name="step74_EnteredCityField" time="0.000">
    <error message="Workbook is not found - D:\ChristianLouboutin/resources/front/Automation_DS_StagingEnv1.xlsx" type="com.codoid.products.exception.FilloException">
      <![CDATA[com.codoid.products.exception.FilloException: Workbook is not found - D:\ChristianLouboutin/resources/front/Automation_DS_StagingEnv1.xlsx
	at com.codoid.products.fillo.Fillo.getConnection(Fillo.java:46)
	at src.in.valtech.util.ExcelReader.getDataConfigDetails(ExcelReader.java:200)
	at src.in.valtech.custom.CustomFun.getTestDataSetDetails(CustomFun.java:1869)
	at src.in.valtech.config.BaseTest.setUp(BaseTest.java:166)
	at java.base/jdk.internal.reflect.NativeMethodAccessorImpl.invoke0(Native Method)
	at java.base/jdk.internal.reflect.NativeMethodAccessorImpl.invoke(NativeMethodAccessorImpl.java:77)
	at java.base/jdk.internal.reflect.DelegatingMethodAccessorImpl.invoke(DelegatingMethodAccessorImpl.java:43)
	at java.base/java.lang.reflect.Method.invoke(Method.java:568)
	at org.testng.internal.MethodInvocationHelper.invokeMethod(MethodInvocationHelper.java:85)
	at org.testng.internal.Invoker.invokeConfigurationMethod(Invoker.java:510)
	at org.testng.internal.Invoker.invokeConfigurations(Invoker.java:211)
	at org.testng.internal.Invoker.invokeConfigurations(Invoker.java:138)
	at org.testng.TestRunner.beforeRun(TestRunner.java:648)
	at org.testng.TestRunner.run(TestRunner.java:616)
	at org.testng.SuiteRunner.runTest(SuiteRunner.java:359)
	at org.testng.SuiteRunner.access$000(SuiteRunner.java:39)
	at org.testng.SuiteRunner$SuiteWorker.run(SuiteRunner.java:393)
	at org.testng.internal.thread.ThreadUtil$2.call(ThreadUtil.java:64)
	at java.base/java.util.concurrent.FutureTask.run(FutureTask.java:264)
	at java.base/java.util.concurrent.ThreadPoolExecutor.runWorker(ThreadPoolExecutor.java:1136)
	at java.base/java.util.concurrent.ThreadPoolExecutor$Worker.run(ThreadPoolExecutor.java:635)
	at java.base/java.lang.Thread.run(Thread.java:833)
]]>
    </error>
  </testcase> <!-- step74_EnteredCityField -->
  <testcase classname="src.in.valtech.cl.scenarios.TC_Scenario_08" name="step39_ClickonAddToCartButton" time="0.000">
    <error message="Workbook is not found - D:\ChristianLouboutin/resources/front/Automation_DS_StagingEnv1.xlsx" type="com.codoid.products.exception.FilloException">
      <![CDATA[com.codoid.products.exception.FilloException: Workbook is not found - D:\ChristianLouboutin/resources/front/Automation_DS_StagingEnv1.xlsx
	at com.codoid.products.fillo.Fillo.getConnection(Fillo.java:46)
	at src.in.valtech.util.ExcelReader.getDataConfigDetails(ExcelReader.java:200)
	at src.in.valtech.custom.CustomFun.getTestDataSetDetails(CustomFun.java:1869)
	at src.in.valtech.config.BaseTest.setUp(BaseTest.java:166)
	at java.base/jdk.internal.reflect.NativeMethodAccessorImpl.invoke0(Native Method)
	at java.base/jdk.internal.reflect.NativeMethodAccessorImpl.invoke(NativeMethodAccessorImpl.java:77)
	at java.base/jdk.internal.reflect.DelegatingMethodAccessorImpl.invoke(DelegatingMethodAccessorImpl.java:43)
	at java.base/java.lang.reflect.Method.invoke(Method.java:568)
	at org.testng.internal.MethodInvocationHelper.invokeMethod(MethodInvocationHelper.java:85)
	at org.testng.internal.Invoker.invokeConfigurationMethod(Invoker.java:510)
	at org.testng.internal.Invoker.invokeConfigurations(Invoker.java:211)
	at org.testng.internal.Invoker.invokeConfigurations(Invoker.java:138)
	at org.testng.TestRunner.beforeRun(TestRunner.java:648)
	at org.testng.TestRunner.run(TestRunner.java:616)
	at org.testng.SuiteRunner.runTest(SuiteRunner.java:359)
	at org.testng.SuiteRunner.access$000(SuiteRunner.java:39)
	at org.testng.SuiteRunner$SuiteWorker.run(SuiteRunner.java:393)
	at org.testng.internal.thread.ThreadUtil$2.call(ThreadUtil.java:64)
	at java.base/java.util.concurrent.FutureTask.run(FutureTask.java:264)
	at java.base/java.util.concurrent.ThreadPoolExecutor.runWorker(ThreadPoolExecutor.java:1136)
	at java.base/java.util.concurrent.ThreadPoolExecutor$Worker.run(ThreadPoolExecutor.java:635)
	at java.base/java.lang.Thread.run(Thread.java:833)
]]>
    </error>
  </testcase> <!-- step39_ClickonAddToCartButton -->
  <testcase classname="src.in.valtech.cl.scenarios.TC_Scenario_08" name="step200_VerifySignOutMsg" time="0.000">
    <error message="Workbook is not found - D:\ChristianLouboutin/resources/front/Automation_DS_StagingEnv1.xlsx" type="com.codoid.products.exception.FilloException">
      <![CDATA[com.codoid.products.exception.FilloException: Workbook is not found - D:\ChristianLouboutin/resources/front/Automation_DS_StagingEnv1.xlsx
	at com.codoid.products.fillo.Fillo.getConnection(Fillo.java:46)
	at src.in.valtech.util.ExcelReader.getDataConfigDetails(ExcelReader.java:200)
	at src.in.valtech.custom.CustomFun.getTestDataSetDetails(CustomFun.java:1869)
	at src.in.valtech.config.BaseTest.setUp(BaseTest.java:166)
	at java.base/jdk.internal.reflect.NativeMethodAccessorImpl.invoke0(Native Method)
	at java.base/jdk.internal.reflect.NativeMethodAccessorImpl.invoke(NativeMethodAccessorImpl.java:77)
	at java.base/jdk.internal.reflect.DelegatingMethodAccessorImpl.invoke(DelegatingMethodAccessorImpl.java:43)
	at java.base/java.lang.reflect.Method.invoke(Method.java:568)
	at org.testng.internal.MethodInvocationHelper.invokeMethod(MethodInvocationHelper.java:85)
	at org.testng.internal.Invoker.invokeConfigurationMethod(Invoker.java:510)
	at org.testng.internal.Invoker.invokeConfigurations(Invoker.java:211)
	at org.testng.internal.Invoker.invokeConfigurations(Invoker.java:138)
	at org.testng.TestRunner.beforeRun(TestRunner.java:648)
	at org.testng.TestRunner.run(TestRunner.java:616)
	at org.testng.SuiteRunner.runTest(SuiteRunner.java:359)
	at org.testng.SuiteRunner.access$000(SuiteRunner.java:39)
	at org.testng.SuiteRunner$SuiteWorker.run(SuiteRunner.java:393)
	at org.testng.internal.thread.ThreadUtil$2.call(ThreadUtil.java:64)
	at java.base/java.util.concurrent.FutureTask.run(FutureTask.java:264)
	at java.base/java.util.concurrent.ThreadPoolExecutor.runWorker(ThreadPoolExecutor.java:1136)
	at java.base/java.util.concurrent.ThreadPoolExecutor$Worker.run(ThreadPoolExecutor.java:635)
	at java.base/java.lang.Thread.run(Thread.java:833)
]]>
    </error>
  </testcase> <!-- step200_VerifySignOutMsg -->
  <testcase classname="src.in.valtech.cl.scenarios.TC_Scenario_08" name="step30_VerifiedProductBrandNametxtInPDP" time="0.000">
    <error message="Workbook is not found - D:\ChristianLouboutin/resources/front/Automation_DS_StagingEnv1.xlsx" type="com.codoid.products.exception.FilloException">
      <![CDATA[com.codoid.products.exception.FilloException: Workbook is not found - D:\ChristianLouboutin/resources/front/Automation_DS_StagingEnv1.xlsx
	at com.codoid.products.fillo.Fillo.getConnection(Fillo.java:46)
	at src.in.valtech.util.ExcelReader.getDataConfigDetails(ExcelReader.java:200)
	at src.in.valtech.custom.CustomFun.getTestDataSetDetails(CustomFun.java:1869)
	at src.in.valtech.config.BaseTest.setUp(BaseTest.java:166)
	at java.base/jdk.internal.reflect.NativeMethodAccessorImpl.invoke0(Native Method)
	at java.base/jdk.internal.reflect.NativeMethodAccessorImpl.invoke(NativeMethodAccessorImpl.java:77)
	at java.base/jdk.internal.reflect.DelegatingMethodAccessorImpl.invoke(DelegatingMethodAccessorImpl.java:43)
	at java.base/java.lang.reflect.Method.invoke(Method.java:568)
	at org.testng.internal.MethodInvocationHelper.invokeMethod(MethodInvocationHelper.java:85)
	at org.testng.internal.Invoker.invokeConfigurationMethod(Invoker.java:510)
	at org.testng.internal.Invoker.invokeConfigurations(Invoker.java:211)
	at org.testng.internal.Invoker.invokeConfigurations(Invoker.java:138)
	at org.testng.TestRunner.beforeRun(TestRunner.java:648)
	at org.testng.TestRunner.run(TestRunner.java:616)
	at org.testng.SuiteRunner.runTest(SuiteRunner.java:359)
	at org.testng.SuiteRunner.access$000(SuiteRunner.java:39)
	at org.testng.SuiteRunner$SuiteWorker.run(SuiteRunner.java:393)
	at org.testng.internal.thread.ThreadUtil$2.call(ThreadUtil.java:64)
	at java.base/java.util.concurrent.FutureTask.run(FutureTask.java:264)
	at java.base/java.util.concurrent.ThreadPoolExecutor.runWorker(ThreadPoolExecutor.java:1136)
	at java.base/java.util.concurrent.ThreadPoolExecutor$Worker.run(ThreadPoolExecutor.java:635)
	at java.base/java.lang.Thread.run(Thread.java:833)
]]>
    </error>
  </testcase> <!-- step30_VerifiedProductBrandNametxtInPDP -->
  <testcase classname="src.in.valtech.cl.scenarios.TC_Scenario_08" name="step125_NaviagtedIntoFOAndVerifiedOrderStatusInMyOrdersPage" time="0.000">
    <error message="Workbook is not found - D:\ChristianLouboutin/resources/front/Automation_DS_StagingEnv1.xlsx" type="com.codoid.products.exception.FilloException">
      <![CDATA[com.codoid.products.exception.FilloException: Workbook is not found - D:\ChristianLouboutin/resources/front/Automation_DS_StagingEnv1.xlsx
	at com.codoid.products.fillo.Fillo.getConnection(Fillo.java:46)
	at src.in.valtech.util.ExcelReader.getDataConfigDetails(ExcelReader.java:200)
	at src.in.valtech.custom.CustomFun.getTestDataSetDetails(CustomFun.java:1869)
	at src.in.valtech.config.BaseTest.setUp(BaseTest.java:166)
	at java.base/jdk.internal.reflect.NativeMethodAccessorImpl.invoke0(Native Method)
	at java.base/jdk.internal.reflect.NativeMethodAccessorImpl.invoke(NativeMethodAccessorImpl.java:77)
	at java.base/jdk.internal.reflect.DelegatingMethodAccessorImpl.invoke(DelegatingMethodAccessorImpl.java:43)
	at java.base/java.lang.reflect.Method.invoke(Method.java:568)
	at org.testng.internal.MethodInvocationHelper.invokeMethod(MethodInvocationHelper.java:85)
	at org.testng.internal.Invoker.invokeConfigurationMethod(Invoker.java:510)
	at org.testng.internal.Invoker.invokeConfigurations(Invoker.java:211)
	at org.testng.internal.Invoker.invokeConfigurations(Invoker.java:138)
	at org.testng.TestRunner.beforeRun(TestRunner.java:648)
	at org.testng.TestRunner.run(TestRunner.java:616)
	at org.testng.SuiteRunner.runTest(SuiteRunner.java:359)
	at org.testng.SuiteRunner.access$000(SuiteRunner.java:39)
	at org.testng.SuiteRunner$SuiteWorker.run(SuiteRunner.java:393)
	at org.testng.internal.thread.ThreadUtil$2.call(ThreadUtil.java:64)
	at java.base/java.util.concurrent.FutureTask.run(FutureTask.java:264)
	at java.base/java.util.concurrent.ThreadPoolExecutor.runWorker(ThreadPoolExecutor.java:1136)
	at java.base/java.util.concurrent.ThreadPoolExecutor$Worker.run(ThreadPoolExecutor.java:635)
	at java.base/java.lang.Thread.run(Thread.java:833)
]]>
    </error>
  </testcase> <!-- step125_NaviagtedIntoFOAndVerifiedOrderStatusInMyOrdersPage -->
  <testcase classname="src.in.valtech.cl.scenarios.TC_Scenario_08" name="step190_ClickOnSalesIcon" time="0.000">
    <error message="Workbook is not found - D:\ChristianLouboutin/resources/front/Automation_DS_StagingEnv1.xlsx" type="com.codoid.products.exception.FilloException">
      <![CDATA[com.codoid.products.exception.FilloException: Workbook is not found - D:\ChristianLouboutin/resources/front/Automation_DS_StagingEnv1.xlsx
	at com.codoid.products.fillo.Fillo.getConnection(Fillo.java:46)
	at src.in.valtech.util.ExcelReader.getDataConfigDetails(ExcelReader.java:200)
	at src.in.valtech.custom.CustomFun.getTestDataSetDetails(CustomFun.java:1869)
	at src.in.valtech.config.BaseTest.setUp(BaseTest.java:166)
	at java.base/jdk.internal.reflect.NativeMethodAccessorImpl.invoke0(Native Method)
	at java.base/jdk.internal.reflect.NativeMethodAccessorImpl.invoke(NativeMethodAccessorImpl.java:77)
	at java.base/jdk.internal.reflect.DelegatingMethodAccessorImpl.invoke(DelegatingMethodAccessorImpl.java:43)
	at java.base/java.lang.reflect.Method.invoke(Method.java:568)
	at org.testng.internal.MethodInvocationHelper.invokeMethod(MethodInvocationHelper.java:85)
	at org.testng.internal.Invoker.invokeConfigurationMethod(Invoker.java:510)
	at org.testng.internal.Invoker.invokeConfigurations(Invoker.java:211)
	at org.testng.internal.Invoker.invokeConfigurations(Invoker.java:138)
	at org.testng.TestRunner.beforeRun(TestRunner.java:648)
	at org.testng.TestRunner.run(TestRunner.java:616)
	at org.testng.SuiteRunner.runTest(SuiteRunner.java:359)
	at org.testng.SuiteRunner.access$000(SuiteRunner.java:39)
	at org.testng.SuiteRunner$SuiteWorker.run(SuiteRunner.java:393)
	at org.testng.internal.thread.ThreadUtil$2.call(ThreadUtil.java:64)
	at java.base/java.util.concurrent.FutureTask.run(FutureTask.java:264)
	at java.base/java.util.concurrent.ThreadPoolExecutor.runWorker(ThreadPoolExecutor.java:1136)
	at java.base/java.util.concurrent.ThreadPoolExecutor$Worker.run(ThreadPoolExecutor.java:635)
	at java.base/java.lang.Thread.run(Thread.java:833)
]]>
    </error>
  </testcase> <!-- step190_ClickOnSalesIcon -->
  <testcase classname="src.in.valtech.cl.scenarios.TC_Scenario_08" name="step127_EnteredBarcodeAndSearchForPacking" time="0.000">
    <error message="Workbook is not found - D:\ChristianLouboutin/resources/front/Automation_DS_StagingEnv1.xlsx" type="com.codoid.products.exception.FilloException">
      <![CDATA[com.codoid.products.exception.FilloException: Workbook is not found - D:\ChristianLouboutin/resources/front/Automation_DS_StagingEnv1.xlsx
	at com.codoid.products.fillo.Fillo.getConnection(Fillo.java:46)
	at src.in.valtech.util.ExcelReader.getDataConfigDetails(ExcelReader.java:200)
	at src.in.valtech.custom.CustomFun.getTestDataSetDetails(CustomFun.java:1869)
	at src.in.valtech.config.BaseTest.setUp(BaseTest.java:166)
	at java.base/jdk.internal.reflect.NativeMethodAccessorImpl.invoke0(Native Method)
	at java.base/jdk.internal.reflect.NativeMethodAccessorImpl.invoke(NativeMethodAccessorImpl.java:77)
	at java.base/jdk.internal.reflect.DelegatingMethodAccessorImpl.invoke(DelegatingMethodAccessorImpl.java:43)
	at java.base/java.lang.reflect.Method.invoke(Method.java:568)
	at org.testng.internal.MethodInvocationHelper.invokeMethod(MethodInvocationHelper.java:85)
	at org.testng.internal.Invoker.invokeConfigurationMethod(Invoker.java:510)
	at org.testng.internal.Invoker.invokeConfigurations(Invoker.java:211)
	at org.testng.internal.Invoker.invokeConfigurations(Invoker.java:138)
	at org.testng.TestRunner.beforeRun(TestRunner.java:648)
	at org.testng.TestRunner.run(TestRunner.java:616)
	at org.testng.SuiteRunner.runTest(SuiteRunner.java:359)
	at org.testng.SuiteRunner.access$000(SuiteRunner.java:39)
	at org.testng.SuiteRunner$SuiteWorker.run(SuiteRunner.java:393)
	at org.testng.internal.thread.ThreadUtil$2.call(ThreadUtil.java:64)
	at java.base/java.util.concurrent.FutureTask.run(FutureTask.java:264)
	at java.base/java.util.concurrent.ThreadPoolExecutor.runWorker(ThreadPoolExecutor.java:1136)
	at java.base/java.util.concurrent.ThreadPoolExecutor$Worker.run(ThreadPoolExecutor.java:635)
	at java.base/java.lang.Thread.run(Thread.java:833)
]]>
    </error>
  </testcase> <!-- step127_EnteredBarcodeAndSearchForPacking -->
  <testcase classname="src.in.valtech.cl.scenarios.TC_Scenario_08" name="step188_ClickOrderstxtFromSalesIcon" time="0.000">
    <error message="Workbook is not found - D:\ChristianLouboutin/resources/front/Automation_DS_StagingEnv1.xlsx" type="com.codoid.products.exception.FilloException">
      <![CDATA[com.codoid.products.exception.FilloException: Workbook is not found - D:\ChristianLouboutin/resources/front/Automation_DS_StagingEnv1.xlsx
	at com.codoid.products.fillo.Fillo.getConnection(Fillo.java:46)
	at src.in.valtech.util.ExcelReader.getDataConfigDetails(ExcelReader.java:200)
	at src.in.valtech.custom.CustomFun.getTestDataSetDetails(CustomFun.java:1869)
	at src.in.valtech.config.BaseTest.setUp(BaseTest.java:166)
	at java.base/jdk.internal.reflect.NativeMethodAccessorImpl.invoke0(Native Method)
	at java.base/jdk.internal.reflect.NativeMethodAccessorImpl.invoke(NativeMethodAccessorImpl.java:77)
	at java.base/jdk.internal.reflect.DelegatingMethodAccessorImpl.invoke(DelegatingMethodAccessorImpl.java:43)
	at java.base/java.lang.reflect.Method.invoke(Method.java:568)
	at org.testng.internal.MethodInvocationHelper.invokeMethod(MethodInvocationHelper.java:85)
	at org.testng.internal.Invoker.invokeConfigurationMethod(Invoker.java:510)
	at org.testng.internal.Invoker.invokeConfigurations(Invoker.java:211)
	at org.testng.internal.Invoker.invokeConfigurations(Invoker.java:138)
	at org.testng.TestRunner.beforeRun(TestRunner.java:648)
	at org.testng.TestRunner.run(TestRunner.java:616)
	at org.testng.SuiteRunner.runTest(SuiteRunner.java:359)
	at org.testng.SuiteRunner.access$000(SuiteRunner.java:39)
	at org.testng.SuiteRunner$SuiteWorker.run(SuiteRunner.java:393)
	at org.testng.internal.thread.ThreadUtil$2.call(ThreadUtil.java:64)
	at java.base/java.util.concurrent.FutureTask.run(FutureTask.java:264)
	at java.base/java.util.concurrent.ThreadPoolExecutor.runWorker(ThreadPoolExecutor.java:1136)
	at java.base/java.util.concurrent.ThreadPoolExecutor$Worker.run(ThreadPoolExecutor.java:635)
	at java.base/java.lang.Thread.run(Thread.java:833)
]]>
    </error>
  </testcase> <!-- step188_ClickOrderstxtFromSalesIcon -->
</testsuite> <!-- src.in.valtech.cl.scenarios.TC_Scenario_08 -->
